# Parameter description:  Chi-squared value.
#
# mol_name    res_num    res_name    spin_num    spin_name    value                   error    
None          1          GLY         None        N                37.9962316712037    None     
None          2          GLY         None        N                11.2388378680169    None     
None          3          GLY         None        N                12.1013831211422    None     
None          4          GLY         None        N                11.3123517657656    None     
None          5          GLY         None        N                25.0997771287616    None     
None          6          GLY         None        N                3.39226745912936    None     
None          7          GLY         None        N                7.09001056294769    None     
None          8          GLY         None        N                17.6958563208188    None     
None          9          GLY         None        N            None                    None     
None          10         GLY         None        N                8.39434126624541    None     
None          11         GLY         None        N                8.45384546036568    None     
None          12         GLY         None        N                11.5363168324561    None     
None          13         GLY         None        N                6.17445253515943    None     
None          14         GLY         None        N                11.0886294441239    None     
None          15         GLY         None        N                7.89508991034467    None     
None          16         GLY         None        N                 6.0094253707284    None     
None          17         GLY         None        N                13.2849104005416    None     
None          18         GLY         None        N                17.7055114333831    None     
None          19         GLY         None        N                8.71982480240065    None     
None          20         GLY         None        N                8.41820032585332    None     
None          21         GLY         None        N                11.6852292525342    None     
None          22         GLY         None        N                18.2530050838892    None     
None          23         GLY         None        N                10.7357480101499    None     
None          24         GLY         None        N                22.8585743054109    None     
None          25         GLY         None        N                14.7413100435587    None     
None          26         GLY         None        N                18.2345344205633    None     
None          27         GLY         None        N            None                    None     
None          28         GLY         None        N            None                    None     
None          29         GLY         None        N                22.0884523793511    None     
None          30         GLY         None        N            None                    None     
None          31         GLY         None        N                17.4530841629058    None     
None          32         GLY         None        N                16.8199279692642    None     
None          33         GLY         None        N                10.1551636597932    None     
None          34         GLY         None        N                9.10914101852309    None     
None          35         GLY         None        N                 10.586304527555    None     
None          36         GLY         None        N                13.0488230386684    None     
None          37         GLY         None        N                9.18978719539059    None     
None          38         GLY         None        N                23.8744390117615    None     
None          39         GLY         None        N                11.7035995582794    None     
None          40         GLY         None        N                9.84448193008404    None     
None          41         GLY         None        N                15.8180557055821    None     
None          42         GLY         None        N                11.7791542132117    None     
None          43         GLY         None        N                20.6825321335621    None     
None          44         GLY         None        N                20.4048686638658    None     
None          45         GLY         None        N                14.7839351588603    None     
None          46         GLY         None        N                18.3666013105906    None     
None          47         GLY         None        N                18.1135153322002    None     
None          48         GLY         None        N                11.5818092541635    None     
None          49         GLY         None        N                10.6673456692747    None     
None          50         GLY         None        N                12.8147305644953    None     
None          51         GLY         None        N                7.66955958654588    None     
None          52         GLY         None        N                21.7862367628133    None     
None          53         GLY         None        N                14.1393479130229    None     
None          54         GLY         None        N            None                    None     
None          55         GLY         None        N                 27.029369462489    None     
None          56         GLY         None        N                24.5634756168229    None     
None          57         GLY         None        N                18.3237045633173    None     
None          58         GLY         None        N                14.0491074033017    None     
None          59         GLY         None        N                16.1146307603155    None     
None          60         GLY         None        N                17.7865966506354    None     
None          61         GLY         None        N                 37.990776054246    None     
None          62         GLY         None        N                17.9577570576167    None     
None          63         GLY         None        N                31.3394633281451    None     
None          64         GLY         None        N                 20.260107101551    None     
None          65         GLY         None        N                20.4499499478621    None     
None          66         GLY         None        N                9.03423464692348    None     
None          67         GLY         None        N                58.9756399153572    None     
None          68         GLY         None        N            None                    None     
None          69         GLY         None        N            None                    None     
None          70         GLY         None        N                26.9937419630954    None     
None          71         GLY         None        N                9.82405119818976    None     
None          72         GLY         None        N                40.1323992940877    None     
None          73         GLY         None        N                415.137709729467    None     
