# Experiment_name    Field_strength_(MHz) Disp_point_(Hz)      R2eff_(measured)     R2eff_(back_calc)    R2eff_errors        
'SQ CPMG'                   500.000000000            66.666600    8.442894570257261    8.336985878405168    0.161912926691488
'SQ CPMG'                   500.000000000           133.333300    8.067400006362517    7.949084803191412    0.160783580120953
'SQ CPMG'                   500.000000000           200.000000    7.201469436580133    7.568015761543252    0.158245319382239
'SQ CPMG'                   500.000000000           266.666600    7.252056218804863    7.200403779641389    0.158391095950574
'SQ CPMG'                   500.000000000           333.333300    6.859194990412338    6.871145011396022    0.157267049788362
'SQ CPMG'                   500.000000000           400.000000    6.674678686607604    6.594013219791362    0.156745471667454
'SQ CPMG'                   500.000000000           466.666600    6.418650348607553    6.368683129607338    0.156028418432030
'SQ CPMG'                   500.000000000           533.333300    6.254448731455432    6.188168004517340    0.155572596938434
'SQ CPMG'                   500.000000000           600.000000    6.070990744886435    6.044007875345812    0.155067043791220
'SQ CPMG'                   500.000000000           666.666600    5.901752462009013    5.928498922450472    0.154604141493442
'SQ CPMG'                   500.000000000           733.333300    5.795005067282941    5.835326576532291    0.154313867127318
'SQ CPMG'                   500.000000000           800.000000    5.597850776895053    5.759546571166102    0.153781196898625
'SQ CPMG'                   500.000000000           866.666600    5.655984728980455    5.697362254087247    0.153937799469948
'SQ CPMG'                   500.000000000           933.333300    5.787808265221435    5.645876473444692    0.154294344358615
'SQ CPMG'                   500.000000000          1000.000000    5.619035957976179    5.602876804518482    0.153838221228643
'SQ CPMG'                   800.000000000            66.666600   12.962835679651862   12.922214788693614    0.126290277576710
'SQ CPMG'                   800.000000000           133.333300   12.128533133176601   12.250216260050706    0.124159756460907
'SQ CPMG'                   800.000000000           200.000000   11.676261426817055   11.572692086473891    0.123033983694113
'SQ CPMG'                   800.000000000           266.666600   10.896838183410006   10.862314311036737    0.121141031629142
'SQ CPMG'                   800.000000000           333.333300   10.016711025838896   10.168777290111295    0.119073738404877
'SQ CPMG'                   800.000000000           400.000000    9.645870785864576    9.549949062459728    0.118224541347483
'SQ CPMG'                   800.000000000           466.666600    9.064019993216762    9.027720537599359    0.116917775740173
'SQ CPMG'                   800.000000000           533.333300    8.548146038872744    8.599067287448049    0.115784978597786
'SQ CPMG'                   800.000000000           600.000000    8.262575162264735    8.251044580471383    0.115168176038590
'SQ CPMG'                   800.000000000           666.666600    7.930692860757330    7.968919413143468    0.114460439848735
'SQ CPMG'                   800.000000000           733.333300    7.711955287831596    7.739403900805636    0.113999282568555
'SQ CPMG'                   800.000000000           800.000000    7.700308962599903    7.551532801758488    0.113974846353859
'SQ CPMG'                   800.000000000           866.666600    7.385866832586248    7.396605669956416    0.113319545896019
'SQ CPMG'                   800.000000000           933.333300    7.320353577574058    7.267834854213277    0.113184093741148
'SQ CPMG'                   800.000000000          1000.000000    7.040772028097574    7.159954443596844    0.112610193890134
