# Parameter description:  The chemical shift difference between states A and B (in ppm).
#
# mol_name    res_num    res_name    spin_num    spin_name    value                   error    
None          1          GLY         None        N                7.08384253662651    None     
None          2          GLY         None        N                5.39957969843295    None     
None          3          GLY         None        N               0.273092752690039    None     
None          4          GLY         None        N                4.46712762372123    None     
None          5          GLY         None        N                 3.9371557875828    None     
None          6          GLY         None        N               0.405330365039121    None     
None          7          GLY         None        N             0.00167162466006891    None     
None          8          GLY         None        N                2.34154307663497    None     
None          9          GLY         None        N            None                    None     
None          10         GLY         None        N               0.228664725252271    None     
None          11         GLY         None        N              0.0820319175428427    None     
None          12         GLY         None        N               0.341266886202445    None     
None          13         GLY         None        N              0.0372902322903459    None     
None          14         GLY         None        N                 1.7499265826443    None     
None          15         GLY         None        N               0.191118350508063    None     
None          16         GLY         None        N              0.0925589283875664    None     
None          17         GLY         None        N                32.6197956634925    None     
None          18         GLY         None        N                1.71648598755472    None     
None          19         GLY         None        N                1.87047719557519    None     
None          20         GLY         None        N               0.191344664875679    None     
None          21         GLY         None        N                1.59998195886721    None     
None          22         GLY         None        N               0.118531031074457    None     
None          23         GLY         None        N                 2.2429752373386    None     
None          24         GLY         None        N               0.630094175687157    None     
None          25         GLY         None        N                1.53715716774389    None     
None          26         GLY         None        N                3.07450514582022    None     
None          27         GLY         None        N            None                    None     
None          28         GLY         None        N            None                    None     
None          29         GLY         None        N                2.73349099170041    None     
None          30         GLY         None        N            None                    None     
None          31         GLY         None        N                1.65665974171773    None     
None          32         GLY         None        N                2.71745870340202    None     
None          33         GLY         None        N                1.25623070119562    None     
None          34         GLY         None        N                1.75599584846607    None     
None          35         GLY         None        N               0.937904380856264    None     
None          36         GLY         None        N             0.00155674093184874    None     
None          37         GLY         None        N              0.0998234391480389    None     
None          38         GLY         None        N               0.261733083553156    None     
None          39         GLY         None        N                2.17025258782558    None     
None          40         GLY         None        N              0.0433169773340532    None     
None          41         GLY         None        N                5.00779346320414    None     
None          42         GLY         None        N               0.292641510203909    None     
None          43         GLY         None        N                18.5874665896193    None     
None          44         GLY         None        N             0.00504623078433839    None     
None          45         GLY         None        N               0.466382593505671    None     
None          46         GLY         None        N               0.275403477633571    None     
None          47         GLY         None        N                1.46989955271757    None     
None          48         GLY         None        N                0.18230649356643    None     
None          49         GLY         None        N                1.70658324792808    None     
None          50         GLY         None        N                1.42823353036451    None     
None          51         GLY         None        N                1.56595804130522    None     
None          52         GLY         None        N                 4.3903381619552    None     
None          53         GLY         None        N                1.54944056802917    None     
None          54         GLY         None        N            None                    None     
None          55         GLY         None        N                 2.8305650689692    None     
None          56         GLY         None        N             0.00140890095850978    None     
None          57         GLY         None        N              0.0979922266759692    None     
None          58         GLY         None        N                1.24395143625578    None     
None          59         GLY         None        N                1.47233231653713    None     
None          60         GLY         None        N               0.344224705580159    None     
None          61         GLY         None        N                4.73097427948219    None     
None          62         GLY         None        N               0.237769281731214    None     
None          63         GLY         None        N                2.39283730436522    None     
None          64         GLY         None        N                3.00046678367766    None     
None          65         GLY         None        N                2.24105586858851    None     
None          66         GLY         None        N                1.88643754610519    None     
None          67         GLY         None        N                7.35155230088026    None     
None          68         GLY         None        N            None                    None     
None          69         GLY         None        N            None                    None     
None          70         GLY         None        N                5.67093992617759    None     
None          71         GLY         None        N                2.41553523800166    None     
None          72         GLY         None        N                6.08554653242451    None     
None          73         GLY         None        N                4.77757110046138    None     
