# Parameter description:  The exchange rate.
#
# mol_name    res_num    res_name    spin_num    spin_name    value                   error    
None          1          GLY         None        N                 1960.6051782226    None     
None          2          GLY         None        N                2805.89993905253    None     
None          3          GLY         None        N                5851.47923917119    None     
None          4          GLY         None        N                1789.19891831078    None     
None          5          GLY         None        N                1957.22821368194    None     
None          6          GLY         None        N                1643556.61863241    None     
None          7          GLY         None        N                1970611.50439825    None     
None          8          GLY         None        N                1550.57199001039    None     
None          9          GLY         None        N            None                    None     
None          10         GLY         None        N                1852.09009333948    None     
None          11         GLY         None        N                950.871941169294    None     
None          12         GLY         None        N                1788.03877207409    None     
None          13         GLY         None        N                542.778142507753    None     
None          14         GLY         None        N                1352.14870091276    None     
None          15         GLY         None        N                2212.15076238845    None     
None          16         GLY         None        N                14.4422524059736    None     
None          17         GLY         None        N                30.5542704480133    None     
None          18         GLY         None        N                1034.42867366784    None     
None          19         GLY         None        N                198.349240265583    None     
None          20         GLY         None        N                1495.00601315963    None     
None          21         GLY         None        N                2154.81259940716    None     
None          22         GLY         None        N                715.357856227003    None     
None          23         GLY         None        N                1328.71575631669    None     
None          24         GLY         None        N                5836.41372302166    None     
None          25         GLY         None        N                1015.99812055107    None     
None          26         GLY         None        N                1768.28572668533    None     
None          27         GLY         None        N            None                    None     
None          28         GLY         None        N            None                    None     
None          29         GLY         None        N               0.377594390226375    None     
None          30         GLY         None        N            None                    None     
None          31         GLY         None        N                1652.88727375563    None     
None          32         GLY         None        N                2077.40144558794    None     
None          33         GLY         None        N                 1414.6874499035    None     
None          34         GLY         None        N                1596.99546347542    None     
None          35         GLY         None        N                1632.17450944524    None     
None          36         GLY         None        N                1902814.68316538    None     
None          37         GLY         None        N                2498.47180335469    None     
None          38         GLY         None        N                2730.68130568449    None     
None          39         GLY         None        N                2114.77231558333    None     
None          40         GLY         None        N                293.449821911601    None     
None          41         GLY         None        N                1.07443136818574    None     
None          42         GLY         None        N                1677.18757057328    None     
None          43         GLY         None        N               0.565758981789053    None     
None          44         GLY         None        N                1987967.00306964    None     
None          45         GLY         None        N                3197.99783796315    None     
None          46         GLY         None        N                1632.88296805685    None     
None          47         GLY         None        N                1461.55976296919    None     
None          48         GLY         None        N                1356.95616841923    None     
None          49         GLY         None        N                1529.85175544671    None     
None          50         GLY         None        N               0.572897245916162    None     
None          51         GLY         None        N                834.681422500796    None     
None          52         GLY         None        N                1981.67648815234    None     
None          53         GLY         None        N                  1486.637214374    None     
None          54         GLY         None        N            None                    None     
None          55         GLY         None        N                 1963.1111151796    None     
None          56         GLY         None        N                 1955518.8642507    None     
None          57         GLY         None        N                  245.5175626779    None     
None          58         GLY         None        N                   1071.83618405    None     
None          59         GLY         None        N                1924.60134396932    None     
None          60         GLY         None        N                 2032.7585052597    None     
None          61         GLY         None        N                1684.43742390616    None     
None          62         GLY         None        N                1540.42502252866    None     
None          63         GLY         None        N                1537.96875118365    None     
None          64         GLY         None        N                1921.71564400256    None     
None          65         GLY         None        N                1473.56453328164    None     
None          66         GLY         None        N                1300.84710652159    None     
None          67         GLY         None        N                 1648.3497903843    None     
None          68         GLY         None        N            None                    None     
None          69         GLY         None        N            None                    None     
None          70         GLY         None        N                1609.01674217807    None     
None          71         GLY         None        N                 2314.8087298801    None     
None          72         GLY         None        N                1846.38784604666    None     
None          73         GLY         None        N                 1.0597359695306    None     
