# Parameter description:  The population for state A.
#
# mol_name    res_num    res_name    spin_num    spin_name    value                   error    
None          1          GLY         None        N               0.983634563673554    None     
None          2          GLY         None        N               0.999278828394373    None     
None          3          GLY         None        N               0.500000000465627    None     
None          4          GLY         None        N               0.999911070608746    None     
None          5          GLY         None        N               0.983720547512752    None     
None          6          GLY         None        N                0.99999998433791    None     
None          7          GLY         None        N               0.994196473107305    None     
None          8          GLY         None        N               0.993930332687123    None     
None          9          GLY         None        N            None                    None     
None          10         GLY         None        N                0.87430502109235    None     
None          11         GLY         None        N               0.500000000863235    None     
None          12         GLY         None        N               0.859222940782439    None     
None          13         GLY         None        N               0.943055310496309    None     
None          14         GLY         None        N               0.996144635180235    None     
None          15         GLY         None        N               0.772017548779353    None     
None          16         GLY         None        N               0.500000082660699    None     
None          17         GLY         None        N               0.985847540231673    None     
None          18         GLY         None        N               0.998186986383826    None     
None          19         GLY         None        N               0.998896228629945    None     
None          20         GLY         None        N               0.720348943052559    None     
None          21         GLY         None        N               0.976414403088799    None     
None          22         GLY         None        N               0.867283539474439    None     
None          23         GLY         None        N               0.996151951463916    None     
None          24         GLY         None        N               0.943610724207125    None     
None          25         GLY         None        N               0.997947968188049    None     
None          26         GLY         None        N               0.986989548208688    None     
None          27         GLY         None        N            None                    None     
None          28         GLY         None        N            None                    None     
None          29         GLY         None        N               0.500000425878294    None     
None          30         GLY         None        N            None                    None     
None          31         GLY         None        N               0.989931614051012    None     
None          32         GLY         None        N               0.988391368957199    None     
None          33         GLY         None        N               0.996271401636685    None     
None          34         GLY         None        N               0.993498798162561    None     
None          35         GLY         None        N               0.994802706615996    None     
None          36         GLY         None        N               0.995837979705404    None     
None          37         GLY         None        N               0.500000004641203    None     
None          38         GLY         None        N               0.500000000245977    None     
None          39         GLY         None        N               0.988478756663513    None     
None          40         GLY         None        N               0.675322548528743    None     
None          41         GLY         None        N               0.500000081396837    None     
None          42         GLY         None        N               0.844747134988215    None     
None          43         GLY         None        N                0.50000465758812    None     
None          44         GLY         None        N               0.991180387348071    None     
None          45         GLY         None        N               0.943389048930012    None     
None          46         GLY         None        N                0.65812570503461    None     
None          47         GLY         None        N               0.994197280101179    None     
None          48         GLY         None        N               0.500000000016096    None     
None          49         GLY         None        N               0.997191531089781    None     
None          50         GLY         None        N               0.500001050631937    None     
None          51         GLY         None        N               0.996046414473423    None     
None          52         GLY         None        N               0.984809408357409    None     
None          53         GLY         None        N               0.987722317714646    None     
None          54         GLY         None        N            None                    None     
None          55         GLY         None        N               0.984411870692236    None     
None          56         GLY         None        N                0.98720901944602    None     
None          57         GLY         None        N               0.628134609708388    None     
None          58         GLY         None        N               0.995595899548651    None     
None          59         GLY         None        N               0.988362865257393    None     
None          60         GLY         None        N               0.500000000009055    None     
None          61         GLY         None        N               0.989179898623589    None     
None          62         GLY         None        N                0.70664456786473    None     
None          63         GLY         None        N               0.990335360798083    None     
None          64         GLY         None        N               0.983150447331901    None     
None          65         GLY         None        N               0.992360941452067    None     
None          66         GLY         None        N               0.996027133990661    None     
None          67         GLY         None        N               0.986769757757548    None     
None          68         GLY         None        N            None                    None     
None          69         GLY         None        N            None                    None     
None          70         GLY         None        N               0.989506597958281    None     
None          71         GLY         None        N               0.989942028264362    None     
None          72         GLY         None        N               0.984272588379738    None     
None          73         GLY         None        N               0.500000042503609    None     
