# Parameter description:  The transversal relaxation rate.
#
# mol_name    res_num    res_name    spin_num    spin_name    SQ_CPMG_-_500.00000000_MHz    sd(SQ_CPMG_-_500.00000000_MHz)    SQ_CPMG_-_800.00000000_MHz    sd(SQ_CPMG_-_800.00000000_MHz)    
None          1          GLY         None        N                4.68997354565405          None                                  5.13168847350947          None                              
None          2          GLY         None        N                 3.8564244022772          None                                  4.01186831310612          None                              
None          3          GLY         None        N                4.66889848622183          None                                  4.19317551411369          None                              
None          4          GLY         None        N                1.57948392507244          None                                  1.59207778778142          None                              
None          5          GLY         None        N                4.69832422970678          None                                  5.48028656809796          None                              
None          6          GLY         None        N                1.68378709838566          None                                 0.938430446483212          None                              
None          7          GLY         None        N               0.993594542708286          None                                  1.17650389560795          None                              
None          8          GLY         None        N                5.62076353233445          None                                  7.06432100314672          None                              
None          9          GLY         None        N            None                          None                              None                          None                              
None          10         GLY         None        N                6.03158839090175          None                                  7.34307282736041          None                              
None          11         GLY         None        N                3.00623719282213          None                                  3.13045757786435          None                              
None          12         GLY         None        N                4.66439067393266          None                                  5.70343869963052          None                              
None          13         GLY         None        N               0.620323458052274          None                                 0.155756813793842          None                              
None          14         GLY         None        N                6.05803854600399          None                                   7.3554225897618          None                              
None          15         GLY         None        N                5.81851162685306          None                                  6.44802316292098          None                              
None          16         GLY         None        N                3.13077228316238          None                                  3.42470308972435          None                              
None          17         GLY         None        N                5.80185004921245          None                                  6.59193588273349          None                              
None          18         GLY         None        N                5.86118571599578          None                                  6.91743633145653          None                              
None          19         GLY         None        N                5.63256914782416          None                                  6.60970608923581          None                              
None          20         GLY         None        N                6.06594661143374          None                                  6.89334970898948          None                              
None          21         GLY         None        N                6.58125729933976          None                                   7.8777189498908          None                              
None          22         GLY         None        N                6.11858003409643          None                                  7.10910523654366          None                              
None          23         GLY         None        N                6.40681808982076          None                                  7.55365609152177          None                              
None          24         GLY         None        N                5.47922809316405          None                                   6.8340457392336          None                              
None          25         GLY         None        N                 5.4105525730074          None                                  7.33316346118039          None                              
None          26         GLY         None        N                6.70096250084379          None                                  7.75149090339377          None                              
None          27         GLY         None        N            None                          None                              None                          None                              
None          28         GLY         None        N            None                          None                              None                          None                              
None          29         GLY         None        N                 5.9807382722138          None                                  6.91414161891846          None                              
None          30         GLY         None        N            None                          None                              None                          None                              
None          31         GLY         None        N                5.96135361011988          None                                  6.86942675004809          None                              
None          32         GLY         None        N                5.27272092884125          None                                  6.32236121902292          None                              
None          33         GLY         None        N                6.54191001645489          None                                  8.19821829905627          None                              
None          34         GLY         None        N                6.30754001192997          None                                  7.37871040841384          None                              
None          35         GLY         None        N                5.77810499838259          None                                  6.86160728667169          None                              
None          36         GLY         None        N                4.70242813765829          None                                  6.00042125013589          None                              
None          37         GLY         None        N                6.25288073129281          None                                  7.03314643797436          None                              
None          38         GLY         None        N                6.00943559970618          None                                  7.32047800468052          None                              
None          39         GLY         None        N                6.51117155350678          None                                  8.19404741663712          None                              
None          40         GLY         None        N                6.61000455058396          None                                  7.84378852122027          None                              
None          41         GLY         None        N                6.41675944905608          None                                  7.68951375904525          None                              
None          42         GLY         None        N                5.85720955535715          None                                  7.00071765090393          None                              
None          43         GLY         None        N                 6.0478877798242          None                                  7.13828068540624          None                              
None          44         GLY         None        N                6.49955135187519          None                                  7.47450397229406          None                              
None          45         GLY         None        N                 6.3264933142506          None                                  7.00953849967151          None                              
None          46         GLY         None        N                6.16218659318294          None                                  7.07012954128421          None                              
None          47         GLY         None        N                6.15777784628745          None                                  7.16653909332316          None                              
None          48         GLY         None        N                6.17443971166568          None                                  7.07565290382971          None                              
None          49         GLY         None        N                2.93745566846953          None                                  3.48963575995035          None                              
None          50         GLY         None        N                5.92090728151623          None                                  7.63484672412201          None                              
None          51         GLY         None        N                6.35147411184807          None                                  7.60600380503193          None                              
None          52         GLY         None        N                6.23848382974625          None                                  7.25897297441958          None                              
None          53         GLY         None        N                 5.8106097100765          None                                  7.01740046048597          None                              
None          54         GLY         None        N            None                          None                              None                          None                              
None          55         GLY         None        N                6.14691730855715          None                                  7.70302494131423          None                              
None          56         GLY         None        N                5.02885492310396          None                                  5.93724048290824          None                              
None          57         GLY         None        N                 5.2622666336817          None                                  6.24544519514873          None                              
None          58         GLY         None        N                5.36999598267674          None                                  6.72422067342495          None                              
None          59         GLY         None        N                6.05030171160056          None                                   7.5479919530772          None                              
None          60         GLY         None        N                5.90941342805901          None                                  6.98138422361953          None                              
None          61         GLY         None        N                6.66087437015656          None                                  9.30423073397668          None                              
None          62         GLY         None        N                 4.2435929593655          None                                  4.75495272859072          None                              
None          63         GLY         None        N                5.99974548727488          None                                  7.17429463200053          None                              
None          64         GLY         None        N                6.61799565859241          None                                  7.59878331008125          None                              
None          65         GLY         None        N                6.23647628582837          None                                   7.1546356844118          None                              
None          66         GLY         None        N                3.42851101859041          None                                  4.01548723964618          None                              
None          67         GLY         None        N                 8.8403872290654          None                                  11.8832022824944          None                              
None          68         GLY         None        N            None                          None                              None                          None                              
None          69         GLY         None        N            None                          None                              None                          None                              
None          70         GLY         None        N                6.97559925382354          None                                  9.51740063972728          None                              
None          71         GLY         None        N                4.99309395421464          None                                  6.92009328823558          None                              
None          72         GLY         None        N                 5.7450893279796          None                                  6.14186723863728          None                              
None          73         GLY         None        N                 3.7765502270493          None                              5.85422389103371e-13          None                              
