# Parameter description:  Chi-squared value.
#
# mol_name    res_num    res_name    spin_num    spin_name    value                   error    
None          1          GLY         None        N                37.9962316712002    None     
None          2          GLY         None        N                11.2388378680264    None     
None          3          GLY         None        N                12.1013831215875    None     
None          4          GLY         None        N                11.3123517657745    None     
None          5          GLY         None        N                25.0997771287509    None     
None          6          GLY         None        N                 3.3922674590998    None     
None          7          GLY         None        N                7.09001056364096    None     
None          8          GLY         None        N                17.6958563208168    None     
None          9          GLY         None        N            None                    None     
None          10         GLY         None        N                8.39434126624171    None     
None          11         GLY         None        N                8.45384546047805    None     
None          12         GLY         None        N                11.5363168324551    None     
None          13         GLY         None        N                6.17445253515061    None     
None          14         GLY         None        N                11.0886294441309    None     
None          15         GLY         None        N                7.89508991033901    None     
None          16         GLY         None        N                6.00942536818097    None     
None          17         GLY         None        N                13.2849104015228    None     
None          18         GLY         None        N                17.7055114333717    None     
None          19         GLY         None        N                8.71982480239361    None     
None          20         GLY         None        N                8.41820032585531    None     
None          21         GLY         None        N                11.6852292525429    None     
None          22         GLY         None        N                18.2530050839077    None     
None          23         GLY         None        N                10.7357480101439    None     
None          24         GLY         None        N                22.8585743054191    None     
None          25         GLY         None        N                14.7413100435622    None     
None          26         GLY         None        N                18.2345344205531    None     
None          27         GLY         None        N            None                    None     
None          28         GLY         None        N            None                    None     
None          29         GLY         None        N                22.0884523798568    None     
None          30         GLY         None        N            None                    None     
None          31         GLY         None        N                17.4530841629065    None     
None          32         GLY         None        N                16.8199279692654    None     
None          33         GLY         None        N                10.1551636597937    None     
None          34         GLY         None        N                9.10914101851651    None     
None          35         GLY         None        N                10.5863045275511    None     
None          36         GLY         None        N                13.0488230415293    None     
None          37         GLY         None        N                9.18978719532513    None     
None          38         GLY         None        N                23.8744390113252    None     
None          39         GLY         None        N                   11.7035995583    None     
None          40         GLY         None        N                9.84448193008557    None     
None          41         GLY         None        N                 15.818055702299    None     
None          42         GLY         None        N                11.7791542132096    None     
None          43         GLY         None        N                20.6825321005804    None     
None          44         GLY         None        N                20.4048688144856    None     
None          45         GLY         None        N                 14.783935158869    None     
None          46         GLY         None        N                18.3666013105758    None     
None          47         GLY         None        N                18.1135153322013    None     
None          48         GLY         None        N                11.5818092541309    None     
None          49         GLY         None        N                10.6673456692752    None     
None          50         GLY         None        N                12.8147305662832    None     
None          51         GLY         None        N                7.66955958654966    None     
None          52         GLY         None        N                21.7862367628131    None     
None          53         GLY         None        N                14.1393479130126    None     
None          54         GLY         None        N            None                    None     
None          55         GLY         None        N                27.0293694624992    None     
None          56         GLY         None        N                24.5634756166213    None     
None          57         GLY         None        N                18.3237045633272    None     
None          58         GLY         None        N                14.0491074033119    None     
None          59         GLY         None        N                16.1146307603175    None     
None          60         GLY         None        N                17.7865966560581    None     
None          61         GLY         None        N                37.9907760542563    None     
None          62         GLY         None        N                17.9577570576053    None     
None          63         GLY         None        N                31.3394633281563    None     
None          64         GLY         None        N                20.2601071015491    None     
None          65         GLY         None        N                  20.44994994786    None     
None          66         GLY         None        N                9.03423464691967    None     
None          67         GLY         None        N                58.9756399153636    None     
None          68         GLY         None        N            None                    None     
None          69         GLY         None        N            None                    None     
None          70         GLY         None        N                26.9937419631026    None     
None          71         GLY         None        N                 9.8240511981967    None     
None          72         GLY         None        N                40.1323992940648    None     
None          73         GLY         None        N                415.137709826355    None     
