# Experiment_name    Field_strength_(MHz) Disp_point_(Hz)      R2eff_(measured)     R2eff_(back_calc)    R2eff_errors        
'SQ CPMG'                   500.000000000            66.666600   22.271748765240915   21.772498319994138    0.476906576632671
'SQ CPMG'                   500.000000000           133.333300   20.313564587335208   20.669816448231725    0.455494145135615
'SQ CPMG'                   500.000000000           200.000000   19.101916037559075   19.568964994957916    0.442996598911991
'SQ CPMG'                   500.000000000           266.666600   18.117079963234136   18.311075615499561    0.433245548189981
'SQ CPMG'                   500.000000000           333.333300   17.975685205585044   16.761670724436453    0.431874877918534
'SQ CPMG'                   500.000000000           400.000000   14.813262972754984   15.136671493789201    0.403064683725373
'SQ CPMG'                   500.000000000           466.666600   13.533543334804744   13.629075466961517    0.392367424237092
'SQ CPMG'                   500.000000000           533.333300   12.718964280928921   12.319358140843971    0.385832309027366
'SQ CPMG'                   500.000000000           600.000000   10.933306060336214   11.217248087010576    0.372224312469062
'SQ CPMG'                   500.000000000           666.666600   10.042840420226852   10.302345055091418    0.365794110061145
'SQ CPMG'                   500.000000000           733.333300    9.215046798436493    9.545686099828002    0.360021442392047
'SQ CPMG'                   500.000000000           800.000000    8.729999895324838    8.918928447861591    0.356728663064819
'SQ CPMG'                   500.000000000           866.666600    8.794082801761592    8.397500120235394    0.357159942427783
'SQ CPMG'                   500.000000000           933.333300    8.285337551592010    7.961180639404745    0.353767243407231
'SQ CPMG'                   500.000000000          1000.000000    7.433489598212534    7.593722339231243    0.348244033484829
'SQ CPMG'                   800.000000000            66.666600   29.019332325925411   29.135680705324805    0.423588380041081
'SQ CPMG'                   800.000000000           133.333300   28.835365315403795   28.366692273232566    0.421605606030267
'SQ CPMG'                   800.000000000           200.000000   27.230742383599999   27.564231709158669    0.404836398039805
'SQ CPMG'                   800.000000000           266.666600   27.253163179946462   26.894451094479592    0.405064321615702
'SQ CPMG'                   800.000000000           333.333300   25.947625123426747   26.155560282794841    0.392086174614000
'SQ CPMG'                   800.000000000           400.000000   24.074291090361633   24.855263167307058    0.374477319123375
'SQ CPMG'                   800.000000000           466.666600   23.722623571617536   23.117443670810438    0.371300612883848
'SQ CPMG'                   800.000000000           533.333300   21.426451680891471   21.233950183700809    0.351518803741643
'SQ CPMG'                   800.000000000           600.000000   19.334495990524832   19.410119495191548    0.334883347403890
'SQ CPMG'                   800.000000000           666.666600   17.827355406231714   17.746453782905562    0.323673695642429
'SQ CPMG'                   800.000000000           733.333300   16.631803926888786   16.276172624815885    0.315222819517386
'SQ CPMG'                   800.000000000           800.000000   14.351100647102204   14.997769239895687    0.300133835321275
'SQ CPMG'                   800.000000000           866.666600   13.465699726961274   13.894566836437882    0.294626036784072
'SQ CPMG'                   800.000000000           933.333300   13.302830024998755   12.944919473315634    0.293633506027843
'SQ CPMG'                   800.000000000          1000.000000   12.386617952535154   12.127048031315741    0.288167272998014
