# Experiment_name    Field_strength_(MHz) Disp_point_(Hz)      R2eff_(measured)     R2eff_(back_calc)    R2eff_errors        
'SQ CPMG'                   500.000000000            66.666600   22.739336957530746   22.538787343439115    0.305669019159965
'SQ CPMG'                   500.000000000           133.333300   22.446902493184766   21.740328351107589    0.303544421549751
'SQ CPMG'                   500.000000000           200.000000   21.138971625447766   20.962354324887549    0.294313190819359
'SQ CPMG'                   500.000000000           266.666600   19.979587961092438   19.968964402584771    0.286491520260089
'SQ CPMG'                   500.000000000           333.333300   18.519893883040062   18.615569139282016    0.277108975263351
'SQ CPMG'                   500.000000000           400.000000   17.124176468428910   17.188693019896412    0.268604482286809
'SQ CPMG'                   500.000000000           466.666600   16.068139815274417   15.891636999874073    0.262461942269258
'SQ CPMG'                   500.000000000           533.333300   14.734258988695945   14.790853163822410    0.255050209717059
'SQ CPMG'                   500.000000000           600.000000   14.294185355417648   13.883654003212484    0.252687593026189
'SQ CPMG'                   500.000000000           666.666600   12.982140294047328   13.143536818864570    0.245879841151219
'SQ CPMG'                   500.000000000           733.333300   12.488964837200598   12.540088306999325    0.243410406381460
'SQ CPMG'                   500.000000000           800.000000   12.203097162141708   12.046019238497918    0.242000931790125
'SQ CPMG'                   500.000000000           866.666600   11.658764098085491   11.638882445215351    0.239361001123030
'SQ CPMG'                   500.000000000           933.333300   10.957956644750446   11.300870983350832    0.236045700439786
'SQ CPMG'                   500.000000000          1000.000000   10.401677420875902   11.018063221131822    0.233479840660391
'SQ CPMG'                   800.000000000            66.666600   30.036971181325196   29.645946834405180    0.266602731511714
'SQ CPMG'                   800.000000000           133.333300   29.467658590489012   29.167148529042880    0.262731904654942
'SQ CPMG'                   800.000000000           200.000000   29.112047016262419   28.664653563190782    0.260352194419063
'SQ CPMG'                   800.000000000           266.666600   27.808129015179180   28.297430469490799    0.251872300371980
'SQ CPMG'                   800.000000000           333.333300   27.237365242607154   27.915472984648225    0.248279437380705
'SQ CPMG'                   800.000000000           400.000000   26.775243943096555   26.985518163137062    0.245422421440574
'SQ CPMG'                   800.000000000           466.666600   25.105164902387742   25.638346663850992    0.235475393278913
'SQ CPMG'                   800.000000000           533.333300   23.691454343483318   24.154976250455295    0.227503177251563
'SQ CPMG'                   800.000000000           600.000000   22.708947848105019   22.720427482134873    0.222195480955201
'SQ CPMG'                   800.000000000           666.666600   21.392449048405840   21.419605249242363    0.215372665060708
'SQ CPMG'                   800.000000000           733.333300   20.554215455631155   20.277805384928584    0.211196052773518
'SQ CPMG'                   800.000000000           800.000000   19.673083819828388   19.291435152310342    0.206942298728141
'SQ CPMG'                   800.000000000           866.666600   18.868557825716280   18.445164080808308    0.203177774714878
'SQ CPMG'                   800.000000000           933.333300   17.933184541900175   17.720358750851513    0.198940780845667
'SQ CPMG'                   800.000000000          1000.000000   16.887123324399184   17.098849164303786    0.194375785336141
