# Experiment_name    Field_strength_(MHz) Disp_point_(Hz)      R2eff_(measured)     R2eff_(back_calc)    R2eff_errors        
'SQ CPMG'                   500.000000000            66.666600   12.725574632866950   12.851686969820648    0.249981588253063
'SQ CPMG'                   500.000000000           133.333300   12.065137414258908   11.936294281153009    0.246646924507503
'SQ CPMG'                   500.000000000           200.000000   11.326792991075106   11.010145049822663    0.243021224178441
'SQ CPMG'                   500.000000000           266.666600    9.702636482444934   10.055899480494739    0.235414552454448
'SQ CPMG'                   500.000000000           333.333300    8.772988901913545    9.160670498679611    0.231281354788581
'SQ CPMG'                   500.000000000           400.000000    8.425254288611489    8.390802602392272    0.229775427132960
'SQ CPMG'                   500.000000000           466.666600    7.641872944966074    7.759568321573067    0.226461150900852
'SQ CPMG'                   500.000000000           533.333300    7.096027074223898    7.252629132458130    0.224214827149705
'SQ CPMG'                   500.000000000           600.000000    6.982378550297970    6.847813629991752    0.223753539134873
'SQ CPMG'                   500.000000000           666.666600    6.492257353962405    6.523804784325915    0.221789192025001
'SQ CPMG'                   500.000000000           733.333300    6.227871406475835    6.262822258798830    0.220746267311490
'SQ CPMG'                   500.000000000           800.000000    6.197434113939421    6.050866475731421    0.220626946275517
'SQ CPMG'                   500.000000000           866.666600    5.995893897761722    5.877176533970137    0.219840724911394
'SQ CPMG'                   500.000000000           933.333300    5.980370614043040    5.733548040862716    0.219780445161531
'SQ CPMG'                   500.000000000          1000.000000    5.662041501520008    5.613725619742609    0.218553019914819
'SQ CPMG'                   800.000000000            66.666600   20.494712594492448   20.559013593921534    0.216214364387246
'SQ CPMG'                   800.000000000           133.333300   19.502777457146120   19.435764632912367    0.211325872046611
'SQ CPMG'                   800.000000000           200.000000   18.203841436462501   18.306243954431167    0.205190759967344
'SQ CPMG'                   800.000000000           266.666600   16.945442726397975   17.001251652681574    0.199525645355544
'SQ CPMG'                   800.000000000           333.333300   15.682271297939856   15.513244543938173    0.194104856909454
'SQ CPMG'                   800.000000000           400.000000   14.400570133230989   14.048428739548656    0.188866981101601
'SQ CPMG'                   800.000000000           466.666600   12.748654968765271   12.742325705286662    0.182490516687891
'SQ CPMG'                   800.000000000           533.333300   11.571133833849132   11.635774059759303    0.178192423578364
'SQ CPMG'                   800.000000000           600.000000   10.469611550087693   10.719975728135493    0.174350851370284
'SQ CPMG'                   800.000000000           666.666600   10.119195424967499    9.968450772596778    0.173164124982036
'SQ CPMG'                   800.000000000           733.333300    9.094104559194827    9.352057014236737    0.169788081712135
'SQ CPMG'                   800.000000000           800.000000    9.058013850343398    8.844635648485911    0.169671778448999
'SQ CPMG'                   800.000000000           866.666600    8.248032504560250    8.424483462532599    0.167106496021792
'SQ CPMG'                   800.000000000           933.333300    8.265077780533490    8.074209989702171    0.167159601850459
'SQ CPMG'                   800.000000000          1000.000000    7.655229585605891    7.780087963591134    0.165282721463007
