# Parameter description:  The chemical shift difference between states A and B (in ppm).
#
# mol_name    res_num    res_name    spin_num    spin_name    value                   error    
None          1          GLY         None        N                7.08384265780023    None     
None          2          GLY         None        N                5.39958408809541    None     
None          3          GLY         None        N               0.273093290156786    None     
None          4          GLY         None        N                4.46711400158012    None     
None          5          GLY         None        N                3.93715578760168    None     
None          6          GLY         None        N               0.270708333213827    None     
None          7          GLY         None        N             0.00361778979771774    None     
None          8          GLY         None        N                2.34154317284922    None     
None          9          GLY         None        N            None                    None     
None          10         GLY         None        N               0.228661790655204    None     
None          11         GLY         None        N              0.0820318064045948    None     
None          12         GLY         None        N                0.34126853999445    None     
None          13         GLY         None        N              0.0372800987446689    None     
None          14         GLY         None        N                1.74992265967019    None     
None          15         GLY         None        N               0.191117511417131    None     
None          16         GLY         None        N              0.0924276717281822    None     
None          17         GLY         None        N                32.6198127040122    None     
None          18         GLY         None        N                1.71648319273309    None     
None          19         GLY         None        N                 1.8704749478857    None     
None          20         GLY         None        N               0.191344633944344    None     
None          21         GLY         None        N                1.59998432907954    None     
None          22         GLY         None        N               0.118530967019514    None     
None          23         GLY         None        N                2.24297623512995    None     
None          24         GLY         None        N               0.630061348329449    None     
None          25         GLY         None        N                1.53715887131631    None     
None          26         GLY         None        N                3.07450514294913    None     
None          27         GLY         None        N            None                    None     
None          28         GLY         None        N            None                    None     
None          29         GLY         None        N                 2.7334884227942    None     
None          30         GLY         None        N            None                    None     
None          31         GLY         None        N                1.65666066690834    None     
None          32         GLY         None        N                2.71745901342855    None     
None          33         GLY         None        N                 1.2562324488365    None     
None          34         GLY         None        N                1.75599538536044    None     
None          35         GLY         None        N               0.937905970196328    None     
None          36         GLY         None        N             0.00668145211280481    None     
None          37         GLY         None        N              0.0998233902609384    None     
None          38         GLY         None        N               0.261732533371479    None     
None          39         GLY         None        N                2.17025306089639    None     
None          40         GLY         None        N              0.0433181178065427    None     
None          41         GLY         None        N                5.00789770309413    None     
None          42         GLY         None        N               0.292644556071532    None     
None          43         GLY         None        N                18.5872248386691    None     
None          44         GLY         None        N              0.0247555219079688    None     
None          45         GLY         None        N               0.466379930090866    None     
None          46         GLY         None        N               0.275403444470074    None     
None          47         GLY         None        N                1.46990489451485    None     
None          48         GLY         None        N               0.182306478285068    None     
None          49         GLY         None        N                1.70658132587818    None     
None          50         GLY         None        N                1.42826749725177    None     
None          51         GLY         None        N                1.56595717936652    None     
None          52         GLY         None        N                4.39033807471734    None     
None          53         GLY         None        N                1.54944569282257    None     
None          54         GLY         None        N            None                    None     
None          55         GLY         None        N                2.83056485536821    None     
None          56         GLY         None        N             0.00347637631892604    None     
None          57         GLY         None        N              0.0979925556724827    None     
None          58         GLY         None        N                1.24394668799487    None     
None          59         GLY         None        N                 1.4723364177562    None     
None          60         GLY         None        N               0.344224701201789    None     
None          61         GLY         None        N                4.73097427946964    None     
None          62         GLY         None        N               0.237769608890419    None     
None          63         GLY         None        N                2.39283702277382    None     
None          64         GLY         None        N                3.00046670423184    None     
None          65         GLY         None        N                2.24105563931439    None     
None          66         GLY         None        N                1.88643863484137    None     
None          67         GLY         None        N                7.35155241656174    None     
None          68         GLY         None        N            None                    None     
None          69         GLY         None        N            None                    None     
None          70         GLY         None        N                5.67094036864452    None     
None          71         GLY         None        N                2.41553516296661    None     
None          72         GLY         None        N                6.08554626938145    None     
None          73         GLY         None        N                4.77758908719045    None     
