# Parameter description:  The exchange rate.
#
# mol_name    res_num    res_name    spin_num    spin_name    value                   error    
None          1          GLY         None        N                1960.60514535382    None     
None          2          GLY         None        N                2805.90064421562    None     
None          3          GLY         None        N                5851.48988005986    None     
None          4          GLY         None        N                1789.21308372609    None     
None          5          GLY         None        N                1957.22821367691    None     
None          6          GLY         None        N                 1651836.3885854    None     
None          7          GLY         None        N                1572518.06648096    None     
None          8          GLY         None        N                1550.57199814353    None     
None          9          GLY         None        N            None                    None     
None          10         GLY         None        N                1852.08984041628    None     
None          11         GLY         None        N                950.866048130367    None     
None          12         GLY         None        N                1788.03875053703    None     
None          13         GLY         None        N                542.775503897694    None     
None          14         GLY         None        N                1352.15087392459    None     
None          15         GLY         None        N                2212.15028888583    None     
None          16         GLY         None        N                14.4838801128468    None     
None          17         GLY         None        N                30.5554621142806    None     
None          18         GLY         None        N                1034.43156039773    None     
None          19         GLY         None        N                198.348232754072    None     
None          20         GLY         None        N                1495.00607489148    None     
None          21         GLY         None        N                2154.81178804329    None     
None          22         GLY         None        N                715.358189047961    None     
None          23         GLY         None        N                 1328.7149950682    None     
None          24         GLY         None        N                5836.41154484103    None     
None          25         GLY         None        N                1015.99769517458    None     
None          26         GLY         None        N                1768.28572466182    None     
None          27         GLY         None        N            None                    None     
None          28         GLY         None        N            None                    None     
None          29         GLY         None        N               0.377604493323836    None     
None          30         GLY         None        N            None                    None     
None          31         GLY         None        N                1652.88722580463    None     
None          32         GLY         None        N                2077.40146348001    None     
None          33         GLY         None        N                1414.68829099175    None     
None          34         GLY         None        N                1596.99535450394    None     
None          35         GLY         None        N                1632.17150452589    None     
None          36         GLY         None        N                1534922.94091736    None     
None          37         GLY         None        N                2498.46553935598    None     
None          38         GLY         None        N                2730.66829623155    None     
None          39         GLY         None        N                2114.77252853603    None     
None          40         GLY         None        N                293.448772333012    None     
None          41         GLY         None        N                1.07443005168306    None     
None          42         GLY         None        N                1677.18730451984    None     
None          43         GLY         None        N               0.565667535764907    None     
None          44         GLY         None        N                1713257.37727834    None     
None          45         GLY         None        N                3197.99942721389    None     
None          46         GLY         None        N                1632.88234708871    None     
None          47         GLY         None        N                1461.55826831057    None     
None          48         GLY         None        N                1356.95551750866    None     
None          49         GLY         None        N                1529.85161253182    None     
None          50         GLY         None        N               0.572875747454205    None     
None          51         GLY         None        N                834.681953565297    None     
None          52         GLY         None        N                1981.67663830519    None     
None          53         GLY         None        N                1486.63568398441    None     
None          54         GLY         None        N            None                    None     
None          55         GLY         None        N                1963.11126705092    None     
None          56         GLY         None        N                1953406.69972492    None     
None          57         GLY         None        N                245.516673833123    None     
None          58         GLY         None        N                1071.83807376453    None     
None          59         GLY         None        N                1924.60023698863    None     
None          60         GLY         None        N                2032.75933306427    None     
None          61         GLY         None        N                1684.43742393127    None     
None          62         GLY         None        N                 1540.4245084412    None     
None          63         GLY         None        N                1537.96902306668    None     
None          64         GLY         None        N                1921.71564179192    None     
None          65         GLY         None        N                1473.56449786775    None     
None          66         GLY         None        N                1300.84659728403    None     
None          67         GLY         None        N                 1648.3498462432    None     
None          68         GLY         None        N            None                    None     
None          69         GLY         None        N            None                    None     
None          70         GLY         None        N                 1609.0167123547    None     
None          71         GLY         None        N                2314.80919807608    None     
None          72         GLY         None        N                1846.38760856536    None     
None          73         GLY         None        N                1.05971069218556    None     
