# Parameter description:  The population for state A.
#
# mol_name    res_num    res_name    spin_num    spin_name    value                   error    
None          1          GLY         None        N                0.98363456345285    None     
None          2          GLY         None        N                0.99927882880491    None     
None          3          GLY         None        N               0.500000000627196    None     
None          4          GLY         None        N               0.999911070430873    None     
None          5          GLY         None        N               0.983720547512861    None     
None          6          GLY         None        N               0.999999981687718    None     
None          7          GLY         None        N               0.992036821495981    None     
None          8          GLY         None        N               0.993930332877893    None     
None          9          GLY         None        N            None                    None     
None          10         GLY         None        N               0.874301320558684    None     
None          11         GLY         None        N               0.500000000560722    None     
None          12         GLY         None        N               0.859224545815524    None     
None          13         GLY         None        N               0.943021528763412    None     
None          14         GLY         None        N               0.996144618578413    None     
None          15         GLY         None        N               0.772014832271941    None     
None          16         GLY         None        N               0.500000030961165    None     
None          17         GLY         None        N               0.985847878042454    None     
None          18         GLY         None        N               0.998186980710198    None     
None          19         GLY         None        N               0.998896224079431    None     
None          20         GLY         None        N               0.720348885339501    None     
None          21         GLY         None        N               0.976414475420529    None     
None          22         GLY         None        N               0.867283360847272    None     
None          23         GLY         None        N               0.996151954508415    None     
None          24         GLY         None        N               0.943604548440811    None     
None          25         GLY         None        N               0.997947971790683    None     
None          26         GLY         None        N               0.986989548203602    None     
None          27         GLY         None        N            None                    None     
None          28         GLY         None        N            None                    None     
None          29         GLY         None        N               0.500000001177329    None     
None          30         GLY         None        N            None                    None     
None          31         GLY         None        N               0.989931623745521    None     
None          32         GLY         None        N               0.988391371182386    None     
None          33         GLY         None        N               0.996271409478864    None     
None          34         GLY         None        N               0.993498795072714    None     
None          35         GLY         None        N               0.994802730710378    None     
None          36         GLY         None        N               0.874849801747222    None     
None          37         GLY         None        N                0.50000000280474    None     
None          38         GLY         None        N               0.500000000001888    None     
None          39         GLY         None        N               0.988478760420211    None     
None          40         GLY         None        N               0.675350233567476    None     
None          41         GLY         None        N               0.500000000079603    None     
None          42         GLY         None        N                0.84475107963668    None     
None          43         GLY         None        N               0.500000000253115    None     
None          44         GLY         None        N               0.685955522786506    None     
None          45         GLY         None        N               0.943388313568645    None     
None          46         GLY         None        N               0.658125706394912    None     
None          47         GLY         None        N               0.994197319816885    None     
None          48         GLY         None        N               0.500000000171335    None     
None          49         GLY         None        N               0.997191526472452    None     
None          50         GLY         None        N               0.500000002820907    None     
None          51         GLY         None        N               0.996046410479279    None     
None          52         GLY         None        N               0.984809408194831    None     
None          53         GLY         None        N                 0.9877223945511    None     
None          54         GLY         None        N            None                    None     
None          55         GLY         None        N                0.98441186814157    None     
None          56         GLY         None        N               0.997985635284404    None     
None          57         GLY         None        N               0.628138368037811    None     
None          58         GLY         None        N               0.995595868098012    None     
None          59         GLY         None        N               0.988362929509603    None     
None          60         GLY         None        N               0.500000000009922    None     
None          61         GLY         None        N               0.989179898623527    None     
None          62         GLY         None        N               0.706646001370557    None     
None          63         GLY         None        N               0.990335358707039    None     
None          64         GLY         None        N               0.983150446670053    None     
None          65         GLY         None        N               0.992360940149257    None     
None          66         GLY         None        N               0.996027138515608    None     
None          67         GLY         None        N               0.986769758467702    None     
None          68         GLY         None        N            None                    None     
None          69         GLY         None        N            None                    None     
None          70         GLY         None        N                0.98950659817427    None     
None          71         GLY         None        N               0.989942026263463    None     
None          72         GLY         None        N               0.984272587657737    None     
None          73         GLY         None        N               0.500000000022315    None     
