# Parameter description:  The transversal relaxation rate.
#
# mol_name    res_num    res_name    spin_num    spin_name    SQ_CPMG_-_500.00000000_MHz    sd(SQ_CPMG_-_500.00000000_MHz)    SQ_CPMG_-_800.00000000_MHz    sd(SQ_CPMG_-_800.00000000_MHz)    
None          1          GLY         None        N                4.68997333325745          None                                  5.13168821418869          None                              
None          2          GLY         None        N                3.85642405519829          None                                  4.01186799545601          None                              
None          3          GLY         None        N                4.66889789704156          None                                  4.19317390206177          None                              
None          4          GLY         None        N                1.57948392592471          None                                  1.59207771419667          None                              
None          5          GLY         None        N                4.69832422966932          None                                  5.48028656809191          None                              
None          6          GLY         None        N                1.68378578188437          None                                  0.93842992571759          None                              
None          7          GLY         None        N               0.993594548528701          None                                   1.1765038682404          None                              
None          8          GLY         None        N                5.62076347581963          None                                  7.06432093537982          None                              
None          9          GLY         None        N            None                          None                              None                          None                              
None          10         GLY         None        N                6.03158848058289          None                                  7.34307294529326          None                              
None          11         GLY         None        N                3.00623741422855          None                                  3.13045777903626          None                              
None          12         GLY         None        N                4.66439061731058          None                                  5.70343870918687          None                              
None          13         GLY         None        N               0.620323484059201          None                                 0.155756771485627          None                              
None          14         GLY         None        N                6.05803855764229          None                                  7.35542234859854          None                              
None          15         GLY         None        N                5.81851165891791          None                                  6.44802323748507          None                              
None          16         GLY         None        N                3.13077164691759          None                                  3.42470361894265          None                              
None          17         GLY         None        N                5.80184307097268          None                                  6.59192951200989          None                              
None          18         GLY         None        N                5.86118564631967          None                                  6.91743605684542          None                              
None          19         GLY         None        N                5.63256914819066          None                                  6.60970614677818          None                              
None          20         GLY         None        N                 6.0659465544312          None                                   6.8933497868302          None                              
None          21         GLY         None        N                 6.5812573586734          None                                  7.87771935558199          None                              
None          22         GLY         None        N                6.11857999940174          None                                  7.10910521982485          None                              
None          23         GLY         None        N                6.40681811531935          None                                  7.55365622964169          None                              
None          24         GLY         None        N                5.47922836322785          None                                  6.83404621907237          None                              
None          25         GLY         None        N                5.41055256865325          None                                  7.33316345057045          None                              
None          26         GLY         None        N                6.70096250435445          None                                  7.75149091140014          None                              
None          27         GLY         None        N            None                          None                              None                          None                              
None          28         GLY         None        N            None                          None                              None                          None                              
None          29         GLY         None        N                5.98073992356489          None                                    6.914142140584          None                              
None          30         GLY         None        N            None                          None                              None                          None                              
None          31         GLY         None        N                5.96135343480899          None                                  6.86942672028183          None                              
None          32         GLY         None        N                5.27272099241149          None                                   6.3223611802597          None                              
None          33         GLY         None        N                6.54190989281115          None                                  8.19821818663243          None                              
None          34         GLY         None        N                 6.3075400635301          None                                   7.3787104112215          None                              
None          35         GLY         None        N                 5.7781051011735          None                                  6.86160752261606          None                              
None          36         GLY         None        N                4.70242954732421          None                                  6.00042141722019          None                              
None          37         GLY         None        N                6.25288070292858          None                                  7.03314662000353          None                              
None          38         GLY         None        N                6.00943663205632          None                                  7.32047949531495          None                              
None          39         GLY         None        N                6.51117144969487          None                                  8.19404725901576          None                              
None          40         GLY         None        N                6.61000451275996          None                                  7.84378845111265          None                              
None          41         GLY         None        N                6.41675447482353          None                                  7.68950970634241          None                              
None          42         GLY         None        N                 5.8572096003833          None                                  7.00071765538814          None                              
None          43         GLY         None        N                6.04791960697817          None                                   7.1383278132166          None                              
None          44         GLY         None        N                6.49954326880142          None                                  7.47448415848194          None                              
None          45         GLY         None        N                6.32649314400043          None                                  7.00953816463293          None                              
None          46         GLY         None        N                6.16218676760993          None                                  7.07012966538109          None                              
None          47         GLY         None        N                6.15777778361735          None                                  7.16653921104054          None                              
None          48         GLY         None        N                6.17443956643888          None                                  7.07565286157686          None                              
None          49         GLY         None        N                2.93745575870511          None                                   3.4896358160522          None                              
None          50         GLY         None        N                5.92090672491624          None                                  7.63484611367969          None                              
None          51         GLY         None        N                6.35147407024192          None                                  7.60600372513526          None                              
None          52         GLY         None        N                6.23848383851584          None                                  7.25897285316578          None                              
None          53         GLY         None        N                5.81060964579302          None                                  7.01740070482849          None                              
None          54         GLY         None        N            None                          None                              None                          None                              
None          55         GLY         None        N                6.14691722775694          None                                  7.70302475163046          None                              
None          56         GLY         None        N                5.02885502366119          None                                  5.93724037471559          None                              
None          57         GLY         None        N                5.26226669864764          None                                  6.24544514138376          None                              
None          58         GLY         None        N                5.36999596425246          None                                  6.72422062404791          None                              
None          59         GLY         None        N                6.05030172408797          None                                   7.5479921107127          None                              
None          60         GLY         None        N                5.90941346584713          None                                  6.98138413758549          None                              
None          61         GLY         None        N                6.66087437012885          None                                   9.3042307338905          None                              
None          62         GLY         None        N                4.24359299534832          None                                  4.75495284944467          None                              
None          63         GLY         None        N                 5.9997454720007          None                                  7.17429454807816          None                              
None          64         GLY         None        N                6.61799575246957          None                                  7.59878337689795          None                              
None          65         GLY         None        N                6.23647637187331          None                                  7.15463569930926          None                              
None          66         GLY         None        N                3.42851103171076          None                                  4.01548732114678          None                              
None          67         GLY         None        N                8.84038740911979          None                                  11.8832023875198          None                              
None          68         GLY         None        N            None                          None                              None                          None                              
None          69         GLY         None        N            None                          None                              None                          None                              
None          70         GLY         None        N                6.97559899551714          None                                  9.51740025616007          None                              
None          71         GLY         None        N                4.99309382682443          None                                  6.92009299454346          None                              
None          72         GLY         None        N                5.74508972077515          None                                  6.14186813436217          None                              
None          73         GLY         None        N                3.77654188747494          None                              1.66479454635605e-13          None                              
