# Parameter description:  Chi-squared value.
#
# mol_name    res_num    res_name    spin_num    spin_name    value                   error    
None          1          GLY         None        N                600.184097361226    None     
None          2          GLY         None        N                11.9621920324209    None     
None          3          GLY         None        N                12.0952097843664    None     
None          4          GLY         None        N                 11.354266863775    None     
None          5          GLY         None        N                148.112990196839    None     
None          6          GLY         None        N                3.39226746119921    None     
None          7          GLY         None        N                7.09001056285836    None     
None          8          GLY         None        N                21.0921138211763    None     
None          9          GLY         None        N            None                    None     
None          10         GLY         None        N                8.40028921490873    None     
None          11         GLY         None        N                8.30942981723973    None     
None          12         GLY         None        N                11.5176168171394    None     
None          13         GLY         None        N                6.17454989682955    None     
None          14         GLY         None        N                11.3272451157089    None     
None          15         GLY         None        N                7.64703583206852    None     
None          16         GLY         None        N                6.00917950428351    None     
None          17         GLY         None        N                 13.877472357116    None     
None          18         GLY         None        N                17.8132507848004    None     
None          19         GLY         None        N                9.05800645004914    None     
None          20         GLY         None        N                8.40155210304425    None     
None          21         GLY         None        N                12.0829271861549    None     
None          22         GLY         None        N                20.3061821333511    None     
None          23         GLY         None        N                12.5146795411588    None     
None          24         GLY         None        N                22.6396902486224    None     
None          25         GLY         None        N                14.8519638154918    None     
None          26         GLY         None        N                 49.917987712821    None     
None          27         GLY         None        N            None                    None     
None          28         GLY         None        N            None                    None     
None          29         GLY         None        N                23.3667652559536    None     
None          30         GLY         None        N            None                    None     
None          31         GLY         None        N                18.2000229950688    None     
None          32         GLY         None        N                29.6385012292605    None     
None          33         GLY         None        N                9.26584385629293    None     
None          34         GLY         None        N                9.65556329984835    None     
None          35         GLY         None        N                8.63029318655848    None     
None          36         GLY         None        N                12.9582215384159    None     
None          37         GLY         None        N                12.2096687665074    None     
None          38         GLY         None        N                22.8399911800792    None     
None          39         GLY         None        N                14.3603071495332    None     
None          40         GLY         None        N                9.84451784665402    None     
None          41         GLY         None        N                12.8089233086158    None     
None          42         GLY         None        N                10.9861178401758    None     
None          43         GLY         None        N                 25.252383115899    None     
None          44         GLY         None        N                19.2472341567044    None     
None          45         GLY         None        N                14.1295012687593    None     
None          46         GLY         None        N                17.6654415103323    None     
None          47         GLY         None        N                17.9912557740389    None     
None          48         GLY         None        N                9.22336935963675    None     
None          49         GLY         None        N                10.8140226470534    None     
None          50         GLY         None        N                12.8761157672489    None     
None          51         GLY         None        N                8.29306577955623    None     
None          52         GLY         None        N                245.030415213015    None     
None          53         GLY         None        N                14.3667622893823    None     
None          54         GLY         None        N            None                    None     
None          55         GLY         None        N                52.0236382728881    None     
None          56         GLY         None        N                20.5876310161321    None     
None          57         GLY         None        N                18.3246426454493    None     
None          58         GLY         None        N                14.1247466976262    None     
None          59         GLY         None        N                16.1554315205921    None     
None          60         GLY         None        N                16.2649521403545    None     
None          61         GLY         None        N                  290.9254026776    None     
None          62         GLY         None        N                17.9186480782399    None     
None          63         GLY         None        N                 42.966809660351    None     
None          64         GLY         None        N                56.2301931126271    None     
None          65         GLY         None        N                 23.693704850445    None     
None          66         GLY         None        N                9.96477028692258    None     
None          67         GLY         None        N                1111.53287451195    None     
None          68         GLY         None        N            None                    None     
None          69         GLY         None        N            None                    None     
None          70         GLY         None        N                304.151675458803    None     
None          71         GLY         None        N                12.3809561792338    None     
None          72         GLY         None        N                 687.27335667866    None     
None          73         GLY         None        N                185.655820502537    None     
