# Experiment_name    Field_strength_(MHz) Disp_point_(Hz)      R2eff_(measured)     R2eff_(back_calc)    R2eff_errors        
'SQ CPMG'                   500.000000000            66.666600   14.277283028222433   12.137440441476723    0.224766723937222
'SQ CPMG'                   500.000000000           133.333300   13.164056358910008   11.703307738315724    0.219610465762599
'SQ CPMG'                   500.000000000           200.000000   12.187679688985515   11.269465130651032    0.215270300363270
'SQ CPMG'                   500.000000000           266.666600   11.318845615996560   10.838838607302179    0.211547242395555
'SQ CPMG'                   500.000000000           333.333300   10.774074001671325   10.419419176753371    0.209278054958043
'SQ CPMG'                   500.000000000           400.000000    9.985448948076970   10.021559608311893    0.206080235040580
'SQ CPMG'                   500.000000000           466.666600    9.449697030438911    9.653815585123830    0.203965476088558
'SQ CPMG'                   500.000000000           533.333300    9.206453308363489    9.321075339806098    0.203020485738741
'SQ CPMG'                   500.000000000           600.000000    8.478835942259394    9.024719077107328    0.200249374887040
'SQ CPMG'                   500.000000000           666.666600    7.961696150781807    8.763595779485726    0.198329799560138
'SQ CPMG'                   500.000000000           733.333300    8.120224754797309    8.535058957140775    0.198913882300460
'SQ CPMG'                   500.000000000           800.000000    8.004689306453537    8.335770883483768    0.198487824377901
'SQ CPMG'                   500.000000000           866.666600    7.584427128077684    8.162228235030529    0.196955151832077
'SQ CPMG'                   500.000000000           933.333300    7.305523324475297    8.011066952092268    0.195952706025734
'SQ CPMG'                   500.000000000          1000.000000    7.243764299521796    7.879217099690724    0.195732303075863
'SQ CPMG'                   800.000000000            66.666600   20.565282995075886   21.801417286536868    0.188145631958088
'SQ CPMG'                   800.000000000           133.333300   20.661044585179763   20.690037566444715    0.188564999285268
'SQ CPMG'                   800.000000000           200.000000   19.484475911711570   19.579400490823097    0.183513718705256
'SQ CPMG'                   800.000000000           266.666600   18.515909525887647   18.476996591050042    0.179517708979970
'SQ CPMG'                   800.000000000           333.333300   17.792921662168290   17.403282848845091    0.176627835574758
'SQ CPMG'                   800.000000000           400.000000   16.054623076267838   16.384762353634908    0.169994402312546
'SQ CPMG'                   800.000000000           466.666600   15.737763634459633   15.443337654273471    0.168831901289900
'SQ CPMG'                   800.000000000           533.333300   14.435012135175278   14.591522626260076    0.164198673476911
'SQ CPMG'                   800.000000000           600.000000   13.830177434301207   13.832850593751225    0.162125895630766
'SQ CPMG'                   800.000000000           666.666600   13.066773364970700   13.164374951839926    0.159578769090866
'SQ CPMG'                   800.000000000           733.333300   12.684882605089072   12.579320686636848    0.158333005524988
'SQ CPMG'                   800.000000000           800.000000   12.155241103782449   12.069143218074910    0.156636131247468
'SQ CPMG'                   800.000000000           866.666600   11.696693569985467   11.624874038034619    0.155195608318968
'SQ CPMG'                   800.000000000           933.333300   11.620986687532232   11.237901153712667    0.154960299936608
'SQ CPMG'                   800.000000000          1000.000000   11.113009008305358   10.900365531564717    0.153399740418652
