# Experiment_name    Field_strength_(MHz) Disp_point_(Hz)      R2eff_(measured)     R2eff_(back_calc)    R2eff_errors        
'SQ CPMG'                   500.000000000            66.666600   22.739336957530746   18.669105753038707    0.305669019159965
'SQ CPMG'                   500.000000000           133.333300   22.446902493184766   18.201816367001690    0.303544421549751
'SQ CPMG'                   500.000000000           200.000000   21.138971625447766   17.734527028517736    0.294313190819359
'SQ CPMG'                   500.000000000           266.666600   19.979587961092438   17.267243852475296    0.286491520260089
'SQ CPMG'                   500.000000000           333.333300   18.519893883040062   16.800050601602013    0.277108975263351
'SQ CPMG'                   500.000000000           400.000000   17.124176468428910   16.333389769218584    0.268604482286809
'SQ CPMG'                   500.000000000           466.666600   16.068139815274417   15.868427893195724    0.262461942269258
'SQ CPMG'                   500.000000000           533.333300   14.734258988695945   15.407185723441405    0.255050209717059
'SQ CPMG'                   500.000000000           600.000000   14.294185355417648   14.952348788764043    0.252687593026189
'SQ CPMG'                   500.000000000           666.666600   12.982140294047328   14.506899333100783    0.245879841151219
'SQ CPMG'                   500.000000000           733.333300   12.488964837200598   14.073748984493411    0.243410406381460
'SQ CPMG'                   500.000000000           800.000000   12.203097162141708   13.655470451409387    0.242000931790125
'SQ CPMG'                   500.000000000           866.666600   11.658764098085491   13.254137486057756    0.239361001123030
'SQ CPMG'                   500.000000000           933.333300   10.957956644750446   12.871263716062471    0.236045700439786
'SQ CPMG'                   500.000000000          1000.000000   10.401677420875902   12.507817184529291    0.233479840660391
'SQ CPMG'                   800.000000000            66.666600   30.036971181325196   32.116809627667799    0.266602731511714
'SQ CPMG'                   800.000000000           133.333300   29.467658590489012   30.920548799413048    0.262731904654942
'SQ CPMG'                   800.000000000           200.000000   29.112047016262419   29.724288092894135    0.260352194419063
'SQ CPMG'                   800.000000000           266.666600   27.808129015179180   28.528043162225476    0.251872300371980
'SQ CPMG'                   800.000000000           333.333300   27.237365242607154   27.332028439989877    0.248279437380705
'SQ CPMG'                   800.000000000           400.000000   26.775243943096555   26.137376709088304    0.245422421440574
'SQ CPMG'                   800.000000000           466.666600   25.105164902387742   24.947074306469776    0.235475393278913
'SQ CPMG'                   800.000000000           533.333300   23.691454343483318   23.766294351898722    0.227503177251563
'SQ CPMG'                   800.000000000           600.000000   22.708947848105019   22.601911799124672    0.222195480955201
'SQ CPMG'                   800.000000000           666.666600   21.392449048405840   21.461561192626732    0.215372665060708
'SQ CPMG'                   800.000000000           733.333300   20.554215455631155   20.352696300191862    0.211196052773518
'SQ CPMG'                   800.000000000           800.000000   19.673083819828388   19.281903255496758    0.206942298728141
'SQ CPMG'                   800.000000000           866.666600   18.868557825716280   18.254490864196583    0.203177774714878
'SQ CPMG'                   800.000000000           933.333300   17.933184541900175   17.274334013008652    0.198940780845667
'SQ CPMG'                   800.000000000          1000.000000   16.887123324399184   16.343910892283709    0.194375785336141
