# Parameter description:  Approximate chemical exchange rate constant between sites A and B (rad.s^-1).
#
# mol_name    res_num    res_name    spin_num    spin_name    value                   error    
None          1          GLY         None        N                5315.47412008485    None     
None          2          GLY         None        N                2.80909085017813    None     
None          3          GLY         None        N                5805.40873323686    None     
None          4          GLY         None        N                2982.64383153918    None     
None          5          GLY         None        N                3198.87542232519    None     
None          6          GLY         None        N            0.000103461310675277    None     
None          7          GLY         None        N                4369.26795502104    None     
None          8          GLY         None        N                2080.02848617021    None     
None          9          GLY         None        N            None                    None     
None          10         GLY         None        N                1887.19621700586    None     
None          11         GLY         None        N                1410.34282300707    None     
None          12         GLY         None        N                1820.60955785501    None     
None          13         GLY         None        N                586.083968403284    None     
None          14         GLY         None        N                1717.33207186504    None     
None          15         GLY         None        N                8974.42462380404    None     
None          16         GLY         None        N               0.591984902436154    None     
None          17         GLY         None        N                210.702770887447    None     
None          18         GLY         None        N                1435.60311768049    None     
None          19         GLY         None        N                704.825764592759    None     
None          20         GLY         None        N                1523.58941063499    None     
None          21         GLY         None        N                2320.93515545121    None     
None          22         GLY         None        N                0.33567117437247    None     
None          23         GLY         None        N                1909.01545651134    None     
None          24         GLY         None        N                616.932199697357    None     
None          25         GLY         None        N                1323.41258147589    None     
None          26         GLY         None        N                 2588.1317040881    None     
None          27         GLY         None        N            None                    None     
None          28         GLY         None        N            None                    None     
None          29         GLY         None        N               0.472102890622735    None     
None          30         GLY         None        N            None                    None     
None          31         GLY         None        N                1926.79424372757    None     
None          32         GLY         None        N                2689.61668448049    None     
None          33         GLY         None        N                256.514933114863    None     
None          34         GLY         None        N                1905.96383786677    None     
None          35         GLY         None        N                 326.58583559646    None     
None          36         GLY         None        N                666.556708319958    None     
None          37         GLY         None        N               0.204733297016067    None     
None          38         GLY         None        N                38116.7572786067    None     
None          39         GLY         None        N                1218.34779191807    None     
None          40         GLY         None        N                329.476914117535    None     
None          41         GLY         None        N                2296.78384284282    None     
None          42         GLY         None        N                2057.10368026884    None     
None          43         GLY         None        N                39141.7126846887    None     
None          44         GLY         None        N                462.224842569778    None     
None          45         GLY         None        N                941.804958404858    None     
None          46         GLY         None        N                1.24600545798666    None     
None          47         GLY         None        N                0.89983562961889    None     
None          48         GLY         None        N                2359.28528425943    None     
None          49         GLY         None        N                1843.75059908258    None     
None          50         GLY         None        N                84.3850132470676    None     
None          51         GLY         None        N                1204.88966961754    None     
None          52         GLY         None        N                3440.10039921741    None     
None          53         GLY         None        N                1913.20968763116    None     
None          54         GLY         None        N            None                    None     
None          55         GLY         None        N                25057.8075914953    None     
None          56         GLY         None        N               0.425698313497073    None     
None          57         GLY         None        N                279.448010714023    None     
None          58         GLY         None        N                1306.75316785216    None     
None          59         GLY         None        N                2136.80505822728    None     
None          60         GLY         None        N                1703.58173961362    None     
None          61         GLY         None        N                  3635.308477275    None     
None          62         GLY         None        N                1566.30701151947    None     
None          63         GLY         None        N                2109.43307942216    None     
None          64         GLY         None        N                2671.17373189523    None     
None          65         GLY         None        N                2021.50297384983    None     
None          66         GLY         None        N                1715.95127960284    None     
None          67         GLY         None        N                 7156.8793806627    None     
None          68         GLY         None        N            None                    None     
None          69         GLY         None        N            None                    None     
None          70         GLY         None        N                4414.50605726699    None     
None          71         GLY         None        N                716.514068843604    None     
None          72         GLY         None        N                5054.49594218031    None     
None          73         GLY         None        N             1.6575548622117e-06    None     
