# Parameter description:  Approximate chemical exchange rate constant between sites A and C (rad.s^-1).
#
# mol_name    res_num    res_name    spin_num    spin_name    value                   error    
None          1          GLY         None        N                5315.47426950157    None     
None          2          GLY         None        N                7277.97245190183    None     
None          3          GLY         None        N                 5805.4099087587    None     
None          4          GLY         None        N                2982.64387776698    None     
None          5          GLY         None        N                3198.87534408963    None     
None          6          GLY         None        N            0.000655693672906273    None     
None          7          GLY         None        N             0.00667581825401407    None     
None          8          GLY         None        N                2080.02850754631    None     
None          9          GLY         None        N            None                    None     
None          10         GLY         None        N                1887.19622406689    None     
None          11         GLY         None        N               0.921090052115986    None     
None          12         GLY         None        N                1820.60945839134    None     
None          13         GLY         None        N                586.084058321521    None     
None          14         GLY         None        N                1717.33284234434    None     
None          15         GLY         None        N                1200.16846835215    None     
None          16         GLY         None        N                0.55181668907141    None     
None          17         GLY         None        N                210.702731673716    None     
None          18         GLY         None        N                1435.60296331493    None     
None          19         GLY         None        N                704.825739685296    None     
None          20         GLY         None        N                1523.58943132386    None     
None          21         GLY         None        N                36603.5579304495    None     
None          22         GLY         None        N               0.379045815276095    None     
None          23         GLY         None        N                1909.01547526494    None     
None          24         GLY         None        N                35297.8296837715    None     
None          25         GLY         None        N                1323.41277906911    None     
None          26         GLY         None        N                1505567.08772518    None     
None          27         GLY         None        N            None                    None     
None          28         GLY         None        N            None                    None     
None          29         GLY         None        N                0.27971231656316    None     
None          30         GLY         None        N            None                    None     
None          31         GLY         None        N                1926.79370863786    None     
None          32         GLY         None        N                2689.60757007123    None     
None          33         GLY         None        N                2880.43068711137    None     
None          34         GLY         None        N                1905.96363250866    None     
None          35         GLY         None        N                34868.2130046805    None     
None          36         GLY         None        N                666.556589864311    None     
None          37         GLY         None        N               0.157395987031535    None     
None          38         GLY         None        N                1687.79367633774    None     
None          39         GLY         None        N                2770.58256176997    None     
None          40         GLY         None        N                329.476961623771    None     
None          41         GLY         None        N                2296.78394646427    None     
None          42         GLY         None        N               0.854240886918449    None     
None          43         GLY         None        N                778.644934056451    None     
None          44         GLY         None        N                462.224849701319    None     
None          45         GLY         None        N                 10891.455305809    None     
None          46         GLY         None        N                1905.13424759858    None     
None          47         GLY         None        N                1902.54937761353    None     
None          48         GLY         None        N                1.24056887982763    None     
None          49         GLY         None        N                1843.75069752484    None     
None          50         GLY         None        N             0.00244069096245696    None     
None          51         GLY         None        N                1204.88965106946    None     
None          52         GLY         None        N                3440.10018030287    None     
None          53         GLY         None        N                1.43300214454455    None     
None          54         GLY         None        N            None                    None     
None          55         GLY         None        N                2354.87166194377    None     
None          56         GLY         None        N               0.404153907141091    None     
None          57         GLY         None        N                279.447959805723    None     
None          58         GLY         None        N                 1306.7519142392    None     
None          59         GLY         None        N                2136.80645041069    None     
None          60         GLY         None        N                36962.7663095409    None     
None          61         GLY         None        N                3635.30822036612    None     
None          62         GLY         None        N                1566.30707019185    None     
None          63         GLY         None        N                2109.43310089334    None     
None          64         GLY         None        N                2671.17355948064    None     
None          65         GLY         None        N                2021.50286096706    None     
None          66         GLY         None        N                1995615.60113635    None     
None          67         GLY         None        N                7156.87277919621    None     
None          68         GLY         None        N            None                    None     
None          69         GLY         None        N            None                    None     
None          70         GLY         None        N                 4414.5061603031    None     
None          71         GLY         None        N                 2921.2749624988    None     
None          72         GLY         None        N                5054.49550228858    None     
None          73         GLY         None        N            1.63482830577052e-06    None     
