# Parameter description:  The fast exchange factor between sites A and C (ppm^2).
#
# mol_name    res_num    res_name    spin_num    spin_name    value                   error    
None          1          GLY         None        N               0.475985942134575    None     
None          2          GLY         None        N               0.038581551916906    None     
None          3          GLY         None        N             0.00400648576811334    None     
None          4          GLY         None        N            0.000654796310914825    None     
None          5          GLY         None        N               0.120013174356226    None     
None          6          GLY         None        N            1.45891995519564e-06    None     
None          7          GLY         None        N            1.12828685519028e-12    None     
None          8          GLY         None        N            0.000477204307362501    None     
None          9          GLY         None        N            None                    None     
None          10         GLY         None        N             0.00468089556238735    None     
None          11         GLY         None        N              0.0995670651909654    None     
None          12         GLY         None        N             0.00682912412907702    None     
None          13         GLY         None        N            3.35763294664438e-05    None     
None          14         GLY         None        N               0.010511907901469    None     
None          15         GLY         None        N              0.0021755656725163    None     
None          16         GLY         None        N              0.0279216741042596    None     
None          17         GLY         None        N            0.000287883311271912    None     
None          18         GLY         None        N             0.00223947165153256    None     
None          19         GLY         None        N            0.000470599283518298    None     
None          20         GLY         None        N              0.0035260693658626    None     
None          21         GLY         None        N               0.164988042504681    None     
None          22         GLY         None        N               0.156201094712567    None     
None          23         GLY         None        N             0.00838948056122408    None     
None          24         GLY         None        N                0.59921108639962    None     
None          25         GLY         None        N             0.00372036078604251    None     
None          26         GLY         None        N            6.99874428631577e-11    None     
None          27         GLY         None        N            None                    None     
None          28         GLY         None        N            None                    None     
None          29         GLY         None        N               0.639760372934733    None     
None          30         GLY         None        N            None                    None     
None          31         GLY         None        N             0.00558648206839501    None     
None          32         GLY         None        N              0.0798859834141887    None     
None          33         GLY         None        N             0.00684963056277087    None     
None          34         GLY         None        N              0.0170594668936847    None     
None          35         GLY         None        N               0.415687508842739    None     
None          36         GLY         None        N            8.30057638229905e-05    None     
None          37         GLY         None        N               0.166486567017781    None     
None          38         GLY         None        N             0.00601527314651317    None     
None          39         GLY         None        N              0.0499764618516791    None     
None          40         GLY         None        N            0.000177804280429561    None     
None          41         GLY         None        N            0.000639727965149929    None     
None          42         GLY         None        N                0.22621212884047    None     
None          43         GLY         None        N            0.000269870681549271    None     
None          44         GLY         None        N            7.70789613386048e-05    None     
None          45         GLY         None        N              0.0590224582483476    None     
None          46         GLY         None        N              0.0170039130303204    None     
None          47         GLY         None        N              0.0114936805826299    None     
None          48         GLY         None        N               0.314186659466931    None     
None          49         GLY         None        N             0.00372941386072424    None     
None          50         GLY         None        N            0.000782930725709817    None     
None          51         GLY         None        N            0.000671439596230448    None     
None          52         GLY         None        N              0.0182743585293267    None     
None          53         GLY         None        N               0.161489707514229    None     
None          54         GLY         None        N            None                    None     
None          55         GLY         None        N              0.0889885526274137    None     
None          56         GLY         None        N              0.0823405805448097    None     
None          57         GLY         None        N            0.000954634042581304    None     
None          58         GLY         None        N             0.00604385512228774    None     
None          59         GLY         None        N              0.0237695353703287    None     
None          60         GLY         None        N               0.776457716396687    None     
None          61         GLY         None        N               0.147614374385074    None     
None          62         GLY         None        N             0.00718892153731236    None     
None          63         GLY         None        N              0.0245194233602679    None     
None          64         GLY         None        N                0.13762032358167    None     
None          65         GLY         None        N              0.0212152476403683    None     
None          66         GLY         None        N            1.35489838374908e-10    None     
None          67         GLY         None        N             0.00104875181595531    None     
None          68         GLY         None        N            None                    None     
None          69         GLY         None        N            None                    None     
None          70         GLY         None        N               0.259669892111564    None     
None          71         GLY         None        N              0.0567427815088439    None     
None          72         GLY         None        N              0.0431112678291753    None     
None          73         GLY         None        N                59283.7156105945    None     
