# Parameter description:  The fast exchange factor between sites A and B (ppm^2).
#
# mol_name    res_num    res_name    spin_num    spin_name    value                   error    
None          1          GLY         None        N               0.220152546013273    None     
None          2          GLY         None        N              0.0458865775954128    None     
None          3          GLY         None        N              0.0142572155986083    None     
None          4          GLY         None        N            0.000611946274136475    None     
None          5          GLY         None        N               0.108475447108303    None     
None          6          GLY         None        N            1.00968229572979e-05    None     
None          7          GLY         None        N            9.01283563488764e-17    None     
None          8          GLY         None        N              0.0287832290019627    None     
None          9          GLY         None        N            None                    None     
None          10         GLY         None        N            0.000908484151640078    None     
None          11         GLY         None        N             0.00147328525423152    None     
None          12         GLY         None        N             0.00683159591727293    None     
None          13         GLY         None        N            3.37612814720637e-05    None     
None          14         GLY         None        N             6.5796902001105e-05    None     
None          15         GLY         None        N              0.0233266383715488    None     
None          16         GLY         None        N              0.0260569516985243    None     
None          17         GLY         None        N            0.000287753791127166    None     
None          18         GLY         None        N             0.00224811776737177    None     
None          19         GLY         None        N            0.000469561598806856    None     
None          20         GLY         None        N             0.00362751981554922    None     
None          21         GLY         None        N              0.0542713809362173    None     
None          22         GLY         None        N               0.609157792805933    None     
None          23         GLY         None        N             0.00838039155721009    None     
None          24         GLY         None        N            0.000468041993886129    None     
None          25         GLY         None        N            0.000352878624689044    None     
None          26         GLY         None        N               0.109255905092552    None     
None          27         GLY         None        N            None                    None     
None          28         GLY         None        N            None                    None     
None          29         GLY         None        N              0.0327640166327677    None     
None          30         GLY         None        N            None                    None     
None          31         GLY         None        N              0.0197901139940171    None     
None          32         GLY         None        N            4.52301996995977e-06    None     
None          33         GLY         None        N             0.00127090101240938    None     
None          34         GLY         None        N             0.00121425608690057    None     
None          35         GLY         None        N              0.0012002790982404    None     
None          36         GLY         None        N             8.2881605287677e-05    None     
None          37         GLY         None        N               0.560390711590563    None     
None          38         GLY         None        N               0.875453713542237    None     
None          39         GLY         None        N             0.00351962279071991    None     
None          40         GLY         None        N            0.000177671836503154    None     
None          41         GLY         None        N             0.00786580598499419    None     
None          42         GLY         None        N              0.0113056891354316    None     
None          43         GLY         None        N               0.121537357644512    None     
None          44         GLY         None        N            0.000287668867231572    None     
None          45         GLY         None        N              0.0015182800889979    None     
None          46         GLY         None        N               0.187182573921659    None     
None          47         GLY         None        N               0.165928703638324    None     
None          48         GLY         None        N             0.00941756392766794    None     
None          49         GLY         None        N             0.00372894757548332    None     
None          50         GLY         None        N             0.00252349372192493    None     
None          51         GLY         None        N             0.00703682394845084    None     
None          52         GLY         None        N               0.243129336696081    None     
None          53         GLY         None        N              0.0273447617040727    None     
None          54         GLY         None        N            None                    None     
None          55         GLY         None        N               0.764566319578679    None     
None          56         GLY         None        N               0.335002127243715    None     
None          57         GLY         None        N            0.000957404427480584    None     
None          58         GLY         None        N            1.36479914310689e-05    None     
None          59         GLY         None        N             1.6799830171307e-05    None     
None          60         GLY         None        N              0.0206026064464576    None     
None          61         GLY         None        N              0.0644103796767661    None     
None          62         GLY         None        N             0.00418275906097947    None     
None          63         GLY         None        N              0.0246521210807929    None     
None          64         GLY         None        N            0.000641839647227692    None     
None          65         GLY         None        N              0.0130522861216002    None     
None          66         GLY         None        N              0.0123699860229371    None     
None          67         GLY         None        N               0.883481712541613    None     
None          68         GLY         None        N            None                    None     
None          69         GLY         None        N            None                    None     
None          70         GLY         None        N              0.0361621494877812    None     
None          71         GLY         None        N            0.000950342273276422    None     
None          72         GLY         None        N               0.545705612505204    None     
None          73         GLY         None        N                66782.9709130378    None     
