# Parameter description:  The transversal relaxation rate.
#
# mol_name    res_num    res_name    spin_num    spin_name    SQ_CPMG_-_500.00000000_MHz    sd(SQ_CPMG_-_500.00000000_MHz)    SQ_CPMG_-_800.00000000_MHz    sd(SQ_CPMG_-_800.00000000_MHz)    
None          1          GLY         None        N                4.79103114793863          None                              1.76174516294633e-12          None                              
None          2          GLY         None        N                 3.7327037994432          None                                  3.58086136383823          None                              
None          3          GLY         None        N                4.67099955072704          None                                  4.19858017539597          None                              
None          4          GLY         None        N                1.58361341056011          None                                  1.59094368636686          None                              
None          5          GLY         None        N                4.72537209982346          None                                  4.37018856896214          None                              
None          6          GLY         None        N                1.68378702879306          None                                 0.938429768818997          None                              
None          7          GLY         None        N               0.993594549893613          None                                  1.17650394648209          None                              
None          8          GLY         None        N                5.63992344949232          None                                  6.99829746082054          None                              
None          9          GLY         None        N            None                          None                              None                          None                              
None          10         GLY         None        N                6.03161810414682          None                                  7.34304937076656          None                              
None          11         GLY         None        N                3.00409132597382          None                                  3.12496600013525          None                              
None          12         GLY         None        N                4.66489157646904          None                                  5.70421608682468          None                              
None          13         GLY         None        N               0.620323996997664          None                                 0.155757835419262          None                              
None          14         GLY         None        N                 6.0623660852683          None                                  7.33493488886857          None                              
None          15         GLY         None        N                5.68018118358863          None                                  6.09387701257903          None                              
None          16         GLY         None        N                3.13077293123021          None                                  3.42470427965526          None                              
None          17         GLY         None        N                6.23183031791852          None                                  7.02205799650978          None                              
None          18         GLY         None        N                5.86440457277743          None                                  6.90704151990658          None                              
None          19         GLY         None        N                5.63910444562624          None                                  6.61106741845743          None                              
None          20         GLY         None        N                 6.0660804827616          None                                  6.89368035286398          None                              
None          21         GLY         None        N                6.19189868590104          None                                  6.81708039179894          None                              
None          22         GLY         None        N                6.12922026288333          None                                  7.13622877490246          None                              
None          23         GLY         None        N                6.41640643611655          None                                  7.50278853788696          None                              
None          24         GLY         None        N                4.08936676862197          None                                  3.27557572274848          None                              
None          25         GLY         None        N                5.41407699194979          None                                  7.32752634410297          None                              
None          26         GLY         None        N                6.74525721702296          None                                  7.36772049885126          None                              
None          27         GLY         None        N            None                          None                              None                          None                              
None          28         GLY         None        N            None                          None                              None                          None                              
None          29         GLY         None        N                 5.9960482039604          None                                  6.93148956689423          None                              
None          30         GLY         None        N            None                          None                              None                          None                              
None          31         GLY         None        N                5.97005224553872          None                                  6.84151616206273          None                              
None          32         GLY         None        N                5.29002582591688          None                                  6.11811805824615          None                              
None          33         GLY         None        N                6.51682284292256          None                                  8.12551395364722          None                              
None          34         GLY         None        N                6.31515475540731          None                                  7.35522674483973          None                              
None          35         GLY         None        N                4.69887956551678          None                                  4.09572121333694          None                              
None          36         GLY         None        N                 4.6998605651079          None                                  5.99382520554016          None                              
None          37         GLY         None        N                 6.2837347772745          None                                  7.11211382939769          None                              
None          38         GLY         None        N                3.96721761526773          None                                  2.09251621355623          None                              
None          39         GLY         None        N                6.49587684427061          None                                  8.04673393260872          None                              
None          40         GLY         None        N                6.61000685550422          None                                  7.84379395292345          None                              
None          41         GLY         None        N                6.41841780533063          None                                   7.5678477007986          None                              
None          42         GLY         None        N                 5.8447436236787          None                                  6.96855889431776          None                              
None          43         GLY         None        N                5.96943249516274          None                                  6.64797722708221          None                              
None          44         GLY         None        N                6.49442381738693          None                                  7.46140705148198          None                              
None          45         GLY         None        N                6.02440235134489          None                                  6.23571472534042          None                              
None          46         GLY         None        N                6.14844888870253          None                                  7.03511163354402          None                              
None          47         GLY         None        N                6.15593507663775          None                                  7.13933804367804          None                              
None          48         GLY         None        N                6.14229927355746          None                                  6.99353723865182          None                              
None          49         GLY         None        N                2.94060816779016          None                                  3.47953086152793          None                              
None          50         GLY         None        N                5.92378414932075          None                                  7.63761109578106          None                              
None          51         GLY         None        N                6.35872494904262          None                                  7.58936389225411          None                              
None          52         GLY         None        N                6.29108889462759          None                                  5.89171486995094          None                              
None          53         GLY         None        N                5.80350314831986          None                                  6.94488827322176          None                              
None          54         GLY         None        N            None                          None                              None                          None                              
None          55         GLY         None        N                3.69975716207334          None                                  1.04248459764567          None                              
None          56         GLY         None        N                5.02004113922522          None                                  5.91478050767227          None                              
None          57         GLY         None        N                5.26229103517542          None                                  6.24549394746712          None                              
None          58         GLY         None        N                5.37215250888822          None                                  6.71600546799607          None                              
None          59         GLY         None        N                 6.0540147323607          None                                    7.527837902446          None                              
None          60         GLY         None        N                4.03169947953834          None                                  2.17483981947629          None                              
None          61         GLY         None        N                6.65327578907387          None                                  7.76195577638557          None                              
None          62         GLY         None        N                4.24396899974497          None                                  4.75590707366528          None                              
None          63         GLY         None        N                6.01898123478883          None                                  7.03009158314645          None                              
None          64         GLY         None        N                6.64651760365082          None                                  7.14530901605341          None                              
None          65         GLY         None        N                6.24794350203868          None                                  7.05341360797132          None                              
None          66         GLY         None        N                3.43583996731262          None                                  3.99004221932042          None                              
None          67         GLY         None        N                6.59514907838308          None                                  1.20748054054941          None                              
None          68         GLY         None        N            None                          None                              None                          None                              
None          69         GLY         None        N            None                          None                              None                          None                              
None          70         GLY         None        N                6.85129156684035          None                                  6.85605481328178          None                              
None          71         GLY         None        N                4.98277681594078          None                                   6.7697647571313          None                              
None          72         GLY         None        N                4.94693367629681          None                                 0.367443620246998          None                              
None          73         GLY         None        N                4.28855063295626          None                                 0.380736776341679          None                              
