# Parameter description:  The initial intensity.
#
# mol_name            res_num    res_name    spin_num    spin_name    value                   error                   
Ap4Aase_new_3_mol1    1          GLY         1           N            None                    None                    
Ap4Aase_new_3_mol1    2          PRO         11          N            None                    None                    
Ap4Aase_new_3_mol1    3          LEU         28          N            None                    None                    
Ap4Aase_new_3_mol1    4          GLY         51          N                478140.055289506        1928.08202975111    
Ap4Aase_new_3_mol1    5          SER         59          N                555156.454462931        1946.11951932472    
Ap4Aase_new_3_mol1    6          MET         71          N                428508.882219018        2000.61252256803    
Ap4Aase_new_3_mol1    7          ASP         91          N                351552.593453994        2158.38192915841    
Ap4Aase_new_3_mol1    8          SER         104         N                477505.722547612         2406.1612307953    
Ap4Aase_new_3_mol1    9          PRO         116         N            None                    None                    
Ap4Aase_new_3_mol1    10         PRO         133         N            None                    None                    
Ap4Aase_new_3_mol1    11         GLU         150         N            None                    None                    
Ap4Aase_new_3_mol1    12         GLY         167         N                221018.434361271        2418.86039074571    
Ap4Aase_new_3_mol1    13         TYR         175         N                301969.401042101        2957.96178342975    
Ap4Aase_new_3_mol1    14         ARG         200         N                211425.869810978        2657.85970508714    
Ap4Aase_new_3_mol1    15         ARG         229         N                200654.850854813        2708.91879912522    
Ap4Aase_new_3_mol1    16         ASN         258         N                149337.144589384        2756.09249621448    
Ap4Aase_new_3_mol1    17         VAL         274         N                235569.526488657         2843.2317043998    
Ap4Aase_new_3_mol1    18         GLY         293         N            None                    None                    
Ap4Aase_new_3_mol1    19         ILE         301         N            None                    None                    
Ap4Aase_new_3_mol1    20         CYS         323         N                284762.708547362        2539.14235432452    
Ap4Aase_new_3_mol1    21         LEU         335         N                161654.229166989         2618.2176707077    
Ap4Aase_new_3_mol1    22         MET         358         N                311323.626110837        2751.86991049906    
Ap4Aase_new_3_mol1    23         ASN         378         N            None                    None                    
Ap4Aase_new_3_mol1    24         ASN         394         N                376613.504219597         2524.7876407943    
Ap4Aase_new_3_mol1    25         ASP         410         N                550893.579276004        2437.55171866772    
Ap4Aase_new_3_mol1    26         LYS         423         N                421744.408179067        2496.42088662723    
Ap4Aase_new_3_mol1    27         LYS         450         N                 484099.94119888          2510.374038613    
Ap4Aase_new_3_mol1    28         ILE         477         N                271886.703384327        2752.12334856954    
Ap4Aase_new_3_mol1    29         PHE         499         N                225131.873067993         2692.6676054922    
Ap4Aase_new_3_mol1    30         ALA         523         N                 344286.32229031        2881.01387210464    
Ap4Aase_new_3_mol1    31         ALA         534         N            None                    None                    
Ap4Aase_new_3_mol1    32         SER         545         N                310939.930105515         2818.8535596208    
Ap4Aase_new_3_mol1    33         ARG         557         N                239387.242838852        2530.19590972618    
Ap4Aase_new_3_mol1    34         LEU         586         N                227184.951269731         2863.3695559504    
Ap4Aase_new_3_mol1    35         ASP         609         N                186678.307664946        2846.10651293557    
Ap4Aase_new_3_mol1    36         ILE         622         N                356498.315360659        2985.42101541455    
Ap4Aase_new_3_mol1    37         PRO         644         N            None                    None                    
Ap4Aase_new_3_mol1    38         ASP         661         N                382232.878127295        2846.84254773834    
Ap4Aase_new_3_mol1    39         ALA         674         N                452535.265248271        2586.39347730829    
Ap4Aase_new_3_mol1    40         TRP         685         N                257648.453371634        2406.49574600769    
Ap4Aase_new_3_mol1    40         TRP         698         NE1              957812.684455657        2200.28935208294    
Ap4Aase_new_3_mol1    41         GLN         710         N                 293803.05531229        2734.67973791882    
Ap4Aase_new_3_mol1    42         MET         730         N            None                    None                    
Ap4Aase_new_3_mol1    43         PRO         750         N            None                    None                    
Ap4Aase_new_3_mol1    44         GLN         767         N            None                    None                    
Ap4Aase_new_3_mol1    45         GLY         787         N                228805.660923811        3163.79797817069    
Ap4Aase_new_3_mol1    46         GLY         795         N                273253.699161964        2524.59215480444    
Ap4Aase_new_3_mol1    47         ILE         803         N                255603.446441594        2544.92164884444    
Ap4Aase_new_3_mol1    48         ASP         825         N                294603.847358148        2614.74393776691    
Ap4Aase_new_3_mol1    49         GLU         838         N                651966.342817554        2495.80723357973    
Ap4Aase_new_3_mol1    50         GLY         855         N                283027.796188158        2308.70834421593    
Ap4Aase_new_3_mol1    51         GLU         863         N                637885.605323214        2612.71472968083    
Ap4Aase_new_3_mol1    52         ASP         880         N                483255.687641268        2378.64746697727    
Ap4Aase_new_3_mol1    53         PRO         893         N            None                    None                    
Ap4Aase_new_3_mol1    54         ARG         910         N            None                    None                    
Ap4Aase_new_3_mol1    55         ASN         939         N                398619.314784548        2614.04011622117    
Ap4Aase_new_3_mol1    56         ALA         955         N                418224.926756698        2636.14341078148    
Ap4Aase_new_3_mol1    57         ALA         966         N                 538791.62429024         2570.8096007918    
Ap4Aase_new_3_mol1    58         ILE         977         N                271596.312464345         2776.6929098362    
Ap4Aase_new_3_mol1    59         ARG         999         N                342933.002720927        2827.57013612663    
Ap4Aase_new_3_mol1    60         GLU         1028        N                265318.825845849        2804.01888073371    
Ap4Aase_new_3_mol1    61         LEU         1045        N                374104.900017334        2757.15981768462    
Ap4Aase_new_3_mol1    62         ARG         1068        N                324219.553294889        2816.58088465622    
Ap4Aase_new_3_mol1    63         GLU         1097        N                 302005.99525081        2812.60949344678    
Ap4Aase_new_3_mol1    64         GLU         1114        N                284407.209453995        2603.63283173668    
Ap4Aase_new_3_mol1    65         THR         1131        N                200825.159549072        2801.95836944197    
Ap4Aase_new_3_mol1    66         GLY         1146        N            None                    None                    
Ap4Aase_new_3_mol1    67         VAL         1154        N                335271.341330231        2680.92066141139    
Ap4Aase_new_3_mol1    68         THR         1173        N                147396.990062968        2662.58184657008    
Ap4Aase_new_3_mol1    69         SER         1188        N                188461.999396423        2462.84936244321    
Ap4Aase_new_3_mol1    70         ALA         1200        N                631508.388565381        2452.22259980272    
Ap4Aase_new_3_mol1    71         GLU         1211        N                438335.049693261        2509.23881638811    
Ap4Aase_new_3_mol1    72         VAL         1228        N                615952.494554643        2350.89940153198    
Ap4Aase_new_3_mol1    73         ILE         1247        N                216121.644062751        2544.35234186629    
Ap4Aase_new_3_mol1    74         ALA         1269        N                462609.884343476        2557.86826701636    
Ap4Aase_new_3_mol1    75         GLU         1280        N                509798.708564382         2735.4666685087    
Ap4Aase_new_3_mol1    76         VAL         1297        N                299286.050572661        2372.93734439003    
Ap4Aase_new_3_mol1    77         PRO         1316        N            None                    None                    
Ap4Aase_new_3_mol1    78         TYR         1333        N                589642.443382504        2204.61208047706    
Ap4Aase_new_3_mol1    79         TRP         1358        N                212210.809278999        2758.50081261319    
Ap4Aase_new_3_mol1    79         TRP         1371        NE1              432620.980101469        2355.17967379468    
Ap4Aase_new_3_mol1    80         LEU         1383        N                187472.841330719        2498.76234672466    
Ap4Aase_new_3_mol1    81         THR         1406        N                290242.764102324        2416.61897959023    
Ap4Aase_new_3_mol1    82         TYR         1421        N            None                    None                    
Ap4Aase_new_3_mol1    83         ASP         1446        N                 238568.16391045        3135.99590578826    
Ap4Aase_new_3_mol1    84         PHE         1459        N                193130.830877236        2729.56907460492    
Ap4Aase_new_3_mol1    85         PRO         1483        N            None                    None                    
Ap4Aase_new_3_mol1    86         PRO         1500        N            None                    None                    
Ap4Aase_new_3_mol1    87         LYS         1517        N                124153.323055737        3118.39225757848    
Ap4Aase_new_3_mol1    88         VAL         1544        N                187935.755974081        2539.37302846217    
Ap4Aase_new_3_mol1    89         ARG         1563        N                285174.342160817        2747.56555831228    
Ap4Aase_new_3_mol1    90         GLU         1592        N                298541.710256452        3145.31147814443    
Ap4Aase_new_3_mol1    91         LYS         1609        N                257829.957115631        2718.85422950837    
Ap4Aase_new_3_mol1    92         LEU         1636        N            None                    None                    
Ap4Aase_new_3_mol1    93         ASN         1659        N                 386472.13984289        2644.51056277856    
Ap4Aase_new_3_mol1    94         ILE         1675        N            None                    None                    
Ap4Aase_new_3_mol1    95         GLN         1697        N                69361.9514003828        4659.19018047719    
Ap4Aase_new_3_mol1    96         TRP         1717        N            None                    None                    
Ap4Aase_new_3_mol1    96         TRP         1730        NE1              597952.941163205        2157.11645668211    
Ap4Aase_new_3_mol1    97         GLY         1742        N                182831.754438519        2314.18554710329    
Ap4Aase_new_3_mol1    98         SER         1750        N                 147259.36288611        2845.30020061173    
Ap4Aase_new_3_mol1    99         ASP         1762        N            None                    None                    
Ap4Aase_new_3_mol1    100        TRP         1775        N                69861.8819878152        4737.86710381033    
Ap4Aase_new_3_mol1    100        TRP         1788        NE1              538572.007589048         2180.7770867467    
Ap4Aase_new_3_mol1    101        LYS         1800        N            None                    None                    
Ap4Aase_new_3_mol1    102        GLY         1827        N                171462.464463941        2816.23627451586    
Ap4Aase_new_3_mol1    103        GLN         1835        N                206496.162244813        2646.45416049318    
Ap4Aase_new_3_mol1    104        ALA         1855        N                202182.929049903        2693.15854680984    
Ap4Aase_new_3_mol1    105        GLN         1866        N                202980.609395036        2492.90784194713    
Ap4Aase_new_3_mol1    106        LYS         1886        N                 194661.12443526        2731.65347288109    
Ap4Aase_new_3_mol1    107        TRP         1913        N                149205.933521698         2401.7841031053    
Ap4Aase_new_3_mol1    107        TRP         1926        NE1               211791.70389495        2556.39273107477    
Ap4Aase_new_3_mol1    108        PHE         1938        N                263332.686997946        2594.08462839468    
Ap4Aase_new_3_mol1    109        LEU         1962        N                311576.569236648        2473.20065426651    
Ap4Aase_new_3_mol1    110        PHE         1985        N                253230.677831888        2626.65108863259    
Ap4Aase_new_3_mol1    111        LYS         2009        N                352145.487363263        2527.35095219527    
Ap4Aase_new_3_mol1    112        PHE         2036        N                300861.156166559        2362.90647605895    
Ap4Aase_new_3_mol1    113        THR         2060        N                290518.802951281        2834.20683633786    
Ap4Aase_new_3_mol1    114        GLY         2075        N                 224893.34915114        2801.21237185056    
Ap4Aase_new_3_mol1    115        GLN         2083        N                494288.737102353        2620.29686137579    
Ap4Aase_new_3_mol1    116        ASP         2103        N                545203.915843774        2541.74389507835    
Ap4Aase_new_3_mol1    117        GLN         2116        N                672246.800825276        2747.53792245962    
Ap4Aase_new_3_mol1    118        GLU         2136        N                541542.392018485        2776.25013910523    
Ap4Aase_new_3_mol1    119        ILE         2153        N                453847.556114101        2704.14897999781    
Ap4Aase_new_3_mol1    120        ASN         2175        N                360205.297238051        2546.66054825581    
Ap4Aase_new_3_mol1    121        LEU         2191        N                343935.386360561        2473.72050883201    
Ap4Aase_new_3_mol1    122        LEU         2214        N                515966.270013928        2743.83922039187    
Ap4Aase_new_3_mol1    123        GLY         2237        N                628907.301333485        2187.19383439322    
Ap4Aase_new_3_mol1    124        ASP         2245        N            None                    None                    
Ap4Aase_new_3_mol1    125        GLY         2258        N                662645.897788822        2250.28385132872    
Ap4Aase_new_3_mol1    126        SER         2266        N            None                    None                    
Ap4Aase_new_3_mol1    127        GLU         2278        N                 811978.34277171        2232.78940062415    
Ap4Aase_new_3_mol1    128        LYS         2295        N                 728169.06210011        2225.19761911468    
Ap4Aase_new_3_mol1    129        PRO         2322        N            None                    None                    
Ap4Aase_new_3_mol1    130        GLU         2339        N                336786.418447984        2553.71767635471    
Ap4Aase_new_3_mol1    131        PHE         2356        N                304273.238665706        2541.73155585733    
Ap4Aase_new_3_mol1    132        GLY         2380        N                215188.249730437        2705.35730576605    
Ap4Aase_new_3_mol1    133        GLU         2388        N                425713.426547102        2641.00770575065    
Ap4Aase_new_3_mol1    134        TRP         2405        N                541879.610238424        2659.87080112894    
Ap4Aase_new_3_mol1    134        TRP         2418        NE1              815606.175581314        2438.99438061169    
Ap4Aase_new_3_mol1    135        SER         2430        N                373892.804939511        2680.45582799795    
Ap4Aase_new_3_mol1    136        TRP         2442        N                533629.770179438        2517.25570437381    
Ap4Aase_new_3_mol1    136        TRP         2455        NE1              537729.735174906        2444.12783870257    
Ap4Aase_new_3_mol1    137        VAL         2467        N                 280244.53356588        2530.50913150586    
Ap4Aase_new_3_mol1    138        THR         2486        N                412246.077319742        2553.30438868301    
Ap4Aase_new_3_mol1    139        PRO         2501        N            None                    None                    
Ap4Aase_new_3_mol1    140        GLU         2518        N                531441.350499227        2540.97021635864    
Ap4Aase_new_3_mol1    141        GLN         2535        N            None                    None                    
Ap4Aase_new_3_mol1    142        LEU         2555        N                394193.356680712        2694.03516297428    
Ap4Aase_new_3_mol1    143        ILE         2578        N                337401.869897733        2748.43873784323    
Ap4Aase_new_3_mol1    144        ASP         2600        N                452567.504323945         2763.3219624834    
Ap4Aase_new_3_mol1    145        LEU         2613        N            None                    None                    
Ap4Aase_new_3_mol1    146        THR         2636        N                391077.168870844        2551.35867610896    
Ap4Aase_new_3_mol1    147        VAL         2651        N            None                    None                    
Ap4Aase_new_3_mol1    148        GLU         2670        N                329018.875240632        2517.49793304989    
Ap4Aase_new_3_mol1    149        PHE         2687        N                163359.580186003        2861.63543434179    
Ap4Aase_new_3_mol1    150        LYS         2711        N                191354.830523368        3373.15145690765    
Ap4Aase_new_3_mol1    151        LYS         2738        N                266190.023527398        2646.79478150553    
Ap4Aase_new_3_mol1    152        PRO         2765        N            None                    None                    
Ap4Aase_new_3_mol1    153        VAL         2782        N                262332.462454786        2550.86050685057    
Ap4Aase_new_3_mol1    154        TYR         2801        N                216270.618880856        2768.94415954823    
Ap4Aase_new_3_mol1    155        LYS         2826        N                 381193.81217378        2727.88761294789    
Ap4Aase_new_3_mol1    156        GLU         2853        N                409359.547483185         2775.2154839863    
Ap4Aase_new_3_mol1    157        VAL         2870        N                316657.472862789        2802.42656428324    
Ap4Aase_new_3_mol1    158        LEU         2889        N                299388.475333015        2566.59432428582    
Ap4Aase_new_3_mol1    159        SER         2912        N                441695.631127343        2579.49804203969    
Ap4Aase_new_3_mol1    160        VAL         2924        N                376013.357934654        2556.23585171297    
Ap4Aase_new_3_mol1    161        PHE         2943        N                379116.512794857        2592.05089274464    
Ap4Aase_new_3_mol1    162        ALA         2967        N                575066.430307008        2591.19377114324    
Ap4Aase_new_3_mol1    163        PRO         2978        N            None                    None                    
Ap4Aase_new_3_mol1    164        HIS         2995        N                450806.081838995        2551.05566234639    
Ap4Aase_new_3_mol1    165        LEU         3014        N                474964.838903489        2449.50533800498    
