# Parameter description:  Either the R1 or R2 relaxation rate.
#
# mol_name            res_num    res_name    spin_num    spin_name    value                   error                   
Ap4Aase_new_3_mol1    1          GLY         1           N            None                    None                    
Ap4Aase_new_3_mol1    2          PRO         11          N            None                    None                    
Ap4Aase_new_3_mol1    3          LEU         28          N            None                    None                    
Ap4Aase_new_3_mol1    4          GLY         51          N                9.21195509811176      0.0632342244177735    
Ap4Aase_new_3_mol1    5          SER         59          N                9.51584962861523      0.0583710506343294    
Ap4Aase_new_3_mol1    6          MET         71          N                10.4810207720642      0.0863227814814995    
Ap4Aase_new_3_mol1    7          ASP         91          N                11.9239424605749       0.131862333030285    
Ap4Aase_new_3_mol1    8          SER         104         N                12.6892664265762      0.0980741627671226    
Ap4Aase_new_3_mol1    9          PRO         116         N            None                    None                    
Ap4Aase_new_3_mol1    10         PRO         133         N            None                    None                    
Ap4Aase_new_3_mol1    11         GLU         150         N            None                    None                    
Ap4Aase_new_3_mol1    12         GLY         167         N                14.6493398098625       0.261567666363008    
Ap4Aase_new_3_mol1    13         TYR         175         N                17.7366286726206        0.26627900706359    
Ap4Aase_new_3_mol1    14         ARG         200         N                15.8241300735615       0.322104053265054    
Ap4Aase_new_3_mol1    15         ARG         229         N                  17.96015830315       0.397839198802184    
Ap4Aase_new_3_mol1    16         ASN         258         N                17.9277846935635       0.510236010920771    
Ap4Aase_new_3_mol1    17         VAL         274         N                17.3944283867674       0.331419700973013    
Ap4Aase_new_3_mol1    18         GLY         293         N            None                    None                    
Ap4Aase_new_3_mol1    19         ILE         301         N            None                    None                    
Ap4Aase_new_3_mol1    20         CYS         323         N                  16.45872357523       0.243878267342023    
Ap4Aase_new_3_mol1    21         LEU         335         N                16.9069168407945       0.428265703246387    
Ap4Aase_new_3_mol1    22         MET         358         N                16.0855082038421       0.225450891139421    
Ap4Aase_new_3_mol1    23         ASN         378         N            None                    None                    
Ap4Aase_new_3_mol1    24         ASN         394         N                15.4248609188045       0.162763792802052    
Ap4Aase_new_3_mol1    25         ASP         410         N                15.4532600783437       0.107805063626812    
Ap4Aase_new_3_mol1    26         LYS         423         N                15.4923862891751        0.14742262827081    
Ap4Aase_new_3_mol1    27         LYS         450         N                15.9952108881611       0.133170409089122    
Ap4Aase_new_3_mol1    28         ILE         477         N                16.2772564613549       0.258600446466125    
Ap4Aase_new_3_mol1    29         PHE         499         N                15.7364471679674       0.312957028448535    
Ap4Aase_new_3_mol1    30         ALA         523         N                18.0246699508433       0.241123665898134    
Ap4Aase_new_3_mol1    31         ALA         534         N            None                    None                    
Ap4Aase_new_3_mol1    32         SER         545         N                17.3855588764184       0.247116559692673    
Ap4Aase_new_3_mol1    33         ARG         557         N                15.5823863891497       0.263309501893083    
Ap4Aase_new_3_mol1    34         LEU         586         N                18.4145445720826       0.353052896991422    
Ap4Aase_new_3_mol1    35         ASP         609         N                17.9506374172246       0.424017426301545    
Ap4Aase_new_3_mol1    36         ILE         622         N                18.3336932080138       0.245069372081624    
Ap4Aase_new_3_mol1    37         PRO         644         N            None                    None                    
Ap4Aase_new_3_mol1    38         ASP         661         N                16.9846876049804       0.189465764653069    
Ap4Aase_new_3_mol1    39         ALA         674         N                14.9578079546343       0.132529557798282    
Ap4Aase_new_3_mol1    40         TRP         685         N                14.0367087166406       0.218479481608632    
Ap4Aase_new_3_mol1    40         TRP         698         NE1              12.3904368567045      0.0462947574880702    
Ap4Aase_new_3_mol1    41         GLN         710         N                16.8894021479096       0.249548377188424    
Ap4Aase_new_3_mol1    42         MET         730         N            None                    None                    
Ap4Aase_new_3_mol1    43         PRO         750         N            None                    None                    
Ap4Aase_new_3_mol1    44         GLN         767         N            None                    None                    
Ap4Aase_new_3_mol1    45         GLY         787         N                19.1138507645191       0.374653267505224    
Ap4Aase_new_3_mol1    46         GLY         795         N                15.2537169212379       0.235181025353901    
Ap4Aase_new_3_mol1    47         ILE         803         N                15.5541845329814        0.25157932913421    
Ap4Aase_new_3_mol1    48         ASP         825         N                17.3825579943327       0.246724503641989    
Ap4Aase_new_3_mol1    49         GLU         838         N                14.5813789937224       0.086377787041788    
Ap4Aase_new_3_mol1    50         GLY         855         N                13.2350413931032        0.18396933006394    
Ap4Aase_new_3_mol1    51         GLU         863         N                15.9323749219064       0.103451622854298    
Ap4Aase_new_3_mol1    52         ASP         880         N                14.2488076857178        0.11983160281812    
Ap4Aase_new_3_mol1    53         PRO         893         N            None                    None                    
Ap4Aase_new_3_mol1    54         ARG         910         N            None                    None                    
Ap4Aase_new_3_mol1    55         ASN         939         N                15.8408034023939       0.170067371538083    
Ap4Aase_new_3_mol1    56         ALA         955         N                16.2704632021684        0.16688508653125    
Ap4Aase_new_3_mol1    57         ALA         966         N                16.8766294142963       0.129256735261977    
Ap4Aase_new_3_mol1    58         ILE         977         N                16.5062126499541       0.253424261843066    
Ap4Aase_new_3_mol1    59         ARG         999         N                 17.433328778376       0.228111377710927    
Ap4Aase_new_3_mol1    60         GLU         1028        N                17.8030915085806       0.292510027423919    
Ap4Aase_new_3_mol1    61         LEU         1045        N                17.2656921866383       0.200565829954117    
Ap4Aase_new_3_mol1    62         ARG         1068        N                16.7754668427822       0.224307538480443    
Ap4Aase_new_3_mol1    63         GLU         1097        N                17.4452291613434        0.25250932455399    
Ap4Aase_new_3_mol1    64         GLU         1114        N                16.1166363024531       0.240390015935168    
Ap4Aase_new_3_mol1    65         THR         1131        N                16.5444644403285       0.351123046258913    
Ap4Aase_new_3_mol1    66         GLY         1146        N            None                    None                    
Ap4Aase_new_3_mol1    67         VAL         1154        N                16.8557542393252        0.21180012225245    
Ap4Aase_new_3_mol1    68         THR         1173        N                 16.520690361494       0.465966609731838    
Ap4Aase_new_3_mol1    69         SER         1188        N                 14.662550697127       0.315124855234668    
Ap4Aase_new_3_mol1    70         ALA         1200        N                14.2538943271669      0.0897298161714517    
Ap4Aase_new_3_mol1    71         GLU         1211        N                 15.170353532028       0.136562492896045    
Ap4Aase_new_3_mol1    72         VAL         1228        N                13.8806425722029      0.0881626230164096    
Ap4Aase_new_3_mol1    73         ILE         1247        N                15.2474184889257       0.287838742372406    
Ap4Aase_new_3_mol1    74         ALA         1269        N                16.1424823269055       0.141223825392125    
Ap4Aase_new_3_mol1    75         GLU         1280        N                15.7785024586037       0.130111007637793    
Ap4Aase_new_3_mol1    76         VAL         1297        N                15.1262842840118        0.19341487903998    
Ap4Aase_new_3_mol1    77         PRO         1316        N            None                    None                    
Ap4Aase_new_3_mol1    78         TYR         1333        N                 12.199413488991      0.0732551376522888    
Ap4Aase_new_3_mol1    79         TRP         1358        N                16.6980624153015       0.356486697326875    
Ap4Aase_new_3_mol1    79         TRP         1371        NE1              14.2421356735481       0.125178485938908    
Ap4Aase_new_3_mol1    80         LEU         1383        N                 15.660692958681       0.327941170496018    
Ap4Aase_new_3_mol1    81         THR         1406        N                15.5682846899066       0.205562502108504    
Ap4Aase_new_3_mol1    82         TYR         1421        N            None                    None                    
Ap4Aase_new_3_mol1    83         ASP         1446        N                19.5719885234179       0.381363492700345    
Ap4Aase_new_3_mol1    84         PHE         1459        N                16.1270568652513       0.351629061115672    
Ap4Aase_new_3_mol1    85         PRO         1483        N            None                    None                    
Ap4Aase_new_3_mol1    86         PRO         1500        N            None                    None                    
Ap4Aase_new_3_mol1    87         LYS         1517        N                 20.850624807441       0.821769566980222    
Ap4Aase_new_3_mol1    88         VAL         1544        N                16.1045679097868       0.355030246022722    
Ap4Aase_new_3_mol1    89         ARG         1563        N                18.0911665126484       0.279636760408292    
Ap4Aase_new_3_mol1    90         GLU         1592        N                19.8288606428337       0.322396615930159    
Ap4Aase_new_3_mol1    91         LYS         1609        N                15.6874055052799       0.265991912958915    
Ap4Aase_new_3_mol1    92         LEU         1636        N            None                    None                    
Ap4Aase_new_3_mol1    93         ASN         1659        N                15.7521854552022       0.164606644135647    
Ap4Aase_new_3_mol1    94         ILE         1675        N            None                    None                    
Ap4Aase_new_3_mol1    95         GLN         1697        N                27.9113743629255        2.50328629092408    
Ap4Aase_new_3_mol1    96         TRP         1717        N            None                    None                    
Ap4Aase_new_3_mol1    96         TRP         1730        NE1              12.4301159340888      0.0769844317898141    
Ap4Aase_new_3_mol1    97         GLY         1742        N                14.0867743028989       0.298974732320931    
Ap4Aase_new_3_mol1    98         SER         1750        N                17.3006718747737       0.534530699756762    
Ap4Aase_new_3_mol1    99         ASP         1762        N            None                    None                    
Ap4Aase_new_3_mol1    100        TRP         1775        N                29.4609027222519        2.77189843516233    
Ap4Aase_new_3_mol1    100        TRP         1788        NE1              12.3640738671125      0.0831097710387006    
Ap4Aase_new_3_mol1    101        LYS         1800        N            None                    None                    
Ap4Aase_new_3_mol1    102        GLY         1827        N                18.1888621273647       0.455826299901659    
Ap4Aase_new_3_mol1    103        GLN         1835        N                17.1004978223675       0.352686476410548    
Ap4Aase_new_3_mol1    104        ALA         1855        N                16.8920647881468       0.367131184676637    
Ap4Aase_new_3_mol1    105        GLN         1866        N                16.0037416560733       0.330172942198278    
Ap4Aase_new_3_mol1    106        LYS         1886        N                17.4140013650806       0.386313923429379    
Ap4Aase_new_3_mol1    107        TRP         1913        N                14.4977074213512       0.385375306489823    
Ap4Aase_new_3_mol1    107        TRP         1926        NE1              14.9052086034668       0.295274419028679    
Ap4Aase_new_3_mol1    108        PHE         1938        N                16.3390639406812       0.252926563997766    
Ap4Aase_new_3_mol1    109        LEU         1962        N                 16.000832090394       0.206081595556021    
Ap4Aase_new_3_mol1    110        PHE         1985        N                 15.910964719742       0.263651268109832    
Ap4Aase_new_3_mol1    111        LYS         2009        N                15.5541248763744       0.185851649506183    
Ap4Aase_new_3_mol1    112        PHE         2036        N                14.9065216907888       0.197444661798372    
Ap4Aase_new_3_mol1    113        THR         2060        N                16.8509759815106       0.262482298579585    
Ap4Aase_new_3_mol1    114        GLY         2075        N                16.1542540137495       0.313298396646589    
Ap4Aase_new_3_mol1    115        GLN         2083        N                15.2156828900402       0.128661039612319    
Ap4Aase_new_3_mol1    116        ASP         2103        N                15.5751681500621       0.115566665524862    
Ap4Aase_new_3_mol1    117        GLN         2116        N                17.5930263164098        0.11191300399146    
Ap4Aase_new_3_mol1    118        GLU         2136        N                17.1780130198079       0.138653821215954    
Ap4Aase_new_3_mol1    119        ILE         2153        N                17.4533721799227       0.169520271042468    
Ap4Aase_new_3_mol1    120        ASN         2175        N                 15.303773624721       0.179516235795475    
Ap4Aase_new_3_mol1    121        LEU         2191        N                15.3015889357822       0.178293103812794    
Ap4Aase_new_3_mol1    122        LEU         2214        N                17.0907630848466       0.143772557854709    
Ap4Aase_new_3_mol1    123        GLY         2237        N                13.2329906194617      0.0775891122639276    
Ap4Aase_new_3_mol1    124        ASP         2245        N            None                    None                    
Ap4Aase_new_3_mol1    125        GLY         2258        N                11.7110362257943      0.0659733490921472    
Ap4Aase_new_3_mol1    126        SER         2266        N            None                    None                    
Ap4Aase_new_3_mol1    127        GLU         2278        N                12.7529522124642      0.0604618186471897    
Ap4Aase_new_3_mol1    128        LYS         2295        N                12.6102998661522      0.0635602929682587    
Ap4Aase_new_3_mol1    129        PRO         2322        N            None                    None                    
Ap4Aase_new_3_mol1    130        GLU         2339        N                 14.811967402782       0.180915930068633    
Ap4Aase_new_3_mol1    131        PHE         2356        N                16.1035231102502       0.215127140486139    
Ap4Aase_new_3_mol1    132        GLY         2380        N                17.2371494070035       0.351456571612127    
Ap4Aase_new_3_mol1    133        GLU         2388        N                15.5078600516384       0.152374389598146    
Ap4Aase_new_3_mol1    134        TRP         2405        N                17.1895721859294       0.138113411118857    
Ap4Aase_new_3_mol1    134        TRP         2418        NE1              13.9082452642656      0.0694500237747678    
Ap4Aase_new_3_mol1    135        SER         2430        N                16.6881826813687       0.193991507250546    
Ap4Aase_new_3_mol1    136        TRP         2442        N                15.2720811696396       0.112607994441401    
Ap4Aase_new_3_mol1    136        TRP         2455        NE1              15.2454692122359       0.109520807696839    
Ap4Aase_new_3_mol1    137        VAL         2467        N                16.2138329879249       0.233338287993199    
Ap4Aase_new_3_mol1    138        THR         2486        N                 15.340889875364       0.149540547823914    
Ap4Aase_new_3_mol1    139        PRO         2501        N            None                    None                    
Ap4Aase_new_3_mol1    140        GLU         2518        N                15.8873723924852       0.120255884067488    
Ap4Aase_new_3_mol1    141        GLN         2535        N            None                    None                    
Ap4Aase_new_3_mol1    142        LEU         2555        N                17.3321934611003       0.194916873522415    
Ap4Aase_new_3_mol1    143        ILE         2578        N                17.7598296309568       0.224847313171968    
Ap4Aase_new_3_mol1    144        ASP         2600        N                17.5667260016699        0.17309348649938    
Ap4Aase_new_3_mol1    145        LEU         2613        N            None                    None                    
Ap4Aase_new_3_mol1    146        THR         2636        N                16.3091508499028        0.17336970226269    
Ap4Aase_new_3_mol1    147        VAL         2651        N            None                    None                    
Ap4Aase_new_3_mol1    148        GLU         2670        N                15.5541896782174       0.196078977030233    
Ap4Aase_new_3_mol1    149        PHE         2687        N                18.0626853705355       0.507842972518057    
Ap4Aase_new_3_mol1    150        LYS         2711        N                21.0443781024103       0.549043602855057    
Ap4Aase_new_3_mol1    151        LYS         2738        N                17.0866996861316       0.264537151582601    
Ap4Aase_new_3_mol1    152        PRO         2765        N            None                    None                    
Ap4Aase_new_3_mol1    153        VAL         2782        N                15.4813604107896       0.238593037131317    
Ap4Aase_new_3_mol1    154        TYR         2801        N                 17.307477613096       0.342777847660891    
Ap4Aase_new_3_mol1    155        LYS         2826        N                17.1568954041923       0.196095643702349    
Ap4Aase_new_3_mol1    156        GLU         2853        N                17.3521972803762       0.183844235338746    
Ap4Aase_new_3_mol1    157        VAL         2870        N                17.1350707877487       0.237372086734132    
Ap4Aase_new_3_mol1    158        LEU         2889        N                17.1375057742742       0.242177564346076    
Ap4Aase_new_3_mol1    159        SER         2912        N                16.0903856072265       0.155480988059834    
Ap4Aase_new_3_mol1    160        VAL         2924        N                16.1539368804419       0.180530143090885    
Ap4Aase_new_3_mol1    161        PHE         2943        N                16.3620876248677       0.178764951199352    
Ap4Aase_new_3_mol1    162        ALA         2967        N                16.4650406210819       0.114924118372328    
Ap4Aase_new_3_mol1    163        PRO         2978        N            None                    None                    
Ap4Aase_new_3_mol1    164        HIS         2995        N                16.1503433478706       0.151105781138801    
Ap4Aase_new_3_mol1    165        LEU         3014        N                15.0305831001624       0.123391084451103    
