# Parameter description:  Chi-squared value.
#
# mol_name    res_num    res_name    spin_num    spin_name    value                   error    
None          1          GLY         None        N                6206.69900072619    None     
None          2          GLY         None        N                 75.366132168178    None     
None          3          GLY         None        N                35.2369103206508    None     
None          4          GLY         None        N                13.4678685710873    None     
None          5          GLY         None        N                8732.61264891802    None     
None          6          GLY         None        N                3.39226745910076    None     
None          7          GLY         None        N                 7.0900105628582    None     
None          8          GLY         None        N                 890.97601211158    None     
None          9          GLY         None        N            None                    None     
None          10         GLY         None        N                39.6706941722477    None     
None          11         GLY         None        N                26.6533113771086    None     
None          12         GLY         None        N                250.646998106752    None     
None          13         GLY         None        N                6.22240735871547    None     
None          14         GLY         None        N                201.149933190821    None     
None          15         GLY         None        N                35.1891354279501    None     
None          16         GLY         None        N                6.18723790544513    None     
None          17         GLY         None        N                15.1272707645971    None     
None          18         GLY         None        N                55.4955809642434    None     
None          19         GLY         None        N                13.8106233135122    None     
None          20         GLY         None        N                 67.302326563954    None     
None          21         GLY         None        N                1370.43380836374    None     
None          22         GLY         None        N                28.8532866613916    None     
None          23         GLY         None        N                455.819644137197    None     
None          24         GLY         None        N                40.8058553178445    None     
None          25         GLY         None        N                50.9593106320244    None     
None          26         GLY         None        N                4126.07164751849    None     
None          27         GLY         None        N            None                    None     
None          28         GLY         None        N            None                    None     
None          29         GLY         None        N                27.0164953362767    None     
None          30         GLY         None        N            None                    None     
None          31         GLY         None        N                826.200444012496    None     
None          32         GLY         None        N                4011.30148039654    None     
None          33         GLY         None        N                66.4723186605572    None     
None          34         GLY         None        N                363.518052120498    None     
None          35         GLY         None        N                32.6473669906124    None     
None          36         GLY         None        N                13.0488230386858    None     
None          37         GLY         None        N                14.8098575417081    None     
None          38         GLY         None        N                172.538763132778    None     
None          39         GLY         None        N                2087.40241073181    None     
None          40         GLY         None        N                10.2017372154608    None     
None          41         GLY         None        N                 71.028917445312    None     
None          42         GLY         None        N                 249.33000752323    None     
None          43         GLY         None        N                26.7827264172152    None     
None          44         GLY         None        N                20.4048686636524    None     
None          45         GLY         None        N                47.5125784233037    None     
None          46         GLY         None        N                441.608875991665    None     
None          47         GLY         None        N                 227.11262107823    None     
None          48         GLY         None        N                163.481431885909    None     
None          49         GLY         None        N                134.179014856559    None     
None          50         GLY         None        N                18.0172701044342    None     
None          51         GLY         None        N                150.649456147805    None     
None          52         GLY         None        N                10160.2083306869    None     
None          53         GLY         None        N                484.534180862211    None     
None          54         GLY         None        N            None                    None     
None          55         GLY         None        N                6204.96067402624    None     
None          56         GLY         None        N                 24.563475616662    None     
None          57         GLY         None        N                35.1674960374679    None     
None          58         GLY         None        N                 123.98393215457    None     
None          59         GLY         None        N                661.904555743486    None     
None          60         GLY         None        N                1095.12994864321    None     
None          61         GLY         None        N                6925.60875743522    None     
None          62         GLY         None        N                 300.11929108917    None     
None          63         GLY         None        N                2368.63492752622    None     
None          64         GLY         None        N                 6010.1110166095    None     
None          65         GLY         None        N                1054.35483234992    None     
None          66         GLY         None        N                400.362914769381    None     
None          67         GLY         None        N                8743.00507088874    None     
None          68         GLY         None        N            None                    None     
None          69         GLY         None        N            None                    None     
None          70         GLY         None        N                 4346.4876910759    None     
None          71         GLY         None        N                1693.72902738508    None     
None          72         GLY         None        N                9991.75026973141    None     
None          73         GLY         None        N                424.896521173633    None     
