# Experiment_name    Field_strength_(MHz) Disp_point_(Hz)      R2eff_(measured)     R2eff_(back_calc)    R2eff_errors        
'SQ CPMG'                   500.000000000            66.666600   22.739336957530746   15.144673428168440    0.305669019159965
'SQ CPMG'                   500.000000000           133.333300   22.446902493184766   15.144673428168440    0.303544421549751
'SQ CPMG'                   500.000000000           200.000000   21.138971625447766   15.144673428168440    0.294313190819359
'SQ CPMG'                   500.000000000           266.666600   19.979587961092438   15.144673428168440    0.286491520260089
'SQ CPMG'                   500.000000000           333.333300   18.519893883040062   15.144673428168440    0.277108975263351
'SQ CPMG'                   500.000000000           400.000000   17.124176468428910   15.144673428168440    0.268604482286809
'SQ CPMG'                   500.000000000           466.666600   16.068139815274417   15.144673428168440    0.262461942269258
'SQ CPMG'                   500.000000000           533.333300   14.734258988695945   15.144673428168440    0.255050209717059
'SQ CPMG'                   500.000000000           600.000000   14.294185355417648   15.144673428168440    0.252687593026189
'SQ CPMG'                   500.000000000           666.666600   12.982140294047328   15.144673428168440    0.245879841151219
'SQ CPMG'                   500.000000000           733.333300   12.488964837200598   15.144673428168440    0.243410406381460
'SQ CPMG'                   500.000000000           800.000000   12.203097162141708   15.144673428168440    0.242000931790125
'SQ CPMG'                   500.000000000           866.666600   11.658764098085491   15.144673428168440    0.239361001123030
'SQ CPMG'                   500.000000000           933.333300   10.957956644750446   15.144673428168440    0.236045700439786
'SQ CPMG'                   500.000000000          1000.000000   10.401677420875902   15.144673428168440    0.233479840660391
'SQ CPMG'                   800.000000000            66.666600   30.036971181325196   22.926358780801522    0.266602731511714
'SQ CPMG'                   800.000000000           133.333300   29.467658590489012   22.926358780801522    0.262731904654942
'SQ CPMG'                   800.000000000           200.000000   29.112047016262419   22.926358780801522    0.260352194419063
'SQ CPMG'                   800.000000000           266.666600   27.808129015179180   22.926358780801522    0.251872300371980
'SQ CPMG'                   800.000000000           333.333300   27.237365242607154   22.926358780801522    0.248279437380705
'SQ CPMG'                   800.000000000           400.000000   26.775243943096555   22.926358780801522    0.245422421440574
'SQ CPMG'                   800.000000000           466.666600   25.105164902387742   22.926358780801522    0.235475393278913
'SQ CPMG'                   800.000000000           533.333300   23.691454343483318   22.926358780801522    0.227503177251563
'SQ CPMG'                   800.000000000           600.000000   22.708947848105019   22.926358780801522    0.222195480955201
'SQ CPMG'                   800.000000000           666.666600   21.392449048405840   22.926358780801522    0.215372665060708
'SQ CPMG'                   800.000000000           733.333300   20.554215455631155   22.926358780801522    0.211196052773518
'SQ CPMG'                   800.000000000           800.000000   19.673083819828388   22.926358780801522    0.206942298728141
'SQ CPMG'                   800.000000000           866.666600   18.868557825716280   22.926358780801522    0.203177774714878
'SQ CPMG'                   800.000000000           933.333300   17.933184541900175   22.926358780801522    0.198940780845667
'SQ CPMG'                   800.000000000          1000.000000   16.887123324399184   22.926358780801522    0.194375785336141
