# Experiment_name    Field_strength_(MHz) Disp_point_(Hz)      R2eff_(measured)     R2eff_(back_calc)    R2eff_errors        
'SQ CPMG'                   500.000000000            66.666600   15.313611840033882    9.823670403054948    0.233822664952944
'SQ CPMG'                   500.000000000           133.333300   13.948993678136391    9.823670403054948    0.227157974883472
'SQ CPMG'                   500.000000000           200.000000   13.328471997751532    9.823670403054948    0.224242656329877
'SQ CPMG'                   500.000000000           266.666600   12.571440139905013    9.823670403054948    0.220780978624152
'SQ CPMG'                   500.000000000           333.333300   11.433255111111098    9.823670403054948    0.215768067963313
'SQ CPMG'                   500.000000000           400.000000   10.498929498985952    9.823670403054948    0.211820291065510
'SQ CPMG'                   500.000000000           466.666600    9.778908366560447    9.823670403054948    0.208878056096284
'SQ CPMG'                   500.000000000           533.333300    9.253354862397094    9.823670403054948    0.206784256860483
'SQ CPMG'                   500.000000000           600.000000    8.873950936733186    9.823670403054948    0.205300458426893
'SQ CPMG'                   500.000000000           666.666600    8.060860647234781    9.823670403054948    0.202197544244557
'SQ CPMG'                   500.000000000           733.333300    7.971592217904702    9.823670403054948    0.201863188730119
'SQ CPMG'                   500.000000000           800.000000    8.031872062756570    9.823670403054948    0.202088831600430
'SQ CPMG'                   500.000000000           866.666600    7.502731670067789    9.823670403054948    0.200127278703671
'SQ CPMG'                   500.000000000           933.333300    7.328290680092839    9.823670403054948    0.199490028883914
'SQ CPMG'                   500.000000000          1000.000000    7.206308849424239    9.823670403054948    0.199047166597701
'SQ CPMG'                   800.000000000            66.666600   23.286865743340655   14.557398333067733    0.214493758398019
'SQ CPMG'                   800.000000000           133.333300   21.889109325804789   14.557398333067733    0.207461481673047
'SQ CPMG'                   800.000000000           200.000000   20.804591059176978   14.557398333067733    0.202245907538855
'SQ CPMG'                   800.000000000           266.666600   19.547137616444829   14.557398333067733    0.196452965617405
'SQ CPMG'                   800.000000000           333.333300   18.305080651404992   14.557398333067733    0.190990136245303
'SQ CPMG'                   800.000000000           400.000000   17.098261535398894   14.557398333067733    0.185920506854752
'SQ CPMG'                   800.000000000           466.666600   15.161442176593900   14.557398333067733    0.178254973536306
'SQ CPMG'                   800.000000000           533.333300   14.383097214158546   14.557398333067733    0.175331764963724
'SQ CPMG'                   800.000000000           600.000000   13.336656997972469   14.557398333067733    0.171538721941368
'SQ CPMG'                   800.000000000           666.666600   12.377431281777602   14.557398333067733    0.168196167599324
'SQ CPMG'                   800.000000000           733.333300   11.770215059269841   14.557398333067733    0.166144974603790
'SQ CPMG'                   800.000000000           800.000000   11.034733996007079   14.557398333067733    0.163726187951875
'SQ CPMG'                   800.000000000           866.666600   10.781947501537408   14.557398333067733    0.162911199709796
'SQ CPMG'                   800.000000000           933.333300   10.511300873008754   14.557398333067733    0.162047787225014
'SQ CPMG'                   800.000000000          1000.000000    9.839278071544891   14.557398333067733    0.159944368499272
