# Experiment_name    Field_strength_(MHz) Disp_point_(Hz)      R2eff_(measured)     R2eff_(back_calc)    R2eff_errors        
'SQ CPMG'                   500.000000000            66.666600   11.262957059553083    8.366871174349914    0.223719926959832
'SQ CPMG'                   500.000000000           133.333300   10.500963184105428    8.366871174349914    0.220381673661436
'SQ CPMG'                   500.000000000           200.000000    9.983593358167102    8.366871174349914    0.218172964527668
'SQ CPMG'                   500.000000000           266.666600    9.637407395947486    8.366871174349914    0.216720763656678
'SQ CPMG'                   500.000000000           333.333300    9.119705847825712    8.366871174349914    0.214586997712062
'SQ CPMG'                   500.000000000           400.000000    8.675030913696013    8.366871174349914    0.212790019328467
'SQ CPMG'                   500.000000000           466.666600    7.927990161420881    8.366871174349914    0.209844324979181
'SQ CPMG'                   500.000000000           533.333300    7.921104387846710    8.366871174349914    0.209817594778878
'SQ CPMG'                   500.000000000           600.000000    7.497940274729856    8.366871174349914    0.208189488163958
'SQ CPMG'                   500.000000000           666.666600    7.599692353699608    8.366871174349914    0.208578361458199
'SQ CPMG'                   500.000000000           733.333300    7.443765133248736    8.366871174349914    0.207983114834374
'SQ CPMG'                   500.000000000           800.000000    7.220547261555503    8.366871174349914    0.207137698947667
'SQ CPMG'                   500.000000000           866.666600    7.102412213214798    8.366871174349914    0.206693454749217
'SQ CPMG'                   500.000000000           933.333300    7.162034922169958    8.366871174349914    0.206917390248247
'SQ CPMG'                   500.000000000          1000.000000    7.399278472522727    8.366871174349914    0.207813996834857
'SQ CPMG'                   800.000000000            66.666600   16.640035578201644   11.373541262448224    0.181321514435558
'SQ CPMG'                   800.000000000           133.333300   16.226869126077478   11.373541262448224    0.179692049803488
'SQ CPMG'                   800.000000000           200.000000   15.032702604570044   11.373541262448224    0.175124912974767
'SQ CPMG'                   800.000000000           266.666600   14.078797225420026   11.373541262448224    0.171625043105223
'SQ CPMG'                   800.000000000           333.333300   12.982558551134685   11.373541262448224    0.167760638075673
'SQ CPMG'                   800.000000000           400.000000   11.961039910105951   11.373541262448224    0.164306905683931
'SQ CPMG'                   800.000000000           466.666600   11.179445914798833   11.373541262448224    0.161757576601013
'SQ CPMG'                   800.000000000           533.333300   10.809739299231305   11.373541262448224    0.160579253272331
'SQ CPMG'                   800.000000000           600.000000    9.980418441733343   11.373541262448224    0.157999148079327
'SQ CPMG'                   800.000000000           666.666600   10.003269504981873   11.373541262448224    0.158069084690864
'SQ CPMG'                   800.000000000           733.333300    9.620584425500146   11.373541262448224    0.156906391579550
'SQ CPMG'                   800.000000000           800.000000    9.454030466606776   11.373541262448224    0.156405995350618
'SQ CPMG'                   800.000000000           866.666600    8.996168416079167   11.373541262448224    0.155047825593520
'SQ CPMG'                   800.000000000           933.333300    8.894572034390331   11.373541262448224    0.154749897804593
'SQ CPMG'                   800.000000000          1000.000000    8.784275003719648   11.373541262448224    0.154427860660180
