# Experiment_name    Field_strength_(MHz) Disp_point_(Hz)      R2eff_(measured)     R2eff_(back_calc)    R2eff_errors        
'SQ CPMG'                   500.000000000            66.666600   10.980612824803794    7.866823002176988    0.196378621896605
'SQ CPMG'                   500.000000000           133.333300   10.058360571616202    7.866823002176988    0.192863879900131
'SQ CPMG'                   500.000000000           200.000000    9.582127041174918    7.866823002176988    0.191099741720218
'SQ CPMG'                   500.000000000           266.666600    8.823555952822010    7.866823002176988    0.188359629445294
'SQ CPMG'                   500.000000000           333.333300    8.628974413737383    7.866823002176988    0.187670401350789
'SQ CPMG'                   500.000000000           400.000000    8.066695249073282    7.866823002176988    0.185709562214735
'SQ CPMG'                   500.000000000           466.666600    7.641210337051197    7.866823002176988    0.184255825239012
'SQ CPMG'                   500.000000000           533.333300    7.630386286630083    7.866823002176988    0.184219177417765
'SQ CPMG'                   500.000000000           600.000000    7.343791423079701    7.866823002176988    0.183254818955313
'SQ CPMG'                   500.000000000           666.666600    7.265848333476184    7.866823002176988    0.182994537640068
'SQ CPMG'                   500.000000000           733.333300    6.671433592490837    7.866823002176988    0.181037248016918
'SQ CPMG'                   500.000000000           800.000000    6.605423868216683    7.866823002176988    0.180822887541540
'SQ CPMG'                   500.000000000           866.666600    6.571622542018017    7.866823002176988    0.180713351054589
'SQ CPMG'                   500.000000000           933.333300    6.550541649840905    7.866823002176988    0.180645115211922
'SQ CPMG'                   500.000000000          1000.000000    6.596958957065874    7.866823002176988    0.180795441551186
'SQ CPMG'                   800.000000000            66.666600   17.303593316434995   11.555355212178489    0.152608244935489
'SQ CPMG'                   800.000000000           133.333300   16.444722922234870   11.555355212178489    0.149751160090435
'SQ CPMG'                   800.000000000           200.000000   15.176616431400831   11.555355212178489    0.145700432412662
'SQ CPMG'                   800.000000000           266.666600   14.005495793213463   11.555355212178489    0.142131564084263
'SQ CPMG'                   800.000000000           333.333300   13.005118458316838   11.555355212178489    0.139209549610712
'SQ CPMG'                   800.000000000           400.000000   12.458408637373564   11.555355212178489    0.137660626150622
'SQ CPMG'                   800.000000000           466.666600   11.588459606189552   11.555355212178489    0.135264153287518
'SQ CPMG'                   800.000000000           533.333300   10.820499589517917   11.555355212178489    0.133216785344433
'SQ CPMG'                   800.000000000           600.000000   10.524065143924775   11.555355212178489    0.132443263375769
'SQ CPMG'                   800.000000000           666.666600   10.045565015575985   11.555355212178489    0.131214056003066
'SQ CPMG'                   800.000000000           733.333300    9.902041691762435   11.555355212178489    0.130849989973296
'SQ CPMG'                   800.000000000           800.000000    9.554208285610951   11.555355212178489    0.129976436391531
'SQ CPMG'                   800.000000000           866.666600    9.089785998055589   11.555355212178489    0.128829253908743
'SQ CPMG'                   800.000000000           933.333300    8.967067859339689   11.555355212178489    0.128529751831528
'SQ CPMG'                   800.000000000          1000.000000    8.725810575200292   11.555355212178489    0.127945330120090
