# Experiment_name    Field_strength_(MHz) Disp_point_(Hz)      R2eff_(measured)     R2eff_(back_calc)    R2eff_errors        
'SQ CPMG'                   500.000000000            66.666600    8.446097295991178    7.296098810020086    0.153513437619710
'SQ CPMG'                   500.000000000           133.333300    8.422966202126704    7.296098810020086    0.153446990756112
'SQ CPMG'                   500.000000000           200.000000    8.034482819942736    7.296098810020086    0.152340467810900
'SQ CPMG'                   500.000000000           266.666600    7.823514037693062    7.296098810020086    0.151746982120957
'SQ CPMG'                   500.000000000           333.333300    7.351950015495970    7.296098810020086    0.150439078420528
'SQ CPMG'                   500.000000000           400.000000    7.485733631302051    7.296098810020086    0.150807526329127
'SQ CPMG'                   500.000000000           466.666600    7.350711809766164    7.296098810020086    0.150435677926301
'SQ CPMG'                   500.000000000           533.333300    7.009535132624086    7.296098810020086    0.149505374277088
'SQ CPMG'                   500.000000000           600.000000    7.161439567963016    7.296098810020086    0.149917940875062
'SQ CPMG'                   500.000000000           666.666600    6.943049577581544    7.296098810020086    0.149325626184151
'SQ CPMG'                   500.000000000           733.333300    6.827742346282821    7.296098810020086    0.149015071048663
'SQ CPMG'                   500.000000000           800.000000    6.639237422350181    7.296098810020086    0.148510600220995
'SQ CPMG'                   500.000000000           866.666600    6.664061479694486    7.296098810020086    0.148576805326351
'SQ CPMG'                   500.000000000           933.333300    6.807481175005177    7.296098810020086    0.148960656981020
'SQ CPMG'                   500.000000000          1000.000000    6.668513167052716    7.296098810020086    0.148588685167367
'SQ CPMG'                   800.000000000            66.666600   12.853904183642387   10.059590862431019    0.118719212589938
'SQ CPMG'                   800.000000000           133.333300   12.191043402080663   10.059590862431019    0.117125894808175
'SQ CPMG'                   800.000000000           200.000000   11.650530142552050   10.059590862431019    0.115857365717972
'SQ CPMG'                   800.000000000           266.666600   11.179158582344561   10.059590862431019    0.114773246647227
'SQ CPMG'                   800.000000000           333.333300   10.691420548588921   10.059590862431019    0.113672877686757
'SQ CPMG'                   800.000000000           400.000000   10.299549149411892   10.059590862431019    0.112804339794250
'SQ CPMG'                   800.000000000           466.666600    9.973101043313305   10.059590862431019    0.112091255287747
'SQ CPMG'                   800.000000000           533.333300    9.723692752027606   10.059590862431019    0.111552792479868
'SQ CPMG'                   800.000000000           600.000000    9.433416973183673   10.059590862431019    0.110932950818665
'SQ CPMG'                   800.000000000           666.666600    9.223605759538225   10.059590862431019    0.110489484079310
'SQ CPMG'                   800.000000000           733.333300    9.217864396766098   10.059590862431019    0.110477402310880
'SQ CPMG'                   800.000000000           800.000000    9.031234223258680   10.059590862431019    0.110086213348955
'SQ CPMG'                   800.000000000           866.666600    8.861424190778310   10.059590862431019    0.109732873874751
'SQ CPMG'                   800.000000000           933.333300    8.793524389961892   10.059590862431019    0.109592277016270
'SQ CPMG'                   800.000000000          1000.000000    8.707711559623835   10.059590862431019    0.109415149341672
