# Experiment_name    Field_strength_(MHz) Disp_point_(Hz)      R2eff_(measured)     R2eff_(back_calc)    R2eff_errors        
'SQ CPMG'                   500.000000000            66.666600   19.553468187499380   11.746848575964659    0.316533965840805
'SQ CPMG'                   500.000000000           133.333300   18.970645093794541   11.746848575964659    0.312352566595772
'SQ CPMG'                   500.000000000           200.000000   17.769560852254113   11.746848575964659    0.304017312330148
'SQ CPMG'                   500.000000000           266.666600   16.086706208261297   11.746848575964659    0.292956312396808
'SQ CPMG'                   500.000000000           333.333300   14.686366719770783   11.746848575964659    0.284279588700082
'SQ CPMG'                   500.000000000           400.000000   13.932380909562603   11.746848575964659    0.279798945990671
'SQ CPMG'                   500.000000000           466.666600   11.663887468817343   11.746848575964659    0.267091068537957
'SQ CPMG'                   500.000000000           533.333300   11.047288039935813   11.746848575964659    0.263830386041393
'SQ CPMG'                   500.000000000           600.000000   10.477627193679368   11.746848575964659    0.260888906773492
'SQ CPMG'                   500.000000000           666.666600    9.243244221661564   11.746848575964659    0.254743370190843
'SQ CPMG'                   500.000000000           733.333300    9.380587116749414   11.746848575964659    0.255411964331344
'SQ CPMG'                   500.000000000           800.000000    8.469603978893536   11.746848575964659    0.251046823807150
'SQ CPMG'                   500.000000000           866.666600    7.964548686530136   11.746848575964659    0.248696448597212
'SQ CPMG'                   500.000000000           933.333300    8.347435020308925   11.746848575964659    0.250473776810507
'SQ CPMG'                   500.000000000          1000.000000    8.031277210207190   11.746848575964659    0.249004172582136
'SQ CPMG'                   800.000000000            66.666600   26.704612883571588   17.294074603770753    0.297050565520540
'SQ CPMG'                   800.000000000           133.333300   25.971466451401863   17.294074603770753    0.291681896937712
'SQ CPMG'                   800.000000000           200.000000   25.123203681930377   17.294074603770753    0.285640831450144
'SQ CPMG'                   800.000000000           266.666600   24.264498034610106   17.294074603770753    0.279707600239701
'SQ CPMG'                   800.000000000           333.333300   23.463523340156947   17.294074603770753    0.274334696275939
'SQ CPMG'                   800.000000000           400.000000   21.257352879052558   17.294074603770753    0.260313011724760
'SQ CPMG'                   800.000000000           466.666600   19.761834241577620   17.294074603770753    0.251429823422631
'SQ CPMG'                   800.000000000           533.333300   18.294489210998133   17.294074603770753    0.243179119685752
'SQ CPMG'                   800.000000000           600.000000   16.413059450100977   17.294074603770753    0.233243942159254
'SQ CPMG'                   800.000000000           666.666600   15.403619884793072   17.294074603770753    0.228199497127818
'SQ CPMG'                   800.000000000           733.333300   14.764860616116549   17.294074603770753    0.225107189239455
'SQ CPMG'                   800.000000000           800.000000   12.749096902299330   17.294074603770753    0.215837920374035
'SQ CPMG'                   800.000000000           866.666600   12.272055036228064   17.294074603770753    0.213749745414361
'SQ CPMG'                   800.000000000           933.333300   11.733802017484088   17.294074603770753    0.211440653843147
'SQ CPMG'                   800.000000000          1000.000000   10.626211110680496   17.294074603770753    0.206842700683723
