# Experiment_name    Field_strength_(MHz) Disp_point_(Hz)      R2eff_(measured)     R2eff_(back_calc)    R2eff_errors        
'SQ CPMG'                   500.000000000            66.666600   16.045540885533605   10.534165533565339    0.310924686180635
'SQ CPMG'                   500.000000000           133.333300   14.877924861181727   10.534165533565339    0.303217270671013
'SQ CPMG'                   500.000000000           200.000000   14.357820247260586   10.534165533565339    0.299894424543361
'SQ CPMG'                   500.000000000           266.666600   12.664494620416516   10.534165533565339    0.289532060485796
'SQ CPMG'                   500.000000000           333.333300   12.363204802467891   10.534165533565339    0.287759631749322
'SQ CPMG'                   500.000000000           400.000000   11.092532381134513   10.534165533565339    0.280514035409862
'SQ CPMG'                   500.000000000           466.666600   10.566090057649893   10.534165533565339    0.277618625949722
'SQ CPMG'                   500.000000000           533.333300    9.805806894657803   10.534165533565339    0.273544382200754
'SQ CPMG'                   500.000000000           600.000000    9.564300692201730   10.534165533565339    0.272276309984954
'SQ CPMG'                   500.000000000           666.666600    9.015633750407980   10.534165533565339    0.269441511838159
'SQ CPMG'                   500.000000000           733.333300    8.607764958055581   10.534165533565339    0.267375134391053
'SQ CPMG'                   500.000000000           800.000000    8.279997179221338   10.534165533565339    0.265739551961997
'SQ CPMG'                   500.000000000           866.666600    8.474535940963516   10.534165533565339    0.266707642726566
'SQ CPMG'                   500.000000000           933.333300    8.158972897365194   10.534165533565339    0.265141210539941
'SQ CPMG'                   500.000000000          1000.000000    7.988630509501972   10.534165533565339    0.264304105548559
'SQ CPMG'                   800.000000000            66.666600   22.224914187017955   16.111255307516565    0.261003723648147
'SQ CPMG'                   800.000000000           133.333300   21.230874263054286   16.111255307516565    0.254953746068935
'SQ CPMG'                   800.000000000           200.000000   20.603704070506069   16.111255307516565    0.251248096842796
'SQ CPMG'                   800.000000000           266.666600   20.327797401799192   16.111255307516565    0.249644728507912
'SQ CPMG'                   800.000000000           333.333300   18.855377144166454   16.111255307516565    0.241359197661523
'SQ CPMG'                   800.000000000           400.000000   18.537530893451883   16.111255307516565    0.239629396817541
'SQ CPMG'                   800.000000000           466.666600   17.508069423326553   16.111255307516565    0.234166268386898
'SQ CPMG'                   800.000000000           533.333300   16.035603819868157   16.111255307516565    0.226712849547318
'SQ CPMG'                   800.000000000           600.000000   15.168191575096751   16.111255307516565    0.222514499378534
'SQ CPMG'                   800.000000000           666.666600   14.431802236880866   16.111255307516565    0.219058971005995
'SQ CPMG'                   800.000000000           733.333300   14.034137303142154   16.111255307516565    0.217233609091337
'SQ CPMG'                   800.000000000           800.000000   12.920148216311929   16.111255307516565    0.212268826118432
'SQ CPMG'                   800.000000000           866.666600   12.653673349582139   16.111255307516565    0.211113121548213
'SQ CPMG'                   800.000000000           933.333300   12.610863989976654   16.111255307516565    0.210928589352101
'SQ CPMG'                   800.000000000          1000.000000   11.969303192678483   16.111255307516565    0.208200307992286
