# Experiment_name    Field_strength_(MHz) Disp_point_(Hz)      R2eff_(measured)     R2eff_(back_calc)    R2eff_errors        
'SQ CPMG'                   500.000000000            66.666600   12.725574632866950    7.897393691048798    0.249981588253063
'SQ CPMG'                   500.000000000           133.333300   12.065137414258908    7.897393691048798    0.246646924507503
'SQ CPMG'                   500.000000000           200.000000   11.326792991075106    7.897393691048798    0.243021224178441
'SQ CPMG'                   500.000000000           266.666600    9.702636482444934    7.897393691048798    0.235414552454448
'SQ CPMG'                   500.000000000           333.333300    8.772988901913545    7.897393691048798    0.231281354788581
'SQ CPMG'                   500.000000000           400.000000    8.425254288611489    7.897393691048798    0.229775427132960
'SQ CPMG'                   500.000000000           466.666600    7.641872944966074    7.897393691048798    0.226461150900852
'SQ CPMG'                   500.000000000           533.333300    7.096027074223898    7.897393691048798    0.224214827149705
'SQ CPMG'                   500.000000000           600.000000    6.982378550297970    7.897393691048798    0.223753539134873
'SQ CPMG'                   500.000000000           666.666600    6.492257353962405    7.897393691048798    0.221789192025001
'SQ CPMG'                   500.000000000           733.333300    6.227871406475835    7.897393691048798    0.220746267311490
'SQ CPMG'                   500.000000000           800.000000    6.197434113939421    7.897393691048798    0.220626946275517
'SQ CPMG'                   500.000000000           866.666600    5.995893897761722    7.897393691048798    0.219840724911394
'SQ CPMG'                   500.000000000           933.333300    5.980370614043040    7.897393691048798    0.219780445161531
'SQ CPMG'                   500.000000000          1000.000000    5.662041501520008    7.897393691048798    0.218553019914819
'SQ CPMG'                   800.000000000            66.666600   20.494712594492448   12.115241380798212    0.216214364387246
'SQ CPMG'                   800.000000000           133.333300   19.502777457146120   12.115241380798212    0.211325872046611
'SQ CPMG'                   800.000000000           200.000000   18.203841436462501   12.115241380798212    0.205190759967344
'SQ CPMG'                   800.000000000           266.666600   16.945442726397975   12.115241380798212    0.199525645355544
'SQ CPMG'                   800.000000000           333.333300   15.682271297939856   12.115241380798212    0.194104856909454
'SQ CPMG'                   800.000000000           400.000000   14.400570133230989   12.115241380798212    0.188866981101601
'SQ CPMG'                   800.000000000           466.666600   12.748654968765271   12.115241380798212    0.182490516687891
'SQ CPMG'                   800.000000000           533.333300   11.571133833849132   12.115241380798212    0.178192423578364
'SQ CPMG'                   800.000000000           600.000000   10.469611550087693   12.115241380798212    0.174350851370284
'SQ CPMG'                   800.000000000           666.666600   10.119195424967499   12.115241380798212    0.173164124982036
'SQ CPMG'                   800.000000000           733.333300    9.094104559194827   12.115241380798212    0.169788081712135
'SQ CPMG'                   800.000000000           800.000000    9.058013850343398   12.115241380798212    0.169671778448999
'SQ CPMG'                   800.000000000           866.666600    8.248032504560250   12.115241380798212    0.167106496021792
'SQ CPMG'                   800.000000000           933.333300    8.265077780533490   12.115241380798212    0.167159601850459
'SQ CPMG'                   800.000000000          1000.000000    7.655229585605891   12.115241380798212    0.165282721463007
