# Parameter description:  The transversal relaxation rate.
#
# mol_name    res_num    res_name    spin_num    spin_name    SQ_CPMG_-_500.00000000_MHz    sd(SQ_CPMG_-_500.00000000_MHz)    SQ_CPMG_-_800.00000000_MHz    sd(SQ_CPMG_-_800.00000000_MHz)    
None          1          GLY         None        N                12.5691480411977          None                                   19.423378261923          None                              
None          2          GLY         None        N                4.12194494595255          None                                  4.57667608461884          None                              
None          3          GLY         None        N                4.87794293486855          None                                  4.72766667573912          None                              
None          4          GLY         None        N                 1.6023427551617          None                                  1.63887426494287          None                              
None          5          GLY         None        N                 7.8973936910488          None                                  12.1152413807982          None                              
None          6          GLY         None        N                1.68378591150395          None                                 0.938429946126331          None                              
None          7          GLY         None        N               0.993594549782335          None                                  1.17650394712084          None                              
None          8          GLY         None        N                6.10080355524645          None                                  8.16147030413385          None                              
None          9          GLY         None        N            None                          None                              None                          None                              
None          10         GLY         None        N                6.12160339297129          None                                  7.57239928478398          None                              
None          11         GLY         None        N                3.03291535449114          None                                  3.19858249930203          None                              
None          12         GLY         None        N                4.88488534519715          None                                  6.26234166785253          None                              
None          13         GLY         None        N               0.621340916636576          None                                 0.158358415595543          None                              
None          14         GLY         None        N                6.23376983713933          None                                  7.77026372271176          None                              
None          15         GLY         None        N                5.91740778701468          None                                  6.70040994970302          None                              
None          16         GLY         None        N                3.13232078508837          None                                   3.4286560281251          None                              
None          17         GLY         None        N                6.23707867451193          None                                  7.03542559258899          None                              
None          18         GLY         None        N                5.93813177577334          None                                  7.09478844513114          None                              
None          19         GLY         None        N                5.65382587147895          None                                  6.64873092296106          None                              
None          20         GLY         None        N                6.18325551904777          None                                  7.19118690696491          None                              
None          21         GLY         None        N                7.45752146329667          None                                  10.0036825813254          None                              
None          22         GLY         None        N                6.14247746749753          None                                  7.16979367032079          None                              
None          23         GLY         None        N                6.68463342670055          None                                  8.18261373102328          None                              
None          24         GLY         None        N                5.71485498461265          None                                  7.43618642035222          None                              
None          25         GLY         None        N                5.48107402282851          None                                  7.49828271397139          None                              
None          26         GLY         None        N                8.36687117434991          None                                  11.3735412624482          None                              
None          27         GLY         None        N            None                          None                              None                          None                              
None          28         GLY         None        N            None                          None                              None                          None                              
None          29         GLY         None        N                6.00573368274573          None                                  6.95632855505671          None                              
None          30         GLY         None        N            None                          None                              None                          None                              
None          31         GLY         None        N                 6.3740339541016          None                                  7.86105936201236          None                              
None          32         GLY         None        N                6.47964621236531          None                                  9.09035248018477          None                              
None          33         GLY         None        N                6.63200048035901          None                                   8.4195483055992          None                              
None          34         GLY         None        N                6.60716100877717          None                                  8.09515319406817          None                              
None          35         GLY         None        N                5.84881645283808          None                                  7.03929073200591          None                              
None          36         GLY         None        N                4.70242823538394          None                                  6.00042123463951          None                              
None          37         GLY         None        N                6.29081115600648          None                                  7.13011884756367          None                              
None          38         GLY         None        N                6.26460990918883          None                                  7.97026476884801          None                              
None          39         GLY         None        N                7.29609881002009          None                                   10.059590862431          None                              
None          40         GLY         None        N                  6.614312178792          None                                  7.85478650880249          None                              
None          41         GLY         None        N                6.55140239432066          None                                  7.90689084553382          None                              
None          42         GLY         None        N                6.03381313669325          None                                  7.44911786576783          None                              
None          43         GLY         None        N                6.27160256935838          None                                  7.42160881653425          None                              
None          44         GLY         None        N                6.49955135903707          None                                  7.47450406447174          None                              
None          45         GLY         None        N                6.49127344250127          None                                  7.43004900207873          None                              
None          46         GLY         None        N                6.43174490218788          None                                  7.75205536792535          None                              
None          47         GLY         None        N                6.34726601028035          None                                  7.62618755530104          None                              
None          48         GLY         None        N                6.30802586301973          None                                  7.41494522289366          None                              
None          49         GLY         None        N                3.06084326848572          None                                  3.78597442538538          None                              
None          50         GLY         None        N                5.93414379765311          None                                  7.66407468459948          None                              
None          51         GLY         None        N                 6.4849961495362          None                                  7.91004287074647          None                              
None          52         GLY         None        N                9.82367040305495          None                                  14.5573983330677          None                              
None          53         GLY         None        N                6.24978855996269          None                                   8.0679877382607          None                              
None          54         GLY         None        N            None                          None                              None                          None                              
None          55         GLY         None        N                7.86682300217699          None                                  11.5553552121785          None                              
None          56         GLY         None        N                5.02885495935694          None                                  5.93724042365088          None                              
None          57         GLY         None        N                5.28334878914205          None                                  6.29894167793085          None                              
None          58         GLY         None        N                5.47172095866354          None                                  6.96910644195134          None                              
None          59         GLY         None        N                6.42822607884072          None                                  8.47463477603619          None                              
None          60         GLY         None        N                6.37153087057872          None                                  8.14538937323074          None                              
None          61         GLY         None        N                9.49591877524491          None                                  14.8477762524956          None                              
None          62         GLY         None        N                4.42959399584931          None                                   5.2260134619194          None                              
None          63         GLY         None        N                 6.7865230051518          None                                   8.9487202114105          None                              
None          64         GLY         None        N                8.67319314813928          None                                  12.1102057142852          None                              
None          65         GLY         None        N                6.78914034015062          None                                  8.41270550730926          None                              
None          66         GLY         None        N                3.63620807130716          None                                  4.49866493123864          None                              
None          67         GLY         None        N                15.1446734281684          None                                  22.9263587808015          None                              
None          68         GLY         None        N            None                          None                              None                          None                              
None          69         GLY         None        N            None                          None                              None                          None                              
None          70         GLY         None        N                10.5341655335653          None                                  16.1112553075166          None                              
None          71         GLY         None        N                5.83142563008656          None                                  8.90854203741064          None                              
None          72         GLY         None        N                11.7468485759647          None                                  17.2940746037708          None                              
None          73         GLY         None        N                3.90514929090521          None                              9.41669960041829e-16          None                              
