# Parameter description:  The steady-state NOE value.
#
# mol_name    res_num    res_name    spin_num    spin_name    value                   error                   
None          1          GLY         None        N            None                    None                    
None          2          PRO         None        N            None                    None                    
None          3          LEU         None        N            None                    None                    
None          4          GLY         None        N               0.123220536756126       0.020456860782303    
None          5          SER         None        N               0.419935726570691      0.0200545154295284    
None          6          MET         None        N               0.448173394762533      0.0254278325055799    
None          7          ASP         None        N                0.60604670641964      0.0323437056737308    
None          8          SER         None        N               0.639269372252295      0.0247351921691249    
None          9          PRO         None        N            None                    None                    
None          10         PRO         None        N            None                    None                    
None          11         GLU         None        N            None                    None                    
None          12         GLY         None        N               0.934699814070653      0.0594242123423113    
None          13         TYR         None        N               0.886656176061042      0.0435670853894908    
None          14         ARG         None        N               0.852363854926214      0.0596023064001222    
None          15         ARG         None        N               0.727070594774875      0.0538726702340144    
None          16         ASN         None        N                1.07197300708807        0.10448359461099    
None          17         VAL         None        N               0.793775263887104      0.0519180266924541    
None          18         GLY         None        N               0.922375449357191      0.0399439456463839    
None          19         ILE         None        N            None                    None                    
None          20         CYS         None        N               0.851741259381292      0.0430943938408368    
None          21         LEU         None        N               0.838824734258573      0.0659850283359621    
None          22         MET         None        N               0.933999200958849      0.0452191974494966    
None          23         ASN         None        N            None                    None                    
None          24         ASN         None        N               0.892135351664721       0.038863845775631    
None          25         ASP         None        N               0.860885437408735      0.0251428482887923    
None          26         LYS         None        N               0.746946772804752       0.031030817659824    
None          27         LYS         None        N               0.835766916516306      0.0296479095157228    
None          28         ILE         None        N               0.954859579473607      0.0589917752259868    
None          29         PHE         None        N               0.848635404614442      0.0511755200392407    
None          30         ALA         None        N               0.889222728859643      0.0407781226128376    
None          31         ALA         None        N            None                    None                    
None          32         SER         None        N               0.901754644828901      0.0477599020750077    
None          33         ARG         None        N               0.829838270569364      0.0546906593047882    
None          34         LEU         None        N               0.755199683066937      0.0540868846360513    
None          35         ASP         None        N               0.756373686728204      0.0629347639453326    
None          36         ILE         None        N               0.762025022190287       0.037666148347283    
None          37         PRO         None        N            None                    None                    
None          38         ASP         None        N                0.72549921387852      0.0372809657754829    
None          39         ALA         None        N               0.725670239501283       0.030956877285179    
None          40         TRP         None        N               0.750075642965204       0.053532910587584    
None          40         TRP         None        NE1             0.757822670485345      0.0151753527156071    
None          41         GLN         None        N               0.920776788754317      0.0477844592928614    
None          42         MET         None        N            None                    None                    
None          43         PRO         None        N            None                    None                    
None          44         GLN         None        N            None                    None                    
None          45         GLY         None        N               0.958436541637179      0.0592821851805299    
None          46         GLY         None        N               0.793754546621593      0.0388847045109745    
None          47         ILE         None        N               0.750188120958588      0.0451333368970492    
None          48         ASP         None        N               0.847478353240529      0.0464054153796341    
None          49         GLU         None        N               0.805135174845724      0.0224087110685942    
None          50         GLY         None        N                 0.7707157284168      0.0463987735632336    
None          51         GLU         None        N               0.845886171451095       0.023115903390286    
None          52         ASP         None        N               0.787348486108109       0.030099024095859    
None          53         PRO         None        N            None                    None                    
None          54         ARG         None        N            None                    None                    
None          55         ASN         None        N               0.814042640244065      0.0327357489068453    
None          56         ALA         None        N               0.901129490361116      0.0366370399815963    
None          57         ALA         None        N               0.873500730522238      0.0259419002755855    
None          58         ILE         None        N               0.869080875226617      0.0434094211564165    
None          59         ARG         None        N               0.927881307478365      0.0382463408655654    
None          60         GLU         None        N               0.907661228756328      0.0457845273179463    
None          61         LEU         None        N               0.906073490578705      0.0348605637722335    
None          62         ARG         None        N               0.820488605252363      0.0352486013081786    
None          63         GLU         None        N                0.90220164088893      0.0446445008718761    
None          64         GLU         None        N               0.911436060146227      0.0449170063213265    
None          65         THR         None        N                 0.9080758666645      0.0633720801573574    
None          66         GLY         None        N               0.854518659969281      0.0391592708298219    
None          67         VAL         None        N               0.947554150745283      0.0432367610926303    
None          68         THR         None        N               0.899775647562717      0.0791243551900456    
None          69         SER         None        N               0.934897072090544      0.0650142867024133    
None          70         ALA         None        N               0.864404101602938        0.02068355332227    
None          71         GLU         None        N               0.912600317388347      0.0354570152552873    
None          72         VAL         None        N               0.772789097592208      0.0238073832395464    
None          73         ILE         None        N               0.834214226834117      0.0602306952231877    
None          74         ALA         None        N               0.825725115995399      0.0286186401053309    
None          75         GLU         None        N               0.879451991569101      0.0294731191843223    
None          76         VAL         None        N               0.857811876036158      0.0457528077200099    
None          77         PRO         None        N            None                    None                    
None          78         TYR         None        N                0.80693704395045      0.0248728277570253    
None          79         TRP         None        N               0.776417610282866      0.0524087650024902    
None          80         LEU         None        N               0.839064851776716      0.0611469806990934    
None          81         THR         None        N               0.837142964852536      0.0469110241348526    
None          82         TYR         None        N            None                    None                    
None          83         ASP         None        N               0.853600083359383      0.0561351170539593    
None          84         PHE         None        N               0.881529605263158      0.0630975741541815    
None          85         PRO         None        N            None                    None                    
None          86         PRO         None        N            None                    None                    
None          87         LYS         None        N               0.957217953902143       0.108310587111908    
None          88         VAL         None        N               0.686112807982081      0.0577447161719327    
None          89         ARG         None        N                0.72837578087458      0.0466094844990181    
None          90         GLU         None        N               0.702086008902632      0.0428449958971037    
None          91         LYS         None        N               0.558270420370164      0.0391063660142461    
None          92         LEU         None        N            None                    None                    
None          93         ASN         None        N                0.72306498512019      0.0296784012159499    
None          94         ILE         None        N            None                    None                    
None          95         GLN         None        N               0.495059595019717       0.134902373360522    
None          96         TRP         None        N            None                    None                    
None          97         GLY         None        N               0.762397531402924       0.055565083898251    
None          98         SER         None        N               0.696318321275709      0.0648492980939532    
None          99         ASP         None        N            None                    None                    
None          100        TRP         None        N               0.348802695439413       0.113491555467251    
None          101        LYS         None        N            None                    None                    
None          102        GLY         None        N                0.88946527544922      0.0760378607321331    
None          103        GLN         None        N               0.886316138663128      0.0638183644247984    
None          104        ALA         None        N               0.877013543002782      0.0637290530405919    
None          105        GLN         None        N               0.826602433248959      0.0605699795378779    
None          106        LYS         None        N               0.915134345378091       0.069775540663431    
None          107        TRP         None        N               0.881105861627162      0.0767804202615898    
None          108        PHE         None        N               0.973912569645947      0.0552897844074112    
None          109        LEU         None        N                0.87859569912493      0.0445614682373313    
None          110        PHE         None        N                0.96787192631377      0.0554268647101968    
None          111        LYS         None        N               0.837060188168578      0.0400926055242281    
None          112        PHE         None        N               0.868975936831425      0.0419825224574107    
None          113        THR         None        N                0.82906387211023      0.0450552375194085    
None          114        GLY         None        N                0.71617734845607       0.149339095243562    
None          115        GLN         None        N               0.854065345303207      0.0300749412234305    
None          116        ASP         None        N               0.866819990737761      0.0298421081328306    
None          117        GLN         None        N               0.762339190640495      0.0203668705883067    
None          118        GLU         None        N                0.89508456845165      0.0271597704340727    
None          119        ILE         None        N               0.857102112927121      0.0299408675347193    
None          120        ASN         None        N               0.866893245012709      0.0366058091835962    
None          121        LEU         None        N               0.757131406478382      0.0418911718460482    
None          122        LEU         None        N               0.853020973794941      0.0306220570334798    
None          123        GLY         None        N               0.578137906853744      0.0189633923582612    
None          124        ASP         None        N            None                    None                    
None          125        GLY         None        N               0.665473554530774      0.0186501686239783    
None          126        SER         None        N            None                    None                    
None          127        GLU         None        N               0.616002304380344      0.0164882887689444    
None          128        LYS         None        N               0.566709566709567      0.0206047906080006    
None          129        PRO         None        N            None                    None                    
None          130        GLU         None        N               0.666635616310752      0.0391599696012056    
None          131        PHE         None        N               0.790447970084302      0.0396623596474034    
None          132        GLY         None        N               0.898462327011789      0.0662284133384907    
None          133        GLU         None        N               0.672119172685489      0.0276944686757591    
None          134        TRP         None        N               0.884897167890232      0.0288866426990009    
None          135        SER         None        N                  0.928826071868      0.0415281483348689    
None          136        TRP         None        N            None                    None                    
None          137        VAL         None        N               0.951286522562758      0.0502230502152722    
None          138        THR         None        N               0.879103867274214      0.0372962999645539    
None          139        PRO         None        N            None                    None                    
None          140        GLU         None        N               0.820647693817468      0.0290122659619851    
None          141        GLN         None        N            None                    None                    
None          142        LEU         None        N               0.889495610192918      0.0375237514088544    
None          143        ILE         None        N               0.888720132028989       0.046081983814562    
None          144        ASP         None        N               0.910822567888215      0.0321791403100228    
None          145        LEU         None        N            None                    None                    
None          146        THR         None        N               0.763969939963894       0.037457849641903    
None          147        VAL         None        N            None                    None                    
None          148        GLU         None        N                0.83546599869202      0.0460172439453947    
None          149        PHE         None        N               0.795811126694717      0.0680577573060122    
None          150        LYS         None        N               0.943224340262132      0.0780468887241262    
None          151        LYS         None        N               0.841439377796719      0.0498483171131073    
None          152        PRO         None        N            None                    None                    
None          153        VAL         None        N               0.761480935327575      0.0469162469942615    
None          154        TYR         None        N               0.784519978020253      0.0567422603188121    
None          155        LYS         None        N               0.918629619290975       0.042134090672431    
None          156        GLU         None        N               0.859948492440302      0.0331631740949655    
None          157        VAL         None        N                 0.9338675941811      0.0465454403118076    
None          158        LEU         None        N                1.02094507929104       0.060857888398029    
None          159        SER         None        N               0.969723962044781      0.0379587268217089    
None          160        VAL         None        N                0.82157892543037      0.0385306530987452    
None          161        PHE         None        N               0.943690498221372      0.0409688654061909    
None          162        ALA         None        N                0.91115117001591      0.0266748611118653    
None          163        PRO         None        N            None                    None                    
None          164        HIS         None        N               0.832945568191683      0.0323249041816572    
None          165        LEU         None        N               0.785767009352195      0.0275236944431617    
