# Parameter description:  Chi-squared value.
#
# mol_name    res_num    res_name    spin_num    spin_name    value                   error    
None          1          GLY         None        N                37.9962316711843    None     
None          2          GLY         None        N                11.2388378680059    None     
None          3          GLY         None        N                12.1013831530697    None     
None          4          GLY         None        N                11.3123517657294    None     
None          5          GLY         None        N                25.0997771287461    None     
None          6          GLY         None        N                3.39226745906613    None     
None          7          GLY         None        N                7.09001056246563    None     
None          8          GLY         None        N                17.6958563207657    None     
None          9          GLY         None        N            None                    None     
None          10         GLY         None        N                 8.3943412662356    None     
None          11         GLY         None        N                8.45384546051928    None     
None          12         GLY         None        N                11.5363168324171    None     
None          13         GLY         None        N                6.17445253509368    None     
None          14         GLY         None        N                11.0886294441302    None     
None          15         GLY         None        N                7.89508991032479    None     
None          16         GLY         None        N                6.00942536817923    None     
None          17         GLY         None        N                13.2849104015111    None     
None          18         GLY         None        N                17.7055114333632    None     
None          19         GLY         None        N                8.71982480237959    None     
None          20         GLY         None        N                8.41820032583776    None     
None          21         GLY         None        N                11.6852292525204    None     
None          22         GLY         None        N                18.2530050838463    None     
None          23         GLY         None        N                10.7357480101128    None     
None          24         GLY         None        N                22.8585743054065    None     
None          25         GLY         None        N                14.7413100435037    None     
None          26         GLY         None        N                18.2345344205353    None     
None          27         GLY         None        N            None                    None     
None          28         GLY         None        N            None                    None     
None          29         GLY         None        N                22.0884523798069    None     
None          30         GLY         None        N            None                    None     
None          31         GLY         None        N                17.4530841628929    None     
None          32         GLY         None        N                16.8199279692126    None     
None          33         GLY         None        N                10.1551636597491    None     
None          34         GLY         None        N                9.10914101849973    None     
None          35         GLY         None        N                10.5863045275323    None     
None          36         GLY         None        N                13.0488230379973    None     
None          37         GLY         None        N                9.18978719536207    None     
None          38         GLY         None        N                23.8744390113803    None     
None          39         GLY         None        N                 11.703599558279    None     
None          40         GLY         None        N                 9.8444819300714    None     
None          41         GLY         None        N                15.8180557022772    None     
None          42         GLY         None        N                 11.779154213159    None     
None          43         GLY         None        N                20.6825321005176    None     
None          44         GLY         None        N                20.4048686641197    None     
None          45         GLY         None        N                 14.783935158828    None     
None          46         GLY         None        N                18.3666013105329    None     
None          47         GLY         None        N                18.1135153321714    None     
None          48         GLY         None        N                11.5818092541156    None     
None          49         GLY         None        N                10.6673456692224    None     
None          50         GLY         None        N                12.8147305669848    None     
None          51         GLY         None        N                7.66955958651793    None     
None          52         GLY         None        N                  21.78623676278    None     
None          53         GLY         None        N                14.1393479129644    None     
None          54         GLY         None        N            None                    None     
None          55         GLY         None        N                27.0293694624544    None     
None          56         GLY         None        N                24.5634756158957    None     
None          57         GLY         None        N                 18.323704563307    None     
None          58         GLY         None        N                14.0491074032679    None     
None          59         GLY         None        N                16.1146307602617    None     
None          60         GLY         None        N                17.7865966274414    None     
None          61         GLY         None        N                37.9907760542282    None     
None          62         GLY         None        N                17.9577570575816    None     
None          63         GLY         None        N                31.3394633280998    None     
None          64         GLY         None        N                20.2601071015245    None     
None          65         GLY         None        N                20.4499499478187    None     
None          66         GLY         None        N                9.03423464688894    None     
None          67         GLY         None        N                58.9756399153134    None     
None          68         GLY         None        N            None                    None     
None          69         GLY         None        N            None                    None     
None          70         GLY         None        N                26.9937419630835    None     
None          71         GLY         None        N                9.82405119816997    None     
None          72         GLY         None        N                 40.132399294053    None     
None          73         GLY         None        N                 415.13770982417    None     
