# Experiment_name    Field_strength_(MHz) Disp_point_(Hz)      R2eff_(measured)     R2eff_(back_calc)    R2eff_errors        
'SQ CPMG'                   500.000000000            66.666600    8.446097295991178    8.514234015842819    0.153513437619710
'SQ CPMG'                   500.000000000           133.333300    8.422966202126704    8.250526049931407    0.153446990756112
'SQ CPMG'                   500.000000000           200.000000    8.034482819942736    7.994421212914745    0.152340467810900
'SQ CPMG'                   500.000000000           266.666600    7.823514037693062    7.752315464201883    0.151746982120957
'SQ CPMG'                   500.000000000           333.333300    7.351950015495970    7.538568234639381    0.150439078420528
'SQ CPMG'                   500.000000000           400.000000    7.485733631302051    7.359956483035559    0.150807526329127
'SQ CPMG'                   500.000000000           466.666600    7.350711809766164    7.215190138214224    0.150435677926301
'SQ CPMG'                   500.000000000           533.333300    7.009535132624086    7.099353958645593    0.149505374277088
'SQ CPMG'                   500.000000000           600.000000    7.161439567963016    7.006872320401655    0.149917940875062
'SQ CPMG'                   500.000000000           666.666600    6.943049577581544    6.932761265349931    0.149325626184151
'SQ CPMG'                   500.000000000           733.333300    6.827742346282821    6.872963591353250    0.149015071048663
'SQ CPMG'                   500.000000000           800.000000    6.639237422350181    6.824311051644735    0.148510600220995
'SQ CPMG'                   500.000000000           866.666600    6.664061479694486    6.784373051298560    0.148576805326351
'SQ CPMG'                   500.000000000           933.333300    6.807481175005177    6.751295126091430    0.148960656981020
'SQ CPMG'                   500.000000000          1000.000000    6.668513167052716    6.723660809145473    0.148588685167367
'SQ CPMG'                   800.000000000            66.666600   12.853904183642387   12.768409149305466    0.118719212589938
'SQ CPMG'                   800.000000000           133.333300   12.191043402080663   12.246722559011857    0.117125894808175
'SQ CPMG'                   800.000000000           200.000000   11.650530142552050   11.727284756743453    0.115857365717972
'SQ CPMG'                   800.000000000           266.666600   11.179158582344561   11.207240995708261    0.114773246647227
'SQ CPMG'                   800.000000000           333.333300   10.691420548588921   10.722824613785319    0.113672877686757
'SQ CPMG'                   800.000000000           400.000000   10.299549149411892   10.303186526307117    0.112804339794250
'SQ CPMG'                   800.000000000           466.666600    9.973101043313305    9.955116498328143    0.112091255287747
'SQ CPMG'                   800.000000000           533.333300    9.723692752027606    9.672343996289634    0.111552792479868
'SQ CPMG'                   800.000000000           600.000000    9.433416973183673    9.444230652918549    0.110932950818665
'SQ CPMG'                   800.000000000           666.666600    9.223605759538225    9.260081887142157    0.110489484079310
'SQ CPMG'                   800.000000000           733.333300    9.217864396766098    9.110697054657932    0.110477402310880
'SQ CPMG'                   800.000000000           800.000000    9.031234223258680    8.988661279888314    0.110086213348955
'SQ CPMG'                   800.000000000           866.666600    8.861424190778310    8.888170815010747    0.109732873874751
'SQ CPMG'                   800.000000000           933.333300    8.793524389961892    8.804736488987960    0.109592277016270
'SQ CPMG'                   800.000000000          1000.000000    8.707711559623835    8.734895458763491    0.109415149341672
