# Experiment_name    Field_strength_(MHz) Disp_point_(Hz)      R2eff_(measured)     R2eff_(back_calc)    R2eff_errors        
'SQ CPMG'                   500.000000000            66.666600   11.262957059553083   11.310928752691574    0.223719926959832
'SQ CPMG'                   500.000000000           133.333300   10.500963184105428   10.683573794657637    0.220381673661436
'SQ CPMG'                   500.000000000           200.000000    9.983593358167102   10.053593479220934    0.218172964527668
'SQ CPMG'                   500.000000000           266.666600    9.637407395947486    9.444300555402338    0.216720763656678
'SQ CPMG'                   500.000000000           333.333300    9.119705847825712    8.916682821277950    0.214586997712062
'SQ CPMG'                   500.000000000           400.000000    8.675030913696013    8.491156938670464    0.212790019328467
'SQ CPMG'                   500.000000000           466.666600    7.927990161420881    8.158430403000041    0.209844324979181
'SQ CPMG'                   500.000000000           533.333300    7.921104387846710    7.900404447932740    0.209817594778878
'SQ CPMG'                   500.000000000           600.000000    7.497940274729856    7.699672553935100    0.208189488163958
'SQ CPMG'                   500.000000000           666.666600    7.599692353699608    7.542169735756338    0.208578361458199
'SQ CPMG'                   500.000000000           733.333300    7.443765133248736    7.417239388811177    0.207983114834374
'SQ CPMG'                   500.000000000           800.000000    7.220547261555503    7.316996775925007    0.207137698947667
'SQ CPMG'                   500.000000000           866.666600    7.102412213214798    7.235640515856674    0.206693454749217
'SQ CPMG'                   500.000000000           933.333300    7.162034922169958    7.168888365103402    0.206917390248247
'SQ CPMG'                   500.000000000          1000.000000    7.399278472522727    7.113555426214178    0.207813996834857
'SQ CPMG'                   800.000000000            66.666600   16.640035578201644   16.839813188302337    0.181321514435558
'SQ CPMG'                   800.000000000           133.333300   16.226869126077478   15.956247365658374    0.179692049803488
'SQ CPMG'                   800.000000000           200.000000   15.032702604570044   15.039132819270815    0.175124912974767
'SQ CPMG'                   800.000000000           266.666600   14.078797225420026   13.999566456882889    0.171625043105223
'SQ CPMG'                   800.000000000           333.333300   12.982558551134685   12.964009211937459    0.167760638075673
'SQ CPMG'                   800.000000000           400.000000   11.961039910105951   12.054852282338041    0.164306905683931
'SQ CPMG'                   800.000000000           466.666600   11.179445914798833   11.306676089527075    0.161757576601013
'SQ CPMG'                   800.000000000           533.333300   10.809739299231305   10.707347816863175    0.160579253272331
'SQ CPMG'                   800.000000000           600.000000    9.980418441733343   10.230873856630204    0.157999148079327
'SQ CPMG'                   800.000000000           666.666600   10.003269504981873    9.851292790822731    0.158069084690864
'SQ CPMG'                   800.000000000           733.333300    9.620584425500146    9.546872640417705    0.156906391579550
'SQ CPMG'                   800.000000000           800.000000    9.454030466606776    9.300583802858112    0.156405995350618
'SQ CPMG'                   800.000000000           866.666600    8.996168416079167    9.099425046221961    0.155047825593520
'SQ CPMG'                   800.000000000           933.333300    8.894572034390331    8.933551939766406    0.154749897804593
'SQ CPMG'                   800.000000000          1000.000000    8.784275003719648    8.795506182666459    0.154427860660180
