# Parameter description:  The chemical shift difference between states A and B (in ppm).
#
# mol_name    res_num    res_name    spin_num    spin_name    value                   error    
None          1          GLY         None        N                7.08384263818389    None     
None          2          GLY         None        N                5.39958810088484    None     
None          3          GLY         None        N               0.273047420284248    None     
None          4          GLY         None        N                 4.4671184573358    None     
None          5          GLY         None        N                3.93715590460793    None     
None          6          GLY         None        N              0.0142635227154338    None     
None          7          GLY         None        N             0.00715198451605473    None     
None          8          GLY         None        N                2.34154326424014    None     
None          9          GLY         None        N            None                    None     
None          10         GLY         None        N               0.228655991366629    None     
None          11         GLY         None        N              0.0820318180902894    None     
None          12         GLY         None        N                0.34126639725826    None     
None          13         GLY         None        N              0.0372731176125468    None     
None          14         GLY         None        N                1.74991967538618    None     
None          15         GLY         None        N               0.191117665379795    None     
None          16         GLY         None        N              0.0924282090113014    None     
None          17         GLY         None        N                32.6198158512215    None     
None          18         GLY         None        N                1.71647611634369    None     
None          19         GLY         None        N                1.87047970005855    None     
None          20         GLY         None        N               0.191345279546403    None     
None          21         GLY         None        N                1.59998308125931    None     
None          22         GLY         None        N               0.118532587326173    None     
None          23         GLY         None        N                2.24297685250373    None     
None          24         GLY         None        N                0.63013995431112    None     
None          25         GLY         None        N                1.53715938823483    None     
None          26         GLY         None        N                3.07450471429639    None     
None          27         GLY         None        N            None                    None     
None          28         GLY         None        N            None                    None     
None          29         GLY         None        N                2.73348621350316    None     
None          30         GLY         None        N            None                    None     
None          31         GLY         None        N                1.65665788658577    None     
None          32         GLY         None        N                2.71745874990326    None     
None          33         GLY         None        N                1.25624097590669    None     
None          34         GLY         None        N                1.75599344951661    None     
None          35         GLY         None        N               0.937929666407757    None     
None          36         GLY         None        N              0.0126701269710526    None     
None          37         GLY         None        N              0.0998236851149856    None     
None          38         GLY         None        N               0.261732434006703    None     
None          39         GLY         None        N                2.17025251353407    None     
None          40         GLY         None        N              0.0433145504246242    None     
None          41         GLY         None        N                5.00789781116797    None     
None          42         GLY         None        N                0.29264272288281    None     
None          43         GLY         None        N                18.5872298348633    None     
None          44         GLY         None        N              0.0732073835284531    None     
None          45         GLY         None        N               0.466369356007006    None     
None          46         GLY         None        N               0.275402704931642    None     
None          47         GLY         None        N                1.46990179673981    None     
None          48         GLY         None        N               0.182306550954847    None     
None          49         GLY         None        N                1.70657972557255    None     
None          50         GLY         None        N                1.42820884042898    None     
None          51         GLY         None        N                1.56595980200485    None     
None          52         GLY         None        N                4.39033800457424    None     
None          53         GLY         None        N                1.54944358429104    None     
None          54         GLY         None        N            None                    None     
None          55         GLY         None        N                 2.8305647711492    None     
None          56         GLY         None        N              0.0105449969488974    None     
None          57         GLY         None        N              0.0979916623605955    None     
None          58         GLY         None        N                1.24394510658871    None     
None          59         GLY         None        N                1.47233419625497    None     
None          60         GLY         None        N               0.344224651041575    None     
None          61         GLY         None        N                4.73097440831976    None     
None          62         GLY         None        N               0.237768388728063    None     
None          63         GLY         None        N                 2.3928377404002    None     
None          64         GLY         None        N                3.00046711069188    None     
None          65         GLY         None        N                2.24105560582815    None     
None          66         GLY         None        N                1.88643777236143    None     
None          67         GLY         None        N                7.35155252965653    None     
None          68         GLY         None        N            None                    None     
None          69         GLY         None        N            None                    None     
None          70         GLY         None        N                5.67093999711535    None     
None          71         GLY         None        N                2.41553582648104    None     
None          72         GLY         None        N                6.08554655052451    None     
None          73         GLY         None        N                4.77760097604099    None     
