# Parameter description:  The exchange rate.
#
# mol_name    res_num    res_name    spin_num    spin_name    value                   error    
None          1          GLY         None        N                1960.60492556268    None     
None          2          GLY         None        N                2805.90275860859    None     
None          3          GLY         None        N                5850.41768696823    None     
None          4          GLY         None        N                1789.19447918826    None     
None          5          GLY         None        N                1957.22815555446    None     
None          6          GLY         None        N                1926830.69154263    None     
None          7          GLY         None        N                1524120.48614552    None     
None          8          GLY         None        N                1550.57220896932    None     
None          9          GLY         None        N            None                    None     
None          10         GLY         None        N                1852.08983608761    None     
None          11         GLY         None        N                950.867335128211    None     
None          12         GLY         None        N                1788.03930997032    None     
None          13         GLY         None        N                542.784448776535    None     
None          14         GLY         None        N                1352.15218215191    None     
None          15         GLY         None        N                2212.15168325103    None     
None          16         GLY         None        N                14.4837538753254    None     
None          17         GLY         None        N                30.5549470078702    None     
None          18         GLY         None        N                1034.43597588388    None     
None          19         GLY         None        N                198.347439716364    None     
None          20         GLY         None        N                1495.00643701739    None     
None          21         GLY         None        N                2154.81212183266    None     
None          22         GLY         None        N                715.357830402608    None     
None          23         GLY         None        N                1328.71483758464    None     
None          24         GLY         None        N                5836.41689566332    None     
None          25         GLY         None        N                1015.99862694845    None     
None          26         GLY         None        N                 1768.2862473298    None     
None          27         GLY         None        N            None                    None     
None          28         GLY         None        N            None                    None     
None          29         GLY         None        N               0.377604087562472    None     
None          30         GLY         None        N            None                    None     
None          31         GLY         None        N                1652.88783442152    None     
None          32         GLY         None        N                2077.40189495895    None     
None          33         GLY         None        N                1414.68437346453    None     
None          34         GLY         None        N                1596.99654447967    None     
None          35         GLY         None        N                1632.17022018875    None     
None          36         GLY         None        N                1849852.05329029    None     
None          37         GLY         None        N                2498.47730682039    None     
None          38         GLY         None        N                2730.66734694868    None     
None          39         GLY         None        N                2114.77238551865    None     
None          40         GLY         None        N                293.454946076347    None     
None          41         GLY         None        N                1.07442983307484    None     
None          42         GLY         None        N                1677.18679526531    None     
None          43         GLY         None        N               0.565667496063607    None     
None          44         GLY         None        N                1960013.60782862    None     
None          45         GLY         None        N                3197.99094784404    None     
None          46         GLY         None        N                1632.88234399805    None     
None          47         GLY         None        N                1461.55897377584    None     
None          48         GLY         None        N                1356.95664445389    None     
None          49         GLY         None        N                 1529.8517292423    None     
None          50         GLY         None        N               0.572904924986625    None     
None          51         GLY         None        N                834.680764075039    None     
None          52         GLY         None        N                1981.67640849274    None     
None          53         GLY         None        N                1486.63670761517    None     
None          54         GLY         None        N            None                    None     
None          55         GLY         None        N                 1963.1111423699    None     
None          56         GLY         None        N                1967760.85633062    None     
None          57         GLY         None        N                245.517379599833    None     
None          58         GLY         None        N                1071.83939407226    None     
None          59         GLY         None        N                1924.60037037027    None     
None          60         GLY         None        N                 2032.7525035315    None     
None          61         GLY         None        N                1684.43737509658    None     
None          62         GLY         None        N                1540.42504307743    None     
None          63         GLY         None        N                1537.96827798024    None     
None          64         GLY         None        N                1921.71549291129    None     
None          65         GLY         None        N                1473.56424589137    None     
None          66         GLY         None        N                 1300.8460657302    None     
None          67         GLY         None        N                1648.34998245891    None     
None          68         GLY         None        N            None                    None     
None          69         GLY         None        N            None                    None     
None          70         GLY         None        N                  1609.016798692    None     
None          71         GLY         None        N                2314.80841429817    None     
None          72         GLY         None        N                1846.38786634573    None     
None          73         GLY         None        N                1.05969759373491    None     
