# Parameter description:  The population for state A.
#
# mol_name    res_num    res_name    spin_num    spin_name    value                   error    
None          1          GLY         None        N               0.983634563654819    None     
None          2          GLY         None        N               0.999278828902744    None     
None          3          GLY         None        N               0.500000000083902    None     
None          4          GLY         None        N               0.999911070497806    None     
None          5          GLY         None        N               0.983720548305341    None     
None          6          GLY         None        N               0.998870832012055    None     
None          7          GLY         None        N               0.998394088046872    None     
None          8          GLY         None        N               0.993930332994085    None     
None          9          GLY         None        N            None                    None     
None          10         GLY         None        N               0.874293880020596    None     
None          11         GLY         None        N               0.500000001392247    None     
None          12         GLY         None        N                0.85922241924947    None     
None          13         GLY         None        N               0.942999634645676    None     
None          14         GLY         None        N               0.996144606868863    None     
None          15         GLY         None        N               0.772015123550899    None     
None          16         GLY         None        N               0.500000034739153    None     
None          17         GLY         None        N               0.985847744566759    None     
None          18         GLY         None        N               0.998186968397243    None     
None          19         GLY         None        N               0.998896222703619    None     
None          20         GLY         None        N               0.720351709223252    None     
None          21         GLY         None        N               0.976414436824829    None     
None          22         GLY         None        N               0.867287536300643    None     
None          23         GLY         None        N               0.996151956413129    None     
None          24         GLY         None        N               0.943619356817087    None     
None          25         GLY         None        N               0.997947972472701    None     
None          26         GLY         None        N               0.986989544720929    None     
None          27         GLY         None        N            None                    None     
None          28         GLY         None        N            None                    None     
None          29         GLY         None        N               0.500000001436792    None     
None          30         GLY         None        N            None                    None     
None          31         GLY         None        N               0.989931591972497    None     
None          32         GLY         None        N               0.988391368782635    None     
None          33         GLY         None        N               0.996271460505348    None     
None          34         GLY         None        N               0.993498780998707    None     
None          35         GLY         None        N               0.994802983207936    None     
None          36         GLY         None        N                0.99593662879378    None     
None          37         GLY         None        N               0.500000004275319    None     
None          38         GLY         None        N                0.50000000129507    None     
None          39         GLY         None        N               0.988478755563864    None     
None          40         GLY         None        N               0.675261902067935    None     
None          41         GLY         None        N               0.500000000175506    None     
None          42         GLY         None        N               0.844748705330125    None     
None          43         GLY         None        N               0.500000002652037    None     
None          44         GLY         None        N               0.999826781462359    None     
None          45         GLY         None        N               0.943385828945683    None     
None          46         GLY         None        N               0.658121983236692    None     
None          47         GLY         None        N               0.994197297049096    None     
None          48         GLY         None        N               0.500000000059047    None     
None          49         GLY         None        N               0.997191521635874    None     
None          50         GLY         None        N               0.500000018832222    None     
None          51         GLY         None        N               0.996046421072647    None     
None          52         GLY         None        N               0.984809408007431    None     
None          53         GLY         None        N                0.98772236119349    None     
None          54         GLY         None        N            None                    None     
None          55         GLY         None        N                0.98441186843179    None     
None          56         GLY         None        N               0.998923164612035    None     
None          57         GLY         None        N               0.628125211619394    None     
None          58         GLY         None        N               0.995595856392664    None     
None          59         GLY         None        N               0.988362897195671    None     
None          60         GLY         None        N               0.500000000010317    None     
None          61         GLY         None        N               0.989179898836551    None     
None          62         GLY         None        N                 0.7066408798082    None     
None          63         GLY         None        N               0.990335364866811    None     
None          64         GLY         None        N               0.983150450401118    None     
None          65         GLY         None        N               0.992360940813964    None     
None          66         GLY         None        N               0.996027135439367    None     
None          67         GLY         None        N               0.986769758338064    None     
None          68         GLY         None        N            None                    None     
None          69         GLY         None        N            None                    None     
None          70         GLY         None        N               0.989506598004255    None     
None          71         GLY         None        N               0.989942033267611    None     
None          72         GLY         None        N               0.984272588531492    None     
None          73         GLY         None        N               0.500000000066898    None     
