# Parameter description:  The transversal relaxation rate.
#
# mol_name    res_num    res_name    spin_num    spin_name    SQ_CPMG_-_500.00000000_MHz    sd(SQ_CPMG_-_500.00000000_MHz)    SQ_CPMG_-_800.00000000_MHz    sd(SQ_CPMG_-_800.00000000_MHz)    
None          1          GLY         None        N                 4.6899738509883          None                                  5.13168927243378          None                              
None          2          GLY         None        N                3.85642368109813          None                                  4.01186741408392          None                              
None          3          GLY         None        N                4.66894917703636          None                                  4.19330364932153          None                              
None          4          GLY         None        N                 1.5794839776894          None                                  1.59207784903649          None                              
None          5          GLY         None        N                4.69832421663147          None                                  5.48028684903447          None                              
None          6          GLY         None        N                1.68378573041743          None                                 0.938429849234591          None                              
None          7          GLY         None        N                 0.9935944501958          None                                  1.17650392099835          None                              
None          8          GLY         None        N                5.62076348252038          None                                  7.06432082883634          None                              
None          9          GLY         None        N            None                          None                              None                          None                              
None          10         GLY         None        N                6.03158856133919          None                                  7.34307288047659          None                              
None          11         GLY         None        N                3.00623726673002          None                                   3.1304578442128          None                              
None          12         GLY         None        N                4.66439060184048          None                                  5.70343860900812          None                              
None          13         GLY         None        N               0.620323476129353          None                                 0.155756762411092          None                              
None          14         GLY         None        N                6.05803865975587          None                                  7.35542220599879          None                              
None          15         GLY         None        N                5.81851175955969          None                                  6.44802303117116          None                              
None          16         GLY         None        N                3.13077159355141          None                                  3.42470349170627          None                              
None          17         GLY         None        N                 5.8018463376648          None                                   6.5919327405074          None                              
None          18         GLY         None        N                5.86118568633851          None                                  6.91743576663606          None                              
None          19         GLY         None        N                5.63256907367639          None                                  6.60970620023174          None                              
None          20         GLY         None        N                6.06594654271237          None                                  6.89334963252836          None                              
None          21         GLY         None        N                6.58125717149968          None                                  7.87771913305687          None                              
None          22         GLY         None        N                 6.1185800897282          None                                  7.10910515686355          None                              
None          23         GLY         None        N                6.40681813453194          None                                  7.55365626041026          None                              
None          24         GLY         None        N                5.47922787421196          None                                  6.83404534332089          None                              
None          25         GLY         None        N                 5.4105525818233          None                                  7.33316333217773          None                              
None          26         GLY         None        N                6.70096238054684          None                                  7.75149053873794          None                              
None          27         GLY         None        N            None                          None                              None                          None                              
None          28         GLY         None        N            None                          None                              None                          None                              
None          29         GLY         None        N                5.98074021951366          None                                  6.91414212498943          None                              
None          30         GLY         None        N            None                          None                              None                          None                              
None          31         GLY         None        N                5.96135369480565          None                                  6.86942668500014          None                              
None          32         GLY         None        N                5.27272100997981          None                                   6.3223609970346          None                              
None          33         GLY         None        N                6.54190992135707          None                                  8.19821847600321          None                              
None          34         GLY         None        N                  6.307539995794          None                                  7.37871020989695          None                              
None          35         GLY         None        N                5.77810489153423          None                                     6.86160747939          None                              
None          36         GLY         None        N                4.70242824670831          None                                  6.00042092422662          None                              
None          37         GLY         None        N                6.25288053987168          None                                  7.03314608168625          None                              
None          38         GLY         None        N                6.00943686138354          None                                  7.32047982794036          None                              
None          39         GLY         None        N                6.51117154287549          None                                  8.19404731525565          None                              
None          40         GLY         None        N                  6.610004597223          None                                  7.84378848678852          None                              
None          41         GLY         None        N                6.41675462079662          None                                  7.68950983901133          None                              
None          42         GLY         None        N                5.85720957977895          None                                  7.00071760698961          None                              
None          43         GLY         None        N                6.04791976484653          None                                  7.13832758314994          None                              
None          44         GLY         None        N                6.49955138152949          None                                  7.47450396678429          None                              
None          45         GLY         None        N                6.32649367748084          None                                  7.00953966195447          None                              
None          46         GLY         None        N                6.16218675295958          None                                  7.07012965702046          None                              
None          47         GLY         None        N                6.15777778231105          None                                  7.16653919026781          None                              
None          48         GLY         None        N                 6.1744394174491          None                                  7.07565258477161          None                              
None          49         GLY         None        N                2.93745577964306          None                                  3.48963584224483          None                              
None          50         GLY         None        N                 5.9209072923666          None                                   7.6348466081149          None                              
None          51         GLY         None        N                6.35147404634851          None                                  7.60600387060414          None                              
None          52         GLY         None        N                6.23848404735097          None                                  7.25897327107045          None                              
None          53         GLY         None        N                5.81060963154154          None                                  7.01740039189168          None                              
None          54         GLY         None        N            None                          None                              None                          None                              
None          55         GLY         None        N                6.14691740049164          None                                  7.70302497079701          None                              
None          56         GLY         None        N                5.02885470656635          None                                  5.93724030244809          None                              
None          57         GLY         None        N                5.26226643594992          None                                  6.24544508419483          None                              
None          58         GLY         None        N                5.36999598202115          None                                  6.72422046548727          None                              
None          59         GLY         None        N                6.05030182736003          None                                  7.54799222011831          None                              
None          60         GLY         None        N                5.90941329568983          None                                  6.98138494321128          None                              
None          61         GLY         None        N                6.66087429717177          None                                  9.30423077738788          None                              
None          62         GLY         None        N                4.24359296108814          None                                  4.75495277122344          None                              
None          63         GLY         None        N                5.99974568717522          None                                  7.17429499285012          None                              
None          64         GLY         None        N                6.61799557878286          None                                  7.59878346941322          None                              
None          65         GLY         None        N                 6.2364763155137          None                                  7.15463587187386          None                              
None          66         GLY         None        N                3.42851101189805          None                                  4.01548734468145          None                              
None          67         GLY         None        N                8.84038691529988          None                                  11.8832015859883          None                              
None          68         GLY         None        N            None                          None                              None                          None                              
None          69         GLY         None        N            None                          None                              None                          None                              
None          70         GLY         None        N                6.97559913767498          None                                   9.5174005439782          None                              
None          71         GLY         None        N                4.99309401575252          None                                  6.92009338608903          None                              
None          72         GLY         None        N                5.74508934354621          None                                   6.1418670967463          None                              
None          73         GLY         None        N                3.77654293181065          None                              5.29115771468868e-13          None                              
