# Parameter description:  Chi-squared value.
#
# mol_name    res_num    res_name    spin_num    spin_name    value                   error    
None          1          GLY         None        N                37.9217972641685    None     
None          2          GLY         None        N                10.8806707554914    None     
None          3          GLY         None        N                 11.824956639772    None     
None          4          GLY         None        N                10.9666989693988    None     
None          5          GLY         None        N                23.5271824143479    None     
None          6          GLY         None        N                  3.392267500047    None     
None          7          GLY         None        N                 7.0900105632151    None     
None          8          GLY         None        N                17.3410765657175    None     
None          9          GLY         None        N            None                    None     
None          10         GLY         None        N                8.04809878309397    None     
None          11         GLY         None        N                8.35183730378134    None     
None          12         GLY         None        N                14.8521880801916    None     
None          13         GLY         None        N                6.12701274881781    None     
None          14         GLY         None        N                9.18963339201379    None     
None          15         GLY         None        N                7.84903056725299    None     
None          16         GLY         None        N                5.84882605797055    None     
None          17         GLY         None        N                15.1232349192216    None     
None          18         GLY         None        N                15.0953118641666    None     
None          19         GLY         None        N                8.70522937248277    None     
None          20         GLY         None        N                7.31035373474588    None     
None          21         GLY         None        N                11.6225398904573    None     
None          22         GLY         None        N                16.9696524625174    None     
None          23         GLY         None        N                8.25412535809332    None     
None          24         GLY         None        N                22.8568350706197    None     
None          25         GLY         None        N                13.8698109094664    None     
None          26         GLY         None        N                17.3747565848651    None     
None          27         GLY         None        N            None                    None     
None          28         GLY         None        N            None                    None     
None          29         GLY         None        N                  21.72926576031    None     
None          30         GLY         None        N            None                    None     
None          31         GLY         None        N                17.5378129821656    None     
None          32         GLY         None        N                16.9845439545299    None     
None          33         GLY         None        N                 12.985634575027    None     
None          34         GLY         None        N                9.12474577073636    None     
None          35         GLY         None        N                9.97749462602372    None     
None          36         GLY         None        N                10.7112954016421    None     
None          37         GLY         None        N                9.05037581222248    None     
None          38         GLY         None        N                23.8842712955549    None     
None          39         GLY         None        N                 10.085697662632    None     
None          40         GLY         None        N                9.73262693492627    None     
None          41         GLY         None        N                10.4854935591432    None     
None          42         GLY         None        N                11.8223681069891    None     
None          43         GLY         None        N                20.3550851486735    None     
None          44         GLY         None        N                20.4048686634101    None     
None          45         GLY         None        N                14.6756257163855    None     
None          46         GLY         None        N                18.4369104570295    None     
None          47         GLY         None        N                17.0950055343806    None     
None          48         GLY         None        N                 11.624432474512    None     
None          49         GLY         None        N                10.2779907375606    None     
None          50         GLY         None        N                12.7764556925359    None     
None          51         GLY         None        N                7.65380237413642    None     
None          52         GLY         None        N                18.8171766808232    None     
None          53         GLY         None        N                14.1583730340877    None     
None          54         GLY         None        N            None                    None     
None          55         GLY         None        N                19.6090078051962    None     
None          56         GLY         None        N                24.5634756166675    None     
None          57         GLY         None        N                17.3710192775865    None     
None          58         GLY         None        N                12.3088690259126    None     
None          59         GLY         None        N                15.9326002475692    None     
None          60         GLY         None        N                 17.600004368244    None     
None          61         GLY         None        N                35.2017282563608    None     
None          62         GLY         None        N                18.5398096317442    None     
None          63         GLY         None        N                25.3202654542274    None     
None          64         GLY         None        N                20.0166236414112    None     
None          65         GLY         None        N                12.3158959595403    None     
None          66         GLY         None        N                 9.0464723202935    None     
None          67         GLY         None        N                28.0556754598561    None     
None          68         GLY         None        N            None                    None     
None          69         GLY         None        N            None                    None     
None          70         GLY         None        N                23.5025728429361    None     
None          71         GLY         None        N                8.75922255842256    None     
None          72         GLY         None        N                40.2516421190002    None     
None          73         GLY         None        N                424.896530057194    None     
