# Experiment_name    Field_strength_(MHz) Disp_point_(Hz)      R2eff_(measured)     R2eff_(back_calc)    R2eff_errors        
'SQ CPMG'                   500.000000000            66.666600   16.045540885533605   15.709097587959377    0.310924686180635
'SQ CPMG'                   500.000000000           133.333300   14.877924861181727   14.940062782524024    0.303217270671013
'SQ CPMG'                   500.000000000           200.000000   14.357820247260586   14.145051461001344    0.299894424543361
'SQ CPMG'                   500.000000000           266.666600   12.664494620416516   13.211588880100749    0.289532060485796
'SQ CPMG'                   500.000000000           333.333300   12.363204802467891   12.230875832339052    0.287759631749322
'SQ CPMG'                   500.000000000           400.000000   11.092532381134513   11.332486574293853    0.280514035409862
'SQ CPMG'                   500.000000000           466.666600   10.566090057649893   10.570189883961461    0.277618625949722
'SQ CPMG'                   500.000000000           533.333300    9.805806894657803    9.945929543150328    0.273544382200754
'SQ CPMG'                   500.000000000           600.000000    9.564300692201730    9.441525099154205    0.272276309984954
'SQ CPMG'                   500.000000000           666.666600    9.015633750407980    9.034773383113929    0.269441511838159
'SQ CPMG'                   500.000000000           733.333300    8.607764958055581    8.705504447088515    0.267375134391053
'SQ CPMG'                   500.000000000           800.000000    8.279997179221338    8.437163900074438    0.265739551961997
'SQ CPMG'                   500.000000000           866.666600    8.474535940963516    8.216722909119198    0.266707642726566
'SQ CPMG'                   500.000000000           933.333300    8.158972897365194    8.034100211803889    0.265141210539941
'SQ CPMG'                   500.000000000          1000.000000    7.988630509501972    7.881535146236615    0.264304105548559
'SQ CPMG'                   800.000000000            66.666600   22.224914187017955   22.029928120378372    0.261003723648147
'SQ CPMG'                   800.000000000           133.333300   21.230874263054286   21.398179112930961    0.254953746068935
'SQ CPMG'                   800.000000000           200.000000   20.603704070506069   20.790625231321656    0.251248096842796
'SQ CPMG'                   800.000000000           266.666600   20.327797401799192   20.173999717142010    0.249644728507912
'SQ CPMG'                   800.000000000           333.333300   18.855377144166454   19.300348859741121    0.241359197661523
'SQ CPMG'                   800.000000000           400.000000   18.537530893451883   18.227936061819491    0.239629396817541
'SQ CPMG'                   800.000000000           466.666600   17.508069423326553   17.126095600536587    0.234166268386898
'SQ CPMG'                   800.000000000           533.333300   16.035603819868157   16.104559052598120    0.226712849547318
'SQ CPMG'                   800.000000000           600.000000   15.168191575096751   15.206950007221394    0.222514499378534
'SQ CPMG'                   800.000000000           666.666600   14.431802236880866   14.439048678918084    0.219058971005995
'SQ CPMG'                   800.000000000           733.333300   14.034137303142154   13.789999231261277    0.217233609091337
'SQ CPMG'                   800.000000000           800.000000   12.920148216311929   13.243580305955902    0.212268826118432
'SQ CPMG'                   800.000000000           866.666600   12.653673349582139   12.783303031736750    0.211113121548213
'SQ CPMG'                   800.000000000           933.333300   12.610863989976654   12.394384539178873    0.210928589352101
'SQ CPMG'                   800.000000000          1000.000000   11.969303192678483   12.064291919153561    0.208200307992286
