# Experiment_name    Field_strength_(MHz) Disp_point_(Hz)      R2eff_(measured)     R2eff_(back_calc)    R2eff_errors        
'SQ CPMG'                   500.000000000            66.666600    8.425687477469562    8.338983899989216    0.146775813636331
'SQ CPMG'                   500.000000000           133.333300    7.884234942813783    7.977118667023547    0.145305195570859
'SQ CPMG'                   500.000000000           200.000000    7.464012532656190    7.562191628736855    0.144186404554788
'SQ CPMG'                   500.000000000           266.666600    7.130715481131866    7.197465380457402    0.143312872804557
'SQ CPMG'                   500.000000000           333.333300    7.228120711864885    6.926642352622935    0.143566903567338
'SQ CPMG'                   500.000000000           400.000000    6.575261674069972    6.734703369838940    0.141883910476012
'SQ CPMG'                   500.000000000           466.666600    6.786742938324782    6.598562754171667    0.142424044574135
'SQ CPMG'                   500.000000000           533.333300    6.556444332007134    6.500346222990174    0.141836082320254
'SQ CPMG'                   500.000000000           600.000000    6.439824603776440    6.427950904759996    0.141540512819254
'SQ CPMG'                   500.000000000           666.666600    6.408199761569594    6.373421322783997    0.141460610478118
'SQ CPMG'                   500.000000000           733.333300    6.156081236184580    6.331509241744016    0.140827413503261
'SQ CPMG'                   500.000000000           800.000000    6.347803073761001    6.298698437378221    0.141308309748309
'SQ CPMG'                   500.000000000           866.666600    6.315195842835422    6.272586355671933    0.141226246069622
'SQ CPMG'                   500.000000000           933.333300    6.178553780246042    6.251497585682955    0.140883580195002
'SQ CPMG'                   500.000000000          1000.000000    6.138499288591547    6.234240705289608    0.140783507287040
'SQ CPMG'                   800.000000000            66.666600   12.025881868794484   12.021939431072724    0.129767347965425
'SQ CPMG'                   800.000000000           133.333300   11.587672562649466   11.631286331389788    0.128629296065241
'SQ CPMG'                   800.000000000           200.000000   11.052464539899196   11.032840861215618    0.127266122666924
'SQ CPMG'                   800.000000000           266.666600   10.465345891838806   10.239386663622327    0.125804090157407
'SQ CPMG'                   800.000000000           333.333300    9.351018775018694    9.553249713512628    0.123123050667229
'SQ CPMG'                   800.000000000           400.000000    8.869429157302655    9.035496267071153    0.122001563675276
'SQ CPMG'                   800.000000000           466.666600    8.679425241178562    8.656993078409869    0.121565162608331
'SQ CPMG'                   800.000000000           533.333300    8.370654961348288    8.379394821529559    0.120863224789663
'SQ CPMG'                   800.000000000           600.000000    8.212152734513390    8.172752611380702    0.120506357401690
'SQ CPMG'                   800.000000000           666.666600    8.081446445969704    8.016118164628779    0.120213828060764
'SQ CPMG'                   800.000000000           733.333300    7.963658538650788    7.895209027302940    0.119951564508199
'SQ CPMG'                   800.000000000           800.000000    7.996219454899363    7.800266671747181    0.120023935767339
'SQ CPMG'                   800.000000000           866.666600    7.757567735243659    7.724538471750748    0.119495760243490
'SQ CPMG'                   800.000000000           933.333300    7.575240266294406    7.663274646232708    0.119095755049672
'SQ CPMG'                   800.000000000          1000.000000    7.454794121622749    7.613076611693828    0.118833171101742
