# Parameter description:  The chemical shift difference between states A and B (in ppm).
#
# mol_name    res_num    res_name    spin_num    spin_name    value                   error    
None          1          GLY         None        N                6.97012402406096    None     
None          2          GLY         None        N                4.44374929415414    None     
None          3          GLY         None        N               0.945898142549696    None     
None          4          GLY         None        N                 6.4421263806086    None     
None          5          GLY         None        N                4.06728980758688    None     
None          6          GLY         None        N             0.00111242014414614    None     
None          7          GLY         None        N             4.6828232201415e-06    None     
None          8          GLY         None        N                 2.6234538443381    None     
None          9          GLY         None        N            None                    None     
None          10         GLY         None        N               0.804755029701627    None     
None          11         GLY         None        N               0.271211528024347    None     
None          12         GLY         None        N                3.98935939170012    None     
None          13         GLY         None        N               0.172775728985438    None     
None          14         GLY         None        N                2.72498210356492    None     
None          15         GLY         None        N               0.386379873982451    None     
None          16         GLY         None        N               0.493034227186478    None     
None          17         GLY         None        N                 21.386434515869    None     
None          18         GLY         None        N                2.67336914618621    None     
None          19         GLY         None        N                1.75422072552601    None     
None          20         GLY         None        N                0.46272470283125    None     
None          21         GLY         None        N                1.46713495492244    None     
None          22         GLY         None        N               0.203782578189621    None     
None          23         GLY         None        N                2.90075235951428    None     
None          24         GLY         None        N               0.718752653531241    None     
None          25         GLY         None        N                2.40808030990281    None     
None          26         GLY         None        N                3.19522102808704    None     
None          27         GLY         None        N            None                    None     
None          28         GLY         None        N            None                    None     
None          29         GLY         None        N                 1.7850066242514    None     
None          30         GLY         None        N            None                    None     
None          31         GLY         None        N                1.35089218442785    None     
None          32         GLY         None        N                 2.5107206517545    None     
None          33         GLY         None        N                3.75906799095662    None     
None          34         GLY         None        N                1.08701432750263    None     
None          35         GLY         None        N               0.803884859434645    None     
None          36         GLY         None        N            0.000412804587766654    None     
None          37         GLY         None        N               0.259618888478972    None     
None          38         GLY         None        N               0.259379006475238    None     
None          39         GLY         None        N               0.937597025298566    None     
None          40         GLY         None        N               0.171552758610987    None     
None          41         GLY         None        N                3.62031167912164    None     
None          42         GLY         None        N               0.264256045855954    None     
None          43         GLY         None        N                15.9853416409562    None     
None          44         GLY         None        N             0.00125938609992508    None     
None          45         GLY         None        N               0.923023685398692    None     
None          46         GLY         None        N               0.277929851047826    None     
None          47         GLY         None        N               0.542436096520743    None     
None          48         GLY         None        N               0.246672106777774    None     
None          49         GLY         None        N                2.58817489058945    None     
None          50         GLY         None        N               0.910813747282451    None     
None          51         GLY         None        N                1.64569014553063    None     
None          52         GLY         None        N                3.99191413238377    None     
None          53         GLY         None        N               0.885732103989797    None     
None          54         GLY         None        N            None                    None     
None          55         GLY         None        N                 1.6703739158347    None     
None          56         GLY         None        N            0.000108424267551474    None     
None          57         GLY         None        N                1.32850928606467    None     
None          58         GLY         None        N                2.34314370062608    None     
None          59         GLY         None        N                1.80271912028467    None     
None          60         GLY         None        N               0.472558879935311    None     
None          61         GLY         None        N                4.37503884755757    None     
None          62         GLY         None        N                3.72609908384757    None     
None          63         GLY         None        N                3.03558342928469    None     
None          64         GLY         None        N                2.92590195587226    None     
None          65         GLY         None        N                3.08268990055121    None     
None          66         GLY         None        N                3.88821146420896    None     
None          67         GLY         None        N                6.96911219190178    None     
None          68         GLY         None        N            None                    None     
None          69         GLY         None        N            None                    None     
None          70         GLY         None        N                5.32714191313134    None     
None          71         GLY         None        N                1.09770208550341    None     
None          72         GLY         None        N                5.99560017395722    None     
None          73         GLY         None        N             0.00424715374947853    None     
