# Parameter description:  The exchange rate.
#
# mol_name    res_num    res_name    spin_num    spin_name    value                   error    
None          1          GLY         None        N                2059.68791538357    None     
None          2          GLY         None        N                2786.31883691098    None     
None          3          GLY         None        N                5412.53381337084    None     
None          4          GLY         None        N                46.1141515903552    None     
None          5          GLY         None        N                1831.76479369914    None     
None          6          GLY         None        N               0.221381838154723    None     
None          7          GLY         None        N                14228.4325757101    None     
None          8          GLY         None        N                1408.27481578969    None     
None          9          GLY         None        N            None                    None     
None          10         GLY         None        N                1801.39548718499    None     
None          11         GLY         None        N                951.232648254413    None     
None          12         GLY         None        N                3.20083562054266    None     
None          13         GLY         None        N                 31.044444456085    None     
None          14         GLY         None        N                694.810095893785    None     
None          15         GLY         None        N                2176.75971027582    None     
None          16         GLY         None        N               0.766068068388266    None     
None          17         GLY         None        N               0.103843059950633    None     
None          18         GLY         None        N                104.618088556969    None     
None          19         GLY         None        N                224.976869612246    None     
None          20         GLY         None        N                1453.66761389231    None     
None          21         GLY         None        N                2205.56839144471    None     
None          22         GLY         None        N                701.007291770132    None     
None          23         GLY         None        N                755.157098279442    None     
None          24         GLY         None        N                5996.72769132012    None     
None          25         GLY         None        N                307.637289988347    None     
None          26         GLY         None        N                1682.70981903167    None     
None          27         GLY         None        N            None                    None     
None          28         GLY         None        N            None                    None     
None          29         GLY         None        N               0.944100514055585    None     
None          30         GLY         None        N            None                    None     
None          31         GLY         None        N                 1749.1862279176    None     
None          32         GLY         None        N                2174.14228060997    None     
None          33         GLY         None        N                1.30306744422302    None     
None          34         GLY         None        N                 1756.4128981708    None     
None          35         GLY         None        N                1560.56026284796    None     
None          36         GLY         None        N                182576.483341184    None     
None          37         GLY         None        N                2226.35847790874    None     
None          38         GLY         None        N                2728.64127217732    None     
None          39         GLY         None        N                2356.28074660861    None     
None          40         GLY         None        N                22.6346615066329    None     
None          41         GLY         None        N                 178.40266534833    None     
None          42         GLY         None        N                1685.29502969427    None     
None          43         GLY         None        N               0.647119343167895    None     
None          44         GLY         None        N                73346.9505316775    None     
None          45         GLY         None        N                3127.44381841836    None     
None          46         GLY         None        N                1649.74750386302    None     
None          47         GLY         None        N                1565.20876237903    None     
None          48         GLY         None        N                 1363.6191633413    None     
None          49         GLY         None        N                1113.53809080707    None     
None          50         GLY         None        N                1.57813141819956    None     
None          51         GLY         None        N                640.121994806646    None     
None          52         GLY         None        N                2218.33713478942    None     
None          53         GLY         None        N                1634.65060409665    None     
None          54         GLY         None        N            None                    None     
None          55         GLY         None        N                2315.37288826339    None     
None          56         GLY         None        N                57943.5193179049    None     
None          57         GLY         None        N                7.35864893543635    None     
None          58         GLY         None        N                48.4725542888479    None     
None          59         GLY         None        N                1834.91039572858    None     
None          60         GLY         None        N                2033.33931450543    None     
None          61         GLY         None        N                1967.94594851188    None     
None          62         GLY         None        N                3.24444491764664    None     
None          63         GLY         None        N                1066.15834384498    None     
None          64         GLY         None        N                1970.65448630879    None     
None          65         GLY         None        N                773.571439912671    None     
None          66         GLY         None        N                3.47551096830123    None     
None          67         GLY         None        N                2101.83722346234    None     
None          68         GLY         None        N            None                    None     
None          69         GLY         None        N            None                    None     
None          70         GLY         None        N                1914.93561638644    None     
None          71         GLY         None        N                 2590.9856131179    None     
None          72         GLY         None        N                1915.19356781029    None     
None          73         GLY         None        N              0.0518236046261957    None     
