# Parameter description:  The population for state A.
#
# mol_name    res_num    res_name    spin_num    spin_name    value                   error    
None          1          GLY         None        N               0.983674578123932    None     
None          2          GLY         None        N               0.998998218491263    None     
None          3          GLY         None        N               0.981069343706698    None     
None          4          GLY         None        N               0.997960415276924    None     
None          5          GLY         None        N               0.984780322726671    None     
None          6          GLY         None        N                0.67799479031542    None     
None          7          GLY         None        N               0.844886822441413    None     
None          8          GLY         None        N               0.995099670376561    None     
None          9          GLY         None        N            None                    None     
None          10         GLY         None        N               0.991218341953685    None     
None          11         GLY         None        N               0.977080462285863    None     
None          12         GLY         None        N               0.520966001726543    None     
None          13         GLY         None        N               0.976945645892118    None     
None          14         GLY         None        N                0.99764889455323    None     
None          15         GLY         None        N               0.956753542509838    None     
None          16         GLY         None        N                  0.583758497659    None     
None          17         GLY         None        N               0.999802181648257    None     
None          18         GLY         None        N                0.99432953924491    None     
None          19         GLY         None        N               0.998892989495333    None     
None          20         GLY         None        N               0.965475666507776    None     
None          21         GLY         None        N               0.972582919013347    None     
None          22         GLY         None        N               0.960894209372612    None     
None          23         GLY         None        N                0.99687408354614    None     
None          24         GLY         None        N               0.952223209080993    None     
None          25         GLY         None        N               0.997909316752383    None     
None          26         GLY         None        N               0.988154107270686    None     
None          27         GLY         None        N            None                    None     
None          28         GLY         None        N            None                    None     
None          29         GLY         None        N               0.629693049489817    None     
None          30         GLY         None        N            None                    None     
None          31         GLY         None        N               0.985249971746331    None     
None          32         GLY         None        N               0.986679363168441    None     
None          33         GLY         None        N                0.51236952026955    None     
None          34         GLY         None        N               0.983163356602952    None     
None          35         GLY         None        N               0.991326540057969    None     
None          36         GLY         None        N               0.939771985223444    None     
None          37         GLY         None        N               0.965967748258475    None     
None          38         GLY         None        N               0.500000123147109    None     
None          39         GLY         None        N               0.932398864222125    None     
None          40         GLY         None        N               0.891883058996345    None     
None          41         GLY         None        N               0.996025454764741    None     
None          42         GLY         None        N               0.801091786658658    None     
None          43         GLY         None        N               0.560068156156843    None     
None          44         GLY         None        N               0.999675638482193    None     
None          45         GLY         None        N               0.984189467276445    None     
None          46         GLY         None        N               0.681449441188112    None     
None          47         GLY         None        N               0.951145634618722    None     
None          48         GLY         None        N               0.843340477256184    None     
None          49         GLY         None        N               0.998553880890855    None     
None          50         GLY         None        N               0.565099902045451    None     
None          51         GLY         None        N               0.994396595790268    None     
None          52         GLY         None        N               0.981324009306181    None     
None          53         GLY         None        N               0.962308821369151    None     
None          54         GLY         None        N            None                    None     
None          55         GLY         None        N               0.951520598788949    None     
None          56         GLY         None        N                0.99856687068536    None     
None          57         GLY         None        N                0.98976630560389    None     
None          58         GLY         None        N               0.983699001263729    None     
None          59         GLY         None        N               0.992467839854071    None     
None          60         GLY         None        N               0.846753884533122    None     
None          61         GLY         None        N               0.987537182287389    None     
None          62         GLY         None        N               0.684714163339787    None     
None          63         GLY         None        N               0.992934879358101    None     
None          64         GLY         None        N               0.982860194094788    None     
None          65         GLY         None        N               0.994252568613883    None     
None          66         GLY         None        N               0.743680788175887    None     
None          67         GLY         None        N               0.986081881740006    None     
None          68         GLY         None        N            None                    None     
None          69         GLY         None        N            None                    None     
None          70         GLY         None        N               0.988533390038237    None     
None          71         GLY         None        N                0.94697142421441    None     
None          72         GLY         None        N               0.984419908937404    None     
None          73         GLY         None        N                0.99058589491332    None     
