# Parameter description:  The transversal relaxation rate for state A in the absence of exchange.
#
# mol_name    res_num    res_name    spin_num    spin_name    SQ_CPMG_-_500.00000000_MHz    sd(SQ_CPMG_-_500.00000000_MHz)    SQ_CPMG_-_800.00000000_MHz    sd(SQ_CPMG_-_800.00000000_MHz)    
None          1          GLY         None        N                4.66973782050596          None                                  4.70758949881007          None                              
None          2          GLY         None        N                3.85869927050424          None                                   3.8743174984129          None                              
None          3          GLY         None        N                 1.0644594294993          None                                  4.31121138484075          None                              
None          4          GLY         None        N                1.51905366116648          None                                   1.5823133490077          None                              
None          5          GLY         None        N                4.12302962842366          None                                  5.67436678818061          None                              
None          6          GLY         None        N                1.61600569096809          None                                 0.920202880810054          None                              
None          7          GLY         None        N                1.10194079898005          None                                  1.21753332054881          None                              
None          8          GLY         None        N                5.35453794007584          None                                  7.11574941857324          None                              
None          9          GLY         None        N            None                          None                              None                          None                              
None          10         GLY         None        N                4.49853176908242          None                                  7.40770604601736          None                              
None          11         GLY         None        N            5.29323029800788e-95          None                                   3.2037004153102          None                              
None          12         GLY         None        N                3.75253373821237          None                                  5.86501415871508          None                              
None          13         GLY         None        N            3.57438155612073e-36          None                                 0.159393810575449          None                              
None          14         GLY         None        N                5.73952526731547          None                                  7.39641093019432          None                              
None          15         GLY         None        N            2.84374010019548e-09          None                                  6.74324400411756          None                              
None          16         GLY         None        N                2.81416742786828          None                                  3.44772507782696          None                              
None          17         GLY         None        N                6.23757261367221          None                                  7.03558027939741          None                              
None          18         GLY         None        N                5.51916337530362          None                                  6.95825633327892          None                              
None          19         GLY         None        N                5.61747458496195          None                                  6.58550497646492          None                              
None          20         GLY         None        N             2.4562009424166e-10          None                                  7.14112443715335          None                              
None          21         GLY         None        N                6.61306515332707          None                                  7.72231925577682          None                              
None          22         GLY         None        N            9.41243369690237e-11          None                                  7.39898659562266          None                              
None          23         GLY         None        N                5.99262819548298          None                                  7.61419976733278          None                              
None          24         GLY         None        N                  5.726803266045          None                              1.87693027088019e-72          None                              
None          25         GLY         None        N                5.18484426152177          None                                  7.35537153125537          None                              
None          26         GLY         None        N                6.37047682976115          None                                  7.89868289063171          None                              
None          27         GLY         None        N            None                          None                              None                          None                              
None          28         GLY         None        N            None                          None                              None                          None                              
None          29         GLY         None        N                6.08087144810289          None                                    6.775616122501          None                              
None          30         GLY         None        N            None                          None                              None                          None                              
None          31         GLY         None        N                6.04320110080196          None                                  6.56169506548473          None                              
None          32         GLY         None        N                 5.3256579057204          None                                  6.04061513856944          None                              
None          33         GLY         None        N                6.29621770444509          None                                  8.25371633212416          None                              
None          34         GLY         None        N                6.40217555722323          None                                   6.4688419435065          None                              
None          35         GLY         None        N                5.80880999578045          None                                  5.35810617214102          None                              
None          36         GLY         None        N                4.96826592957491          None                                   5.9611981801454          None                              
None          37         GLY         None        N            1.25789159708326e-39          None                                  7.28930656306326          None                              
None          38         GLY         None        N                 5.9259512336846          None                                  7.33617551412112          None                              
None          39         GLY         None        N                6.91240517511396          None                              2.10524084352801e-10          None                              
None          40         GLY         None        N                4.39814201799546          None                                  9.39843498934609          None                              
None          41         GLY         None        N                6.10735967020073          None                                  7.66062189766317          None                              
None          42         GLY         None        N                7.31184851519947          None                              1.25641312867056e-17          None                              
None          43         GLY         None        N                6.09633352898782          None                                  7.18846598513903          None                              
None          44         GLY         None        N                6.50025427444334          None                                  7.46867326235177          None                              
None          45         GLY         None        N                6.39942831396182          None                                  4.08552030518497          None                              
None          46         GLY         None        N                9.05404696108296          None                              7.59182136039067e-11          None                              
None          47         GLY         None        N                6.43974940096306          None                              2.76263247555575e-17          None                              
None          48         GLY         None        N            1.32931108326295e-09          None                                  8.40057007892514          None                              
None          49         GLY         None        N                2.72255116153354          None                                  3.49349407362754          None                              
None          50         GLY         None        N                6.01485061298073          None                                    7.336573445539          None                              
None          51         GLY         None        N                5.52695913004509          None                                  6.85432665011752          None                              
None          52         GLY         None        N                5.77713642224306          None                                  5.07023334214013          None                              
None          53         GLY         None        N                6.01951785239367          None                                  5.13563927406863          None                              
None          54         GLY         None        N            None                          None                              None                          None                              
None          55         GLY         None        N                6.24769175937068          None                              9.19931853377268e-11          None                              
None          56         GLY         None        N                5.01617718917668          None                                  5.93997599258963          None                              
None          57         GLY         None        N                5.23637990797816          None                                   6.6905272450984          None                              
None          58         GLY         None        N                4.99945776078822          None                                  6.87558758175944          None                              
None          59         GLY         None        N                5.84677828518084          None                                  7.62195133789205          None                              
None          60         GLY         None        N            1.88668096386646e-41          None                                  8.25611999452101          None                              
None          61         GLY         None        N                6.52461663076986          None                                  7.89595839065592          None                              
None          62         GLY         None        N                3.73371381639304          None                                  5.29615351176179          None                              
None          63         GLY         None        N                5.19175367996181          None                                  7.30678061418182          None                              
None          64         GLY         None        N                6.66761122519216          None                                  7.55861205860424          None                              
None          65         GLY         None        N                 5.4578523609593          None                                   7.2820446773312          None                              
None          66         GLY         None        N                3.18576503152572          None                                   4.6945748225445          None                              
None          67         GLY         None        N                8.31683938203467          None                                  9.17513469514464          None                              
None          68         GLY         None        N            None                          None                              None                          None                              
None          69         GLY         None        N            None                          None                              None                          None                              
None          70         GLY         None        N                6.77902767463761          None                                  8.04989902570959          None                              
None          71         GLY         None        N                 5.1952707502618          None                               1.4766427723995e-09          None                              
None          72         GLY         None        N                5.81079334878696          None                                  6.02439878793588          None                              
None          73         GLY         None        N                3.90514875309719          None                              1.28950390913017e-07          None                              
