# Parameter description:  The transversal relaxation rate for state B in the absence of exchange.
#
# mol_name    res_num    res_name    spin_num    spin_name    SQ_CPMG_-_500.00000000_MHz    sd(SQ_CPMG_-_500.00000000_MHz)    SQ_CPMG_-_800.00000000_MHz    sd(SQ_CPMG_-_800.00000000_MHz)    
None          1          GLY         None        N            0.000931752451015975          None                                  29.1721676956641          None                              
None          2          GLY         None        N            7.24339656929844e-08          None                                  199.999999998513          None                              
None          3          GLY         None        N                199.999999996933          None                              1.17374199691613e-25          None                              
None          4          GLY         None        N                191.525975686519          None                              3.71433900637543e-06          None                              
None          5          GLY         None        N                51.5908371150996          None                                0.0123399889986895          None                              
None          6          GLY         None        N                4.58422196393394          None                                 0.989988054331947          None                              
None          7          GLY         None        N               0.403472053538052          None                                 0.953025061103807          None                              
None          8          GLY         None        N                68.4811267388151          None                               0.00971981520503559          None                              
None          9          GLY         None        N            None                          None                              None                          None                              
None          10         GLY         None        N                199.999999995466          None                              2.27344452328101e-07          None                              
None          11         GLY         None        N                152.035130216066          None                              9.28671155390189e-08          None                              
None          12         GLY         None        N                7.84847676046086          None                                  5.73079314852531          None                              
None          13         GLY         None        N                199.999999763729          None                              2.84325608314129e-58          None                              
None          14         GLY         None        N                199.999999997547          None                               1.7452464703356e-09          None                              
None          15         GLY         None        N                143.367152666335          None                              9.16656842109073e-40          None                              
None          16         GLY         None        N                199.999587627122          None                                  3.39077021554531          None                              
None          17         GLY         None        N                196.284596736072          None                                  6.93172897725375          None                              
None          18         GLY         None        N                199.999997157434          None                              3.28357035026059e-19          None                              
None          19         GLY         None        N                19.2092178276868          None                                  31.2406030596415          None                              
None          20         GLY         None        N                 199.99999999968          None                              2.41326676731757e-10          None                              
None          21         GLY         None        N                5.41033274851278          None                                  13.4028515815109          None                              
None          22         GLY         None        N                199.999999996348          None                              9.18720465934079e-11          None                              
None          23         GLY         None        N                197.251767475865          None                               0.00319193571649281          None                              
None          24         GLY         None        N            1.26955072028935e-140         None                                   145.72476941025          None                              
None          25         GLY         None        N                199.999999997786          None                              1.25959736268456e-08          None                              
None          26         GLY         None        N                40.1451298173068          None                                0.0259528767514238          None                              
None          27         GLY         None        N            None                          None                              None                          None                              
None          28         GLY         None        N            None                          None                              None                          None                              
None          29         GLY         None        N                5.83607318286836          None                                   7.3433424199523          None                              
None          30         GLY         None        N            None                          None                              None                          None                              
None          31         GLY         None        N            0.000100949902637737          None                                  27.2829081125991          None                              
None          32         GLY         None        N            1.37186631365403e-10          None                                  26.1593308354341          None                              
None          33         GLY         None        N                6.98949325778498          None                                  8.22147713764393          None                              
None          34         GLY         None        N            5.93078282092106e-07          None                                   61.597098595004          None                              
None          35         GLY         None        N            2.56695252019757e-17          None                                  199.999999997832          None                              
None          36         GLY         None        N               0.242311012030357          None                                  6.65903292274269          None                              
None          37         GLY         None        N                199.999999998753          None                              8.93489560312612e-30          None                              
None          38         GLY         None        N                6.09618126510344          None                                  7.31311059467093          None                              
None          39         GLY         None        N            9.13617579172799e-25          None                                  126.528628305802          None                              
None          40         GLY         None        N                199.999997267677          None                              2.60813191030945e-12          None                              
None          41         GLY         None        N                199.999999918761          None                              7.00356852148522e-08          None                              
None          42         GLY         None        N            1.78391336497017e-30          None                                   35.808712636547          None                              
None          43         GLY         None        N                6.01860178581866          None                                  7.11072911918657          None                              
None          44         GLY         None        N                4.33233453303285          None                                   25.449001262416          None                              
None          45         GLY         None        N            4.57932230638638e-40          None                                  199.999999994651          None                              
None          46         GLY         None        N            1.53056223816335e-18          None                                  22.4075237986372          None                              
None          47         GLY         None        N            2.87407906583968e-08          None                                    160.9507624245          None                              
None          48         GLY         None        N                40.4502455171751          None                              2.50792988397473e-16          None                              
None          49         GLY         None        N                193.618697293446          None                                  5.78782335305198          None                              
None          50         GLY         None        N                5.80885351178737          None                                  8.32847243282962          None                              
None          51         GLY         None        N                197.556480157495          None                                  177.064482907455          None                              
None          52         GLY         None        N                18.7415086835202          None                                  118.010461282359          None                              
None          53         GLY         None        N            1.75359706270145e-18          None                                  56.1986588698484          None                              
None          54         GLY         None        N            None                          None                              None                          None                              
None          55         GLY         None        N            1.63555929433595e-09          None                                  165.958848748018          None                              
None          56         GLY         None        N                13.8637778423946          None                                   4.0311238754268          None                              
None          57         GLY         None        N                15.9785300378587          None                              9.75769048505022e-07          None                              
None          58         GLY         None        N                58.5238517349074          None                              8.19687920980535e-07          None                              
None          59         GLY         None        N                35.1692658366879          None                                0.0539757467593161          None                              
None          60         GLY         None        N                39.3068505784285          None                              5.81201375237869e-08          None                              
None          61         GLY         None        N               0.824302075308911          None                                  113.941324389488          None                              
None          62         GLY         None        N                 7.4017716174666          None                                   4.0975682581457          None                              
None          63         GLY         None        N                153.369911930258          None                              2.97649621275033e-09          None                              
None          64         GLY         None        N                3.76165898475196          None                                    10.12619363277          None                              
None          65         GLY         None        N                199.999999999699          None                              1.37316974955356e-06          None                              
None          66         GLY         None        N                4.87167857256609          None                                  3.00074214391228          None                              
None          67         GLY         None        N            9.90664201389986e-11          None                                  199.999999999973          None                              
None          68         GLY         None        N            None                          None                              None                          None                              
None          69         GLY         None        N            None                          None                              None                          None                              
None          70         GLY         None        N               0.868560764031213          None                                  131.630321212989          None                              
None          71         GLY         None        N            1.34526998548787e-08          None                                  135.784913097331          None                              
None          72         GLY         None        N             0.00298886622030645          None                                  13.5333853077017          None                              
None          73         GLY         None        N                3.90514880898202          None                              1.28950459707222e-07          None                              
