# Parameter description:  Chi-squared value.
#
# mol_name    res_num    res_name    spin_num    spin_name    value                   error    
None          1          GLY         None        N                38.2202690272933    None     
None          2          GLY         None        N                11.3064536394898    None     
None          3          GLY         None        N                35.2369097394126    None     
None          4          GLY         None        N                11.3131873634114    None     
None          5          GLY         None        N                24.8487458046647    None     
None          6          GLY         None        N                3.39226745436502    None     
None          7          GLY         None        N                 7.0900105802983    None     
None          8          GLY         None        N                17.6869863147512    None     
None          9          GLY         None        N            None                    None     
None          10         GLY         None        N                8.40007822077038    None     
None          11         GLY         None        N                8.46034087664042    None     
None          12         GLY         None        N                35.4734310047386    None     
None          13         GLY         None        N                6.17454958560698    None     
None          14         GLY         None        N                10.9915892610413    None     
None          15         GLY         None        N                7.90530836394385    None     
None          16         GLY         None        N                 6.0093603327836    None     
None          17         GLY         None        N                15.1272707206309    None     
None          18         GLY         None        N                17.6521028557755    None     
None          19         GLY         None        N                8.70663771946316    None     
None          20         GLY         None        N                8.40011423612854    None     
None          21         GLY         None        N                11.6239713774742    None     
None          22         GLY         None        N                18.2557602460705    None     
None          23         GLY         None        N                10.5546847777814    None     
None          24         GLY         None        N                22.8653705537783    None     
None          25         GLY         None        N                14.7163783005523    None     
None          26         GLY         None        N                17.7728666931466    None     
None          27         GLY         None        N            None                    None     
None          28         GLY         None        N            None                    None     
None          29         GLY         None        N                21.7832792305629    None     
None          30         GLY         None        N            None                    None     
None          31         GLY         None        N                17.5655434871271    None     
None          32         GLY         None        N                 17.064290635156    None     
None          33         GLY         None        N                13.8863641345596    None     
None          34         GLY         None        N                9.19312124071839    None     
None          35         GLY         None        N                10.6087219098847    None     
None          36         GLY         None        N                13.0488230610532    None     
None          37         GLY         None        N                9.18747979066459    None     
None          38         GLY         None        N                23.8842712942539    None     
None          39         GLY         None        N                 11.984145110745    None     
None          40         GLY         None        N                 9.8445152842934    None     
None          41         GLY         None        N                15.5239913787536    None     
None          42         GLY         None        N                11.8539508989335    None     
None          43         GLY         None        N                20.3550851402626    None     
None          44         GLY         None        N                20.4048686961869    None     
None          45         GLY         None        N                14.8084133115234    None     
None          46         GLY         None        N                18.4520225271528    None     
None          47         GLY         None        N                18.1983940342495    None     
None          48         GLY         None        N                11.6676076385185    None     
None          49         GLY         None        N                10.6778960229369    None     
None          50         GLY         None        N                12.8052759214558    None     
None          51         GLY         None        N                  13.37350845948    None     
None          52         GLY         None        N                22.7928543942753    None     
None          53         GLY         None        N                14.2413657038023    None     
None          54         GLY         None        N            None                    None     
None          55         GLY         None        N                27.9860697161405    None     
None          56         GLY         None        N                24.5634756175755    None     
None          57         GLY         None        N                18.3250716307284    None     
None          58         GLY         None        N                14.0180596908871    None     
None          59         GLY         None        N                15.9546897699346    None     
None          60         GLY         None        N                17.7181616677482    None     
None          61         GLY         None        N                39.6317076703888    None     
None          62         GLY         None        N                44.1199918723058    None     
None          63         GLY         None        N                 30.791361274977    None     
None          64         GLY         None        N                20.0232124218339    None     
None          65         GLY         None        N                19.9772523080641    None     
None          66         GLY         None        N                28.0503828744564    None     
None          67         GLY         None        N                 62.618641325892    None     
None          68         GLY         None        N            None                    None     
None          69         GLY         None        N            None                    None     
None          70         GLY         None        N                27.8038009879309    None     
None          71         GLY         None        N                10.0771800130978    None     
None          72         GLY         None        N                40.3517249855002    None     
None          73         GLY         None        N                424.896529872934    None     
