# Experiment_name    Field_strength_(MHz) Disp_point_(Hz)      R2eff_(measured)     R2eff_(back_calc)    R2eff_errors        
'SQ CPMG'                   500.000000000            66.666600   15.313611840033882   15.099524785925837    0.233822664952944
'SQ CPMG'                   500.000000000           133.333300   13.948993678136391   14.210895875285246    0.227157974883472
'SQ CPMG'                   500.000000000           200.000000   13.328471997751532   13.285600805869649    0.224242656329877
'SQ CPMG'                   500.000000000           266.666600   12.571440139905013   12.289563314779116    0.220780978624152
'SQ CPMG'                   500.000000000           333.333300   11.433255111111098   11.323087241025064    0.215768067963313
'SQ CPMG'                   500.000000000           400.000000   10.498929498985952   10.473679485378170    0.211820291065510
'SQ CPMG'                   500.000000000           466.666600    9.778908366560447    9.767321745421896    0.208878056096284
'SQ CPMG'                   500.000000000           533.333300    9.253354862397094    9.194593723614503    0.206784256860483
'SQ CPMG'                   500.000000000           600.000000    8.873950936733186    8.734139483766739    0.205300458426893
'SQ CPMG'                   500.000000000           666.666600    8.060860647234781    8.363771568758466    0.202197544244557
'SQ CPMG'                   500.000000000           733.333300    7.971592217904702    8.064334920357851    0.201863188730119
'SQ CPMG'                   500.000000000           800.000000    8.031872062756570    7.820450266171974    0.202088831600430
'SQ CPMG'                   500.000000000           866.666600    7.502731670067789    7.620144803086987    0.200127278703671
'SQ CPMG'                   500.000000000           933.333300    7.328290680092839    7.454207889570853    0.199490028883914
'SQ CPMG'                   500.000000000          1000.000000    7.206308849424239    7.315571667885251    0.199047166597701
'SQ CPMG'                   800.000000000            66.666600   23.286865743340655   22.975302671041277    0.214493758398019
'SQ CPMG'                   800.000000000           133.333300   21.889109325804789   21.956870724843611    0.207461481673047
'SQ CPMG'                   800.000000000           200.000000   20.804591059176978   20.968555813667763    0.202245907538855
'SQ CPMG'                   800.000000000           266.666600   19.547137616444829   19.803145508604871    0.196452965617405
'SQ CPMG'                   800.000000000           333.333300   18.305080651404992   18.365416839446652    0.190990136245303
'SQ CPMG'                   800.000000000           400.000000   17.098261535398894   16.865226282414028    0.185920506854752
'SQ CPMG'                   800.000000000           466.666600   15.161442176593900   15.477966765088354    0.178254973536306
'SQ CPMG'                   800.000000000           533.333300   14.383097214158546   14.274849090587850    0.175331764963724
'SQ CPMG'                   800.000000000           600.000000   13.336656997972469   13.263311926338019    0.171538721941368
'SQ CPMG'                   800.000000000           666.666600   12.377431281777602   12.423951949057027    0.168196167599324
'SQ CPMG'                   800.000000000           733.333300   11.770215059269841   11.729903892448647    0.166144974603790
'SQ CPMG'                   800.000000000           800.000000   11.034733996007079   11.155052038245344    0.163726187951875
'SQ CPMG'                   800.000000000           866.666600   10.781947501537408   10.676813933759718    0.162911199709796
'SQ CPMG'                   800.000000000           933.333300   10.511300873008754   10.276627271036432    0.162047787225014
'SQ CPMG'                   800.000000000          1000.000000    9.839278071544891    9.939587899116759    0.159944368499272
