# Experiment_name    Field_strength_(MHz) Disp_point_(Hz)      R2eff_(measured)     R2eff_(back_calc)    R2eff_errors        
'SQ CPMG'                   500.000000000            66.666600    7.044342457026060    6.988258091488660    0.170035091096759
'SQ CPMG'                   500.000000000           133.333300    6.781032716546586    6.758408831931092    0.169228124742171
'SQ CPMG'                   500.000000000           200.000000    6.467622614080504    6.527745010890840    0.168279175480020
'SQ CPMG'                   500.000000000           266.666600    6.333339827307936    6.303030279136237    0.167876407396530
'SQ CPMG'                   500.000000000           333.333300    6.323238193341627    6.097873916907020    0.167846200664557
'SQ CPMG'                   500.000000000           400.000000    6.005245039869958    5.920803185661043    0.166901869596418
'SQ CPMG'                   500.000000000           466.666600    5.767051993948105    5.773197622677799    0.166202794863820
'SQ CPMG'                   500.000000000           533.333300    5.476967601293420    5.652311384094901    0.165360912204197
'SQ CPMG'                   500.000000000           600.000000    5.469948766899343    5.553957968053737    0.165340670525698
'SQ CPMG'                   500.000000000           666.666600    5.295113207914031    5.473929241332144    0.164838408142684
'SQ CPMG'                   500.000000000           733.333300    5.435647509638665    5.408553215964957    0.165241835770225
'SQ CPMG'                   500.000000000           800.000000    5.410399932309044    5.354823431930299    0.165169180214833
'SQ CPMG'                   500.000000000           866.666600    5.437553763491596    5.310351494886618    0.165247324614260
'SQ CPMG'                   500.000000000           933.333300    5.176844226808310    5.273265563142786    0.164500764939432
'SQ CPMG'                   500.000000000          1000.000000    5.227231917975078    5.242105587903552    0.164644407241528
'SQ CPMG'                   800.000000000            66.666600   11.530902952570244   11.461126036008864    0.128638053168655
'SQ CPMG'                   800.000000000           133.333300   10.983093505787423   11.008859110834692    0.127244631705661
'SQ CPMG'                   800.000000000           200.000000   10.512402662832697   10.549029652283934    0.126071649199138
'SQ CPMG'                   800.000000000           266.666600    9.984805021536577   10.076824934249771    0.124783113221024
'SQ CPMG'                   800.000000000           333.333300    9.573163090588967    9.620827804035798    0.123796776097788
'SQ CPMG'                   800.000000000           400.000000    9.178810396621017    9.211082641331586    0.122867277729439
'SQ CPMG'                   800.000000000           466.666600    8.935719071952251    8.860290244453836    0.122301739295285
'SQ CPMG'                   800.000000000           533.333300    8.610146529563018    8.567836698062365    0.121553106826374
'SQ CPMG'                   800.000000000           600.000000    8.353778202796141    8.326961100731069    0.120970631196774
'SQ CPMG'                   800.000000000           666.666600    8.173728873589740    8.129246721860000    0.120565225958849
'SQ CPMG'                   800.000000000           733.333300    8.091606506079922    7.966694869008506    0.120381317053987
'SQ CPMG'                   800.000000000           800.000000    7.706419934310428    7.832453775858994    0.119527020747642
'SQ CPMG'                   800.000000000           866.666600    7.709125356916797    7.720928124541615    0.119532973502435
'SQ CPMG'                   800.000000000           933.333300    7.610856004483271    7.627651647687799    0.119317180233232
'SQ CPMG'                   800.000000000          1000.000000    7.552584420153484    7.549095378632501    0.119189635830933
