# Parameter description:  The chemical shift difference between states A and B (in ppm).
#
# mol_name    res_num    res_name    spin_num    spin_name    value                   error    
None          1          GLY         None        N                7.01920815612046    None     
None          2          GLY         None        N                5.32442675707626    None     
None          3          GLY         None        N            0.000191966869401991    None     
None          4          GLY         None        N                4.53197978248084    None     
None          5          GLY         None        N                3.88818279072427    None     
None          6          GLY         None        N            0.000841973875140258    None     
None          7          GLY         None        N            9.41131042162276e-05    None     
None          8          GLY         None        N                  2.291552518573    None     
None          9          GLY         None        N            None                    None     
None          10         GLY         None        N               0.149522644419678    None     
None          11         GLY         None        N              0.0807634608540256    None     
None          12         GLY         None        N                3.67886006339461    None     
None          13         GLY         None        N              0.0164118361484067    None     
None          14         GLY         None        N                1.72436644841153    None     
None          15         GLY         None        N               0.158274994395099    None     
None          16         GLY         None        N              0.0800518367920744    None     
None          17         GLY         None        N                16.1179841976596    None     
None          18         GLY         None        N                1.72110105270501    None     
None          19         GLY         None        N                1.78537596281994    None     
None          20         GLY         None        N               0.169151176872171    None     
None          21         GLY         None        N                 1.5500294802334    None     
None          22         GLY         None        N              0.0775311279533704    None     
None          23         GLY         None        N                2.20173427857703    None     
None          24         GLY         None        N               0.289055438753242    None     
None          25         GLY         None        N                1.52728380090362    None     
None          26         GLY         None        N                3.02359969608325    None     
None          27         GLY         None        N            None                    None     
None          28         GLY         None        N            None                    None     
None          29         GLY         None        N                2.24183620127516    None     
None          30         GLY         None        N            None                    None     
None          31         GLY         None        N                1.59801805846002    None     
None          32         GLY         None        N                2.67037543404932    None     
None          33         GLY         None        N                3.67467693394743    None     
None          34         GLY         None        N                1.70068952191144    None     
None          35         GLY         None        N               0.745686206080862    None     
None          36         GLY         None        N              0.0306367933328662    None     
None          37         GLY         None        N              0.0989903843575009    None     
None          38         GLY         None        N               0.259379105225472    None     
None          39         GLY         None        N                2.11961318229639    None     
None          40         GLY         None        N              0.0377041668946658    None     
None          41         GLY         None        N                3.79313138746125    None     
None          42         GLY         None        N                0.20842920207667    None     
None          43         GLY         None        N                15.9853622681691    None     
None          44         GLY         None        N              0.0814981842258119    None     
None          45         GLY         None        N               0.212208635779678    None     
None          46         GLY         None        N               0.257631287745673    None     
None          47         GLY         None        N                1.38474041495446    None     
None          48         GLY         None        N                0.18012500724162    None     
None          49         GLY         None        N                 1.6530855250113    None     
None          50         GLY         None        N                1.27607258045261    None     
None          51         GLY         None        N                3.28740447495257    None     
None          52         GLY         None        N                4.34063419613969    None     
None          53         GLY         None        N                1.50109259303439    None     
None          54         GLY         None        N            None                    None     
None          55         GLY         None        N                2.77744198706591    None     
None          56         GLY         None        N              0.0603793923174569    None     
None          57         GLY         None        N              0.0874279741192778    None     
None          58         GLY         None        N                 1.2388301811029    None     
None          59         GLY         None        N                1.42872295038869    None     
None          60         GLY         None        N                0.34093928670956    None     
None          61         GLY         None        N                4.67003110037597    None     
None          62         GLY         None        N                3.46300869999874    None     
None          63         GLY         None        N                2.35198021186135    None     
None          64         GLY         None        N                2.95372086685344    None     
None          65         GLY         None        N                2.20544708933113    None     
None          66         GLY         None        N                3.66482397582368    None     
None          67         GLY         None        N                7.27670332860818    None     
None          68         GLY         None        N            None                    None     
None          69         GLY         None        N            None                    None     
None          70         GLY         None        N                5.60709732604118    None     
None          71         GLY         None        N                2.36092726823541    None     
None          72         GLY         None        N                6.02141312144959    None     
None          73         GLY         None        N             0.00424715382815309    None     
