# Parameter description:  The exchange rate.
#
# mol_name    res_num    res_name    spin_num    spin_name    value                   error    
None          1          GLY         None        N                1994.27855685613    None     
None          2          GLY         None        N                2833.11989687461    None     
None          3          GLY         None        N                1.02905492131064    None     
None          4          GLY         None        N                1799.96956063246    None     
None          5          GLY         None        N                1991.31001644662    None     
None          6          GLY         None        N               0.226950349788347    None     
None          7          GLY         None        N                1.84033055843143    None     
None          8          GLY         None        N                1592.17317189534    None     
None          9          GLY         None        N            None                    None     
None          10         GLY         None        N                1887.77822345688    None     
None          11         GLY         None        N                972.753842653423    None     
None          12         GLY         None        N                2.67156485329904    None     
None          13         GLY         None        N                586.096215491597    None     
None          14         GLY         None        N                1387.70826427086    None     
None          15         GLY         None        N                2230.90712457831    None     
None          16         GLY         None        N                19.2901630507944    None     
None          17         GLY         None        N               0.177390416042026    None     
None          18         GLY         None        N                 1061.3147475929    None     
None          19         GLY         None        N                214.585298313513    None     
None          20         GLY         None        N                1524.42870187427    None     
None          21         GLY         None        N                2188.26895944604    None     
None          22         GLY         None        N                759.436080328666    None     
None          23         GLY         None        N                1363.91834994136    None     
None          24         GLY         None        N                5862.82302354624    None     
None          25         GLY         None        N                1051.70746354081    None     
None          26         GLY         None        N                1804.75631404868    None     
None          27         GLY         None        N            None                    None     
None          28         GLY         None        N            None                    None     
None          29         GLY         None        N               0.536379024633436    None     
None          30         GLY         None        N            None                    None     
None          31         GLY         None        N                1695.35982534022    None     
None          32         GLY         None        N                2111.68806488654    None     
None          33         GLY         None        N                1.21070683759958    None     
None          34         GLY         None        N                1639.03519152559    None     
None          35         GLY         None        N                1648.44647376066    None     
None          36         GLY         None        N                20208.7646163098    None     
None          37         GLY         None        N                2502.33493075618    None     
None          38         GLY         None        N                2728.64235539601    None     
None          39         GLY         None        N                2148.71536088282    None     
None          40         GLY         None        N                 329.71078379892    None     
None          41         GLY         None        N                 1.4074567824245    None     
None          42         GLY         None        N                1707.60044702486    None     
None          43         GLY         None        N                0.64242786314458    None     
None          44         GLY         None        N                21274.5135198539    None     
None          45         GLY         None        N                3200.77187699889    None     
None          46         GLY         None        N                 1655.5264987784    None     
None          47         GLY         None        N                   1509.17186261    None     
None          48         GLY         None        N                 1371.9218110958    None     
None          49         GLY         None        N                1574.86815417576    None     
None          50         GLY         None        N               0.833690073455106    None     
None          51         GLY         None        N                2.01690164517178    None     
None          52         GLY         None        N                2015.48305408797    None     
None          53         GLY         None        N                1525.46889610093    None     
None          54         GLY         None        N            None                    None     
None          55         GLY         None        N                1998.71230566126    None     
None          56         GLY         None        N                13261.7678705622    None     
None          57         GLY         None        N                 279.85785530626    None     
None          58         GLY         None        N                1105.83346187034    None     
None          59         GLY         None        N                1957.24392224329    None     
None          60         GLY         None        N                 2039.3232749646    None     
None          61         GLY         None        N                1723.75012899803    None     
None          62         GLY         None        N                2.46286295968831    None     
None          63         GLY         None        N                1573.61946749253    None     
None          64         GLY         None        N                 1954.8950538782    None     
None          65         GLY         None        N                1507.34920844772    None     
None          66         GLY         None        N                2.67433676782645    None     
None          67         GLY         None        N                1686.35065843164    None     
None          68         GLY         None        N            None                    None     
None          69         GLY         None        N            None                    None     
None          70         GLY         None        N                1643.30854542231    None     
None          71         GLY         None        N                2348.23279626499    None     
None          72         GLY         None        N                 1879.0091488837    None     
None          73         GLY         None        N              0.0518236046558118    None     
