# Parameter description:  The population for state A.
#
# mol_name    res_num    res_name    spin_num    spin_name    value                   error    
None          1          GLY         None        N               0.983853849268779    None     
None          2          GLY         None        N               0.999279965822468    None     
None          3          GLY         None        N               0.535099530887217    None     
None          4          GLY         None        N               0.999913972026197    None     
None          5          GLY         None        N               0.983839231904961    None     
None          6          GLY         None        N                0.98973659275165    None     
None          7          GLY         None        N               0.693195923556588    None     
None          8          GLY         None        N                0.99391245001321    None     
None          9          GLY         None        N            None                    None     
None          10         GLY         None        N               0.500051951590281    None     
None          11         GLY         None        N               0.500049734682403    None     
None          12         GLY         None        N               0.500002404231217    None     
None          13         GLY         None        N               0.501133075887437    None     
None          14         GLY         None        N               0.996192976846299    None     
None          15         GLY         None        N               0.500006864287832    None     
None          16         GLY         None        N               0.500262333211954    None     
None          17         GLY         None        N               0.999999968892883    None     
None          18         GLY         None        N               0.998277577605225    None     
None          19         GLY         None        N               0.998985180592749    None     
None          20         GLY         None        N               0.500006442970371    None     
None          21         GLY         None        N               0.975581525539192    None     
None          22         GLY         None        N               0.500046168894674    None     
None          23         GLY         None        N                0.99618484328385    None     
None          24         GLY         None        N               0.500681372441827    None     
None          25         GLY         None        N               0.998025698201938    None     
None          26         GLY         None        N                0.98702619180418    None     
None          27         GLY         None        N            None                    None     
None          28         GLY         None        N            None                    None     
None          29         GLY         None        N               0.500026056902427    None     
None          30         GLY         None        N            None                    None     
None          31         GLY         None        N                0.98958068900384    None     
None          32         GLY         None        N               0.988345110958325    None     
None          33         GLY         None        N               0.500005909389963    None     
None          34         GLY         None        N               0.993336327738833    None     
None          35         GLY         None        N               0.992250128703211    None     
None          36         GLY         None        N               0.999999996057206    None     
None          37         GLY         None        N               0.500055273120684    None     
None          38         GLY         None        N               0.500054794786401    None     
None          39         GLY         None        N               0.988288993264583    None     
None          40         GLY         None        N               0.500056190817357    None     
None          41         GLY         None        N               0.500041471663997    None     
None          42         GLY         None        N               0.500016391299963    None     
None          43         GLY         None        N               0.500015663949631    None     
None          44         GLY         None        N               0.999999999836488    None     
None          45         GLY         None        N               0.500130452645363    None     
None          46         GLY         None        N               0.500007520165712    None     
None          47         GLY         None        N               0.993757034581009    None     
None          48         GLY         None        N               0.500007226777472    None     
None          49         GLY         None        N               0.997124203956991    None     
None          50         GLY         None        N               0.666652756229601    None     
None          51         GLY         None        N                0.50000144654134    None     
None          52         GLY         None        N               0.984945105567673    None     
None          53         GLY         None        N               0.987453124072218    None     
None          54         GLY         None        N            None                    None     
None          55         GLY         None        N               0.984344451413405    None     
None          56         GLY         None        N               0.999999999914736    None     
None          57         GLY         None        N                0.50003883142211    None     
None          58         GLY         None        N               0.995777958452931    None     
None          59         GLY         None        N               0.988037766510553    None     
None          60         GLY         None        N                 0.5000028648001    None     
None          61         GLY         None        N               0.989315304761402    None     
None          62         GLY         None        N               0.500003007095628    None     
None          63         GLY         None        N               0.990383655394967    None     
None          64         GLY         None        N               0.983182411493334    None     
None          65         GLY         None        N                 0.9924247393186    None     
None          66         GLY         None        N               0.500005894160948    None     
None          67         GLY         None        N               0.987008272047825    None     
None          68         GLY         None        N            None                    None     
None          69         GLY         None        N            None                    None     
None          70         GLY         None        N               0.989673329332369    None     
None          71         GLY         None        N               0.989773140546603    None     
None          72         GLY         None        N               0.984478542094766    None     
None          73         GLY         None        N               0.990585894571477    None     
