# Parameter description:  The transversal relaxation rate.
#
# mol_name    res_num    res_name    spin_num    spin_name    SQ_CPMG_-_500.00000000_MHz    sd(SQ_CPMG_-_500.00000000_MHz)    SQ_CPMG_-_800.00000000_MHz    sd(SQ_CPMG_-_800.00000000_MHz)    
None          1          GLY         None        N                4.71485835341853          None                                  5.16099133713626          None                              
None          2          GLY         None        N                 3.8585247106371          None                                  4.01516993986253          None                              
None          3          GLY         None        N                4.87794248272753          None                                  4.72766661121181          None                              
None          4          GLY         None        N                1.57911876939449          None                                  1.59175443448511          None                              
None          5          GLY         None        N                 4.7098364078262          None                                  5.49584987526287          None                              
None          6          GLY         None        N                1.68378571149723          None                                 0.938432606971048          None                              
None          7          GLY         None        N               0.993594943036896          None                                  1.17650461464211          None                              
None          8          GLY         None        N                5.62236095468584          None                                  7.06527922493526          None                              
None          9          GLY         None        N            None                          None                              None                          None                              
None          10         GLY         None        N                 6.0316185706059          None                                  7.34303177146631          None                              
None          11         GLY         None        N                3.00630463978961          None                                  3.13062951831867          None                              
None          12         GLY         None        N                 4.6710575984032          None                                  5.89865109799431          None                              
None          13         GLY         None        N               0.620323986668344          None                                 0.155757838021992          None                              
None          14         GLY         None        N                6.05824334531807          None                                  7.35577066504007          None                              
None          15         GLY         None        N                5.81894998188661          None                                  6.44910852806062          None                              
None          16         GLY         None        N                3.13077200279217          None                                  3.42470402085723          None                              
None          17         GLY         None        N                6.23708207254487          None                                  7.03542516375478          None                              
None          18         GLY         None        N                5.86089001793543          None                                  6.91750899909933          None                              
None          19         GLY         None        N                5.63229481566369          None                                   6.6098627610071          None                              
None          20         GLY         None        N                6.06608204757281          None                                  6.89364087451824          None                              
None          21         GLY         None        N                6.58450786792192          None                                  7.88263675432926          None                              
None          22         GLY         None        N                6.11854894429116          None                                   7.1089922074535          None                              
None          23         GLY         None        N                6.40776323500546          None                                   7.5550477759713          None                              
None          24         GLY         None        N                5.47954130683969          None                                  6.83432033776776          None                              
None          25         GLY         None        N                5.41040666195547          None                                  7.33308099883333          None                              
None          26         GLY         None        N                6.70778207938042          None                                  7.75964752404475          None                              
None          27         GLY         None        N            None                          None                              None                          None                              
None          28         GLY         None        N            None                          None                              None                          None                              
None          29         GLY         None        N                5.97918382824921          None                                   6.9143826327396          None                              
None          30         GLY         None        N            None                          None                              None                          None                              
None          31         GLY         None        N                5.96287862964616          None                                  6.87043954859312          None                              
None          32         GLY         None        N                5.27740446330149          None                                  6.32894281820517          None                              
None          33         GLY         None        N                6.53500947010668          None                                  8.25314978862614          None                              
None          34         GLY         None        N                6.30864988226304          None                                  7.37949066155564          None                              
None          35         GLY         None        N                5.77974710948041          None                                   6.8646997967919          None                              
None          36         GLY         None        N                4.70242614328534          None                                  6.00041619282488          None                              
None          37         GLY         None        N                6.25306019792448          None                                  7.03360588182977          None                              
None          38         GLY         None        N                 6.0110633103509          None                                  7.32464258184694          None                              
None          39         GLY         None        N                6.51457816039687          None                                  8.19906328708804          None                              
None          40         GLY         None        N                6.61000613900804          None                                  7.84379205937038          None                              
None          41         GLY         None        N                6.43425354565475          None                                  7.70959303445617          None                              
None          42         GLY         None        N                5.85782248494326          None                                  7.00190779039161          None                              
None          43         GLY         None        N                6.05981406922775          None                                  7.15194194830551          None                              
None          44         GLY         None        N                6.49954896739942          None                                  7.47450032775963          None                              
None          45         GLY         None        N                6.32837464986102          None                                     7.01383719513          None                              
None          46         GLY         None        N                6.16304092161644          None                                  7.07218896679456          None                              
None          47         GLY         None        N                6.15895829170009          None                                  7.16727973498174          None                              
None          48         GLY         None        N                6.17500121908879          None                                  7.07708715191565          None                              
None          49         GLY         None        N                2.93778366112728          None                                  3.48961203357627          None                              
None          50         GLY         None        N                5.92045554280639          None                                  7.63447943210165          None                              
None          51         GLY         None        N                6.34104190013959          None                                  7.64950312499972          None                              
None          52         GLY         None        N                6.25064534692023          None                                  7.27540129062279          None                              
None          53         GLY         None        N                5.81233139729275          None                                  7.01937033317254          None                              
None          54         GLY         None        N            None                          None                              None                          None                              
None          55         GLY         None        N                6.15499189293687          None                                  7.71381012084265          None                              
None          56         GLY         None        N                5.02885476249111          None                                  5.93723958849692          None                              
None          57         GLY         None        N                5.26228510005049          None                                   6.2454812283899          None                              
None          58         GLY         None        N                5.36995333171671          None                                  6.72445320829046          None                              
None          59         GLY         None        N                6.05175479409806          None                                  7.55040069138342          None                              
None          60         GLY         None        N                5.91179103919669          None                                  6.98747220482861          None                              
None          61         GLY         None        N                6.67218912081998          None                                  9.31410731320236          None                              
None          62         GLY         None        N                 4.2445752387642          None                                  4.90159725319883          None                              
None          63         GLY         None        N                6.00212557735537          None                                  7.17740974761268          None                              
None          64         GLY         None        N                6.62637180117446          None                                  7.61133148977402          None                              
None          65         GLY         None        N                6.23797624270253          None                                  7.15709590552914          None                              
None          66         GLY         None        N                3.42321790450232          None                                  4.13489793592577          None                              
None          67         GLY         None        N                8.86194609093076          None                                  11.9013334586874          None                              
None          68         GLY         None        N            None                          None                              None                          None                              
None          69         GLY         None        N            None                          None                              None                          None                              
None          70         GLY         None        N                6.98867378578226          None                                   9.5332731229057          None                              
None          71         GLY         None        N                 4.9969776453097          None                                  6.92583516677853          None                              
None          72         GLY         None        N                5.76870547191997          None                                  6.17323783683541          None                              
None          73         GLY         None        N                3.90514875323674          None                              1.25805260438313e-07          None                              
