# Parameter description:  Chi-squared value.
#
# mol_name    res_num    res_name    spin_num    spin_name    value                   error    
None          1          GLY         None        N                56.5089758707859    None     
None          2          GLY         None        N                13.5300151589827    None     
None          3          GLY         None        N                12.0015278418638    None     
None          4          GLY         None        N                11.3736904055742    None     
None          5          GLY         None        N                49.1999834039964    None     
None          6          GLY         None        N                3.39226745910079    None     
None          7          GLY         None        N                7.09001056285823    None     
None          8          GLY         None        N                19.3505648776887    None     
None          9          GLY         None        N            None                    None     
None          10         GLY         None        N                8.42491257764811    None     
None          11         GLY         None        N                8.48468309421408    None     
None          12         GLY         None        N                 11.408980151153    None     
None          13         GLY         None        N                6.22240735871551    None     
None          14         GLY         None        N                9.98830022501239    None     
None          15         GLY         None        N                8.02096145222604    None     
None          16         GLY         None        N                6.18723790544523    None     
None          17         GLY         None        N                15.1272707645971    None     
None          18         GLY         None        N                17.0015832903687    None     
None          19         GLY         None        N                 8.6698674080528    None     
None          20         GLY         None        N                8.28908881881316    None     
None          21         GLY         None        N                 12.099769265641    None     
None          22         GLY         None        N                18.2267074319941    None     
None          23         GLY         None        N                8.88646813926277    None     
None          24         GLY         None        N                 23.122526531541    None     
None          25         GLY         None        N                14.3564030929302    None     
None          26         GLY         None        N                21.8563833437417    None     
None          27         GLY         None        N            None                    None     
None          28         GLY         None        N            None                    None     
None          29         GLY         None        N                27.0164953362766    None     
None          30         GLY         None        N            None                    None     
None          31         GLY         None        N                18.8030242109981    None     
None          32         GLY         None        N                31.5239824940277    None     
None          33         GLY         None        N                10.4493586385468    None     
None          34         GLY         None        N                10.0835186577362    None     
None          35         GLY         None        N                10.7582331359586    None     
None          36         GLY         None        N                13.0488230386859    None     
None          37         GLY         None        N                 9.1631784260376    None     
None          38         GLY         None        N                24.1104039857881    None     
None          39         GLY         None        N                17.5401288651802    None     
None          40         GLY         None        N                9.84449647741569    None     
None          41         GLY         None        N                11.6609929353036    None     
None          42         GLY         None        N                12.4330416612502    None     
None          43         GLY         None        N                25.4098582877025    None     
None          44         GLY         None        N                19.2459554847117    None     
None          45         GLY         None        N                15.1052961168878    None     
None          46         GLY         None        N                19.1922984363239    None     
None          47         GLY         None        N                18.7337838462997    None     
None          48         GLY         None        N                12.1528965638261    None     
None          49         GLY         None        N                10.7887630548382    None     
None          50         GLY         None        N                12.7730329552911    None     
None          51         GLY         None        N                7.70078437967853    None     
None          52         GLY         None        N                84.1829629743817    None     
None          53         GLY         None        N                15.3390449907134    None     
None          54         GLY         None        N            None                    None     
None          55         GLY         None        N                58.5610250947799    None     
None          56         GLY         None        N                24.5634756501005    None     
None          57         GLY         None        N                18.3240036161148    None     
None          58         GLY         None        N                13.5748558698353    None     
None          59         GLY         None        N                15.0073286679632    None     
None          60         GLY         None        N                17.0262827381976    None     
None          61         GLY         None        N                65.0887330590756    None     
None          62         GLY         None        N                17.7027057138458    None     
None          63         GLY         None        N                 27.245568336103    None     
None          64         GLY         None        N                34.6239753973665    None     
None          65         GLY         None        N                 15.185279494046    None     
None          66         GLY         None        N                8.53712882479226    None     
None          67         GLY         None        N                74.5912679535365    None     
None          68         GLY         None        N            None                    None     
None          69         GLY         None        N            None                    None     
None          70         GLY         None        N                46.8901508259829    None     
None          71         GLY         None        N                15.3654769198446    None     
None          72         GLY         None        N                60.8967830525232    None     
None          73         GLY         None        N                424.896521173633    None     
