# Parameter description:  The chemical shift difference between states A and B (in ppm).
#
# mol_name    res_num    res_name    spin_num    spin_name    value                   error    
None          1          GLY         None        N                6.39797654486472    None     
None          2          GLY         None        N               0.231398276436407    None     
None          3          GLY         None        N               0.232825528564123    None     
None          4          GLY         None        N              0.0688788635421671    None     
None          5          GLY         None        N                3.50772009919836    None     
None          6          GLY         None        N              0.0282122680711391    None     
None          7          GLY         None        N            7.86540175532293e-06    None     
None          8          GLY         None        N                1.88081758257587    None     
None          9          GLY         None        N            None                    None     
None          10         GLY         None        N               0.143017769321651    None     
None          11         GLY         None        N              0.0772861023881863    None     
None          12         GLY         None        N               0.222637160986258    None     
None          13         GLY         None        N             0.00975344798642726    None     
None          14         GLY         None        N                1.72916139347559    None     
None          15         GLY         None        N                 0.1472666380372    None     
None          16         GLY         None        N              0.0289583971540564    None     
None          17         GLY         None        N                7.23164589642539    None     
None          18         GLY         None        N                1.67412976803667    None     
None          19         GLY         None        N                1.65515162443969    None     
None          20         GLY         None        N               0.162078916538474    None     
None          21         GLY         None        N               0.446919706381738    None     
None          22         GLY         None        N               0.074690375104988    None     
None          23         GLY         None        N                1.91171886481168    None     
None          24         GLY         None        N               0.218154629896712    None     
None          25         GLY         None        N                1.54936362859806    None     
None          26         GLY         None        N                2.60624378875722    None     
None          27         GLY         None        N            None                    None     
None          28         GLY         None        N            None                    None     
None          29         GLY         None        N                2.52334203932596    None     
None          30         GLY         None        N            None                    None     
None          31         GLY         None        N               0.301779192936181    None     
None          32         GLY         None        N               0.526691444429813    None     
None          33         GLY         None        N               0.138148072530905    None     
None          34         GLY         None        N               0.256069552277587    None     
None          35         GLY         None        N               0.118130588070586    None     
None          36         GLY         None        N              0.0381960478797924    None     
None          37         GLY         None        N              0.0934140311191129    None     
None          38         GLY         None        N               0.238708280089954    None     
None          39         GLY         None        N               0.420360920536791    None     
None          40         GLY         None        N              0.0360804904031849    None     
None          41         GLY         None        N                2.30764062739531    None     
None          42         GLY         None        N               0.197595750779704    None     
None          43         GLY         None        N                2.10774898319626    None     
None          44         GLY         None        N              0.0366208117241158    None     
None          45         GLY         None        N               0.184481298576302    None     
None          46         GLY         None        N                0.24461390397554    None     
None          47         GLY         None        N               0.201663467745668    None     
None          48         GLY         None        N               0.170668133593258    None     
None          49         GLY         None        N               0.164493378875964    None     
None          50         GLY         None        N                1.31904422254695    None     
None          51         GLY         None        N                1.45844894467446    None     
None          52         GLY         None        N                3.95212829361369    None     
None          53         GLY         None        N                0.55955929486061    None     
None          54         GLY         None        N            None                    None     
None          55         GLY         None        N                1.14611358847505    None     
None          56         GLY         None        N                1.86653305557355    None     
None          57         GLY         None        N              0.0836238381358702    None     
None          58         GLY         None        N                1.36148133294011    None     
None          59         GLY         None        N                1.22642694392612    None     
None          60         GLY         None        N               0.970352716499069    None     
None          61         GLY         None        N                4.26971701503772    None     
None          62         GLY         None        N                 0.2036985118856    None     
None          63         GLY         None        N                2.10780489438625    None     
None          64         GLY         None        N                 2.4860441641777    None     
None          65         GLY         None        N                2.00946581458447    None     
None          66         GLY         None        N                1.72106204257829    None     
None          67         GLY         None        N                6.70214788778185    None     
None          68         GLY         None        N            None                    None     
None          69         GLY         None        N            None                    None     
None          70         GLY         None        N                5.18699497268977    None     
None          71         GLY         None        N               0.436244578541029    None     
None          72         GLY         None        N                5.49565203334703    None     
None          73         GLY         None        N            1.03821126535654e-06    None     
