# Parameter description:  The population for state A.
#
# mol_name    res_num    res_name    spin_num    spin_name    value                   error    
None          1          GLY         None        N               0.984708188316918    None     
None          2          GLY         None        N               0.500000000080102    None     
None          3          GLY         None        N                0.50000000011071    None     
None          4          GLY         None        N               0.500000032078586    None     
None          5          GLY         None        N               0.984359228083421    None     
None          6          GLY         None        N               0.854904616515126    None     
None          7          GLY         None        N               0.999589411930947    None     
None          8          GLY         None        N               0.992611556528678    None     
None          9          GLY         None        N            None                    None     
None          10         GLY         None        N               0.500000000161547    None     
None          11         GLY         None        N               0.500000000550723    None     
None          12         GLY         None        N               0.500000000027994    None     
None          13         GLY         None        N               0.778156680417015    None     
None          14         GLY         None        N               0.996736599225234    None     
None          15         GLY         None        N               0.500000000154446    None     
None          16         GLY         None        N               0.944058055739535    None     
None          17         GLY         None        N               0.999999997310671    None     
None          18         GLY         None        N               0.998433132702624    None     
None          19         GLY         None        N               0.999017922667977    None     
None          20         GLY         None        N               0.500000000039002    None     
None          21         GLY         None        N               0.500000000000514    None     
None          22         GLY         None        N               0.500000005160215    None     
None          23         GLY         None        N               0.995856872289215    None     
None          24         GLY         None        N               0.500000000049761    None     
None          25         GLY         None        N               0.998330821707215    None     
None          26         GLY         None        N               0.986089097400424    None     
None          27         GLY         None        N            None                    None     
None          28         GLY         None        N            None                    None     
None          29         GLY         None        N               0.999999978958019    None     
None          30         GLY         None        N            None                    None     
None          31         GLY         None        N               0.500000000005896    None     
None          32         GLY         None        N               0.500000000013683    None     
None          33         GLY         None        N               0.500000000379167    None     
None          34         GLY         None        N               0.500000000020702    None     
None          35         GLY         None        N               0.500000000815897    None     
None          36         GLY         None        N               0.994751738490795    None     
None          37         GLY         None        N               0.500000005126087    None     
None          38         GLY         None        N               0.500000000021656    None     
None          39         GLY         None        N               0.500000000000396    None     
None          40         GLY         None        N               0.500000015671861    None     
None          41         GLY         None        N               0.998617911948968    None     
None          42         GLY         None        N               0.500000000000684    None     
None          43         GLY         None        N               0.500000000008919    None     
None          44         GLY         None        N               0.500000239564121    None     
None          45         GLY         None        N               0.500000000132173    None     
None          46         GLY         None        N               0.500000000004183    None     
None          47         GLY         None        N               0.500000000034705    None     
None          48         GLY         None        N               0.500000000016533    None     
None          49         GLY         None        N               0.500000002323717    None     
None          50         GLY         None        N               0.500000001228647    None     
None          51         GLY         None        N               0.996470445755308    None     
None          52         GLY         None        N               0.985773759451366    None     
None          53         GLY         None        N               0.915916760784351    None     
None          54         GLY         None        N            None                    None     
None          55         GLY         None        N               0.919269835735915    None     
None          56         GLY         None        N               0.999999999998608    None     
None          57         GLY         None        N               0.500000000111465    None     
None          58         GLY         None        N                0.99692347025788    None     
None          59         GLY         None        N               0.985941809655405    None     
None          60         GLY         None        N               0.972068779678896    None     
None          61         GLY         None        N                0.98990763925025    None     
None          62         GLY         None        N               0.500000000073615    None     
None          63         GLY         None        N               0.990102200226638    None     
None          64         GLY         None        N                0.98102945012423    None     
None          65         GLY         None        N               0.992381107338131    None     
None          66         GLY         None        N               0.996155631359595    None     
None          67         GLY         None        N                  0.987005586119    None     
None          68         GLY         None        N            None                    None     
None          69         GLY         None        N            None                    None     
None          70         GLY         None        N               0.990172542036106    None     
None          71         GLY         None        N               0.500000000000305    None     
None          72         GLY         None        N               0.985286278175967    None     
None          73         GLY         None        N               0.986005567024314    None     
