# Parameter description:  The transversal relaxation rate.
#
# mol_name    res_num    res_name    spin_num    spin_name    SQ_CPMG_-_500.00000000_MHz    sd(SQ_CPMG_-_500.00000000_MHz)    SQ_CPMG_-_800.00000000_MHz    sd(SQ_CPMG_-_800.00000000_MHz)    
None          1          GLY         None        N                5.39869336029794          None                                  6.33159641594289          None                              
None          2          GLY         None        N                3.92171647812915          None                                  4.06470664400239          None                              
None          3          GLY         None        N                4.69806565368399          None                                  4.26786580022885          None                              
None          4          GLY         None        N                 1.5834769015848          None                                  1.59059461223281          None                              
None          5          GLY         None        N                5.02543060962715          None                                  6.02596964881399          None                              
None          6          GLY         None        N                1.68378538075827          None                                 0.938428585046335          None                              
None          7          GLY         None        N               0.993594550079749          None                                  1.17650394610304          None                              
None          8          GLY         None        N                5.65840116319513          None                                  7.09494699589599          None                              
None          9          GLY         None        N            None                          None                              None                          None                              
None          10         GLY         None        N                6.03284613760764          None                                  7.34618817934885          None                              
None          11         GLY         None        N                3.00663166691135          None                                  3.13147128538008          None                              
None          12         GLY         None        N                4.66954188000362          None                                  5.71613294930164          None                              
None          13         GLY         None        N               0.621340851547407          None                                 0.158358250956034          None                              
None          14         GLY         None        N                6.06536228494082          None                                  7.36573577382249          None                              
None          15         GLY         None        N                5.82464538820395          None                                  6.46370702356628          None                              
None          16         GLY         None        N                3.13232069299469          None                                  3.42865579005852          None                              
None          17         GLY         None        N                6.23707867156951          None                                  7.03542559440365          None                              
None          18         GLY         None        N                5.86247598516873          None                                  6.91583475090288          None                              
None          19         GLY         None        N                5.63316884549856          None                                  6.61108905667839          None                              
None          20         GLY         None        N                6.06735130083315          None                                  6.89693056281072          None                              
None          21         GLY         None        N                6.62583827568685          None                                  7.92806995498642          None                              
None          22         GLY         None        N                6.11839795079719          None                                  7.10861151620431          None                              
None          23         GLY         None        N                6.42582078737947          None                                   7.5668917584779          None                              
None          24         GLY         None        N                5.54651510786224          None                                  7.00577348336107          None                              
None          25         GLY         None        N                5.41191763640791          None                                  7.33344874442626          None                              
None          26         GLY         None        N                 6.8598396941994          None                                  7.95124693433232          None                              
None          27         GLY         None        N            None                          None                              None                          None                              
None          28         GLY         None        N            None                          None                              None                          None                              
None          29         GLY         None        N                 6.0057336792072          None                                  6.95632855166672          None                              
None          30         GLY         None        N            None                          None                              None                          None                              
None          31         GLY         None        N                5.98233917724584          None                                  6.87297762265444          None                              
None          32         GLY         None        N                5.35304642790602          None                                  6.27973845445121          None                              
None          33         GLY         None        N                6.54794112883551          None                                  8.20512031613434          None                              
None          34         GLY         None        N                6.32407968767957          None                                  7.37807832523654          None                              
None          35         GLY         None        N                 5.7872720528709          None                                  6.88196657072032          None                              
None          36         GLY         None        N                4.70242818991424          None                                  6.00042112622989          None                              
None          37         GLY         None        N                6.25430301094057          None                                  7.03678989255735          None                              
None          38         GLY         None        N                6.02900317816872          None                                  7.37063394286602          None                              
None          39         GLY         None        N                6.56458817212582          None                                  8.22260495370431          None                              
None          40         GLY         None        N                6.61000425055078          None                                  7.84378728234403          None                              
None          41         GLY         None        N                6.42655534348966          None                                  7.61345993137365          None                              
None          42         GLY         None        N                5.86307701597278          None                                  7.01542411124965          None                              
None          43         GLY         None        N                4.01372900920963          None                                  1.64148459564972          None                              
None          44         GLY         None        N                6.49440355907782          None                                  7.46135509138499          None                              
None          45         GLY         None        N                6.35248291632843          None                                  7.07558865135813          None                              
None          46         GLY         None        N                6.17041547934329          None                                   7.0912467045208          None                              
None          47         GLY         None        N                6.16956588231101          None                                  7.17417135285613          None                              
None          48         GLY         None        N                6.17929440717574          None                                  7.08813872888573          None                              
None          49         GLY         None        N                 2.9431521188369          None                                  3.48604944577176          None                              
None          50         GLY         None        N                5.92034329382748          None                                  7.63456229814153          None                              
None          51         GLY         None        N                6.35817516786522          None                                  7.61253390587206          None                              
None          52         GLY         None        N                6.62085325195477          None                                  7.96078279646188          None                              
None          53         GLY         None        N                5.83196150776411          None                                  7.01869557309792          None                              
None          54         GLY         None        N            None                          None                              None                          None                              
None          55         GLY         None        N                6.29006229930659          None                                   7.6912921406124          None                              
None          56         GLY         None        N                5.02885305593544          None                                  5.93723558881332          None                              
None          57         GLY         None        N                5.26227975623617          None                                  6.24546526842268          None                              
None          58         GLY         None        N                5.37275554438303          None                                    6.729718722918          None                              
None          59         GLY         None        N                6.07158663013089          None                                  7.58230036188887          None                              
None          60         GLY         None        N                5.93271293817651          None                                  7.04727079317807          None                              
None          61         GLY         None        N                6.93243499828997          None                                  9.79943201926995          None                              
None          62         GLY         None        N                4.24707197628435          None                                  4.76385799162188          None                              
None          63         GLY         None        N                6.05433618544744          None                                  7.23668962392964          None                              
None          64         GLY         None        N                6.82265835333711          None                                  7.87596805251797          None                              
None          65         GLY         None        N                6.27032768050145          None                                  7.19079366024883          None                              
None          66         GLY         None        N                3.43984261413458          None                                   4.0270035865921          None                              
None          67         GLY         None        N                9.38091750989503          None                                  13.0527720892388          None                              
None          68         GLY         None        N            None                          None                              None                          None                              
None          69         GLY         None        N            None                          None                              None                          None                              
None          70         GLY         None        N                7.26503310920487          None                                  10.1110569518315          None                              
None          71         GLY         None        N                5.05608669533412          None                                  6.95740166857469          None                              
None          72         GLY         None        N                6.28900478289104          None                                  7.07705151323492          None                              
None          73         GLY         None        N                3.90514928369898          None                              1.56737367458945e-15          None                              
