# Parameter description:  The time of exchange (tex = 1/kex).
#
# mol_name    res_num    res_name    spin_num    spin_name    value                   error    
None          1          GLY         None        N            0.000512609318092267    None     
None          2          GLY         None        N            0.000264133903192702    None     
None          3          GLY         None        N            0.000195987846660084    None     
None          4          GLY         None        N            0.000320771283131155    None     
None          5          GLY         None        N            0.000504126061456869    None     
None          6          GLY         None        N            5.30203521542489e-08    None     
None          7          GLY         None        N                8.02427894038357    None     
None          8          GLY         None        N            0.000561440648596336    None     
None          9          GLY         None        N            None                    None     
None          10         GLY         None        N             0.00051340624658382    None     
None          11         GLY         None        N             0.00097941995148984    None     
None          12         GLY         None        N            0.000537478384873371    None     
None          13         GLY         None        N            3.85770979308509e-08    None     
None          14         GLY         None        N            0.000685564164426519    None     
None          15         GLY         None        N            0.000460508234562818    None     
None          16         GLY         None        N             2.0657105425077e-08    None     
None          17         GLY         None        N            7.51106687919555e-08    None     
None          18         GLY         None        N            0.000828129750808509    None     
None          19         GLY         None        N             0.00445245029060206    None     
None          20         GLY         None        N            0.000631419799992517    None     
None          21         GLY         None        N            0.000426699833634836    None     
None          22         GLY         None        N             0.00121171051321853    None     
None          23         GLY         None        N            0.000648402062255447    None     
None          24         GLY         None        N            0.000227081314900514    None     
None          25         GLY         None        N            0.000864262922940135    None     
None          26         GLY         None        N            0.000521039386895389    None     
None          27         GLY         None        N            None                    None     
None          28         GLY         None        N            None                    None     
None          29         GLY         None        N            9.48061809739668e-08    None     
None          30         GLY         None        N            None                    None     
None          31         GLY         None        N            0.000514224287769231    None     
None          32         GLY         None        N            0.000380584101852725    None     
None          33         GLY         None        N            0.000630538128968099    None     
None          34         GLY         None        N            0.000519755925148172    None     
None          35         GLY         None        N            0.000647048792512259    None     
None          36         GLY         None        N            5.49667345319857e-08    None     
None          37         GLY         None        N             0.00040045048229225    None     
None          38         GLY         None        N            0.000383663035007297    None     
None          39         GLY         None        N            0.000408867533810876    None     
None          40         GLY         None        N             0.00277525771862279    None     
None          41         GLY         None        N             0.00059268959731393    None     
None          42         GLY         None        N            0.000578593530632493    None     
None          43         GLY         None        N            2.01776295636856e-05    None     
None          44         GLY         None        N              0.0019718815550531    None     
None          45         GLY         None        N             0.00035810314879168    None     
None          46         GLY         None        N            0.000594977481646009    None     
None          47         GLY         None        N            0.000588163173974884    None     
None          48         GLY         None        N            0.000720301222986251    None     
None          49         GLY         None        N             0.00053085326461287    None     
None          50         GLY         None        N                1.49788191763504    None     
None          51         GLY         None        N             0.00102754461763042    None     
None          52         GLY         None        N            0.000514027515109636    None     
None          53         GLY         None        N            0.000567315271514581    None     
None          54         GLY         None        N            None                    None     
None          55         GLY         None        N            0.000401320932105343    None     
None          56         GLY         None        N            1.95623326724458e-06    None     
None          57         GLY         None        N             0.00326768181232974    None     
None          58         GLY         None        N            0.000867867379983325    None     
None          59         GLY         None        N            0.000492587393413963    None     
None          60         GLY         None        N            0.000506253392109937    None     
None          61         GLY         None        N            0.000600338046210376    None     
None          62         GLY         None        N            0.000619221221493692    None     
None          63         GLY         None        N            0.000592458532276588    None     
None          64         GLY         None        N            0.000486164752370098    None     
None          65         GLY         None        N             0.00061475443259868    None     
None          66         GLY         None        N             0.00068686829716986    None     
None          67         GLY         None        N            0.000681206754007959    None     
None          68         GLY         None        N            None                    None     
None          69         GLY         None        N            None                    None     
None          70         GLY         None        N            0.000649921406518928    None     
None          71         GLY         None        N            0.000373839964295033    None     
None          72         GLY         None        N            0.000543186338095456    None     
None          73         GLY         None        N            8.41121246760985e-08    None     
