# Experiment_name    Field_strength_(MHz) Disp_point_(Hz)      R2eff_(measured)     R2eff_(back_calc)    R2eff_errors        
'SQ CPMG'                   500.000000000            66.666600    6.187468806109778                    -    0.195252182299198
'SQ CPMG'                   500.000000000           133.333300    6.385347376614523                    -    0.195940957108260
'SQ CPMG'                   500.000000000           200.000000    6.299942018109335                    -    0.195642972865769
'SQ CPMG'                   500.000000000           266.666600    6.359251958953799                    -    0.195849794777549
'SQ CPMG'                   500.000000000           333.333300    6.079861938739698                    -    0.194880034051612
'SQ CPMG'                   500.000000000           400.000000    6.208643704954528                    -    0.195325613182178
'SQ CPMG'                   500.000000000           466.666600    6.076852377323034                    -    0.194869650084918
'SQ CPMG'                   500.000000000           533.333300    6.127435191484395                    -    0.195044352936272
'SQ CPMG'                   500.000000000           600.000000    6.279454644972541                    -    0.195571650764469
'SQ CPMG'                   500.000000000           666.666600    6.262195790662325                    -    0.195511615854415
'SQ CPMG'                   500.000000000           733.333300    6.242066974225307                    -    0.195441653016820
'SQ CPMG'                   500.000000000           800.000000    5.948350652756942                    -    0.194427508660179
'SQ CPMG'                   500.000000000           866.666600    5.943929891457156                    -    0.194412340710325
'SQ CPMG'                   500.000000000           933.333300    6.150916706816197                    -    0.195125580419937
'SQ CPMG'                   500.000000000          1000.000000    6.205785828183888                    -    0.195315698725820
'SQ CPMG'                   800.000000000            66.666600    7.932312094184558                    -    0.150124627479547
'SQ CPMG'                   800.000000000           133.333300    7.671220828946018                    -    0.149403272348905
'SQ CPMG'                   800.000000000           200.000000    7.650810442209485                    -    0.149347210859840
'SQ CPMG'                   800.000000000           266.666600    7.283042348183594                    -    0.148345183471753
'SQ CPMG'                   800.000000000           333.333300    7.239294614440324                    -    0.148227007778523
'SQ CPMG'                   800.000000000           400.000000    7.180750791716214                    -    0.148069201104886
'SQ CPMG'                   800.000000000           466.666600    7.051075789314313                    -    0.147721031046823
'SQ CPMG'                   800.000000000           533.333300    6.989005486889569                    -    0.147555043493307
'SQ CPMG'                   800.000000000           600.000000    7.016078748691802                    -    0.147627389376427
'SQ CPMG'                   800.000000000           666.666600    6.973979278790460                    -    0.147514925463626
'SQ CPMG'                   800.000000000           733.333300    6.980459809224526                    -    0.147532224542769
'SQ CPMG'                   800.000000000           800.000000    6.948642499417661                    -    0.147447336730535
'SQ CPMG'                   800.000000000           866.666600    7.037455133598820                    -    0.147684569909206
'SQ CPMG'                   800.000000000           933.333300    6.979951012520980                    -    0.147530866194735
'SQ CPMG'                   800.000000000          1000.000000    6.982882534922239                    -    0.147538692955013
