# Experiment_name    Field_strength_(MHz) Disp_point_(Hz)      R2eff_(measured)     R2eff_(back_calc)    R2eff_errors        
'SQ CPMG'                   500.000000000            66.666600    7.031003097912548                    -    0.172834160167479
'SQ CPMG'                   500.000000000           133.333300    6.718091778389852                    -    0.171860714428047
'SQ CPMG'                   500.000000000           200.000000    6.866000237618239                    -    0.172319255216315
'SQ CPMG'                   500.000000000           266.666600    6.294377483862023                    -    0.170562809841259
'SQ CPMG'                   500.000000000           333.333300    6.148339129800149                    -    0.170120816839627
'SQ CPMG'                   500.000000000           400.000000    5.980884583964263                    -    0.169617352964459
'SQ CPMG'                   500.000000000           466.666600    5.789477056261925                    -    0.169046227875669
'SQ CPMG'                   500.000000000           533.333300    6.026299012254730                    -    0.169753542343523
'SQ CPMG'                   500.000000000           600.000000    5.965218024781957                    -    0.169570432590020
'SQ CPMG'                   500.000000000           666.666600    5.898793646676044                    -    0.169371841147288
'SQ CPMG'                   500.000000000           733.333300    5.740812317128432                    -    0.168901758710569
'SQ CPMG'                   500.000000000           800.000000    5.684521965481021                    -    0.168735023452747
'SQ CPMG'                   500.000000000           866.666600    5.823953312401185                    -    0.169148756874287
'SQ CPMG'                   500.000000000           933.333300    5.879986740518207                    -    0.169315714879888
'SQ CPMG'                   500.000000000          1000.000000    5.755974792310987                    -    0.168946738985210
'SQ CPMG'                   800.000000000            66.666600   10.104788882351466                    -    0.124236219254410
'SQ CPMG'                   800.000000000           133.333300    9.692839551592874                    -    0.123250962047722
'SQ CPMG'                   800.000000000           200.000000    9.217735782816250                    -    0.122135014853904
'SQ CPMG'                   800.000000000           266.666600    9.126537186166710                    -    0.121923272818953
'SQ CPMG'                   800.000000000           333.333300    8.376985329571042                    -    0.120212718452125
'SQ CPMG'                   800.000000000           400.000000    8.256057793169335                    -    0.119941666679662
'SQ CPMG'                   800.000000000           466.666600    8.084073051439761                    -    0.119558501238051
'SQ CPMG'                   800.000000000           533.333300    7.835669721234408                    -    0.119009881169281
'SQ CPMG'                   800.000000000           600.000000    7.580095679081704                    -    0.118451301305740
'SQ CPMG'                   800.000000000           666.666600    7.493548361112301                    -    0.118263487214464
'SQ CPMG'                   800.000000000           733.333300    7.395833656189903                    -    0.118052251843203
'SQ CPMG'                   800.000000000           800.000000    7.487753171485950                    -    0.118250935404039
'SQ CPMG'                   800.000000000           866.666600    7.406324031776742                    -    0.118074888247868
'SQ CPMG'                   800.000000000           933.333300    7.366768936122162                    -    0.117989586970035
'SQ CPMG'                   800.000000000          1000.000000    7.436296679531032                    -    0.118139618619441
