# Experiment_name    Field_strength_(MHz) Disp_point_(Hz)      R2eff_(measured)     R2eff_(back_calc)    R2eff_errors        
'SQ CPMG'                   500.000000000            66.666600    5.306446496717653                    -    0.166863678068163
'SQ CPMG'                   500.000000000           133.333300    5.184509569324773                    -    0.166511212781274
'SQ CPMG'                   500.000000000           200.000000    5.473744932739171                    -    0.167350253947193
'SQ CPMG'                   500.000000000           266.666600    5.218126628836991                    -    0.166608201711463
'SQ CPMG'                   500.000000000           333.333300    5.429003483970898                    -    0.167219786753712
'SQ CPMG'                   500.000000000           400.000000    5.163139457018068                    -    0.166449629961548
'SQ CPMG'                   500.000000000           466.666600    5.321879679004633                    -    0.166908419334062
'SQ CPMG'                   500.000000000           533.333300    5.298773367321635                    -    0.166841444385717
'SQ CPMG'                   500.000000000           600.000000    5.333172723469620                    -    0.166941176867799
'SQ CPMG'                   500.000000000           666.666600    5.262700407056283                    -    0.166737016700171
'SQ CPMG'                   500.000000000           733.333300    5.138611544519642                    -    0.166379016446768
'SQ CPMG'                   500.000000000           800.000000    5.127657711789558                    -    0.166347505292842
'SQ CPMG'                   500.000000000           866.666600    5.288128176604793                    -    0.166810610892566
'SQ CPMG'                   500.000000000           933.333300    5.311699565269734                    -    0.166878903569729
'SQ CPMG'                   500.000000000          1000.000000    5.397853077512543                    -    0.167129098024600
'SQ CPMG'                   800.000000000            66.666600    6.712668489349579                    -    0.109961330897067
'SQ CPMG'                   800.000000000           133.333300    6.503677773079471                    -    0.109549932767730
'SQ CPMG'                   800.000000000           200.000000    6.316171387014379                    -    0.109183895092640
'SQ CPMG'                   800.000000000           266.666600    6.078453441854507                    -    0.108723981834217
'SQ CPMG'                   800.000000000           333.333300    6.166525644979280                    -    0.108893836864634
'SQ CPMG'                   800.000000000           400.000000    6.118282292743311                    -    0.108800716967180
'SQ CPMG'                   800.000000000           466.666600    6.355589885128634                    -    0.109260605278361
'SQ CPMG'                   800.000000000           533.333300    6.188968052460008                    -    0.108937220211625
'SQ CPMG'                   800.000000000           600.000000    6.335150040562511                    -    0.109220812491519
'SQ CPMG'                   800.000000000           666.666600    6.248854765026208                    -    0.109053188527715
'SQ CPMG'                   800.000000000           733.333300    6.233427420076143                    -    0.109023286015841
'SQ CPMG'                   800.000000000           800.000000    6.241663981624032                    -    0.109039248353488
'SQ CPMG'                   800.000000000           866.666600    6.308676393302147                    -    0.109169323922655
'SQ CPMG'                   800.000000000           933.333300    6.261446257770814                    -    0.109077608804343
'SQ CPMG'                   800.000000000          1000.000000    6.427261026728795                    -    0.109400407684021
