# Experiment_name    Field_strength_(MHz) Disp_point_(Hz)      R2eff_(measured)     R2eff_(back_calc)    R2eff_errors        
'SQ CPMG'                   500.000000000            66.666600    8.775915793856559                    -    0.211699728851481
'SQ CPMG'                   500.000000000           133.333300    8.431551037815479                    -    0.210334476036292
'SQ CPMG'                   500.000000000           200.000000    8.395558929819764                    -    0.210192899332237
'SQ CPMG'                   500.000000000           266.666600    7.873612996054515                    -    0.208163318007313
'SQ CPMG'                   500.000000000           333.333300    7.946868206819968                    -    0.208445528974133
'SQ CPMG'                   500.000000000           400.000000    7.615584447115634                    -    0.207176092844001
'SQ CPMG'                   500.000000000           466.666600    7.344212600652438                    -    0.206149194621176
'SQ CPMG'                   500.000000000           533.333300    7.186488311391410                    -    0.205557672135450
'SQ CPMG'                   500.000000000           600.000000    6.952135541798333                    -    0.204685940710554
'SQ CPMG'                   500.000000000           666.666600    7.022278198096957                    -    0.204945956761196
'SQ CPMG'                   500.000000000           733.333300    7.117182337694921                    -    0.205298980796942
'SQ CPMG'                   500.000000000           800.000000    7.153085325172662                    -    0.205432898590938
'SQ CPMG'                   500.000000000           866.666600    6.938319532809270                    -    0.204634815352330
'SQ CPMG'                   500.000000000           933.333300    6.685338587348758                    -    0.203703894223919
'SQ CPMG'                   500.000000000          1000.000000    6.652981682626613                    -    0.203585538917346
'SQ CPMG'                   800.000000000            66.666600   13.313045303085556                    -    0.174776651753243
'SQ CPMG'                   800.000000000           133.333300   12.608184756817653                    -    0.172262679379531
'SQ CPMG'                   800.000000000           200.000000   11.988500040415277                    -    0.170109682240982
'SQ CPMG'                   800.000000000           266.666600   11.467682722220740                    -    0.168340816515096
'SQ CPMG'                   800.000000000           333.333300   10.628932341102395                    -    0.165568625095181
'SQ CPMG'                   800.000000000           400.000000   10.312105788009486                    -    0.164545611530154
'SQ CPMG'                   800.000000000           466.666600    9.671125010174864                    -    0.162515681619766
'SQ CPMG'                   800.000000000           533.333300    9.414602772799700                    -    0.161718024678265
'SQ CPMG'                   800.000000000           600.000000    9.374889455661865                    -    0.161595281295513
'SQ CPMG'                   800.000000000           666.666600    9.143826765304242                    -    0.160885070042162
'SQ CPMG'                   800.000000000           733.333300    9.036182122607025                    -    0.160556494158264
'SQ CPMG'                   800.000000000           800.000000    8.827009995302433                    -    0.159922150858897
'SQ CPMG'                   800.000000000           866.666600    8.549396707419215                    -    0.159088633887077
'SQ CPMG'                   800.000000000           933.333300    8.627844352576112                    -    0.159323202961644
'SQ CPMG'                   800.000000000          1000.000000    8.418512197591189                    -    0.158698956930691
