# Experiment_name    Field_strength_(MHz) Disp_point_(Hz)      R2eff_(measured)     R2eff_(back_calc)    R2eff_errors        
'SQ CPMG'                   500.000000000            66.666600    6.187121977568677                    -    0.157302466681321
'SQ CPMG'                   500.000000000           133.333300    6.158449080005839                    -    0.157222445006123
'SQ CPMG'                   500.000000000           200.000000    5.924424469283117                    -    0.156572933326217
'SQ CPMG'                   500.000000000           266.666600    6.273337556067232                    -    0.157543665836341
'SQ CPMG'                   500.000000000           333.333300    6.287631114040758                    -    0.157583738814445
'SQ CPMG'                   500.000000000           400.000000    6.204981174273775                    -    0.157352357985457
'SQ CPMG'                   500.000000000           466.666600    6.300362623498437                    -    0.157619452842653
'SQ CPMG'                   500.000000000           533.333300    6.262783529923291                    -    0.157514092406862
'SQ CPMG'                   500.000000000           600.000000    6.342976311120054                    -    0.157739131084092
'SQ CPMG'                   500.000000000           666.666600    6.287016811681838                    -    0.157582016078098
'SQ CPMG'                   500.000000000           733.333300    6.393993107759720                    -    0.157882692206944
'SQ CPMG'                   500.000000000           800.000000    6.170560913733635                    -    0.157256235456553
'SQ CPMG'                   500.000000000           866.666600    6.341051294045118                    -    0.157733720136334
'SQ CPMG'                   500.000000000           933.333300    6.270323772499814                    -    0.157535219571458
'SQ CPMG'                   500.000000000          1000.000000    6.157463577290221                    -    0.157219696341727
'SQ CPMG'                   800.000000000            66.666600    7.148939787005052                    -    0.105041814173849
'SQ CPMG'                   800.000000000           133.333300    7.189395467371351                    -    0.105119087645704
'SQ CPMG'                   800.000000000           200.000000    6.974051446054405                    -    0.104709265134759
'SQ CPMG'                   800.000000000           266.666600    6.939878571706892                    -    0.104644569661745
'SQ CPMG'                   800.000000000           333.333300    6.919105419726630                    -    0.104605287570444
'SQ CPMG'                   800.000000000           400.000000    7.008666372306853                    -    0.104774892014644
'SQ CPMG'                   800.000000000           466.666600    7.007948880770588                    -    0.104773530747125
'SQ CPMG'                   800.000000000           533.333300    6.988023558919151                    -    0.104735743586235
'SQ CPMG'                   800.000000000           600.000000    6.985425088820205                    -    0.104730818070557
'SQ CPMG'                   800.000000000           666.666600    7.032373379082210                    -    0.104819893371216
'SQ CPMG'                   800.000000000           733.333300    7.084980422623349                    -    0.104919913362957
'SQ CPMG'                   800.000000000           800.000000    7.077028486840661                    -    0.104904780479893
'SQ CPMG'                   800.000000000           866.666600    7.024403820465489                    -    0.104804760327918
'SQ CPMG'                   800.000000000           933.333300    7.004848469908143                    -    0.104767648934041
'SQ CPMG'                   800.000000000          1000.000000    7.149484726335147                    -    0.105042854181505
