# Experiment_name    Field_strength_(MHz) Disp_point_(Hz)      R2eff_(measured)     R2eff_(back_calc)    R2eff_errors        
'SQ CPMG'                   500.000000000            66.666600    6.015607976757606                    -    0.159557467470625
'SQ CPMG'                   500.000000000           133.333300    6.089205379745680                    -    0.159765384208692
'SQ CPMG'                   500.000000000           200.000000    6.120246903363175                    -    0.159853272476142
'SQ CPMG'                   500.000000000           266.666600    6.140601651877115                    -    0.159910965784343
'SQ CPMG'                   500.000000000           333.333300    5.998253461081362                    -    0.159508534272657
'SQ CPMG'                   500.000000000           400.000000    6.293802803910500                    -    0.160346793351390
'SQ CPMG'                   500.000000000           466.666600    6.086367771174517                    -    0.159757355804239
'SQ CPMG'                   500.000000000           533.333300    6.131078926281334                    -    0.159883968480722
'SQ CPMG'                   500.000000000           600.000000    6.237353125434230                    -    0.160185876793149
'SQ CPMG'                   500.000000000           666.666600    6.169089522117270                    -    0.159991794927683
'SQ CPMG'                   500.000000000           733.333300    6.112079637882033                    -    0.159830137208071
'SQ CPMG'                   500.000000000           800.000000    6.298366146311841                    -    0.160359818462268
'SQ CPMG'                   500.000000000           866.666600    6.050076648700968                    -    0.159654762782212
'SQ CPMG'                   500.000000000           933.333300    6.104057101839588                    -    0.159807419688966
'SQ CPMG'                   500.000000000          1000.000000    6.295756625810587                    -    0.160352369822191
'SQ CPMG'                   800.000000000            66.666600    7.450139672460065                    -    0.108822107181394
'SQ CPMG'                   800.000000000           133.333300    7.442495263154579                    -    0.108806887994086
'SQ CPMG'                   800.000000000           200.000000    7.206146485477110                    -    0.108338731272484
'SQ CPMG'                   800.000000000           266.666600    7.228034883598637                    -    0.108381893607706
'SQ CPMG'                   800.000000000           333.333300    7.075135748605829                    -    0.108081211963562
'SQ CPMG'                   800.000000000           400.000000    6.942650785855299                    -    0.107822227209515
'SQ CPMG'                   800.000000000           466.666600    7.104534971728029                    -    0.108138877330272
'SQ CPMG'                   800.000000000           533.333300    7.095616252809305                    -    0.108121376131332
'SQ CPMG'                   800.000000000           600.000000    7.094611936843116                    -    0.108119405771681
'SQ CPMG'                   800.000000000           666.666600    7.051885699933421                    -    0.108035658179000
'SQ CPMG'                   800.000000000           733.333300    7.122086602569560                    -    0.108173337971616
'SQ CPMG'                   800.000000000           800.000000    7.151511685571991                    -    0.108231167601270
'SQ CPMG'                   800.000000000           866.666600    7.285955432694425                    -    0.108496299393248
'SQ CPMG'                   800.000000000           933.333300    7.071545912953584                    -    0.108074175509060
'SQ CPMG'                   800.000000000          1000.000000    7.234635791671886                    -    0.108394917872372
