# Experiment_name    Field_strength_(MHz) Disp_point_(Hz)      R2eff_(measured)     R2eff_(back_calc)    R2eff_errors        
'SQ CPMG'                   500.000000000            66.666600    6.533976904389011                    -    0.171266752577600
'SQ CPMG'                   500.000000000           133.333300    6.642326971147936                    -    0.171599736592519
'SQ CPMG'                   500.000000000           200.000000    6.474722558764656                    -    0.171085291996653
'SQ CPMG'                   500.000000000           266.666600    6.394999806912025                    -    0.170841862511130
'SQ CPMG'                   500.000000000           333.333300    6.300385221631227                    -    0.170554021243494
'SQ CPMG'                   500.000000000           400.000000    6.250487039580094                    -    0.170402680631130
'SQ CPMG'                   500.000000000           466.666600    6.011578134471632                    -    0.169682476859810
'SQ CPMG'                   500.000000000           533.333300    6.294783447080088                    -    0.170537015239176
'SQ CPMG'                   500.000000000           600.000000    6.001408012028209                    -    0.169651979655349
'SQ CPMG'                   500.000000000           666.666600    6.415807637906436                    -    0.170905319342649
'SQ CPMG'                   500.000000000           733.333300    5.919753578610086                    -    0.169407597424539
'SQ CPMG'                   500.000000000           800.000000    6.382354791557575                    -    0.170803326683070
'SQ CPMG'                   500.000000000           866.666600    6.315952153951552                    -    0.170601300829967
'SQ CPMG'                   500.000000000           933.333300    6.157138398020132                    -    0.170120410128135
'SQ CPMG'                   500.000000000          1000.000000    5.898936864337585                    -    0.169345430500301
'SQ CPMG'                   800.000000000            66.666600    8.802093385905199                    -    0.130412495245570
'SQ CPMG'                   800.000000000           133.333300    8.508535863994796                    -    0.129694379859416
'SQ CPMG'                   800.000000000           200.000000    8.575590700379097                    -    0.129857648262135
'SQ CPMG'                   800.000000000           266.666600    8.345062305049394                    -    0.129298234536033
'SQ CPMG'                   800.000000000           333.333300    8.061893854667948                    -    0.128618335739716
'SQ CPMG'                   800.000000000           400.000000    7.911525864434757                    -    0.128260524929959
'SQ CPMG'                   800.000000000           466.666600    8.097859842343798                    -    0.128704250313057
'SQ CPMG'                   800.000000000           533.333300    7.783486935685358                    -    0.127957602882310
'SQ CPMG'                   800.000000000           600.000000    7.749264644610487                    -    0.127876910304874
'SQ CPMG'                   800.000000000           666.666600    7.876151081129806                    -    0.128176672086965
'SQ CPMG'                   800.000000000           733.333300    7.878103770594324                    -    0.128181297556792
'SQ CPMG'                   800.000000000           800.000000    7.530871028273113                    -    0.127364658007972
'SQ CPMG'                   800.000000000           866.666600    7.542267819413552                    -    0.127391274672814
'SQ CPMG'                   800.000000000           933.333300    7.547705560967356                    -    0.127403978714502
'SQ CPMG'                   800.000000000          1000.000000    7.434498152709991                    -    0.127140088510166
