# Experiment_name    Field_strength_(MHz) Disp_point_(Hz)      R2eff_(measured)     R2eff_(back_calc)    R2eff_errors        
'SQ CPMG'                   500.000000000            66.666600   12.230627772697337                    -    0.214291526505256
'SQ CPMG'                   500.000000000           133.333300   11.354758303887843                    -    0.210552754039748
'SQ CPMG'                   500.000000000           200.000000   10.621440149394262                    -    0.207521814114383
'SQ CPMG'                   500.000000000           266.666600    9.935016049850011                    -    0.204764857413678
'SQ CPMG'                   500.000000000           333.333300    9.001364460435148                    -    0.201136420867052
'SQ CPMG'                   500.000000000           400.000000    9.051762554931489                    -    0.201328763929447
'SQ CPMG'                   500.000000000           466.666600    8.751254661985655                    -    0.200187751762941
'SQ CPMG'                   500.000000000           533.333300    8.406420038253053                    -    0.198895703458918
'SQ CPMG'                   500.000000000           600.000000    8.143134984999437                    -    0.197921519489797
'SQ CPMG'                   500.000000000           666.666600    7.540423537455223                    -    0.195731046693539
'SQ CPMG'                   500.000000000           733.333300    7.632177378795324                    -    0.196060982820224
'SQ CPMG'                   500.000000000           800.000000    7.612865457642044                    -    0.195991434624755
'SQ CPMG'                   500.000000000           866.666600    7.174466249635238                    -    0.194427594472028
'SQ CPMG'                   500.000000000           933.333300    7.012226686918511                    -    0.193856083227025
'SQ CPMG'                   500.000000000          1000.000000    7.008004246455544                    -    0.193841260867721
'SQ CPMG'                   800.000000000            66.666600   18.716838108156818                    -    0.188342454296972
'SQ CPMG'                   800.000000000           133.333300   17.840989474544028                    -    0.184668959520392
'SQ CPMG'                   800.000000000           200.000000   16.841705964469561                    -    0.180623152078460
'SQ CPMG'                   800.000000000           266.666600   15.378095569570963                    -    0.174968358750421
'SQ CPMG'                   800.000000000           333.333300   14.079841629055867                    -    0.170212355511278
'SQ CPMG'                   800.000000000           400.000000   12.972142763793485                    -    0.166340484850335
'SQ CPMG'                   800.000000000           466.666600   12.107924766500876                    -    0.163434894297321
'SQ CPMG'                   800.000000000           533.333300   11.436283409794209                    -    0.161244703024273
'SQ CPMG'                   800.000000000           600.000000   10.941264947084386                    -    0.159667742547937
'SQ CPMG'                   800.000000000           666.666600   10.332602555322866                    -    0.157771339956000
'SQ CPMG'                   800.000000000           733.333300    9.820921070495745                    -    0.156212855307225
'SQ CPMG'                   800.000000000           800.000000    9.787061819148741                    -    0.156110865151415
'SQ CPMG'                   800.000000000           866.666600    9.445612619166569                    -    0.155090187503553
'SQ CPMG'                   800.000000000           933.333300    9.186078717514421                    -    0.154323842484608
'SQ CPMG'                   800.000000000          1000.000000    8.837886282139710                    -    0.153308428290009
