# Experiment_name    Field_strength_(MHz) Disp_point_(Hz)      R2eff_(measured)     R2eff_(back_calc)    R2eff_errors        
'SQ CPMG'                   500.000000000            66.666600    3.103313905098939                    -    0.122365352357302
'SQ CPMG'                   500.000000000           133.333300    3.028007380467765                    -    0.122214545046069
'SQ CPMG'                   500.000000000           200.000000    3.082765207467109                    -    0.122324152795433
'SQ CPMG'                   500.000000000           266.666600    3.013105160459156                    -    0.122184760849961
'SQ CPMG'                   500.000000000           333.333300    3.110683532084492                    -    0.122380137249675
'SQ CPMG'                   500.000000000           400.000000    3.122823393630215                    -    0.122404502513662
'SQ CPMG'                   500.000000000           466.666600    3.124653622025343                    -    0.122408176985609
'SQ CPMG'                   500.000000000           533.333300    3.010057035299906                    -    0.122178671126467
'SQ CPMG'                   500.000000000           600.000000    2.965924995114780                    -    0.122090592283691
'SQ CPMG'                   500.000000000           666.666600    2.999575172321522                    -    0.122157736027638
'SQ CPMG'                   500.000000000           733.333300    2.916790610928581                    -    0.121992729242419
'SQ CPMG'                   500.000000000           800.000000    2.898492454929586                    -    0.121956337675367
'SQ CPMG'                   500.000000000           866.666600    3.027176878305519                    -    0.122212884660194
'SQ CPMG'                   500.000000000           933.333300    3.060906536081647                    -    0.122280367286040
'SQ CPMG'                   500.000000000          1000.000000    3.031709094335008                    -    0.122221946449183
'SQ CPMG'                   800.000000000            66.666600    3.466031155139879                    -    0.080506924561657
'SQ CPMG'                   800.000000000           133.333300    3.286658069349619                    -    0.080268799904931
'SQ CPMG'                   800.000000000           200.000000    3.332738620158912                    -    0.080329796399245
'SQ CPMG'                   800.000000000           266.666600    3.266123278976893                    -    0.080241657528527
'SQ CPMG'                   800.000000000           333.333300    3.113024322027233                    -    0.080040058502273
'SQ CPMG'                   800.000000000           400.000000    3.154126634812590                    -    0.080094049579646
'SQ CPMG'                   800.000000000           466.666600    3.179951134808558                    -    0.080128021576171
'SQ CPMG'                   800.000000000           533.333300    3.126205354604581                    -    0.080057362274775
'SQ CPMG'                   800.000000000           600.000000    3.151046151861760                    -    0.080089999772046
'SQ CPMG'                   800.000000000           666.666600    3.151265550063461                    -    0.080090288189518
'SQ CPMG'                   800.000000000           733.333300    3.183091388441916                    -    0.080132155171277
'SQ CPMG'                   800.000000000           800.000000    3.093328793719237                    -    0.080014221167475
'SQ CPMG'                   800.000000000           866.666600    3.169410390710830                    -    0.080114150663726
'SQ CPMG'                   800.000000000           933.333300    3.104967247221735                    -    0.080029486246296
'SQ CPMG'                   800.000000000          1000.000000    3.205441848745562                    -    0.080161591989194
