# Experiment_name    Field_strength_(MHz) Disp_point_(Hz)      R2eff_(measured)     R2eff_(back_calc)    R2eff_errors        
'SQ CPMG'                   500.000000000            66.666600    4.796464326441523                    -    0.160185390244850
'SQ CPMG'                   500.000000000           133.333300    5.050780093082300                    -    0.160887598392842
'SQ CPMG'                   500.000000000           200.000000    4.884435155204345                    -    0.160427428025089
'SQ CPMG'                   500.000000000           266.666600    4.992535963932065                    -    0.160726101356061
'SQ CPMG'                   500.000000000           333.333300    4.887103281192862                    -    0.160434783209006
'SQ CPMG'                   500.000000000           400.000000    4.824947134372478                    -    0.160263656339936
'SQ CPMG'                   500.000000000           466.666600    4.879693738442818                    -    0.160414359504016
'SQ CPMG'                   500.000000000           533.333300    4.830461119624951                    -    0.160278818907545
'SQ CPMG'                   500.000000000           600.000000    4.822084010323010                    -    0.160255784624618
'SQ CPMG'                   500.000000000           666.666600    4.871975811636055                    -    0.160393092656446
'SQ CPMG'                   500.000000000           733.333300    4.833293707838067                    -    0.160286609459730
'SQ CPMG'                   500.000000000           800.000000    4.847993758227895                    -    0.160327054634883
'SQ CPMG'                   500.000000000           866.666600    4.927996626380988                    -    0.160547618474665
'SQ CPMG'                   500.000000000           933.333300    4.849713131404087                    -    0.160331786918492
'SQ CPMG'                   500.000000000          1000.000000    4.871871826819456                    -    0.160392806172917
'SQ CPMG'                   800.000000000            66.666600    5.015783988559848                    -    0.124111906126312
'SQ CPMG'                   800.000000000           133.333300    4.885968188707212                    -    0.123834906953735
'SQ CPMG'                   800.000000000           200.000000    4.993500720483461                    -    0.124064248957330
'SQ CPMG'                   800.000000000           266.666600    4.682590202722152                    -    0.123404026295010
'SQ CPMG'                   800.000000000           333.333300    4.842867982857905                    -    0.123743280148573
'SQ CPMG'                   800.000000000           400.000000    5.028668835361884                    -    0.124139483642976
'SQ CPMG'                   800.000000000           466.666600    4.739557674310886                    -    0.123524340204306
'SQ CPMG'                   800.000000000           533.333300    4.724517915437311                    -    0.123492548033951
'SQ CPMG'                   800.000000000           600.000000    4.746888351885171                    -    0.123539843774713
'SQ CPMG'                   800.000000000           666.666600    4.543915891512124                    -    0.123112376194487
'SQ CPMG'                   800.000000000           733.333300    4.592829232493191                    -    0.123215049115325
'SQ CPMG'                   800.000000000           800.000000    4.507325888884797                    -    0.123035711880666
'SQ CPMG'                   800.000000000           866.666600    4.606059607756033                    -    0.123242857789207
'SQ CPMG'                   800.000000000           933.333300    4.455982755258050                    -    0.122928339537495
'SQ CPMG'                   800.000000000          1000.000000    4.565668829599077                    -    0.123158010673240
