# Experiment_name    Field_strength_(MHz) Disp_point_(Hz)      R2eff_(measured)     R2eff_(back_calc)    R2eff_errors        
'SQ CPMG'                   500.000000000            66.666600    6.066839725677196                    -    0.183167437316689
'SQ CPMG'                   500.000000000           133.333300    5.961055436602622                    -    0.182825238049544
'SQ CPMG'                   500.000000000           200.000000    6.022413691713160                    -    0.183023537900873
'SQ CPMG'                   500.000000000           266.666600    6.008822985321204                    -    0.182979570542551
'SQ CPMG'                   500.000000000           333.333300    5.939397970010003                    -    0.182755367576021
'SQ CPMG'                   500.000000000           400.000000    5.811100231552572                    -    0.182342770767733
'SQ CPMG'                   500.000000000           466.666600    5.895427842981833                    -    0.182613709885420
'SQ CPMG'                   500.000000000           533.333300    5.824416076820057                    -    0.182385489333750
'SQ CPMG'                   500.000000000           600.000000    5.719904139390471                    -    0.182050852238023
'SQ CPMG'                   500.000000000           666.666600    5.866293803877408                    -    0.182519994592179
'SQ CPMG'                   500.000000000           733.333300    5.841214845096006                    -    0.182439415887503
'SQ CPMG'                   500.000000000           800.000000    5.700373799433417                    -    0.181988482410942
'SQ CPMG'                   500.000000000           866.666600    5.636352705031809                    -    0.181784394400208
'SQ CPMG'                   500.000000000           933.333300    5.624826688901753                    -    0.181747710405998
'SQ CPMG'                   500.000000000          1000.000000    5.823076995297666                    -    0.182381192334997
'SQ CPMG'                   800.000000000            66.666600    7.454129411576154                    -    0.132483313494693
'SQ CPMG'                   800.000000000           133.333300    7.292132189010391                    -    0.132091894381416
'SQ CPMG'                   800.000000000           200.000000    7.049183431402864                    -    0.131509823043453
'SQ CPMG'                   800.000000000           266.666600    7.168201923609693                    -    0.131794235798013
'SQ CPMG'                   800.000000000           333.333300    6.973985947681848                    -    0.131330856461719
'SQ CPMG'                   800.000000000           400.000000    7.065977185799365                    -    0.131549868467392
'SQ CPMG'                   800.000000000           466.666600    7.107993126528607                    -    0.131650180688998
'SQ CPMG'                   800.000000000           533.333300    6.961760879006436                    -    0.131301814603537
'SQ CPMG'                   800.000000000           600.000000    7.086116685834527                    -    0.131597929108014
'SQ CPMG'                   800.000000000           666.666600    6.971481730170456                    -    0.131324906233820
'SQ CPMG'                   800.000000000           733.333300    6.979481154848616                    -    0.131343915717128
'SQ CPMG'                   800.000000000           800.000000    7.011347561456189                    -    0.131419704932092
'SQ CPMG'                   800.000000000           866.666600    6.740152533891270                    -    0.130777935469674
'SQ CPMG'                   800.000000000           933.333300    6.916603721178517                    -    0.131194668235532
'SQ CPMG'                   800.000000000          1000.000000    6.826366657696600                    -    0.130981165714475
