# Experiment_name    Field_strength_(MHz) Disp_point_(Hz)      R2eff_(measured)     R2eff_(back_calc)    R2eff_errors        
'SQ CPMG'                   500.000000000            66.666600    4.968266248017661                    -    0.183429536300869
'SQ CPMG'                   500.000000000           133.333300    4.705046238810445                    -    0.182602815690252
'SQ CPMG'                   500.000000000           200.000000    4.739824668181873                    -    0.182711513760113
'SQ CPMG'                   500.000000000           266.666600    4.628715092042158                    -    0.182364814742248
'SQ CPMG'                   500.000000000           333.333300    4.688161757411934                    -    0.182550102614499
'SQ CPMG'                   500.000000000           400.000000    4.602249711839373                    -    0.182282477419892
'SQ CPMG'                   500.000000000           466.666600    4.554663607926512                    -    0.182134665914031
'SQ CPMG'                   500.000000000           533.333300    4.661695581405427                    -    0.182467552448375
'SQ CPMG'                   500.000000000           600.000000    4.731011583302983                    -    0.182683953608855
'SQ CPMG'                   500.000000000           666.666600    4.891227813460678                    -    0.183186608732948
'SQ CPMG'                   500.000000000           733.333300    4.640392894298603                    -    0.182401175698562
'SQ CPMG'                   500.000000000           800.000000    4.708535083988676                    -    0.182613712568643
'SQ CPMG'                   500.000000000           866.666600    4.582908948110384                    -    0.182222364878330
'SQ CPMG'                   500.000000000           933.333300    4.679197830326905                    -    0.182522132893805
'SQ CPMG'                   500.000000000          1000.000000    4.760330401397655                    -    0.182775679314554
'SQ CPMG'                   800.000000000            66.666600    5.961198643326675                    -    0.136410874435618
'SQ CPMG'                   800.000000000           133.333300    6.097465031250575                    -    0.136739984621497
'SQ CPMG'                   800.000000000           200.000000    5.954571873466179                    -    0.136394917829909
'SQ CPMG'                   800.000000000           266.666600    5.914772718121628                    -    0.136299179564488
'SQ CPMG'                   800.000000000           333.333300    6.086920978808459                    -    0.136714450874623
'SQ CPMG'                   800.000000000           400.000000    6.032616938374458                    -    0.136583127022129
'SQ CPMG'                   800.000000000           466.666600    6.023210986056769                    -    0.136560411179982
'SQ CPMG'                   800.000000000           533.333300    5.807991682321544                    -    0.136043110360111
'SQ CPMG'                   800.000000000           600.000000    5.970070370211020                    -    0.136432243686681
'SQ CPMG'                   800.000000000           666.666600    6.108333558581591                    -    0.136766316043377
'SQ CPMG'                   800.000000000           733.333300    6.053678311090350                    -    0.136634024081609
'SQ CPMG'                   800.000000000           800.000000    5.818063899282693                    -    0.136067214831899
'SQ CPMG'                   800.000000000           866.666600    6.077458858175414                    -    0.136691546852833
'SQ CPMG'                   800.000000000           933.333300    5.947981479780236                    -    0.136379053254973
'SQ CPMG'                   800.000000000          1000.000000    6.157229015078871                    -    0.136884925913329
