# Experiment_name    Field_strength_(MHz) Disp_point_(Hz)      R2eff_(measured)     R2eff_(back_calc)    R2eff_errors        
'SQ CPMG'                   500.000000000            66.666600    6.664018268095223                    -    0.202187213664337
'SQ CPMG'                   500.000000000           133.333300    6.703744984340031                    -    0.202331588959910
'SQ CPMG'                   500.000000000           200.000000    6.469287854154695                    -    0.201483001250523
'SQ CPMG'                   500.000000000           266.666600    6.591690212408307                    -    0.201924976605602
'SQ CPMG'                   500.000000000           333.333300    6.790285750484256                    -    0.202646931949087
'SQ CPMG'                   500.000000000           400.000000    6.414195177321409                    -    0.201284812711790
'SQ CPMG'                   500.000000000           466.666600    6.467363148847827                    -    0.201476069622551
'SQ CPMG'                   500.000000000           533.333300    6.532568875303145                    -    0.201711214544283
'SQ CPMG'                   500.000000000           600.000000    6.481582680676678                    -    0.201527293065543
'SQ CPMG'                   500.000000000           666.666600    6.444298774528871                    -    0.201393049361795
'SQ CPMG'                   500.000000000           733.333300    6.441084768412926                    -    0.201381486943522
'SQ CPMG'                   500.000000000           800.000000    6.399626362463541                    -    0.201232480232747
'SQ CPMG'                   500.000000000           866.666600    6.444936188092541                    -    0.201395342649364
'SQ CPMG'                   500.000000000           933.333300    6.319469019692667                    -    0.200945122233270
'SQ CPMG'                   500.000000000          1000.000000    6.215817892610779                    -    0.200574978783218
'SQ CPMG'                   800.000000000            66.666600    7.886383127903557                    -    0.153740165987865
'SQ CPMG'                   800.000000000           133.333300    7.846454082432241                    -    0.153626791653558
'SQ CPMG'                   800.000000000           200.000000    7.628852031216705                    -    0.153012228926741
'SQ CPMG'                   800.000000000           266.666600    7.483829418401361                    -    0.152605728302773
'SQ CPMG'                   800.000000000           333.333300    7.593231156421720                    -    0.152912155462147
'SQ CPMG'                   800.000000000           400.000000    7.452903566462207                    -    0.152519359996538
'SQ CPMG'                   800.000000000           466.666600    7.342720267014138                    -    0.152212549135109
'SQ CPMG'                   800.000000000           533.333300    7.509535548058513                    -    0.152677604001252
'SQ CPMG'                   800.000000000           600.000000    7.228793392940312                    -    0.151896794694582
'SQ CPMG'                   800.000000000           666.666600    7.575643310374958                    -    0.152862798788298
'SQ CPMG'                   800.000000000           733.333300    7.338567157030006                    -    0.152201012162382
'SQ CPMG'                   800.000000000           800.000000    6.938426250215918                    -    0.151098797476816
'SQ CPMG'                   800.000000000           866.666600    7.315874446743958                    -    0.152138009134618
'SQ CPMG'                   800.000000000           933.333300    7.109191246401748                    -    0.151566924768894
'SQ CPMG'                   800.000000000          1000.000000    7.234386555180922                    -    0.151912261386891
