# Experiment_name    Field_strength_(MHz) Disp_point_(Hz)      R2eff_(measured)     R2eff_(back_calc)    R2eff_errors        
'SQ CPMG'                   500.000000000            66.666600    6.915680681291324                    -    0.174762334119601
'SQ CPMG'                   500.000000000           133.333300    6.552793911515137                    -    0.173625155275818
'SQ CPMG'                   500.000000000           200.000000    6.706928274007576                    -    0.174106049058171
'SQ CPMG'                   500.000000000           266.666600    6.480400431190185                    -    0.173400364338168
'SQ CPMG'                   500.000000000           333.333300    6.677027666001027                    -    0.174012516390308
'SQ CPMG'                   500.000000000           400.000000    6.536315649228720                    -    0.173573927938349
'SQ CPMG'                   500.000000000           466.666600    6.272789060211077                    -    0.172759494966368
'SQ CPMG'                   500.000000000           533.333300    6.454866589756922                    -    0.173321241869412
'SQ CPMG'                   500.000000000           600.000000    6.631775179192067                    -    0.173871184627979
'SQ CPMG'                   500.000000000           666.666600    6.446556983891519                    -    0.173295510999128
'SQ CPMG'                   500.000000000           733.333300    6.495625475380632                    -    0.173447583146740
'SQ CPMG'                   500.000000000           800.000000    6.554277051419626                    -    0.173629767778690
'SQ CPMG'                   500.000000000           866.666600    6.470078380637738                    -    0.173368368846776
'SQ CPMG'                   500.000000000           933.333300    6.466011918116672                    -    0.173355767761173
'SQ CPMG'                   500.000000000          1000.000000    6.620798256970311                    -    0.173836942210166
'SQ CPMG'                   800.000000000            66.666600    8.306540740458679                    -    0.124861846077555
'SQ CPMG'                   800.000000000           133.333300    8.367857272607386                    -    0.125004908725402
'SQ CPMG'                   800.000000000           200.000000    8.347289160967572                    -    0.124956879162301
'SQ CPMG'                   800.000000000           266.666600    8.029937765350073                    -    0.124220972645865
'SQ CPMG'                   800.000000000           333.333300    8.064070555361786                    -    0.124299659923255
'SQ CPMG'                   800.000000000           400.000000    7.947146698876804                    -    0.124030574075421
'SQ CPMG'                   800.000000000           466.666600    7.752630514365171                    -    0.123585801934804
'SQ CPMG'                   800.000000000           533.333300    7.803249720491959                    -    0.123701199894464
'SQ CPMG'                   800.000000000           600.000000    7.730069396889118                    -    0.123534446929820
'SQ CPMG'                   800.000000000           666.666600    7.838311399889428                    -    0.123781273353830
'SQ CPMG'                   800.000000000           733.333300    7.730216369819416                    -    0.123534781322785
'SQ CPMG'                   800.000000000           800.000000    7.797407805332159                    -    0.123687869528901
'SQ CPMG'                   800.000000000           866.666600    7.667328161639173                    -    0.123391884530762
'SQ CPMG'                   800.000000000           933.333300    7.693934803865406                    -    0.123452295459199
'SQ CPMG'                   800.000000000          1000.000000    7.562200212382306                    -    0.123153842651300
