# Experiment_name    Field_strength_(MHz) Disp_point_(Hz)      R2eff_(measured)     R2eff_(back_calc)    R2eff_errors        
'SQ CPMG'                   500.000000000            66.666600    5.754263171458417                    -    0.153427156781818
'SQ CPMG'                   500.000000000           133.333300    5.829725550184347                    -    0.153630838253570
'SQ CPMG'                   500.000000000           200.000000    5.626167042024413                    -    0.153082900963931
'SQ CPMG'                   500.000000000           266.666600    5.614553562794762                    -    0.153051782474321
'SQ CPMG'                   500.000000000           333.333300    5.609407636429072                    -    0.153037998797828
'SQ CPMG'                   500.000000000           400.000000    5.656973488045283                    -    0.153165521721204
'SQ CPMG'                   500.000000000           466.666600    5.538951586616722                    -    0.152849580924206
'SQ CPMG'                   500.000000000           533.333300    5.678131233743159                    -    0.153222327992988
'SQ CPMG'                   500.000000000           600.000000    5.640816741499909                    -    0.153122176960067
'SQ CPMG'                   500.000000000           666.666600    5.739633358240201                    -    0.153387744677577
'SQ CPMG'                   500.000000000           733.333300    5.646677681859163                    -    0.153137897049714
'SQ CPMG'                   500.000000000           800.000000    5.592203439279981                    -    0.152991938191097
'SQ CPMG'                   500.000000000           866.666600    5.644094248386318                    -    0.153130967336945
'SQ CPMG'                   500.000000000           933.333300    5.661714862062736                    -    0.153178247362673
'SQ CPMG'                   500.000000000          1000.000000    5.576757079664615                    -    0.152950612510697
'SQ CPMG'                   800.000000000            66.666600    6.799342248780390                    -    0.104298827693640
'SQ CPMG'                   800.000000000           133.333300    6.801386882720833                    -    0.104302670241743
'SQ CPMG'                   800.000000000           200.000000    6.664911467904530                    -    0.104046910196946
'SQ CPMG'                   800.000000000           266.666600    6.515781619034247                    -    0.103769108050792
'SQ CPMG'                   800.000000000           333.333300    6.719699191731912                    -    0.104149408294731
'SQ CPMG'                   800.000000000           400.000000    6.608320596665298                    -    0.103941286305440
'SQ CPMG'                   800.000000000           466.666600    6.631357039062039                    -    0.103984252283181
'SQ CPMG'                   800.000000000           533.333300    6.627515037185387                    -    0.103977083554466
'SQ CPMG'                   800.000000000           600.000000    6.557287463362708                    -    0.103846251003976
'SQ CPMG'                   800.000000000           666.666600    6.539021494540874                    -    0.103812285183634
'SQ CPMG'                   800.000000000           733.333300    6.702287219423010                    -    0.104116808000419
'SQ CPMG'                   800.000000000           800.000000    6.532119398051927                    -    0.103799457437169
'SQ CPMG'                   800.000000000           866.666600    6.687497770968264                    -    0.104089136565484
'SQ CPMG'                   800.000000000           933.333300    6.634145001392928                    -    0.103989455021943
'SQ CPMG'                   800.000000000          1000.000000    6.714392831301212                    -    0.104139470712227
