# Experiment_name    Field_strength_(MHz) Disp_point_(Hz)      R2eff_(measured)     R2eff_(back_calc)    R2eff_errors        
'SQ CPMG'                   500.000000000            66.666600    6.537923298744565                    -    0.169766086797905
'SQ CPMG'                   500.000000000           133.333300    6.502812201972034                    -    0.169659440315958
'SQ CPMG'                   500.000000000           200.000000    6.636648845727670                    -    0.170066801783206
'SQ CPMG'                   500.000000000           266.666600    6.528608315223036                    -    0.169737778091404
'SQ CPMG'                   500.000000000           333.333300    6.269102197242987                    -    0.168953575805222
'SQ CPMG'                   500.000000000           400.000000    6.185343945753788                    -    0.168702293650372
'SQ CPMG'                   500.000000000           466.666600    6.409999926616015                    -    0.169378290492963
'SQ CPMG'                   500.000000000           533.333300    6.186230883311468                    -    0.168704949887352
'SQ CPMG'                   500.000000000           600.000000    6.312602769574704                    -    0.169084432361192
'SQ CPMG'                   500.000000000           666.666600    6.276631210529892                    -    0.168976207071585
'SQ CPMG'                   500.000000000           733.333300    6.139196053733529                    -    0.168564225298005
'SQ CPMG'                   500.000000000           800.000000    6.014617076240469                    -    0.168192843986573
'SQ CPMG'                   500.000000000           866.666600    6.130190182279248                    -    0.168537312317785
'SQ CPMG'                   500.000000000           933.333300    6.239839944957097                    -    0.168865685431919
'SQ CPMG'                   500.000000000          1000.000000    6.266405419842514                    -    0.168945471381083
'SQ CPMG'                   800.000000000            66.666600    8.415619571907223                    -    0.113590485707487
'SQ CPMG'                   800.000000000           133.333300    7.910020905492268                    -    0.112527187398066
'SQ CPMG'                   800.000000000           200.000000    7.661499244453400                    -    0.112012650390727
'SQ CPMG'                   800.000000000           266.666600    7.660924392912449                    -    0.112011466375634
'SQ CPMG'                   800.000000000           333.333300    7.467009515155750                    -    0.111613675066882
'SQ CPMG'                   800.000000000           400.000000    7.478557998263700                    -    0.111637275390162
'SQ CPMG'                   800.000000000           466.666600    7.262609922617722                    -    0.111197843098275
'SQ CPMG'                   800.000000000           533.333300    7.250537707151392                    -    0.111173394117187
'SQ CPMG'                   800.000000000           600.000000    7.283392393902949                    -    0.111239961226780
'SQ CPMG'                   800.000000000           666.666600    7.223904461216336                    -    0.111119499341455
'SQ CPMG'                   800.000000000           733.333300    7.136191481065588                    -    0.110942427881652
'SQ CPMG'                   800.000000000           800.000000    7.174391882508822                    -    0.111019465494019
'SQ CPMG'                   800.000000000           866.666600    7.187120142197553                    -    0.111045161546309
'SQ CPMG'                   800.000000000           933.333300    7.069946866926937                    -    0.110809125900108
'SQ CPMG'                   800.000000000          1000.000000    7.110848942536625                    -    0.110891388226714
