# Experiment_name    Field_strength_(MHz) Disp_point_(Hz)      R2eff_(measured)     R2eff_(back_calc)    R2eff_errors        
'SQ CPMG'                   500.000000000            66.666600    5.609491979631867                    -    0.231496095224011
'SQ CPMG'                   500.000000000           133.333300    5.511351854580540                    -    0.231099323931109
'SQ CPMG'                   500.000000000           200.000000    6.313102780795632                    -    0.234389609169164
'SQ CPMG'                   500.000000000           266.666600    5.981084481311134                    -    0.233013479820299
'SQ CPMG'                   500.000000000           333.333300    5.973220329176653                    -    0.232981118637325
'SQ CPMG'                   500.000000000           400.000000    5.329016137407096                    -    0.230366542601954
'SQ CPMG'                   500.000000000           466.666600    5.599527391851105                    -    0.231455733779581
'SQ CPMG'                   500.000000000           533.333300    5.936300644261165                    -    0.232829337178736
'SQ CPMG'                   500.000000000           600.000000    5.587310286777611                    -    0.231406271862526
'SQ CPMG'                   500.000000000           666.666600    5.846600156131608                    -    0.232461554775876
'SQ CPMG'                   500.000000000           733.333300    5.791035625728728                    -    0.232234434211697
'SQ CPMG'                   500.000000000           800.000000    5.628106598865897                    -    0.231571539321268
'SQ CPMG'                   500.000000000           866.666600    5.510340710068713                    -    0.231095244581733
'SQ CPMG'                   500.000000000           933.333300    5.555310338009375                    -    0.231276839235818
'SQ CPMG'                   500.000000000          1000.000000    5.582262960161733                    -    0.231385844858156
'SQ CPMG'                   800.000000000            66.666600    7.793913702753855                    -    0.157250683475494
'SQ CPMG'                   800.000000000           133.333300    7.827163005505464                    -    0.157347187858321
'SQ CPMG'                   800.000000000           200.000000    7.385772242375255                    -    0.156076888223290
'SQ CPMG'                   800.000000000           266.666600    7.440864776172165                    -    0.156234168825708
'SQ CPMG'                   800.000000000           333.333300    7.716559440772278                    -    0.157026682092270
'SQ CPMG'                   800.000000000           400.000000    7.505593924807145                    -    0.156419422769570
'SQ CPMG'                   800.000000000           466.666600    7.499782976742232                    -    0.156402771483188
'SQ CPMG'                   800.000000000           533.333300    7.395843149885048                    -    0.156105612100388
'SQ CPMG'                   800.000000000           600.000000    7.324214712744307                    -    0.155901578269205
'SQ CPMG'                   800.000000000           666.666600    7.353979470425581                    -    0.155986289203293
'SQ CPMG'                   800.000000000           733.333300    7.243080402494903                    -    0.155671202858026
'SQ CPMG'                   800.000000000           800.000000    7.475172484873212                    -    0.156332294752614
'SQ CPMG'                   800.000000000           866.666600    7.219223723925371                    -    0.155603611872361
'SQ CPMG'                   800.000000000           933.333300    7.185222692629237                    -    0.155507396222966
'SQ CPMG'                   800.000000000          1000.000000    7.198240390789444                    -    0.155544217367998
