# Experiment_name    Field_strength_(MHz) Disp_point_(Hz)      R2eff_(measured)     R2eff_(back_calc)    R2eff_errors        
'SQ CPMG'                   500.000000000            66.666600    4.152338765224689                    -    0.136618310560214
'SQ CPMG'                   500.000000000           133.333300    3.976510541073427                    -    0.136214868808593
'SQ CPMG'                   500.000000000           200.000000    3.696562286986261                    -    0.135578816708833
'SQ CPMG'                   500.000000000           266.666600    3.629722182646750                    -    0.135428090773932
'SQ CPMG'                   500.000000000           333.333300    3.612499654887546                    -    0.135389324324834
'SQ CPMG'                   500.000000000           400.000000    3.561993305711057                    -    0.135275805704494
'SQ CPMG'                   500.000000000           466.666600    3.614726136098673                    -    0.135394334315312
'SQ CPMG'                   500.000000000           533.333300    3.563141561486405                    -    0.135278383773673
'SQ CPMG'                   500.000000000           600.000000    3.598751530188491                    -    0.135358399243674
'SQ CPMG'                   500.000000000           666.666600    3.579654556695334                    -    0.135315473039535
'SQ CPMG'                   500.000000000           733.333300    3.476750583415325                    -    0.135084776824881
'SQ CPMG'                   500.000000000           800.000000    3.542820047024994                    -    0.135232776795646
'SQ CPMG'                   500.000000000           866.666600    3.599552236305842                    -    0.135360199849080
'SQ CPMG'                   500.000000000           933.333300    3.538968292243373                    -    0.135224136950066
'SQ CPMG'                   500.000000000          1000.000000    3.415606810541663                    -    0.134948188662080
'SQ CPMG'                   800.000000000            66.666600    5.521524065014589                    -    0.091192561871083
'SQ CPMG'                   800.000000000           133.333300    5.261261025063476                    -    0.090780400690007
'SQ CPMG'                   800.000000000           200.000000    5.131392265218806                    -    0.090576440255832
'SQ CPMG'                   800.000000000           266.666600    4.868000561844597                    -    0.090166239699271
'SQ CPMG'                   800.000000000           333.333300    4.611367074911607                    -    0.089770989938316
'SQ CPMG'                   800.000000000           400.000000    4.422155408136866                    -    0.089482354824969
'SQ CPMG'                   800.000000000           466.666600    4.337108146254942                    -    0.089353381643477
'SQ CPMG'                   800.000000000           533.333300    4.247913347943785                    -    0.089218625240760
'SQ CPMG'                   800.000000000           600.000000    4.197460967325961                    -    0.089142630312224
'SQ CPMG'                   800.000000000           666.666600    4.261949800198250                    -    0.089239797335689
'SQ CPMG'                   800.000000000           733.333300    4.139973207634529                    -    0.089056239486944
'SQ CPMG'                   800.000000000           800.000000    4.209282552170079                    -    0.089160421990765
'SQ CPMG'                   800.000000000           866.666600    4.140939795450196                    -    0.089057690275075
'SQ CPMG'                   800.000000000           933.333300    4.121504652212323                    -    0.089028530955132
'SQ CPMG'                   800.000000000          1000.000000    4.111729579237757                    -    0.089013874264320
