# Experiment_name    Field_strength_(MHz) Disp_point_(Hz)      R2eff_(measured)     R2eff_(back_calc)    R2eff_errors        
'SQ CPMG'                   500.000000000            66.666600    6.515342378711055                    -    0.156283188260461
'SQ CPMG'                   500.000000000           133.333300    6.665524299194260                    -    0.156704533273830
'SQ CPMG'                   500.000000000           200.000000    6.371805466114714                    -    0.155882968666676
'SQ CPMG'                   500.000000000           266.666600    6.124467800375197                    -    0.155198984564300
'SQ CPMG'                   500.000000000           333.333300    6.186501576954625                    -    0.155369861273731
'SQ CPMG'                   500.000000000           400.000000    6.351694678314926                    -    0.155827087510940
'SQ CPMG'                   500.000000000           466.666600    6.172112486079198                    -    0.155330185528485
'SQ CPMG'                   500.000000000           533.333300    6.210038600124808                    -    0.155434813075818
'SQ CPMG'                   500.000000000           600.000000    6.210447550422407                    -    0.155435942169102
'SQ CPMG'                   500.000000000           666.666600    6.155837805692987                    -    0.155285339616895
'SQ CPMG'                   500.000000000           733.333300    6.234598745776553                    -    0.155502657122206
'SQ CPMG'                   500.000000000           800.000000    6.160142583962109                    -    0.155297198705902
'SQ CPMG'                   500.000000000           866.666600    5.970100401651417                    -    0.154775708478394
'SQ CPMG'                   500.000000000           933.333300    6.065576509866343                    -    0.155037178180278
'SQ CPMG'                   500.000000000          1000.000000    6.127918561131425                    -    0.155208478181515
'SQ CPMG'                   800.000000000            66.666600    8.623810122282880                    -    0.112168243403181
'SQ CPMG'                   800.000000000           133.333300    8.468292075620965                    -    0.111841404549878
'SQ CPMG'                   800.000000000           200.000000    8.359611788521736                    -    0.111614242358643
'SQ CPMG'                   800.000000000           266.666600    8.026356892318660                    -    0.110924007255301
'SQ CPMG'                   800.000000000           333.333300    7.779375990609433                    -    0.110418577846330
'SQ CPMG'                   800.000000000           400.000000    7.693199801171809                    -    0.110243440939594
'SQ CPMG'                   800.000000000           466.666600    7.647808028952155                    -    0.110151442792707
'SQ CPMG'                   800.000000000           533.333300    7.628020210064533                    -    0.110111392026547
'SQ CPMG'                   800.000000000           600.000000    7.525982850939091                    -    0.109905390262316
'SQ CPMG'                   800.000000000           666.666600    7.592644670209266                    -    0.110039873697786
'SQ CPMG'                   800.000000000           733.333300    7.503845889129475                    -    0.109860813742946
'SQ CPMG'                   800.000000000           800.000000    7.404433278990155                    -    0.109661136057685
'SQ CPMG'                   800.000000000           866.666600    7.535783786999090                    -    0.109925139242934
'SQ CPMG'                   800.000000000           933.333300    7.362234620916982                    -    0.109576626908515
'SQ CPMG'                   800.000000000          1000.000000    7.485927627343425                    -    0.109824762395973
