# Experiment_name    Field_strength_(MHz) Disp_point_(Hz)      R2eff_(measured)     R2eff_(back_calc)    R2eff_errors        
'SQ CPMG'                   500.000000000            66.666600   22.271748765240915                    -    0.476906576632671
'SQ CPMG'                   500.000000000           133.333300   20.313564587335208                    -    0.455494145135615
'SQ CPMG'                   500.000000000           200.000000   19.101916037559075                    -    0.442996598911991
'SQ CPMG'                   500.000000000           266.666600   18.117079963234136                    -    0.433245548189981
'SQ CPMG'                   500.000000000           333.333300   17.975685205585044                    -    0.431874877918534
'SQ CPMG'                   500.000000000           400.000000   14.813262972754984                    -    0.403064683725373
'SQ CPMG'                   500.000000000           466.666600   13.533543334804744                    -    0.392367424237092
'SQ CPMG'                   500.000000000           533.333300   12.718964280928921                    -    0.385832309027366
'SQ CPMG'                   500.000000000           600.000000   10.933306060336214                    -    0.372224312469062
'SQ CPMG'                   500.000000000           666.666600   10.042840420226852                    -    0.365794110061145
'SQ CPMG'                   500.000000000           733.333300    9.215046798436493                    -    0.360021442392047
'SQ CPMG'                   500.000000000           800.000000    8.729999895324838                    -    0.356728663064819
'SQ CPMG'                   500.000000000           866.666600    8.794082801761592                    -    0.357159942427783
'SQ CPMG'                   500.000000000           933.333300    8.285337551592010                    -    0.353767243407231
'SQ CPMG'                   500.000000000          1000.000000    7.433489598212534                    -    0.348244033484829
'SQ CPMG'                   800.000000000            66.666600   29.019332325925411                    -    0.423588380041081
'SQ CPMG'                   800.000000000           133.333300   28.835365315403795                    -    0.421605606030267
'SQ CPMG'                   800.000000000           200.000000   27.230742383599999                    -    0.404836398039805
'SQ CPMG'                   800.000000000           266.666600   27.253163179946462                    -    0.405064321615702
'SQ CPMG'                   800.000000000           333.333300   25.947625123426747                    -    0.392086174614000
'SQ CPMG'                   800.000000000           400.000000   24.074291090361633                    -    0.374477319123375
'SQ CPMG'                   800.000000000           466.666600   23.722623571617536                    -    0.371300612883848
'SQ CPMG'                   800.000000000           533.333300   21.426451680891471                    -    0.351518803741643
'SQ CPMG'                   800.000000000           600.000000   19.334495990524832                    -    0.334883347403890
'SQ CPMG'                   800.000000000           666.666600   17.827355406231714                    -    0.323673695642429
'SQ CPMG'                   800.000000000           733.333300   16.631803926888786                    -    0.315222819517386
'SQ CPMG'                   800.000000000           800.000000   14.351100647102204                    -    0.300133835321275
'SQ CPMG'                   800.000000000           866.666600   13.465699726961274                    -    0.294626036784072
'SQ CPMG'                   800.000000000           933.333300   13.302830024998755                    -    0.293633506027843
'SQ CPMG'                   800.000000000          1000.000000   12.386617952535154                    -    0.288167272998014
