# Experiment_name    Field_strength_(MHz) Disp_point_(Hz)      R2eff_(measured)     R2eff_(back_calc)    R2eff_errors        
'SQ CPMG'                   500.000000000            66.666600    7.008604042386755                    -    0.164908517237875
'SQ CPMG'                   500.000000000           133.333300    6.871851877680881                    -    0.164501316386801
'SQ CPMG'                   500.000000000           200.000000    6.951298262375053                    -    0.164737596174907
'SQ CPMG'                   500.000000000           266.666600    6.635047601916353                    -    0.163801698142832
'SQ CPMG'                   500.000000000           333.333300    6.566630422654791                    -    0.163600858459755
'SQ CPMG'                   500.000000000           400.000000    6.604081275366082                    -    0.163710724404941
'SQ CPMG'                   500.000000000           466.666600    6.290568170140318                    -    0.162796326045209
'SQ CPMG'                   500.000000000           533.333300    6.249123781776045                    -    0.162676350556373
'SQ CPMG'                   500.000000000           600.000000    6.245799647331308                    -    0.162666736759695
'SQ CPMG'                   500.000000000           666.666600    6.115769123284394                    -    0.162291730051266
'SQ CPMG'                   500.000000000           733.333300    6.318567238139353                    -    0.162877498140549
'SQ CPMG'                   500.000000000           800.000000    6.079671165679977                    -    0.162187988872743
'SQ CPMG'                   500.000000000           866.666600    6.291010837158980                    -    0.162797608635111
'SQ CPMG'                   500.000000000           933.333300    6.221399860986351                    -    0.162596210931679
'SQ CPMG'                   500.000000000          1000.000000    6.025319616806588                    -    0.162032087556864
'SQ CPMG'                   800.000000000            66.666600    9.985827004785786                    -    0.113438024948408
'SQ CPMG'                   800.000000000           133.333300    9.767730568378019                    -    0.112961073147008
'SQ CPMG'                   800.000000000           200.000000    9.500848720294652                    -    0.112383168712456
'SQ CPMG'                   800.000000000           266.666600    8.827565321266915                    -    0.110952964667156
'SQ CPMG'                   800.000000000           333.333300    8.765598850507311                    -    0.110823308840007
'SQ CPMG'                   800.000000000           400.000000    8.457102310991690                    -    0.110182725302204
'SQ CPMG'                   800.000000000           466.666600    8.481522891743760                    -    0.110233137474294
'SQ CPMG'                   800.000000000           533.333300    8.115030832968298                    -    0.109481896996327
'SQ CPMG'                   800.000000000           600.000000    8.185726209132842                    -    0.109625924358202
'SQ CPMG'                   800.000000000           666.666600    8.043421544190894                    -    0.109336437032765
'SQ CPMG'                   800.000000000           733.333300    8.040953902180432                    -    0.109331432200420
'SQ CPMG'                   800.000000000           800.000000    7.836014347951551                    -    0.108917559906950
'SQ CPMG'                   800.000000000           866.666600    7.782824917673234                    -    0.108810718981635
'SQ CPMG'                   800.000000000           933.333300    7.797549279840323                    -    0.108840271987409
'SQ CPMG'                   800.000000000          1000.000000    7.814446304976578                    -    0.108874207994850
