# Experiment_name    Field_strength_(MHz) Disp_point_(Hz)      R2eff_(measured)     R2eff_(back_calc)    R2eff_errors        
'SQ CPMG'                   500.000000000            66.666600    7.882262631209584                    -    0.180186643011310
'SQ CPMG'                   500.000000000           133.333300    7.645815876071581                    -    0.179403066292851
'SQ CPMG'                   500.000000000           200.000000    7.321388031060823                    -    0.178340398531826
'SQ CPMG'                   500.000000000           266.666600    6.868532544233285                    -    0.176880942269770
'SQ CPMG'                   500.000000000           333.333300    6.680001346103665                    -    0.176281466420328
'SQ CPMG'                   500.000000000           400.000000    6.808554539625971                    -    0.176689714240273
'SQ CPMG'                   500.000000000           466.666600    6.627619632377647                    -    0.176115748597699
'SQ CPMG'                   500.000000000           533.333300    6.656652501744361                    -    0.176207553578352
'SQ CPMG'                   500.000000000           600.000000    6.581485236246066                    -    0.175970097196470
'SQ CPMG'                   500.000000000           666.666600    6.712205044880801                    -    0.176383529183520
'SQ CPMG'                   500.000000000           733.333300    6.551296253102405                    -    0.175874940147707
'SQ CPMG'                   500.000000000           800.000000    6.439755709754850                    -    0.175524406351718
'SQ CPMG'                   500.000000000           866.666600    6.209376402679198                    -    0.174805599760817
'SQ CPMG'                   500.000000000           933.333300    6.489739528509557                    -    0.175681284811849
'SQ CPMG'                   500.000000000          1000.000000    6.471139732260021                    -    0.175622869178697
'SQ CPMG'                   800.000000000            66.666600   10.637442541645379                    -    0.138098801175621
'SQ CPMG'                   800.000000000           133.333300   10.408496074724633                    -    0.137480994081065
'SQ CPMG'                   800.000000000           200.000000    9.998899865640245                    -    0.136389894412563
'SQ CPMG'                   800.000000000           266.666600    9.367324235653559                    -    0.134742688780671
'SQ CPMG'                   800.000000000           333.333300    8.701268045279388                    -    0.133051037187966
'SQ CPMG'                   800.000000000           400.000000    8.337271294942234                    -    0.132145953562456
'SQ CPMG'                   800.000000000           466.666600    8.114490713283853                    -    0.131598681763641
'SQ CPMG'                   800.000000000           533.333300    8.051051209345433                    -    0.131443760426883
'SQ CPMG'                   800.000000000           600.000000    7.795946291394674                    -    0.130824884687046
'SQ CPMG'                   800.000000000           666.666600    7.765719191403906                    -    0.130751988230909
'SQ CPMG'                   800.000000000           733.333300    7.868424184572219                    -    0.131000047635213
'SQ CPMG'                   800.000000000           800.000000    7.590382125074071                    -    0.130330943522852
'SQ CPMG'                   800.000000000           866.666600    7.422835739066342                    -    0.129931469056098
'SQ CPMG'                   800.000000000           933.333300    7.389495477554360                    -    0.129852309507325
'SQ CPMG'                   800.000000000          1000.000000    7.390854315359580                    -    0.129855533634321
