# Experiment_name    Field_strength_(MHz) Disp_point_(Hz)      R2eff_(measured)     R2eff_(back_calc)    R2eff_errors        
'SQ CPMG'                   500.000000000            66.666600    5.250044666198272                    -    0.160141579784436
'SQ CPMG'                   500.000000000           133.333300    5.218818365203502                    -    0.160054910730846
'SQ CPMG'                   500.000000000           200.000000    4.901174978298346                    -    0.159179824395313
'SQ CPMG'                   500.000000000           266.666600    5.102467629961014                    -    0.159732992744880
'SQ CPMG'                   500.000000000           333.333300    5.107955475333667                    -    0.159748140542609
'SQ CPMG'                   500.000000000           400.000000    5.006700002290019                    -    0.159469221750886
'SQ CPMG'                   500.000000000           466.666600    4.753770150013518                    -    0.158777756352620
'SQ CPMG'                   500.000000000           533.333300    4.874640243561839                    -    0.159107259563615
'SQ CPMG'                   500.000000000           600.000000    4.841804457756056                    -    0.159017577252795
'SQ CPMG'                   500.000000000           666.666600    4.756700503456241                    -    0.158785724598620
'SQ CPMG'                   500.000000000           733.333300    4.534647068702998                    -    0.158184744254890
'SQ CPMG'                   500.000000000           800.000000    4.849756732882372                    -    0.159039285227670
'SQ CPMG'                   500.000000000           866.666600    4.709190895377056                    -    0.158656659401796
'SQ CPMG'                   500.000000000           933.333300    4.714490320423413                    -    0.158671042858968
'SQ CPMG'                   500.000000000          1000.000000    4.672472127400932                    -    0.158557088771830
'SQ CPMG'                   800.000000000            66.666600    7.378068030760729                    -    0.124028169800653
'SQ CPMG'                   800.000000000           133.333300    7.016975729894757                    -    0.123216213914460
'SQ CPMG'                   800.000000000           200.000000    6.933783384275507                    -    0.123030879383376
'SQ CPMG'                   800.000000000           266.666600    6.624235248077913                    -    0.122346927041193
'SQ CPMG'                   800.000000000           333.333300    6.454137995881632                    -    0.121974865790928
'SQ CPMG'                   800.000000000           400.000000    6.131832561575339                    -    0.121277147700712
'SQ CPMG'                   800.000000000           466.666600    6.112102458923740                    -    0.121234744168188
'SQ CPMG'                   800.000000000           533.333300    5.975695652352208                    -    0.120942547498782
'SQ CPMG'                   800.000000000           600.000000    5.963663987318423                    -    0.120916855362864
'SQ CPMG'                   800.000000000           666.666600    6.032473452338139                    -    0.121063966223632
'SQ CPMG'                   800.000000000           733.333300    5.886908843736149                    -    0.120753262039240
'SQ CPMG'                   800.000000000           800.000000    5.896830124946459                    -    0.120774377998592
'SQ CPMG'                   800.000000000           866.666600    5.878410811548992                    -    0.120735182309691
'SQ CPMG'                   800.000000000           933.333300    5.841203763553908                    -    0.120656100218371
'SQ CPMG'                   800.000000000          1000.000000    5.929598320977838                    -    0.120844183297714
