# Experiment_name    Field_strength_(MHz) Disp_point_(Hz)      R2eff_(measured)     R2eff_(back_calc)    R2eff_errors        
'SQ CPMG'                   500.000000000            66.666600    1.661723254852007                    -    0.117905971687095
'SQ CPMG'                   500.000000000           133.333300    1.600555642936541                    -    0.117792556372391
'SQ CPMG'                   500.000000000           200.000000    1.543721018904033                    -    0.117687450124042
'SQ CPMG'                   500.000000000           266.666600    1.673811893928095                    -    0.117928422471787
'SQ CPMG'                   500.000000000           333.333300    1.626415109065581                    -    0.117840466819348
'SQ CPMG'                   500.000000000           400.000000    1.529515341459424                    -    0.117661220382406
'SQ CPMG'                   500.000000000           466.666600    1.547026710613291                    -    0.117693556209615
'SQ CPMG'                   500.000000000           533.333300    1.679929731279022                    -    0.117939788977420
'SQ CPMG'                   500.000000000           600.000000    1.561674294802164                    -    0.117720623155953
'SQ CPMG'                   500.000000000           666.666600    1.620773769118137                    -    0.117830010296509
'SQ CPMG'                   500.000000000           733.333300    1.571036069747559                    -    0.117737931774407
'SQ CPMG'                   500.000000000           800.000000    1.604061133896970                    -    0.117799047865139
'SQ CPMG'                   500.000000000           866.666600    1.626704850884435                    -    0.117841003941687
'SQ CPMG'                   500.000000000           933.333300    1.611016721544644                    -    0.117811931254601
'SQ CPMG'                   500.000000000          1000.000000    1.578158834408230                    -    0.117751105583183
'SQ CPMG'                   800.000000000            66.666600    1.703866810115558                    -    0.072648785833333
'SQ CPMG'                   800.000000000           133.333300    1.685301550815581                    -    0.072627530173624
'SQ CPMG'                   800.000000000           200.000000    1.567651578000319                    -    0.072493236111894
'SQ CPMG'                   800.000000000           266.666600    1.734598933713978                    -    0.072684009913195
'SQ CPMG'                   800.000000000           333.333300    1.712334878389619                    -    0.072658486857397
'SQ CPMG'                   800.000000000           400.000000    1.648293542930036                    -    0.072585211174946
'SQ CPMG'                   800.000000000           466.666600    1.635152388777279                    -    0.072570200811312
'SQ CPMG'                   800.000000000           533.333300    1.577931988241518                    -    0.072504943031692
'SQ CPMG'                   800.000000000           600.000000    1.716032164254878                    -    0.072662723609980
'SQ CPMG'                   800.000000000           666.666600    1.598608290766678                    -    0.072528504524563
'SQ CPMG'                   800.000000000           733.333300    1.544351470012676                    -    0.072466722607336
'SQ CPMG'                   800.000000000           800.000000    1.527066049644203                    -    0.072447070972682
'SQ CPMG'                   800.000000000           866.666600    1.636789396743211                    -    0.072572070192716
'SQ CPMG'                   800.000000000           933.333300    1.651419953593083                    -    0.072588783574849
'SQ CPMG'                   800.000000000          1000.000000    1.645573385544930                    -    0.072582103383345
