# Experiment_name    Field_strength_(MHz) Disp_point_(Hz)      R2eff_(measured)     R2eff_(back_calc)    R2eff_errors        
'SQ CPMG'                   500.000000000            66.666600    5.625897437732547                    -    0.159944725235156
'SQ CPMG'                   500.000000000           133.333300    5.542961349340439                    -    0.159712888670196
'SQ CPMG'                   500.000000000           200.000000    5.624375611064155                    -    0.159940463810823
'SQ CPMG'                   500.000000000           266.666600    5.438167000075638                    -    0.159421117364986
'SQ CPMG'                   500.000000000           333.333300    5.611581444411274                    -    0.159904648436201
'SQ CPMG'                   500.000000000           400.000000    5.543475759899581                    -    0.159714324116972
'SQ CPMG'                   500.000000000           466.666600    5.537310124431642                    -    0.159697121169003
'SQ CPMG'                   500.000000000           533.333300    5.459572813597062                    -    0.159480610317347
'SQ CPMG'                   500.000000000           600.000000    5.462149611750423                    -    0.159487775641655
'SQ CPMG'                   500.000000000           666.666600    5.472068019965107                    -    0.159515363177997
'SQ CPMG'                   500.000000000           733.333300    5.193584723450557                    -    0.158745190351656
'SQ CPMG'                   500.000000000           800.000000    5.650295890231455                    -    0.160013083501629
'SQ CPMG'                   500.000000000           866.666600    5.336490621233576                    -    0.159139268699015
'SQ CPMG'                   500.000000000           933.333300    5.330622081311894                    -    0.159123038244473
'SQ CPMG'                   500.000000000          1000.000000    5.395734462624911                    -    0.159303345213286
'SQ CPMG'                   800.000000000            66.666600    7.912038702174513                    -    0.120049104648150
'SQ CPMG'                   800.000000000           133.333300    7.897076806701778                    -    0.120015894896072
'SQ CPMG'                   800.000000000           200.000000    7.733218229852517                    -    0.119653538187886
'SQ CPMG'                   800.000000000           266.666600    7.600628276662196                    -    0.119362130477756
'SQ CPMG'                   800.000000000           333.333300    7.529912494541547                    -    0.119207366968021
'SQ CPMG'                   800.000000000           400.000000    7.369226046606054                    -    0.118857391395780
'SQ CPMG'                   800.000000000           466.666600    7.344760783824173                    -    0.118804311468649
'SQ CPMG'                   800.000000000           533.333300    7.381114453854242                    -    0.118883204104544
'SQ CPMG'                   800.000000000           600.000000    7.273934130092493                    -    0.118650951042175
'SQ CPMG'                   800.000000000           666.666600    7.275462264068397                    -    0.118654255112960
'SQ CPMG'                   800.000000000           733.333300    7.420576314218034                    -    0.118968977538292
'SQ CPMG'                   800.000000000           800.000000    7.438064343983588                    -    0.119007034314034
'SQ CPMG'                   800.000000000           866.666600    7.378777727667569                    -    0.118878129475628
'SQ CPMG'                   800.000000000           933.333300    7.370137060039244                    -    0.118859368980965
'SQ CPMG'                   800.000000000          1000.000000    7.571138885045868                    -    0.119297536685602
