# Experiment_name    Field_strength_(MHz) Disp_point_(Hz)      R2eff_(measured)     R2eff_(back_calc)    R2eff_errors        
'SQ CPMG'                   500.000000000            66.666600    6.203291771406456                    -    0.160889276529470
'SQ CPMG'                   500.000000000           133.333300    6.251257664158535                    -    0.161026470530206
'SQ CPMG'                   500.000000000           200.000000    6.334077165210754                    -    0.161264009145972
'SQ CPMG'                   500.000000000           266.666600    6.375344323951842                    -    0.161382679657164
'SQ CPMG'                   500.000000000           333.333300    6.270348724671172                    -    0.161081152910220
'SQ CPMG'                   500.000000000           400.000000    6.353569385503158                    -    0.161320036497770
'SQ CPMG'                   500.000000000           466.666600    6.465098602622286                    -    0.161641496813091
'SQ CPMG'                   500.000000000           533.333300    6.261432660526055                    -    0.161055609210340
'SQ CPMG'                   500.000000000           600.000000    6.447888558524968                    -    0.161591793711726
'SQ CPMG'                   500.000000000           666.666600    6.289617614186800                    -    0.161136389346318
'SQ CPMG'                   500.000000000           733.333300    6.223570393692119                    -    0.160947244363799
'SQ CPMG'                   500.000000000           800.000000    6.162144737779474                    -    0.160771807401857
'SQ CPMG'                   500.000000000           866.666600    6.322463190502928                    -    0.161230648478854
'SQ CPMG'                   500.000000000           933.333300    6.227379844308404                    -    0.160958139480228
'SQ CPMG'                   500.000000000          1000.000000    6.178851620171131                    -    0.160819478631815
'SQ CPMG'                   800.000000000            66.666600    7.270612404555037                    -    0.105143078862817
'SQ CPMG'                   800.000000000           133.333300    7.264146106623073                    -    0.105130692420680
'SQ CPMG'                   800.000000000           200.000000    7.154210938273790                    -    0.104920618844172
'SQ CPMG'                   800.000000000           266.666600    7.282546943313208                    -    0.105165948719514
'SQ CPMG'                   800.000000000           333.333300    7.154824838576436                    -    0.104921789258556
'SQ CPMG'                   800.000000000           400.000000    7.023198106136690                    -    0.104671526676853
'SQ CPMG'                   800.000000000           466.666600    7.175637605609869                    -    0.104961487040815
'SQ CPMG'                   800.000000000           533.333300    7.021467614018000                    -    0.104668245659637
'SQ CPMG'                   800.000000000           600.000000    7.107282559236725                    -    0.104831237778724
'SQ CPMG'                   800.000000000           666.666600    7.139822297233767                    -    0.104893195190726
'SQ CPMG'                   800.000000000           733.333300    7.058031874370175                    -    0.104737622178928
'SQ CPMG'                   800.000000000           800.000000    7.039040275287456                    -    0.104701574523821
'SQ CPMG'                   800.000000000           866.666600    7.155326854123499                    -    0.104922746384539
'SQ CPMG'                   800.000000000           933.333300    7.053653803325693                    -    0.104729309688518
'SQ CPMG'                   800.000000000          1000.000000    7.056102075216197                    -    0.104733957948945
