# Experiment_name    Field_strength_(MHz) Disp_point_(Hz)      R2eff_(measured)     R2eff_(back_calc)    R2eff_errors        
'SQ CPMG'                   500.000000000            66.666600    6.169913958709041                    -    0.179596756053744
'SQ CPMG'                   500.000000000           133.333300    6.183522614520362                    -    0.179640138999291
'SQ CPMG'                   500.000000000           200.000000    6.343864601039708                    -    0.180153173945848
'SQ CPMG'                   500.000000000           266.666600    6.063239814064945                    -    0.179257553332670
'SQ CPMG'                   500.000000000           333.333300    6.102087854252320                    -    0.179380905345637
'SQ CPMG'                   500.000000000           400.000000    6.216497851106708                    -    0.179745364038913
'SQ CPMG'                   500.000000000           466.666600    6.132021166031260                    -    0.179476089233662
'SQ CPMG'                   500.000000000           533.333300    6.076723571336145                    -    0.179300344591771
'SQ CPMG'                   500.000000000           600.000000    6.101020554134191                    -    0.179377513699122
'SQ CPMG'                   500.000000000           666.666600    6.034769448780535                    -    0.179167281594315
'SQ CPMG'                   500.000000000           733.333300    6.025972094229935                    -    0.179139409574995
'SQ CPMG'                   500.000000000           800.000000    6.090219344205781                    -    0.179343198426347
'SQ CPMG'                   500.000000000           866.666600    6.014099020144941                    -    0.179101809425315
'SQ CPMG'                   500.000000000           933.333300    6.145417806965323                    -    0.179518727772924
'SQ CPMG'                   500.000000000          1000.000000    6.128250671178249                    -    0.179464092937638
'SQ CPMG'                   800.000000000            66.666600    8.068437427144511                    -    0.135053255352609
'SQ CPMG'                   800.000000000           133.333300    7.727832357791255                    -    0.134205433338129
'SQ CPMG'                   800.000000000           200.000000    7.956585973900315                    -    0.134773516008013
'SQ CPMG'                   800.000000000           266.666600    7.752519914537067                    -    0.134266482401162
'SQ CPMG'                   800.000000000           333.333300    7.665707949341386                    -    0.134052084930586
'SQ CPMG'                   800.000000000           400.000000    7.501619554745243                    -    0.133648949530108
'SQ CPMG'                   800.000000000           466.666600    7.457072866665587                    -    0.133539981228445
'SQ CPMG'                   800.000000000           533.333300    7.501324047962615                    -    0.133648226006479
'SQ CPMG'                   800.000000000           600.000000    7.407044664597948                    -    0.133417845340582
'SQ CPMG'                   800.000000000           666.666600    7.492425647541392                    -    0.133626443191704
'SQ CPMG'                   800.000000000           733.333300    7.322076484568116                    -    0.133210992392622
'SQ CPMG'                   800.000000000           800.000000    7.427872905967142                    -    0.133468663211039
'SQ CPMG'                   800.000000000           866.666600    7.520504157077978                    -    0.133695205384115
'SQ CPMG'                   800.000000000           933.333300    7.376815080167921                    -    0.133344168078664
'SQ CPMG'                   800.000000000          1000.000000    7.432340413460912                    -    0.133479569029590
