# Experiment_name    Field_strength_(MHz) Disp_point_(Hz)      R2eff_(measured)     R2eff_(back_calc)    R2eff_errors        
'SQ CPMG'                   500.000000000            66.666600    4.495989402085597                    -    0.159048230727853
'SQ CPMG'                   500.000000000           133.333300    4.430073851407990                    -    0.158870143965129
'SQ CPMG'                   500.000000000           200.000000    4.132200124685617                    -    0.158071638608671
'SQ CPMG'                   500.000000000           266.666600    4.237284781696969                    -    0.158352168028520
'SQ CPMG'                   500.000000000           333.333300    4.244966524569914                    -    0.158372724772209
'SQ CPMG'                   500.000000000           400.000000    4.255862794344155                    -    0.158401895433502
'SQ CPMG'                   500.000000000           466.666600    4.043798053962636                    -    0.157836627395265
'SQ CPMG'                   500.000000000           533.333300    4.051811756574875                    -    0.157857894356578
'SQ CPMG'                   500.000000000           600.000000    3.897976024417959                    -    0.157450924712675
'SQ CPMG'                   500.000000000           666.666600    4.022772944170997                    -    0.157780865419365
'SQ CPMG'                   500.000000000           733.333300    3.929784660534119                    -    0.157534852093301
'SQ CPMG'                   500.000000000           800.000000    4.021532728897959                    -    0.157777577750277
'SQ CPMG'                   500.000000000           866.666600    4.103203437072010                    -    0.157994453921619
'SQ CPMG'                   500.000000000           933.333300    4.021433438733644                    -    0.157777314551003
'SQ CPMG'                   500.000000000          1000.000000    3.955219413994009                    -    0.157602045031674
'SQ CPMG'                   800.000000000            66.666600    5.025375054478613                    -    0.119155976703603
'SQ CPMG'                   800.000000000           133.333300    4.825715109601201                    -    0.118747467139439
'SQ CPMG'                   800.000000000           200.000000    4.946288125691034                    -    0.118993745130506
'SQ CPMG'                   800.000000000           266.666600    4.705174036385237                    -    0.118502522823727
'SQ CPMG'                   800.000000000           333.333300    4.645934043578605                    -    0.118382608060408
'SQ CPMG'                   800.000000000           400.000000    4.618966120344765                    -    0.118328119962089
'SQ CPMG'                   800.000000000           466.666600    4.601126248771775                    -    0.118292109547523
'SQ CPMG'                   800.000000000           533.333300    4.616320431789093                    -    0.118322777803538
'SQ CPMG'                   800.000000000           600.000000    4.607763455710345                    -    0.118305503763345
'SQ CPMG'                   800.000000000           666.666600    4.518359801015860                    -    0.118125403028272
'SQ CPMG'                   800.000000000           733.333300    4.478077074107870                    -    0.118044480632890
'SQ CPMG'                   800.000000000           800.000000    4.252847013716999                    -    0.117594600003732
'SQ CPMG'                   800.000000000           866.666600    4.263767503527359                    -    0.117616312382711
'SQ CPMG'                   800.000000000           933.333300    4.272740349439310                    -    0.117634160057726
'SQ CPMG'                   800.000000000          1000.000000    4.299342749630424                    -    0.117687114831683
