# Experiment_name    Field_strength_(MHz) Disp_point_(Hz)      R2eff_(measured)     R2eff_(back_calc)    R2eff_errors        
'SQ CPMG'                   500.000000000            66.666600    7.365673920240614                    -    0.161668702529663
'SQ CPMG'                   500.000000000           133.333300    6.974975208410724                    -    0.160524595306920
'SQ CPMG'                   500.000000000           200.000000    6.913103767740034                    -    0.160345123353784
'SQ CPMG'                   500.000000000           266.666600    6.829552585274550                    -    0.160103502285894
'SQ CPMG'                   500.000000000           333.333300    6.749455752355415                    -    0.159872664901577
'SQ CPMG'                   500.000000000           400.000000    6.524517066521859                    -    0.159228536026598
'SQ CPMG'                   500.000000000           466.666600    6.689090483338422                    -    0.159699205921031
'SQ CPMG'                   500.000000000           533.333300    6.417955518424611                    -    0.158925510995543
'SQ CPMG'                   500.000000000           600.000000    6.646280730297902                    -    0.159576458965117
'SQ CPMG'                   500.000000000           666.666600    6.649675124835305                    -    0.159586183535836
'SQ CPMG'                   500.000000000           733.333300    6.499788811734015                    -    0.159158095990529
'SQ CPMG'                   500.000000000           800.000000    6.568074333646395                    -    0.159352790204347
'SQ CPMG'                   500.000000000           866.666600    6.428186955894951                    -    0.158954546742597
'SQ CPMG'                   500.000000000           933.333300    6.574679479846838                    -    0.159371652354334
'SQ CPMG'                   500.000000000          1000.000000    6.470639417221701                    -    0.159075156194831
'SQ CPMG'                   800.000000000            66.666600    9.330596228376390                    -    0.106134711098208
'SQ CPMG'                   800.000000000           133.333300    9.284520448579915                    -    0.106041432460376
'SQ CPMG'                   800.000000000           200.000000    8.871498122520569                    -    0.105213103205117
'SQ CPMG'                   800.000000000           266.666600    8.654612370678787                    -    0.104783726200257
'SQ CPMG'                   800.000000000           333.333300    8.294007635858330                    -    0.104078263770764
'SQ CPMG'                   800.000000000           400.000000    8.220718834408380                    -    0.103936166811922
'SQ CPMG'                   800.000000000           466.666600    8.062105273744095                    -    0.103630108610411
'SQ CPMG'                   800.000000000           533.333300    7.925861845312218                    -    0.103368816738613
'SQ CPMG'                   800.000000000           600.000000    7.838622940408634                    -    0.103202281307129
'SQ CPMG'                   800.000000000           666.666600    7.733467959744394                    -    0.103002345307513
'SQ CPMG'                   800.000000000           733.333300    7.797392595321385                    -    0.103123784013578
'SQ CPMG'                   800.000000000           800.000000    7.677476883407819                    -    0.102896242972490
'SQ CPMG'                   800.000000000           866.666600    7.802007834780543                    -    0.103132564156051
'SQ CPMG'                   800.000000000           933.333300    7.692155438807194                    -    0.102924034742469
'SQ CPMG'                   800.000000000          1000.000000    7.726148655923933                    -    0.102988461283158
