# Parameter description:  Chi-squared value.
#
# mol_name    res_num    res_name    spin_num    spin_name    value                   error    
None          1          GLY         None        N                600.184097361218    None     
None          2          GLY         None        N                12.7653648049547    None     
None          3          GLY         None        N                12.0952097843664    None     
None          4          GLY         None        N                 11.354266863775    None     
None          5          GLY         None        N                148.112990196839    None     
None          6          GLY         None        N                3.39226745910076    None     
None          7          GLY         None        N                7.09001056285828    None     
None          8          GLY         None        N                21.0921138211763    None     
None          9          GLY         None        N            None                    None     
None          10         GLY         None        N                8.40028921490874    None     
None          11         GLY         None        N                8.46051290021028    None     
None          12         GLY         None        N                11.5176168171395    None     
None          13         GLY         None        N                6.17454989682954    None     
None          14         GLY         None        N                 11.327245115709    None     
None          15         GLY         None        N                7.90559320743532    None     
None          16         GLY         None        N                6.00917949080061    None     
None          17         GLY         None        N                 13.877472357116    None     
None          18         GLY         None        N                17.8132507848004    None     
None          19         GLY         None        N                9.05800645004917    None     
None          20         GLY         None        N                8.40155210304426    None     
None          21         GLY         None        N                 12.098013719024    None     
None          22         GLY         None        N                20.3061826136809    None     
None          23         GLY         None        N                12.5146795411588    None     
None          24         GLY         None        N                22.8653671546688    None     
None          25         GLY         None        N                14.8519638154918    None     
None          26         GLY         None        N                49.9179877128211    None     
None          27         GLY         None        N            None                    None     
None          28         GLY         None        N            None                    None     
None          29         GLY         None        N                23.3667650122398    None     
None          30         GLY         None        N            None                    None     
None          31         GLY         None        N                18.2000229950688    None     
None          32         GLY         None        N                29.6385012292605    None     
None          33         GLY         None        N                10.2161752981535    None     
None          34         GLY         None        N                9.65556329984836    None     
None          35         GLY         None        N                10.6100641288447    None     
None          36         GLY         None        N                12.9582215384159    None     
None          37         GLY         None        N                12.2096688537825    None     
None          38         GLY         None        N                23.8843688743107    None     
None          39         GLY         None        N                 14.675640533327    None     
None          40         GLY         None        N                9.84451784665404    None     
None          41         GLY         None        N                12.8089233086158    None     
None          42         GLY         None        N                11.8538430524894    None     
None          43         GLY         None        N                25.4314786826513    None     
None          44         GLY         None        N                19.2472341567045    None     
None          45         GLY         None        N                14.8083786195853    None     
None          46         GLY         None        N                18.4574858208897    None     
None          47         GLY         None        N                18.3685528321193    None     
None          48         GLY         None        N                11.6721114498639    None     
None          49         GLY         None        N                10.8140226470534    None     
None          50         GLY         None        N                12.8761157677735    None     
None          51         GLY         None        N                8.29306577955625    None     
None          52         GLY         None        N                245.030415213015    None     
None          53         GLY         None        N                14.7257243035284    None     
None          54         GLY         None        N            None                    None     
None          55         GLY         None        N                 53.487758012048    None     
None          56         GLY         None        N                20.5876305653423    None     
None          57         GLY         None        N                18.3246426454493    None     
None          58         GLY         None        N                14.1247466976262    None     
None          59         GLY         None        N                16.1554315205921    None     
None          60         GLY         None        N                17.7277287641029    None     
None          61         GLY         None        N                  290.9254026776    None     
None          62         GLY         None        N                17.9186480782399    None     
None          63         GLY         None        N                 42.966809660351    None     
None          64         GLY         None        N                56.2301931126271    None     
None          65         GLY         None        N                 23.693704850445    None     
None          66         GLY         None        N                9.96477028692241    None     
None          67         GLY         None        N                1111.53287451195    None     
None          68         GLY         None        N            None                    None     
None          69         GLY         None        N            None                    None     
None          70         GLY         None        N                304.151675458803    None     
None          71         GLY         None        N                12.6273709854029    None     
None          72         GLY         None        N                 687.27335667866    None     
None          73         GLY         None        N                236.423234115769    None     
