# Experiment_name    Field_strength_(MHz) Disp_point_(Hz)      R2eff_(measured)     R2eff_(back_calc)    R2eff_errors        
'SQ CPMG'                   500.000000000            66.666600   10.980612824803794   10.142876785135229    0.196378621896605
'SQ CPMG'                   500.000000000           133.333300   10.058360571616202    9.694384119987406    0.192863879900131
'SQ CPMG'                   500.000000000           200.000000    9.582127041174918    9.249528383021474    0.191099741720218
'SQ CPMG'                   500.000000000           266.666600    8.823555952822010    8.823238981941266    0.188359629445294
'SQ CPMG'                   500.000000000           333.333300    8.628974413737383    8.434760110000019    0.187670401350789
'SQ CPMG'                   500.000000000           400.000000    8.066695249073282    8.095745605769174    0.185709562214735
'SQ CPMG'                   500.000000000           466.666600    7.641210337051197    7.808418057659948    0.184255825239012
'SQ CPMG'                   500.000000000           533.333300    7.630386286630083    7.568943842721407    0.184219177417765
'SQ CPMG'                   500.000000000           600.000000    7.343791423079701    7.370897511510254    0.183254818955313
'SQ CPMG'                   500.000000000           666.666600    7.265848333476184    7.207408463647649    0.182994537640068
'SQ CPMG'                   500.000000000           733.333300    6.671433592490837    7.072184210937410    0.181037248016918
'SQ CPMG'                   500.000000000           800.000000    6.605423868216683    6.959868081309872    0.180822887541540
'SQ CPMG'                   500.000000000           866.666600    6.571622542018017    6.866067234666323    0.180713351054589
'SQ CPMG'                   500.000000000           933.333300    6.550541649840905    6.787247716099332    0.180645115211922
'SQ CPMG'                   500.000000000          1000.000000    6.596958957065874    6.720592692344088    0.180795441551186
'SQ CPMG'                   800.000000000            66.666600   17.303593316434995   17.536846364110808    0.152608244935489
'SQ CPMG'                   800.000000000           133.333300   16.444722922234870   16.388705141332380    0.149751160090435
'SQ CPMG'                   800.000000000           200.000000   15.176616431400831   15.249874454699594    0.145700432412662
'SQ CPMG'                   800.000000000           266.666600   14.005495793213463   14.158573587934264    0.142131564084263
'SQ CPMG'                   800.000000000           333.333300   13.005118458316838   13.164067675764670    0.139209549610712
'SQ CPMG'                   800.000000000           400.000000   12.458408637373564   12.296190544933710    0.137660626150622
'SQ CPMG'                   800.000000000           466.666600   11.588459606189552   11.560632021774092    0.135264153287518
'SQ CPMG'                   800.000000000           533.333300   10.820499589517917   10.947578031531426    0.133216785344433
'SQ CPMG'                   800.000000000           600.000000   10.524065143924775   10.440579423630876    0.132443263375769
'SQ CPMG'                   800.000000000           666.666600   10.045565015575985   10.022047461102606    0.131214056003066
'SQ CPMG'                   800.000000000           733.333300    9.902041691762435    9.675873374164395    0.130849989973296
'SQ CPMG'                   800.000000000           800.000000    9.554208285610951    9.388344082317897    0.129976436391531
'SQ CPMG'                   800.000000000           866.666600    9.089785998055589    9.148213914910411    0.128829253908743
'SQ CPMG'                   800.000000000           933.333300    8.967067859339689    8.946435947378912    0.128529751831528
'SQ CPMG'                   800.000000000          1000.000000    8.725810575200292    8.775799086565490    0.127945330120090
