# Parameter description:  The exchange rate.
#
# mol_name    res_num    res_name    spin_num    spin_name    value                   error    
None          1          GLY         None        N                5315.47423420663    None     
None          2          GLY         None        N                4632.88432282058    None     
None          3          GLY         None        N                5805.40840173189    None     
None          4          GLY         None        N                 2982.6437276751    None     
None          5          GLY         None        N                3198.87535740483    None     
None          6          GLY         None        N            1.93036466618292e-05    None     
None          7          GLY         None        N             0.00353713558462642    None     
None          8          GLY         None        N                2080.02846593096    None     
None          9          GLY         None        N            None                    None     
None          10         GLY         None        N                1887.19619634237    None     
None          11         GLY         None        N                972.532842778916    None     
None          12         GLY         None        N                1820.60949289732    None     
None          13         GLY         None        N                586.083818422999    None     
None          14         GLY         None        N                1717.33284129977    None     
None          15         GLY         None        N                2230.36748301958    None     
None          16         GLY         None        N               0.495386203452376    None     
None          17         GLY         None        N                210.702634853442    None     
None          18         GLY         None        N                1435.60304951414    None     
None          19         GLY         None        N                704.825797055389    None     
None          20         GLY         None        N                1523.58940805399    None     
None          21         GLY         None        N                2363.41528087027    None     
None          22         GLY         None        N               0.276089026389496    None     
None          23         GLY         None        N                1909.01546975114    None     
None          24         GLY         None        N                5862.50276317336    None     
None          25         GLY         None        N                1323.41277369571    None     
None          26         GLY         None        N                2588.13171047752    None     
None          27         GLY         None        N            None                    None     
None          28         GLY         None        N            None                    None     
None          29         GLY         None        N               0.412714601219616    None     
None          30         GLY         None        N            None                    None     
None          31         GLY         None        N                1926.79410817079    None     
None          32         GLY         None        N                2689.60753525019    None     
None          33         GLY         None        N                1589.54657759521    None     
None          34         GLY         None        N                1905.96367170888    None     
None          35         GLY         None        N                1696.31873465504    None     
None          36         GLY         None        N                666.556409556032    None     
None          37         GLY         None        N               0.140030253031066    None     
None          38         GLY         None        N                2727.05968049403    None     
None          39         GLY         None        N                2497.31477865865    None     
None          40         GLY         None        N                329.476849923337    None     
None          41         GLY         None        N                2296.78385513852    None     
None          42         GLY         None        N                1706.40788376603    None     
None          43         GLY         None        N                1245.33175067251    None     
None          44         GLY         None        N                462.224817839518    None     
None          45         GLY         None        N                3200.22915996223    None     
None          46         GLY         None        N                1653.79687708997    None     
None          47         GLY         None        N                1670.60021192725    None     
None          48         GLY         None        N                1371.09949564488    None     
None          49         GLY         None        N                1843.75066795718    None     
None          50         GLY         None        N                84.3835929365569    None     
None          51         GLY         None        N                1204.88965705854    None     
None          52         GLY         None        N                3440.10037774416    None     
None          53         GLY         None        N                1747.06256758319    None     
None          54         GLY         None        N            None                    None     
None          55         GLY         None        N                2621.43532614482    None     
None          56         GLY         None        N               0.336768501561764    None     
None          57         GLY         None        N                279.447991147651    None     
None          58         GLY         None        N                1306.75190929815    None     
None          59         GLY         None        N                2136.80643154451    None     
None          60         GLY         None        N                2036.12238738696    None     
None          61         GLY         None        N                3635.30827618933    None     
None          62         GLY         None        N                1566.30705364508    None     
None          63         GLY         None        N                 2109.4330912412    None     
None          64         GLY         None        N                2671.17355973515    None     
None          65         GLY         None        N                2021.50291962439    None     
None          66         GLY         None        N                1715.95127494699    None     
None          67         GLY         None        N                7156.87973044282    None     
None          68         GLY         None        N            None                    None     
None          69         GLY         None        N            None                    None     
None          70         GLY         None        N                4414.50613660397    None     
None          71         GLY         None        N                2766.14449023821    None     
None          72         GLY         None        N                5054.49588037426    None     
None          73         GLY         None        N            1.60357687056614e-06    None     
