# Parameter description:  The phi_ex = pA.pB.dw**2 value (ppm^2).
#
# mol_name    res_num    res_name    spin_num    spin_name    value                   error    
None          1          GLY         None        N               0.696138488770168    None     
None          2          GLY         None        N               0.020079416928208    None     
None          3          GLY         None        N              0.0182636987619466    None     
None          4          GLY         None        N               0.001266742519311    None     
None          5          GLY         None        N               0.228488619225824    None     
None          6          GLY         None        N            1.04042819936286e-10    None     
None          7          GLY         None        N             2.3946923127238e-12    None     
None          8          GLY         None        N               0.029260432963548    None     
None          9          GLY         None        N            None                    None     
None          10         GLY         None        N             0.00558937965926233    None     
None          11         GLY         None        N             0.00163083620743359    None     
None          12         GLY         None        N              0.0136607198521869    None     
None          13         GLY         None        N            6.73375896664463e-05    None     
None          14         GLY         None        N              0.0105777047295919    None     
None          15         GLY         None        N             0.00626285320236201    None     
None          16         GLY         None        N              0.0622396118770112    None     
None          17         GLY         None        N             0.00057563731613007    None     
None          18         GLY         None        N             0.00448758941359497    None     
None          19         GLY         None        N            0.000940160868452612    None     
None          20         GLY         None        N             0.00715358908803659    None     
None          21         GLY         None        N              0.0565678626772406    None     
None          22         GLY         None        N               0.955058890189573    None     
None          23         GLY         None        N              0.0167698720359081    None     
None          24         GLY         None        N              0.0208912449514927    None     
None          25         GLY         None        N             0.00407323937868878    None     
None          26         GLY         None        N               0.109255905516816    None     
None          27         GLY         None        N            None                    None     
None          28         GLY         None        N            None                    None     
None          29         GLY         None        N               0.471067515985302    None     
None          30         GLY         None        N            None                    None     
None          31         GLY         None        N              0.0253765958230479    None     
None          32         GLY         None        N              0.0798905053648562    None     
None          33         GLY         None        N             0.00537709454997816    None     
None          34         GLY         None        N               0.018273723172962    None     
None          35         GLY         None        N             0.00422535963522463    None     
None          36         GLY         None        N            0.000165887369678197    None     
None          37         GLY         None        N                1.00650622451349    None     
None          38         GLY         None        N              0.0168175317311176    None     
None          39         GLY         None        N              0.0507364894551035    None     
None          40         GLY         None        N            0.000355476141896942    None     
None          41         GLY         None        N             0.00850553403482408    None     
None          42         GLY         None        N               0.010861829704517    None     
None          43         GLY         None        N             0.00076726064819765    None     
None          44         GLY         None        N            0.000364747827467099    None     
None          45         GLY         None        N               0.011259038248699    None     
None          46         GLY         None        N              0.0165972046637211    None     
None          47         GLY         None        N              0.0112673270004468    None     
None          48         GLY         None        N             0.00811320424542099    None     
None          49         GLY         None        N             0.00745836149289585    None     
None          50         GLY         None        N             0.00252353157979038    None     
None          51         GLY         None        N             0.00770826356390702    None     
None          52         GLY         None        N               0.261403695064993    None     
None          53         GLY         None        N              0.0268402774215735    None     
None          54         GLY         None        N            None                    None     
None          55         GLY         None        N                0.11392173030999    None     
None          56         GLY         None        N               0.522275106287013    None     
None          57         GLY         None        N             0.00191203844634338    None     
None          58         GLY         None        N               0.006057503100065    None     
None          59         GLY         None        N              0.0237863350163544    None     
None          60         GLY         None        N              0.0290586099707822    None     
None          61         GLY         None        N               0.212024752254426    None     
None          62         GLY         None        N              0.0113716807045389    None     
None          63         GLY         None        N              0.0491715443554935    None     
None          64         GLY         None        N               0.138262162918126    None     
None          65         GLY         None        N              0.0342675339446002    None     
None          66         GLY         None        N              0.0123699859895399    None     
None          67         GLY         None        N               0.884530542872005    None     
None          68         GLY         None        N            None                    None     
None          69         GLY         None        N            None                    None     
None          70         GLY         None        N               0.295832041378257    None     
None          71         GLY         None        N              0.0554754032230795    None     
None          72         GLY         None        N                0.58881687436562    None     
None          73         GLY         None        N                58703.7891396288    None     
