# Parameter description:  The transversal relaxation rate.
#
# mol_name    res_num    res_name    spin_num    spin_name    SQ_CPMG_-_500.00000000_MHz    sd(SQ_CPMG_-_500.00000000_MHz)    SQ_CPMG_-_800.00000000_MHz    sd(SQ_CPMG_-_800.00000000_MHz)    
None          1          GLY         None        N                  4.791031150503          None                              8.77129972847407e-14          None                              
None          2          GLY         None        N                 3.8682093865493          None                                  3.92774935443612          None                              
None          3          GLY         None        N                4.67099957078234          None                                  4.19858022308421          None                              
None          4          GLY         None        N                1.58361341138016          None                                  1.59094368847212          None                              
None          5          GLY         None        N                4.72537211137634          None                                  4.37018863828953          None                              
None          6          GLY         None        N                1.68378591297875          None                                 0.938429945603657          None                              
None          7          GLY         None        N               0.993594550449575          None                                   1.1765039460789          None                              
None          8          GLY         None        N                5.63992345365723          None                                  6.99829747612137          None                              
None          9          GLY         None        N            None                          None                              None                          None                              
None          10         GLY         None        N                6.03161810420593          None                                  7.34304937373815          None                              
None          11         GLY         None        N                 3.0063037339003          None                                  3.13063148599877          None                              
None          12         GLY         None        N                4.66489157571436          None                                  5.70421609329032          None                              
None          13         GLY         None        N               0.620323997992817          None                                 0.155757836335831          None                              
None          14         GLY         None        N                6.06236608404038          None                                  7.33493489578946          None                              
None          15         GLY         None        N                5.81894867774282          None                                   6.4491231770818          None                              
None          16         GLY         None        N                3.13077270303503          None                                  3.42470426290553          None                              
None          17         GLY         None        N                6.23183031902673          None                                   7.0220579974443          None                              
None          18         GLY         None        N                5.86440457661162          None                                  6.90704152329015          None                              
None          19         GLY         None        N                5.63910444444368          None                                  6.61106741693426          None                              
None          20         GLY         None        N                6.06608048338601          None                                  6.89368035957707          None                              
None          21         GLY         None        N                 6.5896452570513          None                                  7.83531272748478          None                              
None          22         GLY         None        N                6.12921938820435          None                                  7.13622770423875          None                              
None          23         GLY         None        N                6.41640643405817          None                                    7.502788542878          None                              
None          24         GLY         None        N                5.47950857407142          None                                  6.83427017907478          None                              
None          25         GLY         None        N                5.41407699568457          None                                  7.32752634637508          None                              
None          26         GLY         None        N                6.74525720766108          None                                  7.36772048662785          None                              
None          27         GLY         None        N            None                          None                              None                          None                              
None          28         GLY         None        N            None                          None                              None                          None                              
None          29         GLY         None        N                5.99604685945479          None                                  6.93148955826359          None                              
None          30         GLY         None        N            None                          None                              None                          None                              
None          31         GLY         None        N                5.97005224314783          None                                   6.8415161711186          None                              
None          32         GLY         None        N                5.29002584446126          None                                  6.11811809001591          None                              
None          33         GLY         None        N                6.54427854972218          None                                  8.19575273942095          None                              
None          34         GLY         None        N                 6.3151547476228          None                                  7.35522673729846          None                              
None          35         GLY         None        N                5.78020636064833          None                                   6.8638672571364          None                              
None          36         GLY         None        N                4.69986056719029          None                                  5.99382520953777          None                              
None          37         GLY         None        N                6.28373073149473          None                                  7.11211358241276          None                              
None          38         GLY         None        N                6.01107955805352          None                                  7.32477362079789          None                              
None          39         GLY         None        N                6.52460923528908          None                                  8.12027129704081          None                              
None          40         GLY         None        N                6.61000685867624          None                                  7.84379395229359          None                              
None          41         GLY         None        N                6.41841780719405          None                                  7.56784769514064          None                              
None          42         GLY         None        N                5.85781472178827          None                                  7.00197090096277          None                              
None          43         GLY         None        N                6.25898407314553          None                                  7.38924150363212          None                              
None          44         GLY         None        N                6.49442381710197          None                                  7.46140705268518          None                              
None          45         GLY         None        N                6.32836107200765          None                                  7.01383241232564          None                              
None          46         GLY         None        N                6.16301125273905          None                                  7.07231602181624          None                              
None          47         GLY         None        N                6.16474210203063          None                                   7.1618394865877          None                              
None          48         GLY         None        N                6.17498409439152          None                                  7.07710889875415          None                              
None          49         GLY         None        N                 2.9406081660316          None                                  3.47953085936422          None                              
None          50         GLY         None        N                 5.9237840997796          None                                  7.63761114321993          None                              
None          51         GLY         None        N                6.35872494900142          None                                  7.58936389303687          None                              
None          52         GLY         None        N                6.29108890060701          None                                  5.89171486340868          None                              
None          53         GLY         None        N                5.81902333156266          None                                  6.98469098553613          None                              
None          54         GLY         None        N            None                          None                              None                          None                              
None          55         GLY         None        N                 6.1816642871141          None                                  7.39614236917672          None                              
None          56         GLY         None        N                5.02004078117959          None                                   5.9147802206723          None                              
None          57         GLY         None        N                5.26229103236924          None                                  6.24549394765074          None                              
None          58         GLY         None        N                5.37215250628547          None                                  6.71600546619233          None                              
None          59         GLY         None        N                6.05401473272981          None                                  7.52783791451237          None                              
None          60         GLY         None        N                5.91182627681683          None                                  6.98800037865176          None                              
None          61         GLY         None        N                6.65327578502719          None                                   7.7619558273195          None                              
None          62         GLY         None        N                 4.2439689982349          None                                  4.75590706634749          None                              
None          63         GLY         None        N                 6.0189812350514          None                                  7.03009159089354          None                              
None          64         GLY         None        N                 6.6465176043617          None                                  7.14530903109879          None                              
None          65         GLY         None        N                6.24794349982409          None                                  7.05341360131504          None                              
None          66         GLY         None        N                3.43583996866823          None                                  3.99004222317479          None                              
None          67         GLY         None        N                6.59514860590235          None                                  1.20747921805861          None                              
None          68         GLY         None        N            None                          None                              None                          None                              
None          69         GLY         None        N            None                          None                              None                          None                              
None          70         GLY         None        N                 6.8512915684142          None                                  6.85605482759071          None                              
None          71         GLY         None        N                 5.0052621353585          None                                  6.82730892312984          None                              
None          72         GLY         None        N                4.94693370898609          None                                 0.367443765609566          None                              
None          73         GLY         None        N                4.21096193560065          None                                 0.374662710144417          None                              
